[0.015s] Invoking command in '/home/olee/olee_ros2_ws/src/build/cartographer_rviz': AMENT_PREFIX_PATH=/home/olee/olee_ros2_ws/src/install/cartographer_ros:/home/olee/olee_ros2_ws/src/install/cartographer_ros_msgs:${AMENT_PREFIX_PATH} CMAKE_PREFIX_PATH=/home/olee/olee_ros2_ws/src/install/cartographer_ros:/home/olee/olee_ros2_ws/src/install/cartographer_ros_msgs:/home/olee/olee_ros2_ws/install/ydlidar_sdk:/home/olee/olee_ros2_ws/install/ydlidar_ros2_driver:/home/olee/olee_ros2_ws/install/tflidar_ros:/home/olee/olee_ros2_ws/install/slam_toolbox:/home/olee/ros2_ws/install/ydlidar_sdk:/home/olee/ros2_ws/install/ydlidar_ros2_driver:/home/olee/ros2_ws/install/rf2o_laser_odometry:/home/olee/olee_ros2_ws/install/master_olee_controller:/opt/ros/humble LD_LIBRARY_PATH=/home/olee/olee_ros2_ws/src/install/cartographer_ros/lib:/home/olee/olee_ros2_ws/src/install/cartographer_ros_msgs/lib:${LD_LIBRARY_PATH} PYTHONPATH=/home/olee/olee_ros2_ws/src/install/cartographer_ros_msgs/local/lib/python3.10/dist-packages:${PYTHONPATH} /usr/bin/cmake /home/olee/olee_ros2_ws/src/cartographer_ros-ros2/cartographer_rviz -DAMENT_CMAKE_SYMLINK_INSTALL=1 -DCMAKE_INSTALL_PREFIX=/home/olee/olee_ros2_ws/src/install/cartographer_rviz
[0.090s] -- The C compiler identification is GNU 11.4.0
[0.132s] -- The CXX compiler identification is GNU 11.4.0
[0.140s] -- Detecting C compiler ABI info
[0.197s] -- Detecting C compiler ABI info - done
[0.202s] -- Check for working C compiler: /usr/bin/cc - skipped
[0.202s] -- Detecting C compile features
[0.203s] -- Detecting C compile features - done
[0.205s] -- Detecting CXX compiler ABI info
[0.289s] -- Detecting CXX compiler ABI info - done
[0.294s] -- Check for working CXX compiler: /usr/bin/c++ - skipped
[0.294s] -- Detecting CXX compile features
[0.294s] -- Detecting CXX compile features - done
[0.302s] -- Found ament_cmake: 1.3.12 (/opt/ros/humble/share/ament_cmake/cmake)
[0.602s] -- Found Python3: /usr/bin/python3 (found version "3.10.12") found components: Interpreter 
[0.648s] -- Override CMake install command with custom implementation using symlinks instead of copying resources
[0.676s] -- Looking for pthread.h
[0.763s] -- Looking for pthread.h - found
[0.763s] -- Performing Test CMAKE_HAVE_LIBC_PTHREAD
[0.857s] -- Performing Test CMAKE_HAVE_LIBC_PTHREAD - Success
[0.859s] -- Found Threads: TRUE  
[0.881s] -- Found required Ceres dependency: Eigen version 3.4.0 in /usr/include/eigen3
[0.890s] -- Found required Ceres dependency: glog
[0.891s] -- Found required Ceres dependency: gflags
[0.891s] -- Found Ceres version: 2.0.0 installed in: /usr with components: [EigenSparse, SparseLinearAlgebraLibrary, LAPACK, SuiteSparse, CXSparse, SchurSpecializations, Multithreading]
[0.909s] -- Found Boost: /usr/lib/x86_64-linux-gnu/cmake/Boost-1.74.0/BoostConfig.cmake (found version "1.74.0") found components: iostreams 
[0.910s] -- Build type: Release
[0.920s] Files /home/olee/olee_ros2_ws/src/build/cartographer_rviz/AllFiles.cmake and - differ
[0.930s] -- Found cartographer_ros: 2.0.9003 (/home/olee/olee_ros2_ws/src/install/cartographer_ros/share/cartographer_ros/cmake)
[0.966s] -- Found rosidl_generator_c: 3.1.7 (/opt/ros/humble/share/rosidl_generator_c/cmake)
[0.971s] -- Found rosidl_adapter: 3.1.7 (/opt/ros/humble/share/rosidl_adapter/cmake)
[0.977s] -- Found rosidl_generator_cpp: 3.1.7 (/opt/ros/humble/share/rosidl_generator_cpp/cmake)
[0.985s] -- Using all available rosidl_typesupport_c: rosidl_typesupport_fastrtps_c;rosidl_typesupport_introspection_c
[0.996s] -- Using all available rosidl_typesupport_cpp: rosidl_typesupport_fastrtps_cpp;rosidl_typesupport_introspection_cpp
[1.074s] -- Found rmw_implementation_cmake: 6.1.2 (/opt/ros/humble/share/rmw_implementation_cmake/cmake)
[1.076s] -- Found rmw_fastrtps_cpp: 6.2.9 (/opt/ros/humble/share/rmw_fastrtps_cpp/cmake)
[1.165s] -- Found OpenSSL: /usr/lib/x86_64-linux-gnu/libcrypto.so (found version "3.0.2")  
[1.194s] -- Found FastRTPS: /opt/ros/humble/include  
[1.227s] -- Using RMW implementation 'rmw_fastrtps_cpp' as default
[1.382s] -- Found rviz_common: 11.2.22 (/opt/ros/humble/share/rviz_common/cmake)
[1.404s] -- Setting assimp_DIR to: '/opt/ros/humble/share/rviz_assimp_vendor/cmake/../../../opt/rviz_assimp_vendor/lib/cmake/assimp-4.1'
[1.410s] -- Setting OGRE_DIR to: '/opt/ros/humble/share/rviz_ogre_vendor/cmake/../../../opt/rviz_ogre_vendor/lib/OGRE/cmake'
[1.411s] -- Found OGRE
[1.411s] --   static     : OFF
[1.411s] --   components : HLMS;MeshLodGenerator;Overlay;Paging;Property;RTShaderSystem;Terrain;Volume
[1.411s] --   plugins    : Plugin_BSPSceneManager;Plugin_OctreeSceneManager;Plugin_PCZSceneManager;Plugin_ParticleFX;RenderSystem_GL;RenderSystem_GL3Plus;Codec_STBI
[1.411s] --   media      : /opt/ros/humble/opt/rviz_ogre_vendor/share/OGRE/Media
[1.411s] -- OGRE_LIBRARIES: OgreHLMS;OgreMeshLodGenerator;OgreOverlay;OgrePaging;OgreProperty;OgreRTShaderSystem;OgreTerrain;OgreVolume;OgreMain
[1.411s] -- OGRE_LIBRARY_DIRS: /opt/ros/humble/opt/rviz_ogre_vendor/lib
[1.411s] -- OGRE_PLUGINS: Plugin_BSPSceneManager;Plugin_OctreeSceneManager;Plugin_PCZSceneManager;Plugin_ParticleFX;RenderSystem_GL;RenderSystem_GL3Plus;Codec_STBI
[1.411s] -- OGRE_PLUGIN_DIR: /opt/ros/humble/opt/rviz_ogre_vendor/lib/OGRE
[1.411s] -- rviz_ogre_vendor::OgreOverlay for IMPORTED_LOCATION_RELEASE: /opt/ros/humble/opt/rviz_ogre_vendor/lib/libOgreOverlay.so
[1.411s] -- rviz_ogre_vendor::OgreOverlay for IMPORTED_LOCATION_DEBUG: /opt/ros/humble/opt/rviz_ogre_vendor/lib/libOgreOverlay.so
[1.412s] -- rviz_ogre_vendor::OgreMain for IMPORTED_LOCATION_RELEASE: /opt/ros/humble/opt/rviz_ogre_vendor/lib/libOgreMain.so
[1.412s] -- rviz_ogre_vendor::OgreMain for IMPORTED_LOCATION_DEBUG: /opt/ros/humble/opt/rviz_ogre_vendor/lib/libOgreMain.so
[1.432s] -- Found ZLIB: /usr/lib/x86_64-linux-gnu/libz.so (found version "1.2.11") 
[1.437s] -- Found OpenGL: /usr/lib/x86_64-linux-gnu/libOpenGL.so   
[1.525s] -- Found X11: /usr/include   
[1.526s] -- Looking for XOpenDisplay in /usr/lib/x86_64-linux-gnu/libX11.so;/usr/lib/x86_64-linux-gnu/libXext.so
[1.622s] -- Looking for XOpenDisplay in /usr/lib/x86_64-linux-gnu/libX11.so;/usr/lib/x86_64-linux-gnu/libXext.so - found
[1.623s] -- Looking for gethostbyname
[1.701s] -- Looking for gethostbyname - found
[1.701s] -- Looking for connect
[1.793s] -- Looking for connect - found
[1.794s] -- Looking for remove
[1.875s] -- Looking for remove - found
[1.875s] -- Looking for shmat
[1.958s] -- Looking for shmat - found
[1.958s] -- Looking for IceConnectionNumber in ICE
[2.032s] -- Looking for IceConnectionNumber in ICE - found
[2.132s] -- library: /usr/lib/x86_64-linux-gnu/libcurl.so
[2.152s] -- Found Eigen3: TRUE (found version "3.4.0") 
[2.152s] -- Ensuring Eigen3 include directory is part of orocos-kdl CMake target
[2.210s] -- Deploy OGRE media
[2.212s] -- Configuring done
[2.243s] -- Generating done
[2.247s] -- Build files have been written to: /home/olee/olee_ros2_ws/src/build/cartographer_rviz
[2.256s] Invoked command in '/home/olee/olee_ros2_ws/src/build/cartographer_rviz' returned '0': AMENT_PREFIX_PATH=/home/olee/olee_ros2_ws/src/install/cartographer_ros:/home/olee/olee_ros2_ws/src/install/cartographer_ros_msgs:${AMENT_PREFIX_PATH} CMAKE_PREFIX_PATH=/home/olee/olee_ros2_ws/src/install/cartographer_ros:/home/olee/olee_ros2_ws/src/install/cartographer_ros_msgs:/home/olee/olee_ros2_ws/install/ydlidar_sdk:/home/olee/olee_ros2_ws/install/ydlidar_ros2_driver:/home/olee/olee_ros2_ws/install/tflidar_ros:/home/olee/olee_ros2_ws/install/slam_toolbox:/home/olee/ros2_ws/install/ydlidar_sdk:/home/olee/ros2_ws/install/ydlidar_ros2_driver:/home/olee/ros2_ws/install/rf2o_laser_odometry:/home/olee/olee_ros2_ws/install/master_olee_controller:/opt/ros/humble LD_LIBRARY_PATH=/home/olee/olee_ros2_ws/src/install/cartographer_ros/lib:/home/olee/olee_ros2_ws/src/install/cartographer_ros_msgs/lib:${LD_LIBRARY_PATH} PYTHONPATH=/home/olee/olee_ros2_ws/src/install/cartographer_ros_msgs/local/lib/python3.10/dist-packages:${PYTHONPATH} /usr/bin/cmake /home/olee/olee_ros2_ws/src/cartographer_ros-ros2/cartographer_rviz -DAMENT_CMAKE_SYMLINK_INSTALL=1 -DCMAKE_INSTALL_PREFIX=/home/olee/olee_ros2_ws/src/install/cartographer_rviz
[2.258s] Invoking command in '/home/olee/olee_ros2_ws/src/build/cartographer_rviz': AMENT_PREFIX_PATH=/home/olee/olee_ros2_ws/src/install/cartographer_ros:/home/olee/olee_ros2_ws/src/install/cartographer_ros_msgs:${AMENT_PREFIX_PATH} CMAKE_PREFIX_PATH=/home/olee/olee_ros2_ws/src/install/cartographer_ros:/home/olee/olee_ros2_ws/src/install/cartographer_ros_msgs:/home/olee/olee_ros2_ws/install/ydlidar_sdk:/home/olee/olee_ros2_ws/install/ydlidar_ros2_driver:/home/olee/olee_ros2_ws/install/tflidar_ros:/home/olee/olee_ros2_ws/install/slam_toolbox:/home/olee/ros2_ws/install/ydlidar_sdk:/home/olee/ros2_ws/install/ydlidar_ros2_driver:/home/olee/ros2_ws/install/rf2o_laser_odometry:/home/olee/olee_ros2_ws/install/master_olee_controller:/opt/ros/humble LD_LIBRARY_PATH=/home/olee/olee_ros2_ws/src/install/cartographer_ros/lib:/home/olee/olee_ros2_ws/src/install/cartographer_ros_msgs/lib:${LD_LIBRARY_PATH} PYTHONPATH=/home/olee/olee_ros2_ws/src/install/cartographer_ros_msgs/local/lib/python3.10/dist-packages:${PYTHONPATH} /usr/bin/cmake --build /home/olee/olee_ros2_ws/src/build/cartographer_rviz -- -j12 -l12
[2.307s] [ 16%] [34m[1mAutomatic MOC for target cartographer_rviz[0m
[2.311s] [ 16%] Built target cartographer_rviz_detect_changes
[3.822s] [ 16%] Built target cartographer_rviz_autogen
[3.848s] [ 83%] [32mBuilding CXX object CMakeFiles/cartographer_rviz.dir/cartographer_rviz_autogen/mocs_compilation.cpp.o[0m
[3.848s] [ 83%] [32mBuilding CXX object CMakeFiles/cartographer_rviz.dir/src/submaps_display.cpp.o[0m
[3.848s] [ 83%] [32mBuilding CXX object CMakeFiles/cartographer_rviz.dir/src/ogre_slice.cpp.o[0m
[3.848s] [ 83%] [32mBuilding CXX object CMakeFiles/cartographer_rviz.dir/src/drawable_submap.cpp.o[0m
[20.563s] [100%] [32m[1mLinking CXX shared library libcartographer_rviz.so[0m
[22.197s] [100%] Built target cartographer_rviz
[22.209s] Invoked command in '/home/olee/olee_ros2_ws/src/build/cartographer_rviz' returned '0': AMENT_PREFIX_PATH=/home/olee/olee_ros2_ws/src/install/cartographer_ros:/home/olee/olee_ros2_ws/src/install/cartographer_ros_msgs:${AMENT_PREFIX_PATH} CMAKE_PREFIX_PATH=/home/olee/olee_ros2_ws/src/install/cartographer_ros:/home/olee/olee_ros2_ws/src/install/cartographer_ros_msgs:/home/olee/olee_ros2_ws/install/ydlidar_sdk:/home/olee/olee_ros2_ws/install/ydlidar_ros2_driver:/home/olee/olee_ros2_ws/install/tflidar_ros:/home/olee/olee_ros2_ws/install/slam_toolbox:/home/olee/ros2_ws/install/ydlidar_sdk:/home/olee/ros2_ws/install/ydlidar_ros2_driver:/home/olee/ros2_ws/install/rf2o_laser_odometry:/home/olee/olee_ros2_ws/install/master_olee_controller:/opt/ros/humble LD_LIBRARY_PATH=/home/olee/olee_ros2_ws/src/install/cartographer_ros/lib:/home/olee/olee_ros2_ws/src/install/cartographer_ros_msgs/lib:${LD_LIBRARY_PATH} PYTHONPATH=/home/olee/olee_ros2_ws/src/install/cartographer_ros_msgs/local/lib/python3.10/dist-packages:${PYTHONPATH} /usr/bin/cmake --build /home/olee/olee_ros2_ws/src/build/cartographer_rviz -- -j12 -l12
[22.210s] Invoking command in '/home/olee/olee_ros2_ws/src/build/cartographer_rviz': AMENT_PREFIX_PATH=/home/olee/olee_ros2_ws/src/install/cartographer_ros:/home/olee/olee_ros2_ws/src/install/cartographer_ros_msgs:${AMENT_PREFIX_PATH} CMAKE_PREFIX_PATH=/home/olee/olee_ros2_ws/src/install/cartographer_ros:/home/olee/olee_ros2_ws/src/install/cartographer_ros_msgs:/home/olee/olee_ros2_ws/install/ydlidar_sdk:/home/olee/olee_ros2_ws/install/ydlidar_ros2_driver:/home/olee/olee_ros2_ws/install/tflidar_ros:/home/olee/olee_ros2_ws/install/slam_toolbox:/home/olee/ros2_ws/install/ydlidar_sdk:/home/olee/ros2_ws/install/ydlidar_ros2_driver:/home/olee/ros2_ws/install/rf2o_laser_odometry:/home/olee/olee_ros2_ws/install/master_olee_controller:/opt/ros/humble LD_LIBRARY_PATH=/home/olee/olee_ros2_ws/src/install/cartographer_ros/lib:/home/olee/olee_ros2_ws/src/install/cartographer_ros_msgs/lib:${LD_LIBRARY_PATH} PYTHONPATH=/home/olee/olee_ros2_ws/src/install/cartographer_ros_msgs/local/lib/python3.10/dist-packages:${PYTHONPATH} /usr/bin/cmake --install /home/olee/olee_ros2_ws/src/build/cartographer_rviz
[22.216s] -- Install configuration: "Release"
[22.216s] -- Execute custom install script
[22.216s] -- Symlinking: /home/olee/olee_ros2_ws/src/install/cartographer_rviz/share/cartographer_rviz//rviz_plugin_description.xml
[22.225s] -- Symlinking: /home/olee/olee_ros2_ws/src/install/cartographer_rviz/include/cartographer_rviz/cartographer_rviz/drawable_submap.h
[22.237s] -- Symlinking: /home/olee/olee_ros2_ws/src/install/cartographer_rviz/include/cartographer_rviz/cartographer_rviz/ogre_slice.h
[22.248s] -- Symlinking: /home/olee/olee_ros2_ws/src/install/cartographer_rviz/include/cartographer_rviz/cartographer_rviz/submaps_display.h
[22.257s] -- Symlinking: /home/olee/olee_ros2_ws/src/install/cartographer_rviz/share/cartographer_rviz/environment/library_path.sh
[22.265s] -- Symlinking: /home/olee/olee_ros2_ws/src/install/cartographer_rviz/share/cartographer_rviz/environment/library_path.dsv
[22.276s] -- Symlinking: /home/olee/olee_ros2_ws/src/install/cartographer_rviz/share/ament_index/resource_index/package_run_dependencies/cartographer_rviz
[22.287s] -- Symlinking: /home/olee/olee_ros2_ws/src/install/cartographer_rviz/share/ament_index/resource_index/parent_prefix_path/cartographer_rviz
[22.297s] -- Symlinking: /home/olee/olee_ros2_ws/src/install/cartographer_rviz/share/cartographer_rviz/environment/ament_prefix_path.sh
[22.308s] -- Symlinking: /home/olee/olee_ros2_ws/src/install/cartographer_rviz/share/cartographer_rviz/environment/ament_prefix_path.dsv
[22.315s] -- Symlinking: /home/olee/olee_ros2_ws/src/install/cartographer_rviz/share/cartographer_rviz/environment/path.sh
[22.325s] -- Symlinking: /home/olee/olee_ros2_ws/src/install/cartographer_rviz/share/cartographer_rviz/environment/path.dsv
[22.334s] -- Symlinking: /home/olee/olee_ros2_ws/src/install/cartographer_rviz/share/cartographer_rviz/local_setup.bash
[22.343s] -- Symlinking: /home/olee/olee_ros2_ws/src/install/cartographer_rviz/share/cartographer_rviz/local_setup.sh
[22.352s] -- Symlinking: /home/olee/olee_ros2_ws/src/install/cartographer_rviz/share/cartographer_rviz/local_setup.zsh
[22.362s] -- Symlinking: /home/olee/olee_ros2_ws/src/install/cartographer_rviz/share/cartographer_rviz/local_setup.dsv
[22.372s] -- Symlinking: /home/olee/olee_ros2_ws/src/install/cartographer_rviz/share/cartographer_rviz/package.dsv
[22.382s] -- Symlinking: /home/olee/olee_ros2_ws/src/install/cartographer_rviz/share/ament_index/resource_index/packages/cartographer_rviz
[22.391s] -- Symlinking: /home/olee/olee_ros2_ws/src/install/cartographer_rviz/share/ament_index/resource_index/rviz_common__pluginlib__plugin/cartographer_rviz
[22.401s] -- Symlinking: /home/olee/olee_ros2_ws/src/install/cartographer_rviz/share/ament_index/resource_index/rviz_ogre_media_exports/cartographer_rviz
[22.411s] -- Symlinking: /home/olee/olee_ros2_ws/src/install/cartographer_rviz/share/cartographer_rviz/cmake/ament_cmake_export_include_directories-extras.cmake
[22.423s] -- Symlinking: /home/olee/olee_ros2_ws/src/install/cartographer_rviz/share/cartographer_rviz/cmake/ament_cmake_export_libraries-extras.cmake
[22.429s] -- Symlinking: /home/olee/olee_ros2_ws/src/install/cartographer_rviz/share/cartographer_rviz/cmake/ament_cmake_export_targets-extras.cmake
[22.438s] -- Symlinking: /home/olee/olee_ros2_ws/src/install/cartographer_rviz/share/cartographer_rviz/cmake/ament_cmake_export_dependencies-extras.cmake
[22.446s] -- Symlinking: /home/olee/olee_ros2_ws/src/install/cartographer_rviz/share/cartographer_rviz/cmake/cartographer_rvizConfig.cmake
[22.452s] -- Symlinking: /home/olee/olee_ros2_ws/src/install/cartographer_rviz/share/cartographer_rviz/cmake/cartographer_rvizConfig-version.cmake
[22.459s] -- Symlinking: /home/olee/olee_ros2_ws/src/install/cartographer_rviz/share/cartographer_rviz/package.xml
[22.464s] -- Installing: /home/olee/olee_ros2_ws/src/install/cartographer_rviz/lib/libcartographer_rviz.so
[22.465s] -- Set runtime path of "/home/olee/olee_ros2_ws/src/install/cartographer_rviz/lib/libcartographer_rviz.so" to ""
[22.465s] -- Installing: /home/olee/olee_ros2_ws/src/install/cartographer_rviz/share/cartographer_rviz/ogre_media/materials/glsl120
[22.465s] -- Installing: /home/olee/olee_ros2_ws/src/install/cartographer_rviz/share/cartographer_rviz/ogre_media/materials/glsl120/submap.vert
[22.478s] -- Installing: /home/olee/olee_ros2_ws/src/install/cartographer_rviz/share/cartographer_rviz/ogre_media/materials/glsl120/glsl120.program
[22.478s] -- Installing: /home/olee/olee_ros2_ws/src/install/cartographer_rviz/share/cartographer_rviz/ogre_media/materials/glsl120/submap.frag
[22.478s] -- Installing: /home/olee/olee_ros2_ws/src/install/cartographer_rviz/share/cartographer_rviz/ogre_media/materials/scripts
[22.480s] -- Installing: /home/olee/olee_ros2_ws/src/install/cartographer_rviz/share/cartographer_rviz/ogre_media/materials/scripts/submap.material
[22.480s] -- Installing: /home/olee/olee_ros2_ws/src/install/cartographer_rviz/share/cartographer_rviz/cmake/cartographer_rvizExport.cmake
[22.480s] -- Installing: /home/olee/olee_ros2_ws/src/install/cartographer_rviz/share/cartographer_rviz/cmake/cartographer_rvizExport-release.cmake
[22.483s] Invoked command in '/home/olee/olee_ros2_ws/src/build/cartographer_rviz' returned '0': AMENT_PREFIX_PATH=/home/olee/olee_ros2_ws/src/install/cartographer_ros:/home/olee/olee_ros2_ws/src/install/cartographer_ros_msgs:${AMENT_PREFIX_PATH} CMAKE_PREFIX_PATH=/home/olee/olee_ros2_ws/src/install/cartographer_ros:/home/olee/olee_ros2_ws/src/install/cartographer_ros_msgs:/home/olee/olee_ros2_ws/install/ydlidar_sdk:/home/olee/olee_ros2_ws/install/ydlidar_ros2_driver:/home/olee/olee_ros2_ws/install/tflidar_ros:/home/olee/olee_ros2_ws/install/slam_toolbox:/home/olee/ros2_ws/install/ydlidar_sdk:/home/olee/ros2_ws/install/ydlidar_ros2_driver:/home/olee/ros2_ws/install/rf2o_laser_odometry:/home/olee/olee_ros2_ws/install/master_olee_controller:/opt/ros/humble LD_LIBRARY_PATH=/home/olee/olee_ros2_ws/src/install/cartographer_ros/lib:/home/olee/olee_ros2_ws/src/install/cartographer_ros_msgs/lib:${LD_LIBRARY_PATH} PYTHONPATH=/home/olee/olee_ros2_ws/src/install/cartographer_ros_msgs/local/lib/python3.10/dist-packages:${PYTHONPATH} /usr/bin/cmake --install /home/olee/olee_ros2_ws/src/build/cartographer_rviz
