[0.171s] Invoking command in '/home/olee/olee_ros2_ws/src/build/ydlidar_ros2_driver': CMAKE_PREFIX_PATH=${CMAKE_PREFIX_PATH}:/home/olee/olee_ros2_ws/install/master_olee_controller:/opt/ros/humble /usr/bin/cmake /home/olee/olee_ros2_ws/src/ydlidar_ros2_driver-humble -DAMENT_CMAKE_SYMLINK_INSTALL=1 -DCMAKE_INSTALL_PREFIX=/home/olee/olee_ros2_ws/src/install/ydlidar_ros2_driver
[0.181s] -- Found ament_cmake: 1.3.12 (/opt/ros/humble/share/ament_cmake/cmake)
[0.302s] -- Override CMake install command with custom implementation using symlinks instead of copying resources
[0.306s] -- Found rclcpp: 16.0.15 (/opt/ros/humble/share/rclcpp/cmake)
[0.326s] -- Found rosidl_generator_c: 3.1.7 (/opt/ros/humble/share/rosidl_generator_c/cmake)
[0.327s] -- Found rosidl_adapter: 3.1.7 (/opt/ros/humble/share/rosidl_adapter/cmake)
[0.333s] -- Found rosidl_generator_cpp: 3.1.7 (/opt/ros/humble/share/rosidl_generator_cpp/cmake)
[0.339s] -- Using all available rosidl_typesupport_c: rosidl_typesupport_fastrtps_c;rosidl_typesupport_introspection_c
[0.347s] -- Using all available rosidl_typesupport_cpp: rosidl_typesupport_fastrtps_cpp;rosidl_typesupport_introspection_cpp
[0.386s] -- Found rmw_implementation_cmake: 6.1.2 (/opt/ros/humble/share/rmw_implementation_cmake/cmake)
[0.388s] -- Found rmw_fastrtps_cpp: 6.2.9 (/opt/ros/humble/share/rmw_fastrtps_cpp/cmake)
[0.497s] -- Using RMW implementation 'rmw_fastrtps_cpp' as default
[0.530s] -- Found sensor_msgs: 4.9.0 (/opt/ros/humble/share/sensor_msgs/cmake)
[0.549s] -- Found visualization_msgs: 4.9.0 (/opt/ros/humble/share/visualization_msgs/cmake)
[0.562s] -- Found std_srvs: 4.9.0 (/opt/ros/humble/share/std_srvs/cmake)
[0.571s] -- Found ament_lint_auto: 0.12.14 (/opt/ros/humble/share/ament_lint_auto/cmake)
[0.633s] -- Added test 'copyright' to check source files copyright and LICENSE
[0.655s] -- Added test 'cppcheck' to perform static code analysis on C / C++ code
[0.656s] -- Configured cppcheck include dirs: /home/olee/olee_ros2_ws/src/ydlidar_ros2_driver-humble/src
[0.656s] -- Configured cppcheck exclude dirs and/or files: 
[0.682s] -- Added test 'cpplint' to check C / C++ code against the Google style
[0.682s] -- Configured cpplint exclude dirs and/or files: 
[0.685s] -- Added test 'flake8' to check Python code syntax and style conventions
[0.690s] -- Added test 'lint_cmake' to check CMake code style
[0.693s] -- Added test 'pep257' to check Python code against some of the docstring style conventions in PEP 257
[0.715s] -- Added test 'uncrustify' to check C / C++ code style
[0.715s] -- Configured uncrustify additional arguments: 
[0.719s] -- Added test 'xmllint' to check XML markup files
[0.720s] -- Configuring done
[0.728s] -- Generating done
[0.732s] -- Build files have been written to: /home/olee/olee_ros2_ws/src/build/ydlidar_ros2_driver
[0.738s] Invoked command in '/home/olee/olee_ros2_ws/src/build/ydlidar_ros2_driver' returned '0': CMAKE_PREFIX_PATH=${CMAKE_PREFIX_PATH}:/home/olee/olee_ros2_ws/install/master_olee_controller:/opt/ros/humble /usr/bin/cmake /home/olee/olee_ros2_ws/src/ydlidar_ros2_driver-humble -DAMENT_CMAKE_SYMLINK_INSTALL=1 -DCMAKE_INSTALL_PREFIX=/home/olee/olee_ros2_ws/src/install/ydlidar_ros2_driver
[0.740s] Invoking command in '/home/olee/olee_ros2_ws/src/build/ydlidar_ros2_driver': CMAKE_PREFIX_PATH=${CMAKE_PREFIX_PATH}:/home/olee/olee_ros2_ws/install/master_olee_controller:/opt/ros/humble /usr/bin/cmake --build /home/olee/olee_ros2_ws/src/build/ydlidar_ros2_driver -- -j12 -l12
[0.780s] [35m[1mConsolidate compiler generated dependencies of target ydlidar_ros2_driver_client[0m
[0.781s] [35m[1mConsolidate compiler generated dependencies of target ydlidar_ros2_driver_node[0m
[0.793s] [ 50%] Built target ydlidar_ros2_driver_client
[0.796s] [100%] Built target ydlidar_ros2_driver_node
[0.809s] Invoked command in '/home/olee/olee_ros2_ws/src/build/ydlidar_ros2_driver' returned '0': CMAKE_PREFIX_PATH=${CMAKE_PREFIX_PATH}:/home/olee/olee_ros2_ws/install/master_olee_controller:/opt/ros/humble /usr/bin/cmake --build /home/olee/olee_ros2_ws/src/build/ydlidar_ros2_driver -- -j12 -l12
[0.810s] Invoking command in '/home/olee/olee_ros2_ws/src/build/ydlidar_ros2_driver': CMAKE_PREFIX_PATH=${CMAKE_PREFIX_PATH}:/home/olee/olee_ros2_ws/install/master_olee_controller:/opt/ros/humble /usr/bin/cmake --install /home/olee/olee_ros2_ws/src/build/ydlidar_ros2_driver
[0.818s] -- Install configuration: ""
[0.819s] -- Execute custom install script
[0.819s] -- Up-to-date symlink: /home/olee/olee_ros2_ws/src/install/ydlidar_ros2_driver/lib/ydlidar_ros2_driver/ydlidar_ros2_driver_node
[0.820s] -- Up-to-date symlink: /home/olee/olee_ros2_ws/src/install/ydlidar_ros2_driver/lib/ydlidar_ros2_driver/ydlidar_ros2_driver_client
[0.820s] -- Up-to-date symlink: /home/olee/olee_ros2_ws/src/install/ydlidar_ros2_driver/share/ydlidar_ros2_driver/launch/ydlidar.py
[0.820s] -- Up-to-date symlink: /home/olee/olee_ros2_ws/src/install/ydlidar_ros2_driver/share/ydlidar_ros2_driver/launch/ydlidar_launch.py
[0.820s] -- Up-to-date symlink: /home/olee/olee_ros2_ws/src/install/ydlidar_ros2_driver/share/ydlidar_ros2_driver/launch/ydlidar_launch_view.py
[0.821s] -- Up-to-date symlink: /home/olee/olee_ros2_ws/src/install/ydlidar_ros2_driver/share/ydlidar_ros2_driver/params/G1.yaml
[0.821s] -- Up-to-date symlink: /home/olee/olee_ros2_ws/src/install/ydlidar_ros2_driver/share/ydlidar_ros2_driver/params/G2.yaml
[0.821s] -- Up-to-date symlink: /home/olee/olee_ros2_ws/src/install/ydlidar_ros2_driver/share/ydlidar_ros2_driver/params/G4.yaml
[0.821s] -- Up-to-date symlink: /home/olee/olee_ros2_ws/src/install/ydlidar_ros2_driver/share/ydlidar_ros2_driver/params/G6.yaml
[0.821s] -- Up-to-date symlink: /home/olee/olee_ros2_ws/src/install/ydlidar_ros2_driver/share/ydlidar_ros2_driver/params/GS2.yaml
[0.821s] -- Up-to-date symlink: /home/olee/olee_ros2_ws/src/install/ydlidar_ros2_driver/share/ydlidar_ros2_driver/params/GS5.yaml
[0.821s] -- Up-to-date symlink: /home/olee/olee_ros2_ws/src/install/ydlidar_ros2_driver/share/ydlidar_ros2_driver/params/TEA.yaml
[0.821s] -- Up-to-date symlink: /home/olee/olee_ros2_ws/src/install/ydlidar_ros2_driver/share/ydlidar_ros2_driver/params/TG.yaml
[0.821s] -- Up-to-date symlink: /home/olee/olee_ros2_ws/src/install/ydlidar_ros2_driver/share/ydlidar_ros2_driver/params/Tmini-Plus-SH.yaml
[0.822s] -- Up-to-date symlink: /home/olee/olee_ros2_ws/src/install/ydlidar_ros2_driver/share/ydlidar_ros2_driver/params/Tmini.yaml
[0.822s] -- Up-to-date symlink: /home/olee/olee_ros2_ws/src/install/ydlidar_ros2_driver/share/ydlidar_ros2_driver/params/X2.yaml
[0.822s] -- Up-to-date symlink: /home/olee/olee_ros2_ws/src/install/ydlidar_ros2_driver/share/ydlidar_ros2_driver/params/X3.yaml
[0.822s] -- Up-to-date symlink: /home/olee/olee_ros2_ws/src/install/ydlidar_ros2_driver/share/ydlidar_ros2_driver/params/X4-Pro.yaml
[0.822s] -- Up-to-date symlink: /home/olee/olee_ros2_ws/src/install/ydlidar_ros2_driver/share/ydlidar_ros2_driver/params/X4.yaml
[0.822s] -- Up-to-date symlink: /home/olee/olee_ros2_ws/src/install/ydlidar_ros2_driver/share/ydlidar_ros2_driver/params/sdm15.yaml
[0.822s] -- Up-to-date symlink: /home/olee/olee_ros2_ws/src/install/ydlidar_ros2_driver/share/ydlidar_ros2_driver/params/ydlidar.yaml
[0.822s] -- Up-to-date symlink: /home/olee/olee_ros2_ws/src/install/ydlidar_ros2_driver/share/ydlidar_ros2_driver/startup/initenv.sh
[0.823s] -- Up-to-date symlink: /home/olee/olee_ros2_ws/src/install/ydlidar_ros2_driver/share/ydlidar_ros2_driver/config/ydlidar.rviz
[0.823s] -- Up-to-date symlink: /home/olee/olee_ros2_ws/src/install/ydlidar_ros2_driver/share/ament_index/resource_index/package_run_dependencies/ydlidar_ros2_driver
[0.823s] -- Up-to-date symlink: /home/olee/olee_ros2_ws/src/install/ydlidar_ros2_driver/share/ament_index/resource_index/parent_prefix_path/ydlidar_ros2_driver
[0.823s] -- Up-to-date symlink: /home/olee/olee_ros2_ws/src/install/ydlidar_ros2_driver/share/ydlidar_ros2_driver/environment/ament_prefix_path.sh
[0.823s] -- Up-to-date symlink: /home/olee/olee_ros2_ws/src/install/ydlidar_ros2_driver/share/ydlidar_ros2_driver/environment/ament_prefix_path.dsv
[0.824s] -- Up-to-date symlink: /home/olee/olee_ros2_ws/src/install/ydlidar_ros2_driver/share/ydlidar_ros2_driver/environment/path.sh
[0.824s] -- Up-to-date symlink: /home/olee/olee_ros2_ws/src/install/ydlidar_ros2_driver/share/ydlidar_ros2_driver/environment/path.dsv
[0.824s] -- Up-to-date symlink: /home/olee/olee_ros2_ws/src/install/ydlidar_ros2_driver/share/ydlidar_ros2_driver/local_setup.bash
[0.824s] -- Up-to-date symlink: /home/olee/olee_ros2_ws/src/install/ydlidar_ros2_driver/share/ydlidar_ros2_driver/local_setup.sh
[0.824s] -- Up-to-date symlink: /home/olee/olee_ros2_ws/src/install/ydlidar_ros2_driver/share/ydlidar_ros2_driver/local_setup.zsh
[0.824s] -- Up-to-date symlink: /home/olee/olee_ros2_ws/src/install/ydlidar_ros2_driver/share/ydlidar_ros2_driver/local_setup.dsv
[0.824s] -- Symlinking: /home/olee/olee_ros2_ws/src/install/ydlidar_ros2_driver/share/ydlidar_ros2_driver/package.dsv
[0.836s] -- Up-to-date symlink: /home/olee/olee_ros2_ws/src/install/ydlidar_ros2_driver/share/ament_index/resource_index/packages/ydlidar_ros2_driver
[0.836s] -- Up-to-date symlink: /home/olee/olee_ros2_ws/src/install/ydlidar_ros2_driver/share/ydlidar_ros2_driver/cmake/ydlidar_ros2_driverConfig.cmake
[0.836s] -- Up-to-date symlink: /home/olee/olee_ros2_ws/src/install/ydlidar_ros2_driver/share/ydlidar_ros2_driver/cmake/ydlidar_ros2_driverConfig-version.cmake
[0.837s] -- Up-to-date symlink: /home/olee/olee_ros2_ws/src/install/ydlidar_ros2_driver/share/ydlidar_ros2_driver/package.xml
[0.839s] Invoked command in '/home/olee/olee_ros2_ws/src/build/ydlidar_ros2_driver' returned '0': CMAKE_PREFIX_PATH=${CMAKE_PREFIX_PATH}:/home/olee/olee_ros2_ws/install/master_olee_controller:/opt/ros/humble /usr/bin/cmake --install /home/olee/olee_ros2_ws/src/build/ydlidar_ros2_driver
