[0.040s] Invoking command in '/home/olee/olee_ros2_ws/src/build/laser_ortho_projector': /usr/bin/cmake /home/olee/olee_ros2_ws/src/scan_tools-ros2/laser_ortho_projector -DCATKIN_INSTALL_INTO_PREFIX_ROOT=0 -DCATKIN_SYMLINK_INSTALL=ON -DCMAKE_INSTALL_PREFIX=/home/olee/olee_ros2_ws/src/install/laser_ortho_projector
[0.250s] -- The C compiler identification is GNU 11.4.0
[0.252s] [0mCMake Deprecation Warning at CMakeLists.txt:1 (cmake_minimum_required):
[0.252s]   Compatibility with CMake < 2.8.12 will be removed from a future version of
[0.252s]   CMake.
[0.252s] 
[0.252s]   Update the VERSION argument <min> value or use a ...<max> suffix to tell
[0.252s]   CMake that the project does not need compatibility with older versions.
[0.252s] 
[0.252s] [0m
[0.257s] -- The CXX compiler identification is GNU 11.4.0
[0.265s] -- Detecting C compiler ABI info
[0.330s] -- Detecting C compiler ABI info - done
[0.343s] -- Check for working C compiler: /usr/bin/cc - skipped
[0.343s] -- Detecting C compile features
[0.343s] -- Detecting C compile features - done
[0.351s] -- Detecting CXX compiler ABI info
[0.436s] -- Detecting CXX compiler ABI info - done
[0.446s] -- Check for working CXX compiler: /usr/bin/c++ - skipped
[0.446s] -- Detecting CXX compile features
[0.446s] -- Detecting CXX compile features - done
[0.461s] -- Configuring incomplete, errors occurred!
[0.461s] See also "/home/olee/olee_ros2_ws/src/build/laser_ortho_projector/CMakeFiles/CMakeOutput.log".
[0.461s] [31mCMake Error at CMakeLists.txt:16 (find_package):
[0.461s]   By not providing "Findcatkin.cmake" in CMAKE_MODULE_PATH this project has
[0.461s]   asked CMake to find a package configuration file provided by "catkin", but
[0.461s]   CMake did not find one.
[0.461s] 
[0.461s]   Could not find a package configuration file provided by "catkin" with any
[0.461s]   of the following names:
[0.461s] 
[0.462s]     catkinConfig.cmake
[0.462s]     catkin-config.cmake
[0.462s] 
[0.462s]   Add the installation prefix of "catkin" to CMAKE_PREFIX_PATH or set
[0.462s]   "catkin_DIR" to a directory containing one of the above files.  If "catkin"
[0.462s]   provides a separate development package or SDK, be sure it has been
[0.462s]   installed.
[0.462s] 
[0.462s] [0m
[0.468s] Invoked command in '/home/olee/olee_ros2_ws/src/build/laser_ortho_projector' returned '1': /usr/bin/cmake /home/olee/olee_ros2_ws/src/scan_tools-ros2/laser_ortho_projector -DCATKIN_INSTALL_INTO_PREFIX_ROOT=0 -DCATKIN_SYMLINK_INSTALL=ON -DCMAKE_INSTALL_PREFIX=/home/olee/olee_ros2_ws/src/install/laser_ortho_projector
