running develop
Removing /home/olee/olee_ros2_ws/src/install/master_olee_controller/lib/python3.10/site-packages/master-olee-controller.egg-link (link to .)
running egg_info
writing ../build/master_olee_controller/master_olee_controller.egg-info/PKG-INFO
writing dependency_links to ../build/master_olee_controller/master_olee_controller.egg-info/dependency_links.txt
writing requirements to ../build/master_olee_controller/master_olee_controller.egg-info/requires.txt
writing top-level names to ../build/master_olee_controller/master_olee_controller.egg-info/top_level.txt
reading manifest file '../build/master_olee_controller/master_olee_controller.egg-info/SOURCES.txt'
writing manifest file '../build/master_olee_controller/master_olee_controller.egg-info/SOURCES.txt'
running build
running build_py
copying master_olee_controller/slam_launch.launch.py -> /home/olee/olee_ros2_ws/src/build/master_olee_controller/build/lib/master_olee_controller
copying master_olee_controller/__init__.py -> /home/olee/olee_ros2_ws/src/build/master_olee_controller/build/lib/master_olee_controller
running install
running install_lib
creating /home/olee/olee_ros2_ws/src/install/master_olee_controller/lib/python3.10/site-packages/master_olee_controller
copying /home/olee/olee_ros2_ws/src/build/master_olee_controller/build/lib/master_olee_controller/slam_launch.launch.py -> /home/olee/olee_ros2_ws/src/install/master_olee_controller/lib/python3.10/site-packages/master_olee_controller
copying /home/olee/olee_ros2_ws/src/build/master_olee_controller/build/lib/master_olee_controller/__init__.py -> /home/olee/olee_ros2_ws/src/install/master_olee_controller/lib/python3.10/site-packages/master_olee_controller
byte-compiling /home/olee/olee_ros2_ws/src/install/master_olee_controller/lib/python3.10/site-packages/master_olee_controller/slam_launch.launch.py to slam_launch.launch.cpython-310.pyc
byte-compiling /home/olee/olee_ros2_ws/src/install/master_olee_controller/lib/python3.10/site-packages/master_olee_controller/__init__.py to __init__.cpython-310.pyc
running install_data
copying resource/master_olee_controller -> /home/olee/olee_ros2_ws/src/install/master_olee_controller/share/ament_index/resource_index/packages
copying package.xml -> /home/olee/olee_ros2_ws/src/install/master_olee_controller/share/master_olee_controller
running install_egg_info
Copying ../build/master_olee_controller/master_olee_controller.egg-info to /home/olee/olee_ros2_ws/src/install/master_olee_controller/lib/python3.10/site-packages/master_olee_controller-0.0.0-py3.10.egg-info
running install_scripts
writing list of installed files to '/home/olee/olee_ros2_ws/src/build/master_olee_controller/install.log'
