[0.026s] Invoking command in '/home/olee/olee_ros2_ws/src/build/csm': CMAKE_PREFIX_PATH=${CMAKE_PREFIX_PATH}:/home/olee/olee_ros2_ws/install/master_olee_controller:/opt/ros/humble /usr/bin/cmake --build /home/olee/olee_ros2_ws/src/build/csm -- -j12 -l12
[0.166s] [35m[1mConsolidate compiler generated dependencies of target csm[0m
[0.166s] [100%] Built target csm
[0.167s] Invoked command in '/home/olee/olee_ros2_ws/src/build/csm' returned '0': CMAKE_PREFIX_PATH=${CMAKE_PREFIX_PATH}:/home/olee/olee_ros2_ws/install/master_olee_controller:/opt/ros/humble /usr/bin/cmake --build /home/olee/olee_ros2_ws/src/build/csm -- -j12 -l12
[0.179s] Invoking command in '/home/olee/olee_ros2_ws/src/build/csm': CMAKE_PREFIX_PATH=${CMAKE_PREFIX_PATH}:/home/olee/olee_ros2_ws/install/master_olee_controller:/opt/ros/humble /usr/bin/cmake --install /home/olee/olee_ros2_ws/src/build/csm
[0.185s] -- Install configuration: ""
[0.186s] -- Execute custom install script
[0.186s] -- Up-to-date symlink: /home/olee/olee_ros2_ws/src/install/csm/lib/libcsm.so
[0.186s] -- Up-to-date symlink: /home/olee/olee_ros2_ws/src/install/csm/include/..//include/csm/algos.h
[0.187s] -- Up-to-date symlink: /home/olee/olee_ros2_ws/src/install/csm/include/..//include/csm/csm.h
[0.187s] -- Up-to-date symlink: /home/olee/olee_ros2_ws/src/install/csm/include/..//include/csm/laser_data.h
[0.187s] -- Up-to-date symlink: /home/olee/olee_ros2_ws/src/install/csm/include/..//include/csm/laser_data_inline.h
[0.187s] -- Up-to-date symlink: /home/olee/olee_ros2_ws/src/install/csm/include/..//include/csm/restrict.h
[0.187s] -- Up-to-date symlink: /home/olee/olee_ros2_ws/src/install/csm/include/..//include/gsl_eigen/gsl_eigen.h
[0.187s] -- Up-to-date symlink: /home/olee/olee_ros2_ws/src/install/csm/share/csm/resource/csm
[0.187s] -- Up-to-date symlink: /home/olee/olee_ros2_ws/src/install/csm/include/../gsl_eigen/gsl_eigen.h
[0.187s] -- Up-to-date symlink: /home/olee/olee_ros2_ws/src/install/csm/share/csm/environment/library_path.sh
[0.187s] -- Up-to-date symlink: /home/olee/olee_ros2_ws/src/install/csm/share/csm/environment/library_path.dsv
[0.187s] -- Up-to-date symlink: /home/olee/olee_ros2_ws/src/install/csm/share/ament_index/resource_index/package_run_dependencies/csm
[0.187s] -- Up-to-date symlink: /home/olee/olee_ros2_ws/src/install/csm/share/ament_index/resource_index/parent_prefix_path/csm
[0.187s] -- Up-to-date symlink: /home/olee/olee_ros2_ws/src/install/csm/share/csm/environment/ament_prefix_path.sh
[0.188s] -- Up-to-date symlink: /home/olee/olee_ros2_ws/src/install/csm/share/csm/environment/ament_prefix_path.dsv
[0.188s] -- Up-to-date symlink: /home/olee/olee_ros2_ws/src/install/csm/share/csm/environment/path.sh
[0.188s] -- Up-to-date symlink: /home/olee/olee_ros2_ws/src/install/csm/share/csm/environment/path.dsv
[0.188s] -- Up-to-date symlink: /home/olee/olee_ros2_ws/src/install/csm/share/csm/local_setup.bash
[0.188s] -- Up-to-date symlink: /home/olee/olee_ros2_ws/src/install/csm/share/csm/local_setup.sh
[0.188s] -- Up-to-date symlink: /home/olee/olee_ros2_ws/src/install/csm/share/csm/local_setup.zsh
[0.188s] -- Up-to-date symlink: /home/olee/olee_ros2_ws/src/install/csm/share/csm/local_setup.dsv
[0.188s] -- Symlinking: /home/olee/olee_ros2_ws/src/install/csm/share/csm/package.dsv
[0.196s] -- Up-to-date symlink: /home/olee/olee_ros2_ws/src/install/csm/share/ament_index/resource_index/packages/csm
[0.196s] -- Up-to-date symlink: /home/olee/olee_ros2_ws/src/install/csm/share/csm/cmake/ament_cmake_export_dependencies-extras.cmake
[0.198s] -- Up-to-date symlink: /home/olee/olee_ros2_ws/src/install/csm/share/csm/cmake/ament_cmake_export_include_directories-extras.cmake
[0.198s] -- Up-to-date symlink: /home/olee/olee_ros2_ws/src/install/csm/share/csm/cmake/ament_cmake_export_libraries-extras.cmake
[0.203s] -- Up-to-date symlink: /home/olee/olee_ros2_ws/src/install/csm/share/csm/cmake/csmConfig.cmake
[0.203s] -- Up-to-date symlink: /home/olee/olee_ros2_ws/src/install/csm/share/csm/cmake/csmConfig-version.cmake
[0.203s] -- Up-to-date symlink: /home/olee/olee_ros2_ws/src/install/csm/share/csm/package.xml
[0.203s] Invoked command in '/home/olee/olee_ros2_ws/src/build/csm' returned '0': CMAKE_PREFIX_PATH=${CMAKE_PREFIX_PATH}:/home/olee/olee_ros2_ws/install/master_olee_controller:/opt/ros/humble /usr/bin/cmake --install /home/olee/olee_ros2_ws/src/build/csm
