[0.117s] Invoking command in '/home/olee/olee_ros2_ws/build/ydlidar_ros2_driver': CMAKE_PREFIX_PATH=${CMAKE_PREFIX_PATH}:/opt/ros/humble /usr/bin/cmake /home/olee/olee_ros2_ws/src/ydlidar_ros2_driver-humble -DAMENT_CMAKE_SYMLINK_INSTALL=1 -DCMAKE_INSTALL_PREFIX=/home/olee/olee_ros2_ws/install/ydlidar_ros2_driver
[0.163s] -- The C compiler identification is GNU 11.4.0
[0.199s] -- The CXX compiler identification is GNU 11.4.0
[0.205s] -- Detecting C compiler ABI info
[0.260s] -- Detecting C compiler ABI info - done
[0.266s] -- Check for working C compiler: /usr/bin/cc - skipped
[0.266s] -- Detecting C compile features
[0.267s] -- Detecting C compile features - done
[0.268s] -- Detecting CXX compiler ABI info
[0.324s] -- Detecting CXX compiler ABI info - done
[0.332s] -- Check for working CXX compiler: /usr/bin/c++ - skipped
[0.332s] -- Detecting CXX compile features
[0.333s] -- Detecting CXX compile features - done
[0.343s] [31mCMake Error at CMakeLists.txt:15 (find_package):
[0.343s]   By not providing "Findament_cmake.cmake" in CMAKE_MODULE_PATH this project
[0.343s]   has asked CMake to find a package configuration file provided by
[0.343s]   "ament_cmake", but CMake did not find one.
[0.343s] 
[0.343s]   Could not find a package configuration file provided by "ament_cmake" with
[0.343s]   any of the following names:
[0.343s] 
[0.343s]     ament_cmakeConfig.cmake
[0.343s]     ament_cmake-config.cmake
[0.343s] 
[0.343s]   Add the installation prefix of "ament_cmake" to CMAKE_PREFIX_PATH or set
[0.343s]   "ament_cmake_DIR" to a directory containing one of the above files.  If
[0.343s]   "ament_cmake" provides a separate development package or SDK, be sure it
[0.343s]   has been installed.
[0.344s] 
[0.344s] [0m
[0.344s] -- Configuring incomplete, errors occurred!
[0.344s] See also "/home/olee/olee_ros2_ws/build/ydlidar_ros2_driver/CMakeFiles/CMakeOutput.log".
[0.347s] Invoked command in '/home/olee/olee_ros2_ws/build/ydlidar_ros2_driver' returned '1': CMAKE_PREFIX_PATH=${CMAKE_PREFIX_PATH}:/opt/ros/humble /usr/bin/cmake /home/olee/olee_ros2_ws/src/ydlidar_ros2_driver-humble -DAMENT_CMAKE_SYMLINK_INSTALL=1 -DCMAKE_INSTALL_PREFIX=/home/olee/olee_ros2_ws/install/ydlidar_ros2_driver
