[  1%] Built target slam_toolbox__cpp
[ 10%] Built target slam_toolbox__rosidl_generator_c
[ 10%] Built target ament_cmake_python_symlink_slam_toolbox
[ 18%] Built target slam_toolbox__rosidl_typesupport_cpp
[ 26%] Built target slam_toolbox__rosidl_typesupport_introspection_cpp
[ 35%] Built target slam_toolbox__rosidl_typesupport_fastrtps_cpp
[ 43%] Built target slam_toolbox__rosidl_typesupport_introspection_c
[ 51%] Built target slam_toolbox__rosidl_typesupport_c
[ 60%] Built target slam_toolbox__rosidl_typesupport_fastrtps_c
[ 62%] Built target kartoSlamToolbox
[ 62%] Built target slam_toolbox
[ 64%] Built target SlamToolboxPlugin
[ 66%] Built target ceres_solver_plugin
[ 66%] Built target slam_toolbox__py
[ 71%] Built target toolbox_common
[ 79%] Built target slam_toolbox__rosidl_generator_py
[ 83%] Built target merge_maps_kinematic
[ 83%] Built target async_slam_toolbox
[ 84%] Built target localization_slam_toolbox
[ 85%] Built target lifelong_slam_toolbox
[ 87%] Built target slam_toolbox__rosidl_typesupport_introspection_c__pyext
[ 89%] Built target sync_slam_toolbox
[ 91%] Built target slam_toolbox__rosidl_typesupport_c__pyext
[ 92%] Built target slam_toolbox__rosidl_typesupport_fastrtps_c__pyext
[ 94%] Built target localization_slam_toolbox_node
[ 95%] Built target map_and_localization_slam_toolbox
[ 97%] Built target lifelong_slam_toolbox_node
[ 98%] Built target async_slam_toolbox_node
[ 99%] Built target sync_slam_toolbox_node
[100%] Built target map_and_localization_slam_toolbox_node
running egg_info
writing slam_toolbox.egg-info/PKG-INFO
writing dependency_links to slam_toolbox.egg-info/dependency_links.txt
writing top-level names to slam_toolbox.egg-info/top_level.txt
reading manifest file 'slam_toolbox.egg-info/SOURCES.txt'
writing manifest file 'slam_toolbox.egg-info/SOURCES.txt'
[100%] Built target ament_cmake_python_build_slam_toolbox_egg
