[0.423s] Invoking command in '/home/olee/olee_ros2_ws/src/build/master_olee_controller': PYTHONPATH=/home/olee/olee_ros2_ws/src/build/master_olee_controller/prefix_override:/usr/lib/python3/dist-packages/colcon_core/task/python/colcon_distutils_commands:/home/olee/olee_ros2_ws/src/install/master_olee_controller/lib/python3.10/site-packages:${PYTHONPATH} /usr/bin/python3 -W ignore:setup.py install is deprecated -W ignore:easy_install command is deprecated setup.py develop --uninstall --editable --build-directory /home/olee/olee_ros2_ws/src/build/master_olee_controller/build
[0.604s] running develop
[0.726s] Removing /home/olee/olee_ros2_ws/src/install/master_olee_controller/lib/python3.10/site-packages/master-olee-controller.egg-link (link to .)
[0.745s] Invoked command in '/home/olee/olee_ros2_ws/src/build/master_olee_controller' returned '0': PYTHONPATH=/home/olee/olee_ros2_ws/src/build/master_olee_controller/prefix_override:/usr/lib/python3/dist-packages/colcon_core/task/python/colcon_distutils_commands:/home/olee/olee_ros2_ws/src/install/master_olee_controller/lib/python3.10/site-packages:${PYTHONPATH} /usr/bin/python3 -W ignore:setup.py install is deprecated -W ignore:easy_install command is deprecated setup.py develop --uninstall --editable --build-directory /home/olee/olee_ros2_ws/src/build/master_olee_controller/build
[0.747s] Invoking command in '/home/olee/olee_ros2_ws/src/master_olee_controller': PYTHONPATH=/home/olee/olee_ros2_ws/src/build/master_olee_controller/prefix_override:/usr/lib/python3/dist-packages/colcon_core/task/python/colcon_distutils_commands:/home/olee/olee_ros2_ws/src/install/master_olee_controller/lib/python3.10/site-packages:${PYTHONPATH} /usr/bin/python3 -W ignore:setup.py install is deprecated -W ignore:easy_install command is deprecated setup.py egg_info --egg-base ../build/master_olee_controller build --build-base /home/olee/olee_ros2_ws/src/build/master_olee_controller/build install --record /home/olee/olee_ros2_ws/src/build/master_olee_controller/install.log --single-version-externally-managed install_data --force
[0.875s] running egg_info
[0.882s] writing ../build/master_olee_controller/master_olee_controller.egg-info/PKG-INFO
[0.882s] writing dependency_links to ../build/master_olee_controller/master_olee_controller.egg-info/dependency_links.txt
[0.882s] writing requirements to ../build/master_olee_controller/master_olee_controller.egg-info/requires.txt
[0.882s] writing top-level names to ../build/master_olee_controller/master_olee_controller.egg-info/top_level.txt
[0.897s] reading manifest file '../build/master_olee_controller/master_olee_controller.egg-info/SOURCES.txt'
[0.898s] writing manifest file '../build/master_olee_controller/master_olee_controller.egg-info/SOURCES.txt'
[0.898s] running build
[0.898s] running build_py
[0.898s] copying master_olee_controller/slam_launch.launch.py -> /home/olee/olee_ros2_ws/src/build/master_olee_controller/build/lib/master_olee_controller
[0.898s] copying master_olee_controller/__init__.py -> /home/olee/olee_ros2_ws/src/build/master_olee_controller/build/lib/master_olee_controller
[0.898s] running install
[0.901s] running install_lib
[0.909s] creating /home/olee/olee_ros2_ws/src/install/master_olee_controller/lib/python3.10/site-packages/master_olee_controller
[0.909s] copying /home/olee/olee_ros2_ws/src/build/master_olee_controller/build/lib/master_olee_controller/slam_launch.launch.py -> /home/olee/olee_ros2_ws/src/install/master_olee_controller/lib/python3.10/site-packages/master_olee_controller
[0.909s] copying /home/olee/olee_ros2_ws/src/build/master_olee_controller/build/lib/master_olee_controller/__init__.py -> /home/olee/olee_ros2_ws/src/install/master_olee_controller/lib/python3.10/site-packages/master_olee_controller
[0.909s] byte-compiling /home/olee/olee_ros2_ws/src/install/master_olee_controller/lib/python3.10/site-packages/master_olee_controller/slam_launch.launch.py to slam_launch.launch.cpython-310.pyc
[0.909s] byte-compiling /home/olee/olee_ros2_ws/src/install/master_olee_controller/lib/python3.10/site-packages/master_olee_controller/__init__.py to __init__.cpython-310.pyc
[0.909s] running install_data
[0.910s] copying resource/master_olee_controller -> /home/olee/olee_ros2_ws/src/install/master_olee_controller/share/ament_index/resource_index/packages
[0.910s] copying package.xml -> /home/olee/olee_ros2_ws/src/install/master_olee_controller/share/master_olee_controller
[0.910s] running install_egg_info
[0.918s] Copying ../build/master_olee_controller/master_olee_controller.egg-info to /home/olee/olee_ros2_ws/src/install/master_olee_controller/lib/python3.10/site-packages/master_olee_controller-0.0.0-py3.10.egg-info
[0.919s] running install_scripts
[0.985s] writing list of installed files to '/home/olee/olee_ros2_ws/src/build/master_olee_controller/install.log'
[1.001s] Invoked command in '/home/olee/olee_ros2_ws/src/master_olee_controller' returned '0': PYTHONPATH=/home/olee/olee_ros2_ws/src/build/master_olee_controller/prefix_override:/usr/lib/python3/dist-packages/colcon_core/task/python/colcon_distutils_commands:/home/olee/olee_ros2_ws/src/install/master_olee_controller/lib/python3.10/site-packages:${PYTHONPATH} /usr/bin/python3 -W ignore:setup.py install is deprecated -W ignore:easy_install command is deprecated setup.py egg_info --egg-base ../build/master_olee_controller build --build-base /home/olee/olee_ros2_ws/src/build/master_olee_controller/build install --record /home/olee/olee_ros2_ws/src/build/master_olee_controller/install.log --single-version-externally-managed install_data --force
