[0.079s] DEBUG:colcon:Command line arguments: ['/usr/bin/colcon', 'build', '--symlink-install']
[0.079s] DEBUG:colcon:Parsed command line arguments: Namespace(log_base=None, log_level=None, verb_name='build', build_base='build', install_base='install', merge_install=False, symlink_install=True, test_result_base=None, continue_on_error=False, executor='parallel', parallel_workers=12, event_handlers=None, ignore_user_meta=False, metas=['./colcon.meta'], base_paths=['.'], packages_ignore=None, packages_ignore_regex=None, paths=None, packages_up_to=None, packages_up_to_regex=None, packages_above=None, packages_above_and_dependencies=None, packages_above_depth=None, packages_select_by_dep=None, packages_skip_by_dep=None, packages_skip_up_to=None, packages_select_build_failed=False, packages_skip_build_finished=False, packages_select_test_failures=False, packages_skip_test_passed=False, packages_select=None, packages_skip=None, packages_select_regex=None, packages_skip_regex=None, packages_start=None, packages_end=None, allow_overriding=[], cmake_args=None, cmake_target=None, cmake_target_skip_unavailable=False, cmake_clean_cache=False, cmake_clean_first=False, cmake_force_configure=False, ament_cmake_args=None, catkin_cmake_args=None, catkin_skip_building_tests=False, verb_parser=<colcon_defaults.argument_parser.defaults.DefaultArgumentsDecorator object at 0x732794712350>, verb_extension=<colcon_core.verb.build.BuildVerb object at 0x732794711db0>, main=<bound method BuildVerb.main of <colcon_core.verb.build.BuildVerb object at 0x732794711db0>>)
[0.105s] Level 1:colcon.colcon_core.package_discovery:discover_packages(colcon_meta) check parameters
[0.105s] Level 1:colcon.colcon_core.package_discovery:discover_packages(recursive) check parameters
[0.105s] Level 1:colcon.colcon_core.package_discovery:discover_packages(ignore) check parameters
[0.105s] Level 1:colcon.colcon_core.package_discovery:discover_packages(path) check parameters
[0.105s] Level 1:colcon.colcon_core.package_discovery:discover_packages(colcon_meta) discover
[0.105s] Level 1:colcon.colcon_core.package_discovery:discover_packages(recursive) discover
[0.105s] INFO:colcon.colcon_core.package_discovery:Crawling recursively for packages in '/home/olee/olee_ros2_ws'
[0.105s] Level 1:colcon.colcon_core.package_identification:_identify(.) by extensions ['ignore', 'ignore_ament_install']
[0.105s] Level 1:colcon.colcon_core.package_identification:_identify(.) by extension 'ignore'
[0.105s] Level 1:colcon.colcon_core.package_identification:_identify(.) by extension 'ignore_ament_install'
[0.105s] Level 1:colcon.colcon_core.package_identification:_identify(.) by extensions ['colcon_pkg']
[0.105s] Level 1:colcon.colcon_core.package_identification:_identify(.) by extension 'colcon_pkg'
[0.105s] Level 1:colcon.colcon_core.package_identification:_identify(.) by extensions ['colcon_meta']
[0.105s] Level 1:colcon.colcon_core.package_identification:_identify(.) by extension 'colcon_meta'
[0.105s] Level 1:colcon.colcon_core.package_identification:_identify(.) by extensions ['ros']
[0.105s] Level 1:colcon.colcon_core.package_identification:_identify(.) by extension 'ros'
[0.115s] Level 1:colcon.colcon_core.package_identification:_identify(.) by extensions ['cmake', 'python']
[0.115s] Level 1:colcon.colcon_core.package_identification:_identify(.) by extension 'cmake'
[0.115s] Level 1:colcon.colcon_core.package_identification:_identify(.) by extension 'python'
[0.115s] Level 1:colcon.colcon_core.package_identification:_identify(.) by extensions ['python_setup_py']
[0.115s] Level 1:colcon.colcon_core.package_identification:_identify(.) by extension 'python_setup_py'
[0.117s] Level 1:colcon.colcon_core.package_identification:_identify(build) by extensions ['ignore', 'ignore_ament_install']
[0.117s] Level 1:colcon.colcon_core.package_identification:_identify(build) by extension 'ignore'
[0.117s] Level 1:colcon.colcon_core.package_identification:_identify(build) ignored
[0.117s] Level 1:colcon.colcon_core.package_identification:_identify(install) by extensions ['ignore', 'ignore_ament_install']
[0.117s] Level 1:colcon.colcon_core.package_identification:_identify(install) by extension 'ignore'
[0.117s] Level 1:colcon.colcon_core.package_identification:_identify(install) ignored
[0.117s] Level 1:colcon.colcon_core.package_identification:_identify(log) by extensions ['ignore', 'ignore_ament_install']
[0.117s] Level 1:colcon.colcon_core.package_identification:_identify(log) by extension 'ignore'
[0.117s] Level 1:colcon.colcon_core.package_identification:_identify(log) ignored
[0.117s] Level 1:colcon.colcon_core.package_identification:_identify(src) by extensions ['ignore', 'ignore_ament_install']
[0.117s] Level 1:colcon.colcon_core.package_identification:_identify(src) by extension 'ignore'
[0.117s] Level 1:colcon.colcon_core.package_identification:_identify(src) by extension 'ignore_ament_install'
[0.117s] Level 1:colcon.colcon_core.package_identification:_identify(src) by extensions ['colcon_pkg']
[0.117s] Level 1:colcon.colcon_core.package_identification:_identify(src) by extension 'colcon_pkg'
[0.117s] Level 1:colcon.colcon_core.package_identification:_identify(src) by extensions ['colcon_meta']
[0.117s] Level 1:colcon.colcon_core.package_identification:_identify(src) by extension 'colcon_meta'
[0.117s] Level 1:colcon.colcon_core.package_identification:_identify(src) by extensions ['ros']
[0.117s] Level 1:colcon.colcon_core.package_identification:_identify(src) by extension 'ros'
[0.117s] Level 1:colcon.colcon_core.package_identification:_identify(src) by extensions ['cmake', 'python']
[0.117s] Level 1:colcon.colcon_core.package_identification:_identify(src) by extension 'cmake'
[0.117s] Level 1:colcon.colcon_core.package_identification:_identify(src) by extension 'python'
[0.117s] Level 1:colcon.colcon_core.package_identification:_identify(src) by extensions ['python_setup_py']
[0.117s] Level 1:colcon.colcon_core.package_identification:_identify(src) by extension 'python_setup_py'
[0.117s] Level 1:colcon.colcon_core.package_identification:_identify(src/YDLidar-SDK-master) by extensions ['ignore', 'ignore_ament_install']
[0.117s] Level 1:colcon.colcon_core.package_identification:_identify(src/YDLidar-SDK-master) by extension 'ignore'
[0.118s] Level 1:colcon.colcon_core.package_identification:_identify(src/YDLidar-SDK-master) by extension 'ignore_ament_install'
[0.118s] Level 1:colcon.colcon_core.package_identification:_identify(src/YDLidar-SDK-master) by extensions ['colcon_pkg']
[0.118s] Level 1:colcon.colcon_core.package_identification:_identify(src/YDLidar-SDK-master) by extension 'colcon_pkg'
[0.118s] Level 1:colcon.colcon_core.package_identification:_identify(src/YDLidar-SDK-master) by extensions ['colcon_meta']
[0.118s] Level 1:colcon.colcon_core.package_identification:_identify(src/YDLidar-SDK-master) by extension 'colcon_meta'
[0.118s] Level 1:colcon.colcon_core.package_identification:_identify(src/YDLidar-SDK-master) by extensions ['ros']
[0.118s] Level 1:colcon.colcon_core.package_identification:_identify(src/YDLidar-SDK-master) by extension 'ros'
[0.118s] Level 1:colcon.colcon_core.package_identification:_identify(src/YDLidar-SDK-master) by extensions ['cmake', 'python']
[0.118s] Level 1:colcon.colcon_core.package_identification:_identify(src/YDLidar-SDK-master) by extension 'cmake'
[0.151s] Level 1:colcon.colcon_core.package_identification:_identify(src/YDLidar-SDK-master) by extension 'python'
[0.151s] DEBUG:colcon.colcon_core.package_identification:Package 'src/YDLidar-SDK-master' with type 'cmake' and name 'ydlidar_sdk'
[0.151s] Level 1:colcon.colcon_core.package_identification:_identify(src/build) by extensions ['ignore', 'ignore_ament_install']
[0.151s] Level 1:colcon.colcon_core.package_identification:_identify(src/build) by extension 'ignore'
[0.151s] Level 1:colcon.colcon_core.package_identification:_identify(src/build) ignored
[0.151s] Level 1:colcon.colcon_core.package_identification:_identify(src/install) by extensions ['ignore', 'ignore_ament_install']
[0.151s] Level 1:colcon.colcon_core.package_identification:_identify(src/install) by extension 'ignore'
[0.152s] Level 1:colcon.colcon_core.package_identification:_identify(src/install) ignored
[0.152s] Level 1:colcon.colcon_core.package_identification:_identify(src/log) by extensions ['ignore', 'ignore_ament_install']
[0.152s] Level 1:colcon.colcon_core.package_identification:_identify(src/log) by extension 'ignore'
[0.152s] Level 1:colcon.colcon_core.package_identification:_identify(src/log) ignored
[0.152s] Level 1:colcon.colcon_core.package_identification:_identify(src/master_olee_controller) by extensions ['ignore', 'ignore_ament_install']
[0.152s] Level 1:colcon.colcon_core.package_identification:_identify(src/master_olee_controller) by extension 'ignore'
[0.152s] Level 1:colcon.colcon_core.package_identification:_identify(src/master_olee_controller) by extension 'ignore_ament_install'
[0.152s] Level 1:colcon.colcon_core.package_identification:_identify(src/master_olee_controller) by extensions ['colcon_pkg']
[0.152s] Level 1:colcon.colcon_core.package_identification:_identify(src/master_olee_controller) by extension 'colcon_pkg'
[0.152s] Level 1:colcon.colcon_core.package_identification:_identify(src/master_olee_controller) by extensions ['colcon_meta']
[0.152s] Level 1:colcon.colcon_core.package_identification:_identify(src/master_olee_controller) by extension 'colcon_meta'
[0.152s] Level 1:colcon.colcon_core.package_identification:_identify(src/master_olee_controller) by extensions ['ros']
[0.152s] Level 1:colcon.colcon_core.package_identification:_identify(src/master_olee_controller) by extension 'ros'
[0.154s] DEBUG:colcon.colcon_core.package_identification:Package 'src/master_olee_controller' with type 'ros.ament_python' and name 'master_olee_controller'
[0.154s] Level 1:colcon.colcon_core.package_identification:_identify(src/slam_toolbox-humble) by extensions ['ignore', 'ignore_ament_install']
[0.154s] Level 1:colcon.colcon_core.package_identification:_identify(src/slam_toolbox-humble) by extension 'ignore'
[0.154s] Level 1:colcon.colcon_core.package_identification:_identify(src/slam_toolbox-humble) by extension 'ignore_ament_install'
[0.154s] Level 1:colcon.colcon_core.package_identification:_identify(src/slam_toolbox-humble) by extensions ['colcon_pkg']
[0.154s] Level 1:colcon.colcon_core.package_identification:_identify(src/slam_toolbox-humble) by extension 'colcon_pkg'
[0.154s] Level 1:colcon.colcon_core.package_identification:_identify(src/slam_toolbox-humble) by extensions ['colcon_meta']
[0.154s] Level 1:colcon.colcon_core.package_identification:_identify(src/slam_toolbox-humble) by extension 'colcon_meta'
[0.154s] Level 1:colcon.colcon_core.package_identification:_identify(src/slam_toolbox-humble) by extensions ['ros']
[0.154s] Level 1:colcon.colcon_core.package_identification:_identify(src/slam_toolbox-humble) by extension 'ros'
[0.155s] DEBUG:colcon.colcon_core.package_identification:Package 'src/slam_toolbox-humble' with type 'ros.ament_cmake' and name 'slam_toolbox'
[0.155s] Level 1:colcon.colcon_core.package_identification:_identify(src/tflidar_ros-ros2) by extensions ['ignore', 'ignore_ament_install']
[0.155s] Level 1:colcon.colcon_core.package_identification:_identify(src/tflidar_ros-ros2) by extension 'ignore'
[0.155s] Level 1:colcon.colcon_core.package_identification:_identify(src/tflidar_ros-ros2) by extension 'ignore_ament_install'
[0.155s] Level 1:colcon.colcon_core.package_identification:_identify(src/tflidar_ros-ros2) by extensions ['colcon_pkg']
[0.155s] Level 1:colcon.colcon_core.package_identification:_identify(src/tflidar_ros-ros2) by extension 'colcon_pkg'
[0.155s] Level 1:colcon.colcon_core.package_identification:_identify(src/tflidar_ros-ros2) by extensions ['colcon_meta']
[0.155s] Level 1:colcon.colcon_core.package_identification:_identify(src/tflidar_ros-ros2) by extension 'colcon_meta'
[0.155s] Level 1:colcon.colcon_core.package_identification:_identify(src/tflidar_ros-ros2) by extensions ['ros']
[0.155s] Level 1:colcon.colcon_core.package_identification:_identify(src/tflidar_ros-ros2) by extension 'ros'
[0.156s] DEBUG:colcon.colcon_core.package_identification:Package 'src/tflidar_ros-ros2' with type 'ros.ament_cmake' and name 'tflidar_ros'
[0.156s] Level 1:colcon.colcon_core.package_identification:_identify(src/ydlidar_ros2_driver-humble) by extensions ['ignore', 'ignore_ament_install']
[0.156s] Level 1:colcon.colcon_core.package_identification:_identify(src/ydlidar_ros2_driver-humble) by extension 'ignore'
[0.156s] Level 1:colcon.colcon_core.package_identification:_identify(src/ydlidar_ros2_driver-humble) by extension 'ignore_ament_install'
[0.156s] Level 1:colcon.colcon_core.package_identification:_identify(src/ydlidar_ros2_driver-humble) by extensions ['colcon_pkg']
[0.156s] Level 1:colcon.colcon_core.package_identification:_identify(src/ydlidar_ros2_driver-humble) by extension 'colcon_pkg'
[0.156s] Level 1:colcon.colcon_core.package_identification:_identify(src/ydlidar_ros2_driver-humble) by extensions ['colcon_meta']
[0.156s] Level 1:colcon.colcon_core.package_identification:_identify(src/ydlidar_ros2_driver-humble) by extension 'colcon_meta'
[0.156s] Level 1:colcon.colcon_core.package_identification:_identify(src/ydlidar_ros2_driver-humble) by extensions ['ros']
[0.156s] Level 1:colcon.colcon_core.package_identification:_identify(src/ydlidar_ros2_driver-humble) by extension 'ros'
[0.157s] DEBUG:colcon.colcon_core.package_identification:Package 'src/ydlidar_ros2_driver-humble' with type 'ros.ament_cmake' and name 'ydlidar_ros2_driver'
[0.157s] Level 1:colcon.colcon_core.package_discovery:discover_packages(recursive) using defaults
[0.157s] Level 1:colcon.colcon_core.package_discovery:discover_packages(ignore) discover
[0.157s] Level 1:colcon.colcon_core.package_discovery:discover_packages(ignore) using defaults
[0.157s] Level 1:colcon.colcon_core.package_discovery:discover_packages(path) discover
[0.157s] Level 1:colcon.colcon_core.package_discovery:discover_packages(path) using defaults
[0.171s] Level 1:colcon.colcon_core.package_discovery:discover_packages(prefix_path) check parameters
[0.171s] Level 1:colcon.colcon_core.package_discovery:discover_packages(prefix_path) discover
[0.172s] DEBUG:colcon.colcon_installed_package_information.package_discovery:Found 2 installed packages in /home/olee/olee_ros2_ws/install
[0.172s] DEBUG:colcon.colcon_installed_package_information.package_discovery:Found 9 installed packages in /home/olee/ros2_ws/install
[0.173s] DEBUG:colcon.colcon_installed_package_information.package_discovery:Found 274 installed packages in /opt/ros/humble
[0.174s] Level 1:colcon.colcon_core.package_discovery:discover_packages(prefix_path) using defaults
[0.196s] Level 5:colcon.colcon_core.verb:set package 'master_olee_controller' build argument 'cmake_args' from command line to 'None'
[0.196s] Level 5:colcon.colcon_core.verb:set package 'master_olee_controller' build argument 'cmake_target' from command line to 'None'
[0.196s] Level 5:colcon.colcon_core.verb:set package 'master_olee_controller' build argument 'cmake_target_skip_unavailable' from command line to 'False'
[0.196s] Level 5:colcon.colcon_core.verb:set package 'master_olee_controller' build argument 'cmake_clean_cache' from command line to 'False'
[0.196s] Level 5:colcon.colcon_core.verb:set package 'master_olee_controller' build argument 'cmake_clean_first' from command line to 'False'
[0.196s] Level 5:colcon.colcon_core.verb:set package 'master_olee_controller' build argument 'cmake_force_configure' from command line to 'False'
[0.196s] Level 5:colcon.colcon_core.verb:set package 'master_olee_controller' build argument 'ament_cmake_args' from command line to 'None'
[0.196s] Level 5:colcon.colcon_core.verb:set package 'master_olee_controller' build argument 'catkin_cmake_args' from command line to 'None'
[0.196s] Level 5:colcon.colcon_core.verb:set package 'master_olee_controller' build argument 'catkin_skip_building_tests' from command line to 'False'
[0.196s] DEBUG:colcon.colcon_core.verb:Building package 'master_olee_controller' with the following arguments: {'ament_cmake_args': None, 'build_base': '/home/olee/olee_ros2_ws/build/master_olee_controller', 'catkin_cmake_args': None, 'catkin_skip_building_tests': False, 'cmake_args': None, 'cmake_clean_cache': False, 'cmake_clean_first': False, 'cmake_force_configure': False, 'cmake_target': None, 'cmake_target_skip_unavailable': False, 'install_base': '/home/olee/olee_ros2_ws/install/master_olee_controller', 'merge_install': False, 'path': '/home/olee/olee_ros2_ws/src/master_olee_controller', 'symlink_install': True, 'test_result_base': None}
[0.196s] Level 5:colcon.colcon_core.verb:set package 'slam_toolbox' build argument 'cmake_args' from command line to 'None'
[0.196s] Level 5:colcon.colcon_core.verb:set package 'slam_toolbox' build argument 'cmake_target' from command line to 'None'
[0.196s] Level 5:colcon.colcon_core.verb:set package 'slam_toolbox' build argument 'cmake_target_skip_unavailable' from command line to 'False'
[0.196s] Level 5:colcon.colcon_core.verb:set package 'slam_toolbox' build argument 'cmake_clean_cache' from command line to 'False'
[0.196s] Level 5:colcon.colcon_core.verb:set package 'slam_toolbox' build argument 'cmake_clean_first' from command line to 'False'
[0.196s] Level 5:colcon.colcon_core.verb:set package 'slam_toolbox' build argument 'cmake_force_configure' from command line to 'False'
[0.196s] Level 5:colcon.colcon_core.verb:set package 'slam_toolbox' build argument 'ament_cmake_args' from command line to 'None'
[0.196s] Level 5:colcon.colcon_core.verb:set package 'slam_toolbox' build argument 'catkin_cmake_args' from command line to 'None'
[0.196s] Level 5:colcon.colcon_core.verb:set package 'slam_toolbox' build argument 'catkin_skip_building_tests' from command line to 'False'
[0.196s] DEBUG:colcon.colcon_core.verb:Building package 'slam_toolbox' with the following arguments: {'ament_cmake_args': None, 'build_base': '/home/olee/olee_ros2_ws/build/slam_toolbox', 'catkin_cmake_args': None, 'catkin_skip_building_tests': False, 'cmake_args': None, 'cmake_clean_cache': False, 'cmake_clean_first': False, 'cmake_force_configure': False, 'cmake_target': None, 'cmake_target_skip_unavailable': False, 'install_base': '/home/olee/olee_ros2_ws/install/slam_toolbox', 'merge_install': False, 'path': '/home/olee/olee_ros2_ws/src/slam_toolbox-humble', 'symlink_install': True, 'test_result_base': None}
[0.196s] Level 5:colcon.colcon_core.verb:set package 'tflidar_ros' build argument 'cmake_args' from command line to 'None'
[0.196s] Level 5:colcon.colcon_core.verb:set package 'tflidar_ros' build argument 'cmake_target' from command line to 'None'
[0.196s] Level 5:colcon.colcon_core.verb:set package 'tflidar_ros' build argument 'cmake_target_skip_unavailable' from command line to 'False'
[0.196s] Level 5:colcon.colcon_core.verb:set package 'tflidar_ros' build argument 'cmake_clean_cache' from command line to 'False'
[0.196s] Level 5:colcon.colcon_core.verb:set package 'tflidar_ros' build argument 'cmake_clean_first' from command line to 'False'
[0.196s] Level 5:colcon.colcon_core.verb:set package 'tflidar_ros' build argument 'cmake_force_configure' from command line to 'False'
[0.196s] Level 5:colcon.colcon_core.verb:set package 'tflidar_ros' build argument 'ament_cmake_args' from command line to 'None'
[0.197s] Level 5:colcon.colcon_core.verb:set package 'tflidar_ros' build argument 'catkin_cmake_args' from command line to 'None'
[0.197s] Level 5:colcon.colcon_core.verb:set package 'tflidar_ros' build argument 'catkin_skip_building_tests' from command line to 'False'
[0.197s] DEBUG:colcon.colcon_core.verb:Building package 'tflidar_ros' with the following arguments: {'ament_cmake_args': None, 'build_base': '/home/olee/olee_ros2_ws/build/tflidar_ros', 'catkin_cmake_args': None, 'catkin_skip_building_tests': False, 'cmake_args': None, 'cmake_clean_cache': False, 'cmake_clean_first': False, 'cmake_force_configure': False, 'cmake_target': None, 'cmake_target_skip_unavailable': False, 'install_base': '/home/olee/olee_ros2_ws/install/tflidar_ros', 'merge_install': False, 'path': '/home/olee/olee_ros2_ws/src/tflidar_ros-ros2', 'symlink_install': True, 'test_result_base': None}
[0.197s] Level 5:colcon.colcon_core.verb:set package 'ydlidar_ros2_driver' build argument 'cmake_args' from command line to 'None'
[0.197s] Level 5:colcon.colcon_core.verb:set package 'ydlidar_ros2_driver' build argument 'cmake_target' from command line to 'None'
[0.197s] Level 5:colcon.colcon_core.verb:set package 'ydlidar_ros2_driver' build argument 'cmake_target_skip_unavailable' from command line to 'False'
[0.197s] Level 5:colcon.colcon_core.verb:set package 'ydlidar_ros2_driver' build argument 'cmake_clean_cache' from command line to 'False'
[0.197s] Level 5:colcon.colcon_core.verb:set package 'ydlidar_ros2_driver' build argument 'cmake_clean_first' from command line to 'False'
[0.197s] Level 5:colcon.colcon_core.verb:set package 'ydlidar_ros2_driver' build argument 'cmake_force_configure' from command line to 'False'
[0.197s] Level 5:colcon.colcon_core.verb:set package 'ydlidar_ros2_driver' build argument 'ament_cmake_args' from command line to 'None'
[0.197s] Level 5:colcon.colcon_core.verb:set package 'ydlidar_ros2_driver' build argument 'catkin_cmake_args' from command line to 'None'
[0.197s] Level 5:colcon.colcon_core.verb:set package 'ydlidar_ros2_driver' build argument 'catkin_skip_building_tests' from command line to 'False'
[0.197s] DEBUG:colcon.colcon_core.verb:Building package 'ydlidar_ros2_driver' with the following arguments: {'ament_cmake_args': None, 'build_base': '/home/olee/olee_ros2_ws/build/ydlidar_ros2_driver', 'catkin_cmake_args': None, 'catkin_skip_building_tests': False, 'cmake_args': None, 'cmake_clean_cache': False, 'cmake_clean_first': False, 'cmake_force_configure': False, 'cmake_target': None, 'cmake_target_skip_unavailable': False, 'install_base': '/home/olee/olee_ros2_ws/install/ydlidar_ros2_driver', 'merge_install': False, 'path': '/home/olee/olee_ros2_ws/src/ydlidar_ros2_driver-humble', 'symlink_install': True, 'test_result_base': None}
[0.197s] Level 5:colcon.colcon_core.verb:set package 'ydlidar_sdk' build argument 'cmake_args' from command line to 'None'
[0.197s] Level 5:colcon.colcon_core.verb:set package 'ydlidar_sdk' build argument 'cmake_target' from command line to 'None'
[0.197s] Level 5:colcon.colcon_core.verb:set package 'ydlidar_sdk' build argument 'cmake_target_skip_unavailable' from command line to 'False'
[0.197s] Level 5:colcon.colcon_core.verb:set package 'ydlidar_sdk' build argument 'cmake_clean_cache' from command line to 'False'
[0.197s] Level 5:colcon.colcon_core.verb:set package 'ydlidar_sdk' build argument 'cmake_clean_first' from command line to 'False'
[0.197s] Level 5:colcon.colcon_core.verb:set package 'ydlidar_sdk' build argument 'cmake_force_configure' from command line to 'False'
[0.197s] Level 5:colcon.colcon_core.verb:set package 'ydlidar_sdk' build argument 'ament_cmake_args' from command line to 'None'
[0.197s] Level 5:colcon.colcon_core.verb:set package 'ydlidar_sdk' build argument 'catkin_cmake_args' from command line to 'None'
[0.197s] Level 5:colcon.colcon_core.verb:set package 'ydlidar_sdk' build argument 'catkin_skip_building_tests' from command line to 'False'
[0.197s] DEBUG:colcon.colcon_core.verb:Building package 'ydlidar_sdk' with the following arguments: {'ament_cmake_args': None, 'build_base': '/home/olee/olee_ros2_ws/build/ydlidar_sdk', 'catkin_cmake_args': None, 'catkin_skip_building_tests': False, 'cmake_args': None, 'cmake_clean_cache': False, 'cmake_clean_first': False, 'cmake_force_configure': False, 'cmake_target': None, 'cmake_target_skip_unavailable': False, 'install_base': '/home/olee/olee_ros2_ws/install/ydlidar_sdk', 'merge_install': False, 'path': '/home/olee/olee_ros2_ws/src/YDLidar-SDK-master', 'symlink_install': True, 'test_result_base': None}
[0.197s] INFO:colcon.colcon_core.executor:Executing jobs using 'parallel' executor
[0.198s] DEBUG:colcon.colcon_parallel_executor.executor.parallel:run_until_complete
[0.198s] INFO:colcon.colcon_ros.task.ament_python.build:Building ROS package in '/home/olee/olee_ros2_ws/src/master_olee_controller' with build type 'ament_python'
[0.198s] Level 1:colcon.colcon_core.shell:create_environment_hook('master_olee_controller', 'ament_prefix_path')
[0.200s] INFO:colcon.colcon_core.plugin_system:Skipping extension 'colcon_core.shell.bat': Not used on non-Windows systems
[0.200s] INFO:colcon.colcon_core.shell:Creating environment hook '/home/olee/olee_ros2_ws/install/master_olee_controller/share/master_olee_controller/hook/ament_prefix_path.ps1'
[0.200s] INFO:colcon.colcon_core.shell:Creating environment descriptor '/home/olee/olee_ros2_ws/install/master_olee_controller/share/master_olee_controller/hook/ament_prefix_path.dsv'
[0.201s] INFO:colcon.colcon_core.shell:Creating environment hook '/home/olee/olee_ros2_ws/install/master_olee_controller/share/master_olee_controller/hook/ament_prefix_path.sh'
[0.201s] INFO:colcon.colcon_core.shell:Skip shell extension 'powershell' for command environment: Not usable outside of PowerShell
[0.201s] DEBUG:colcon.colcon_core.shell:Skip shell extension 'dsv' for command environment
[0.203s] INFO:colcon.colcon_ros.task.ament_cmake.build:Building ROS package in '/home/olee/olee_ros2_ws/src/slam_toolbox-humble' with build type 'ament_cmake'
[0.203s] INFO:colcon.colcon_cmake.task.cmake.build:Building CMake package in '/home/olee/olee_ros2_ws/src/slam_toolbox-humble'
[0.203s] INFO:colcon.colcon_core.shell:Skip shell extension 'powershell' for command environment: Not usable outside of PowerShell
[0.203s] DEBUG:colcon.colcon_core.shell:Skip shell extension 'dsv' for command environment
[0.206s] INFO:colcon.colcon_ros.task.ament_cmake.build:Building ROS package in '/home/olee/olee_ros2_ws/src/tflidar_ros-ros2' with build type 'ament_cmake'
[0.206s] INFO:colcon.colcon_cmake.task.cmake.build:Building CMake package in '/home/olee/olee_ros2_ws/src/tflidar_ros-ros2'
[0.206s] INFO:colcon.colcon_core.shell:Skip shell extension 'powershell' for command environment: Not usable outside of PowerShell
[0.206s] DEBUG:colcon.colcon_core.shell:Skip shell extension 'dsv' for command environment
[0.208s] INFO:colcon.colcon_ros.task.ament_cmake.build:Building ROS package in '/home/olee/olee_ros2_ws/src/ydlidar_ros2_driver-humble' with build type 'ament_cmake'
[0.208s] INFO:colcon.colcon_cmake.task.cmake.build:Building CMake package in '/home/olee/olee_ros2_ws/src/ydlidar_ros2_driver-humble'
[0.208s] INFO:colcon.colcon_core.shell:Skip shell extension 'powershell' for command environment: Not usable outside of PowerShell
[0.208s] DEBUG:colcon.colcon_core.shell:Skip shell extension 'dsv' for command environment
[0.210s] INFO:colcon.colcon_cmake.task.cmake.build:Building CMake package in '/home/olee/olee_ros2_ws/src/YDLidar-SDK-master'
[0.210s] INFO:colcon.colcon_core.shell:Skip shell extension 'powershell' for command environment: Not usable outside of PowerShell
[0.210s] DEBUG:colcon.colcon_core.shell:Skip shell extension 'dsv' for command environment
[0.356s] INFO:colcon.colcon_core.task.python.build:Building Python package in '/home/olee/olee_ros2_ws/src/master_olee_controller'
[0.356s] INFO:colcon.colcon_core.shell:Skip shell extension 'powershell' for command environment: Not usable outside of PowerShell
[0.356s] DEBUG:colcon.colcon_core.shell:Skip shell extension 'dsv' for command environment
[0.362s] DEBUG:colcon.colcon_core.event_handler.log_command:Invoking command in '/home/olee/olee_ros2_ws/build/slam_toolbox': CMAKE_PREFIX_PATH=${CMAKE_PREFIX_PATH}:/home/olee/olee_ros2_ws/install/master_olee_controller:/opt/ros/humble /usr/bin/cmake /home/olee/olee_ros2_ws/src/slam_toolbox-humble -DAMENT_CMAKE_SYMLINK_INSTALL=1 -DCMAKE_INSTALL_PREFIX=/home/olee/olee_ros2_ws/install/slam_toolbox
[0.363s] DEBUG:colcon.colcon_core.event_handler.log_command:Invoking command in '/home/olee/olee_ros2_ws/build/tflidar_ros': CMAKE_PREFIX_PATH=${CMAKE_PREFIX_PATH}:/home/olee/olee_ros2_ws/install/master_olee_controller:/opt/ros/humble /usr/bin/cmake /home/olee/olee_ros2_ws/src/tflidar_ros-ros2 -DAMENT_CMAKE_SYMLINK_INSTALL=1 -DCMAKE_INSTALL_PREFIX=/home/olee/olee_ros2_ws/install/tflidar_ros
[0.367s] DEBUG:colcon.colcon_core.event_handler.log_command:Invoking command in '/home/olee/olee_ros2_ws/build/ydlidar_ros2_driver': CMAKE_PREFIX_PATH=${CMAKE_PREFIX_PATH}:/home/olee/olee_ros2_ws/install/master_olee_controller:/opt/ros/humble /usr/bin/cmake /home/olee/olee_ros2_ws/src/ydlidar_ros2_driver-humble -DAMENT_CMAKE_SYMLINK_INSTALL=1 -DCMAKE_INSTALL_PREFIX=/home/olee/olee_ros2_ws/install/ydlidar_ros2_driver
[0.373s] DEBUG:colcon.colcon_core.event_handler.log_command:Invoking command in '/home/olee/olee_ros2_ws/build/ydlidar_sdk': /usr/bin/cmake --build /home/olee/olee_ros2_ws/build/ydlidar_sdk -- -j12 -l12
[1.552s] DEBUG:colcon.colcon_core.task.python.build:While undoing a previous installation files outside the Python library path are being ignored: /home/olee/olee_ros2_ws/install/master_olee_controller/share/ament_index/resource_index/packages/master_olee_controller
[1.552s] DEBUG:colcon.colcon_core.task.python.build:While undoing a previous installation files outside the Python library path are being ignored: /home/olee/olee_ros2_ws/install/master_olee_controller/share/master_olee_controller/package.xml
[1.555s] DEBUG:colcon.colcon_core.event_handler.log_command:Invoking command in '/home/olee/olee_ros2_ws/build/master_olee_controller': PYTHONPATH=/home/olee/olee_ros2_ws/build/master_olee_controller/prefix_override:/usr/lib/python3/dist-packages/colcon_core/task/python/colcon_distutils_commands:/home/olee/olee_ros2_ws/install/master_olee_controller/lib/python3.10/site-packages:${PYTHONPATH} /usr/bin/python3 -W ignore:setup.py install is deprecated -W ignore:easy_install command is deprecated setup.py develop --editable --build-directory /home/olee/olee_ros2_ws/build/master_olee_controller/build --no-deps symlink_data --force
[2.198s] DEBUG:colcon.colcon_core.event_handler.log_command:Invoked command in '/home/olee/olee_ros2_ws/build/tflidar_ros' returned '0': CMAKE_PREFIX_PATH=${CMAKE_PREFIX_PATH}:/home/olee/olee_ros2_ws/install/master_olee_controller:/opt/ros/humble /usr/bin/cmake /home/olee/olee_ros2_ws/src/tflidar_ros-ros2 -DAMENT_CMAKE_SYMLINK_INSTALL=1 -DCMAKE_INSTALL_PREFIX=/home/olee/olee_ros2_ws/install/tflidar_ros
[2.199s] DEBUG:colcon.colcon_core.event_handler.log_command:Invoking command in '/home/olee/olee_ros2_ws/build/tflidar_ros': CMAKE_PREFIX_PATH=${CMAKE_PREFIX_PATH}:/home/olee/olee_ros2_ws/install/master_olee_controller:/opt/ros/humble /usr/bin/cmake --build /home/olee/olee_ros2_ws/build/tflidar_ros -- -j12 -l12
[2.272s] Level 1:colcon.colcon_core.shell:create_environment_hook('master_olee_controller', 'pythonpath_develop')
[2.272s] INFO:colcon.colcon_core.shell:Creating environment hook '/home/olee/olee_ros2_ws/build/master_olee_controller/share/master_olee_controller/hook/pythonpath_develop.ps1'
[2.273s] INFO:colcon.colcon_core.shell:Creating environment descriptor '/home/olee/olee_ros2_ws/build/master_olee_controller/share/master_olee_controller/hook/pythonpath_develop.dsv'
[2.273s] INFO:colcon.colcon_core.shell:Creating environment hook '/home/olee/olee_ros2_ws/build/master_olee_controller/share/master_olee_controller/hook/pythonpath_develop.sh'
[2.276s] Level 1:colcon.colcon_core.environment:checking '/home/olee/olee_ros2_ws/install/master_olee_controller' for CMake module files
[2.280s] Level 1:colcon.colcon_core.environment:checking '/home/olee/olee_ros2_ws/install/master_olee_controller' for CMake config files
[2.281s] DEBUG:colcon.colcon_core.event_handler.log_command:Invoked command in '/home/olee/olee_ros2_ws/build/master_olee_controller' returned '0': PYTHONPATH=/home/olee/olee_ros2_ws/build/master_olee_controller/prefix_override:/usr/lib/python3/dist-packages/colcon_core/task/python/colcon_distutils_commands:/home/olee/olee_ros2_ws/install/master_olee_controller/lib/python3.10/site-packages:${PYTHONPATH} /usr/bin/python3 -W ignore:setup.py install is deprecated -W ignore:easy_install command is deprecated setup.py develop --editable --build-directory /home/olee/olee_ros2_ws/build/master_olee_controller/build --no-deps symlink_data --force
[2.282s] Level 1:colcon.colcon_core.environment:checking '/home/olee/olee_ros2_ws/install/master_olee_controller/lib'
[2.282s] Level 1:colcon.colcon_core.environment:checking '/home/olee/olee_ros2_ws/install/master_olee_controller/bin'
[2.282s] Level 1:colcon.colcon_core.environment:checking '/home/olee/olee_ros2_ws/install/master_olee_controller/lib/pkgconfig/master_olee_controller.pc'
[2.282s] Level 1:colcon.colcon_core.environment:checking '/home/olee/olee_ros2_ws/install/master_olee_controller/lib/python3.10/site-packages'
[2.282s] Level 1:colcon.colcon_core.shell:create_environment_hook('master_olee_controller', 'pythonpath')
[2.282s] INFO:colcon.colcon_core.shell:Creating environment hook '/home/olee/olee_ros2_ws/install/master_olee_controller/share/master_olee_controller/hook/pythonpath.ps1'
[2.286s] INFO:colcon.colcon_core.shell:Creating environment descriptor '/home/olee/olee_ros2_ws/install/master_olee_controller/share/master_olee_controller/hook/pythonpath.dsv'
[2.286s] INFO:colcon.colcon_core.shell:Creating environment hook '/home/olee/olee_ros2_ws/install/master_olee_controller/share/master_olee_controller/hook/pythonpath.sh'
[2.287s] Level 1:colcon.colcon_core.environment:checking '/home/olee/olee_ros2_ws/install/master_olee_controller/bin'
[2.287s] Level 1:colcon.colcon_core.environment:create_environment_scripts_only(master_olee_controller)
[2.288s] INFO:colcon.colcon_core.shell:Creating package script '/home/olee/olee_ros2_ws/install/master_olee_controller/share/master_olee_controller/package.ps1'
[2.290s] INFO:colcon.colcon_core.shell:Creating package descriptor '/home/olee/olee_ros2_ws/install/master_olee_controller/share/master_olee_controller/package.dsv'
[2.291s] INFO:colcon.colcon_core.shell:Creating package script '/home/olee/olee_ros2_ws/install/master_olee_controller/share/master_olee_controller/package.sh'
[2.295s] INFO:colcon.colcon_core.shell:Creating package script '/home/olee/olee_ros2_ws/install/master_olee_controller/share/master_olee_controller/package.bash'
[2.296s] INFO:colcon.colcon_core.shell:Creating package script '/home/olee/olee_ros2_ws/install/master_olee_controller/share/master_olee_controller/package.zsh'
[2.296s] Level 1:colcon.colcon_core.environment:create_file_with_runtime_dependencies(/home/olee/olee_ros2_ws/install/master_olee_controller/share/colcon-core/packages/master_olee_controller)
[2.336s] DEBUG:colcon.colcon_core.event_handler.log_command:Invoked command in '/home/olee/olee_ros2_ws/build/ydlidar_ros2_driver' returned '0': CMAKE_PREFIX_PATH=${CMAKE_PREFIX_PATH}:/home/olee/olee_ros2_ws/install/master_olee_controller:/opt/ros/humble /usr/bin/cmake /home/olee/olee_ros2_ws/src/ydlidar_ros2_driver-humble -DAMENT_CMAKE_SYMLINK_INSTALL=1 -DCMAKE_INSTALL_PREFIX=/home/olee/olee_ros2_ws/install/ydlidar_ros2_driver
[2.337s] DEBUG:colcon.colcon_core.event_handler.log_command:Invoking command in '/home/olee/olee_ros2_ws/build/ydlidar_ros2_driver': CMAKE_PREFIX_PATH=${CMAKE_PREFIX_PATH}:/home/olee/olee_ros2_ws/install/master_olee_controller:/opt/ros/humble /usr/bin/cmake --build /home/olee/olee_ros2_ws/build/ydlidar_ros2_driver -- -j12 -l12
[5.872s] DEBUG:colcon.colcon_core.event_handler.log_command:Invoked command in '/home/olee/olee_ros2_ws/build/ydlidar_sdk' returned '0': /usr/bin/cmake --build /home/olee/olee_ros2_ws/build/ydlidar_sdk -- -j12 -l12
[5.884s] DEBUG:colcon.colcon_core.event_handler.log_command:Invoking command in '/home/olee/olee_ros2_ws/build/ydlidar_sdk': /usr/bin/cmake --install /home/olee/olee_ros2_ws/build/ydlidar_sdk
[5.964s] Level 1:colcon.colcon_core.environment:create_environment_scripts_only(ydlidar_sdk)
[5.964s] Level 1:colcon.colcon_core.environment:checking '/home/olee/olee_ros2_ws/install/ydlidar_sdk' for CMake module files
[5.965s] DEBUG:colcon.colcon_core.event_handler.log_command:Invoked command in '/home/olee/olee_ros2_ws/build/ydlidar_sdk' returned '0': /usr/bin/cmake --install /home/olee/olee_ros2_ws/build/ydlidar_sdk
[5.965s] Level 1:colcon.colcon_core.environment:checking '/home/olee/olee_ros2_ws/install/ydlidar_sdk' for CMake config files
[5.966s] Level 1:colcon.colcon_core.shell:create_environment_hook('ydlidar_sdk', 'cmake_prefix_path')
[5.966s] INFO:colcon.colcon_core.shell:Creating environment hook '/home/olee/olee_ros2_ws/install/ydlidar_sdk/share/ydlidar_sdk/hook/cmake_prefix_path.ps1'
[5.967s] INFO:colcon.colcon_core.shell:Creating environment descriptor '/home/olee/olee_ros2_ws/install/ydlidar_sdk/share/ydlidar_sdk/hook/cmake_prefix_path.dsv'
[5.967s] INFO:colcon.colcon_core.shell:Creating environment hook '/home/olee/olee_ros2_ws/install/ydlidar_sdk/share/ydlidar_sdk/hook/cmake_prefix_path.sh'
[5.968s] Level 1:colcon.colcon_core.environment:checking '/home/olee/olee_ros2_ws/install/ydlidar_sdk/lib'
[5.968s] Level 1:colcon.colcon_core.environment:checking '/home/olee/olee_ros2_ws/install/ydlidar_sdk/bin'
[5.968s] Level 1:colcon.colcon_core.shell:create_environment_hook('ydlidar_sdk', 'path')
[5.968s] INFO:colcon.colcon_core.shell:Creating environment hook '/home/olee/olee_ros2_ws/install/ydlidar_sdk/share/ydlidar_sdk/hook/path.ps1'
[5.969s] INFO:colcon.colcon_core.shell:Creating environment descriptor '/home/olee/olee_ros2_ws/install/ydlidar_sdk/share/ydlidar_sdk/hook/path.dsv'
[5.969s] INFO:colcon.colcon_core.shell:Creating environment hook '/home/olee/olee_ros2_ws/install/ydlidar_sdk/share/ydlidar_sdk/hook/path.sh'
[5.969s] Level 1:colcon.colcon_core.environment:checking '/home/olee/olee_ros2_ws/install/ydlidar_sdk/lib/pkgconfig/ydlidar_sdk.pc'
[5.970s] Level 1:colcon.colcon_core.environment:checking '/home/olee/olee_ros2_ws/install/ydlidar_sdk/lib/python3.10/site-packages'
[5.970s] Level 1:colcon.colcon_core.environment:checking '/home/olee/olee_ros2_ws/install/ydlidar_sdk/bin'
[5.970s] Level 1:colcon.colcon_core.shell:create_environment_hook('ydlidar_sdk', 'pythonscriptspath')
[5.971s] INFO:colcon.colcon_core.shell:Creating environment hook '/home/olee/olee_ros2_ws/install/ydlidar_sdk/share/ydlidar_sdk/hook/pythonscriptspath.ps1'
[5.971s] INFO:colcon.colcon_core.shell:Creating environment descriptor '/home/olee/olee_ros2_ws/install/ydlidar_sdk/share/ydlidar_sdk/hook/pythonscriptspath.dsv'
[5.971s] INFO:colcon.colcon_core.shell:Creating environment hook '/home/olee/olee_ros2_ws/install/ydlidar_sdk/share/ydlidar_sdk/hook/pythonscriptspath.sh'
[5.972s] INFO:colcon.colcon_core.shell:Creating package script '/home/olee/olee_ros2_ws/install/ydlidar_sdk/share/ydlidar_sdk/package.ps1'
[5.973s] INFO:colcon.colcon_core.shell:Creating package descriptor '/home/olee/olee_ros2_ws/install/ydlidar_sdk/share/ydlidar_sdk/package.dsv'
[5.973s] INFO:colcon.colcon_core.shell:Creating package script '/home/olee/olee_ros2_ws/install/ydlidar_sdk/share/ydlidar_sdk/package.sh'
[5.974s] INFO:colcon.colcon_core.shell:Creating package script '/home/olee/olee_ros2_ws/install/ydlidar_sdk/share/ydlidar_sdk/package.bash'
[5.974s] INFO:colcon.colcon_core.shell:Creating package script '/home/olee/olee_ros2_ws/install/ydlidar_sdk/share/ydlidar_sdk/package.zsh'
[5.975s] Level 1:colcon.colcon_core.environment:create_file_with_runtime_dependencies(/home/olee/olee_ros2_ws/install/ydlidar_sdk/share/colcon-core/packages/ydlidar_sdk)
[6.317s] DEBUG:colcon.colcon_core.event_handler.log_command:Invoked command in '/home/olee/olee_ros2_ws/build/tflidar_ros' returned '0': CMAKE_PREFIX_PATH=${CMAKE_PREFIX_PATH}:/home/olee/olee_ros2_ws/install/master_olee_controller:/opt/ros/humble /usr/bin/cmake --build /home/olee/olee_ros2_ws/build/tflidar_ros -- -j12 -l12
[6.318s] DEBUG:colcon.colcon_core.event_handler.log_command:Invoking command in '/home/olee/olee_ros2_ws/build/tflidar_ros': CMAKE_PREFIX_PATH=${CMAKE_PREFIX_PATH}:/home/olee/olee_ros2_ws/install/master_olee_controller:/opt/ros/humble /usr/bin/cmake --install /home/olee/olee_ros2_ws/build/tflidar_ros
[6.521s] Level 1:colcon.colcon_core.environment:create_environment_scripts_only(tflidar_ros)
[6.521s] Level 1:colcon.colcon_core.environment:checking '/home/olee/olee_ros2_ws/install/tflidar_ros' for CMake module files
[6.522s] DEBUG:colcon.colcon_core.event_handler.log_command:Invoked command in '/home/olee/olee_ros2_ws/build/tflidar_ros' returned '0': CMAKE_PREFIX_PATH=${CMAKE_PREFIX_PATH}:/home/olee/olee_ros2_ws/install/master_olee_controller:/opt/ros/humble /usr/bin/cmake --install /home/olee/olee_ros2_ws/build/tflidar_ros
[6.522s] Level 1:colcon.colcon_core.environment:checking '/home/olee/olee_ros2_ws/install/tflidar_ros' for CMake config files
[6.523s] Level 1:colcon.colcon_core.shell:create_environment_hook('tflidar_ros', 'cmake_prefix_path')
[6.523s] INFO:colcon.colcon_core.shell:Creating environment hook '/home/olee/olee_ros2_ws/install/tflidar_ros/share/tflidar_ros/hook/cmake_prefix_path.ps1'
[6.524s] INFO:colcon.colcon_core.shell:Creating environment descriptor '/home/olee/olee_ros2_ws/install/tflidar_ros/share/tflidar_ros/hook/cmake_prefix_path.dsv'
[6.524s] INFO:colcon.colcon_core.shell:Creating environment hook '/home/olee/olee_ros2_ws/install/tflidar_ros/share/tflidar_ros/hook/cmake_prefix_path.sh'
[6.525s] Level 1:colcon.colcon_core.environment:checking '/home/olee/olee_ros2_ws/install/tflidar_ros/lib'
[6.525s] Level 1:colcon.colcon_core.environment:checking '/home/olee/olee_ros2_ws/install/tflidar_ros/bin'
[6.525s] Level 1:colcon.colcon_core.environment:checking '/home/olee/olee_ros2_ws/install/tflidar_ros/lib/pkgconfig/tflidar_ros.pc'
[6.525s] Level 1:colcon.colcon_core.environment:checking '/home/olee/olee_ros2_ws/install/tflidar_ros/lib/python3.10/site-packages'
[6.526s] Level 1:colcon.colcon_core.environment:checking '/home/olee/olee_ros2_ws/install/tflidar_ros/bin'
[6.526s] INFO:colcon.colcon_core.shell:Creating package script '/home/olee/olee_ros2_ws/install/tflidar_ros/share/tflidar_ros/package.ps1'
[6.527s] INFO:colcon.colcon_core.shell:Creating package descriptor '/home/olee/olee_ros2_ws/install/tflidar_ros/share/tflidar_ros/package.dsv'
[6.528s] INFO:colcon.colcon_core.shell:Creating package script '/home/olee/olee_ros2_ws/install/tflidar_ros/share/tflidar_ros/package.sh'
[6.528s] INFO:colcon.colcon_core.shell:Creating package script '/home/olee/olee_ros2_ws/install/tflidar_ros/share/tflidar_ros/package.bash'
[6.528s] INFO:colcon.colcon_core.shell:Creating package script '/home/olee/olee_ros2_ws/install/tflidar_ros/share/tflidar_ros/package.zsh'
[6.529s] Level 1:colcon.colcon_core.environment:create_file_with_runtime_dependencies(/home/olee/olee_ros2_ws/install/tflidar_ros/share/colcon-core/packages/tflidar_ros)
[6.530s] Level 1:colcon.colcon_core.environment:create_environment_scripts_only(tflidar_ros)
[6.530s] Level 1:colcon.colcon_core.environment:checking '/home/olee/olee_ros2_ws/install/tflidar_ros' for CMake module files
[6.531s] Level 1:colcon.colcon_core.environment:checking '/home/olee/olee_ros2_ws/install/tflidar_ros' for CMake config files
[6.531s] Level 1:colcon.colcon_core.shell:create_environment_hook('tflidar_ros', 'cmake_prefix_path')
[6.531s] INFO:colcon.colcon_core.shell:Creating environment hook '/home/olee/olee_ros2_ws/install/tflidar_ros/share/tflidar_ros/hook/cmake_prefix_path.ps1'
[6.532s] INFO:colcon.colcon_core.shell:Creating environment descriptor '/home/olee/olee_ros2_ws/install/tflidar_ros/share/tflidar_ros/hook/cmake_prefix_path.dsv'
[6.532s] INFO:colcon.colcon_core.shell:Creating environment hook '/home/olee/olee_ros2_ws/install/tflidar_ros/share/tflidar_ros/hook/cmake_prefix_path.sh'
[6.533s] Level 1:colcon.colcon_core.environment:checking '/home/olee/olee_ros2_ws/install/tflidar_ros/lib'
[6.533s] Level 1:colcon.colcon_core.environment:checking '/home/olee/olee_ros2_ws/install/tflidar_ros/bin'
[6.533s] Level 1:colcon.colcon_core.environment:checking '/home/olee/olee_ros2_ws/install/tflidar_ros/lib/pkgconfig/tflidar_ros.pc'
[6.533s] Level 1:colcon.colcon_core.environment:checking '/home/olee/olee_ros2_ws/install/tflidar_ros/lib/python3.10/site-packages'
[6.534s] Level 1:colcon.colcon_core.environment:checking '/home/olee/olee_ros2_ws/install/tflidar_ros/bin'
[6.534s] INFO:colcon.colcon_core.shell:Creating package script '/home/olee/olee_ros2_ws/install/tflidar_ros/share/tflidar_ros/package.ps1'
[6.535s] INFO:colcon.colcon_core.shell:Creating package descriptor '/home/olee/olee_ros2_ws/install/tflidar_ros/share/tflidar_ros/package.dsv'
[6.535s] INFO:colcon.colcon_core.shell:Creating package script '/home/olee/olee_ros2_ws/install/tflidar_ros/share/tflidar_ros/package.sh'
[6.536s] INFO:colcon.colcon_core.shell:Creating package script '/home/olee/olee_ros2_ws/install/tflidar_ros/share/tflidar_ros/package.bash'
[6.536s] INFO:colcon.colcon_core.shell:Creating package script '/home/olee/olee_ros2_ws/install/tflidar_ros/share/tflidar_ros/package.zsh'
[6.537s] Level 1:colcon.colcon_core.environment:create_file_with_runtime_dependencies(/home/olee/olee_ros2_ws/install/tflidar_ros/share/colcon-core/packages/tflidar_ros)
[6.658s] DEBUG:colcon.colcon_core.event_handler.log_command:Invoked command in '/home/olee/olee_ros2_ws/build/slam_toolbox' returned '0': CMAKE_PREFIX_PATH=${CMAKE_PREFIX_PATH}:/home/olee/olee_ros2_ws/install/master_olee_controller:/opt/ros/humble /usr/bin/cmake /home/olee/olee_ros2_ws/src/slam_toolbox-humble -DAMENT_CMAKE_SYMLINK_INSTALL=1 -DCMAKE_INSTALL_PREFIX=/home/olee/olee_ros2_ws/install/slam_toolbox
[6.660s] DEBUG:colcon.colcon_core.event_handler.log_command:Invoking command in '/home/olee/olee_ros2_ws/build/slam_toolbox': CMAKE_PREFIX_PATH=${CMAKE_PREFIX_PATH}:/home/olee/olee_ros2_ws/install/master_olee_controller:/opt/ros/humble /usr/bin/cmake --build /home/olee/olee_ros2_ws/build/slam_toolbox -- -j12 -l12
[12.251s] DEBUG:colcon.colcon_core.event_handler.log_command:Invoked command in '/home/olee/olee_ros2_ws/build/ydlidar_ros2_driver' returned '0': CMAKE_PREFIX_PATH=${CMAKE_PREFIX_PATH}:/home/olee/olee_ros2_ws/install/master_olee_controller:/opt/ros/humble /usr/bin/cmake --build /home/olee/olee_ros2_ws/build/ydlidar_ros2_driver -- -j12 -l12
[12.253s] DEBUG:colcon.colcon_core.event_handler.log_command:Invoking command in '/home/olee/olee_ros2_ws/build/ydlidar_ros2_driver': CMAKE_PREFIX_PATH=${CMAKE_PREFIX_PATH}:/home/olee/olee_ros2_ws/install/master_olee_controller:/opt/ros/humble /usr/bin/cmake --install /home/olee/olee_ros2_ws/build/ydlidar_ros2_driver
[12.627s] Level 1:colcon.colcon_core.environment:create_environment_scripts_only(ydlidar_ros2_driver)
[12.627s] Level 1:colcon.colcon_core.environment:checking '/home/olee/olee_ros2_ws/install/ydlidar_ros2_driver' for CMake module files
[12.628s] DEBUG:colcon.colcon_core.event_handler.log_command:Invoked command in '/home/olee/olee_ros2_ws/build/ydlidar_ros2_driver' returned '0': CMAKE_PREFIX_PATH=${CMAKE_PREFIX_PATH}:/home/olee/olee_ros2_ws/install/master_olee_controller:/opt/ros/humble /usr/bin/cmake --install /home/olee/olee_ros2_ws/build/ydlidar_ros2_driver
[12.628s] Level 1:colcon.colcon_core.environment:checking '/home/olee/olee_ros2_ws/install/ydlidar_ros2_driver' for CMake config files
[12.629s] Level 1:colcon.colcon_core.shell:create_environment_hook('ydlidar_ros2_driver', 'cmake_prefix_path')
[12.629s] INFO:colcon.colcon_core.shell:Creating environment hook '/home/olee/olee_ros2_ws/install/ydlidar_ros2_driver/share/ydlidar_ros2_driver/hook/cmake_prefix_path.ps1'
[12.630s] INFO:colcon.colcon_core.shell:Creating environment descriptor '/home/olee/olee_ros2_ws/install/ydlidar_ros2_driver/share/ydlidar_ros2_driver/hook/cmake_prefix_path.dsv'
[12.630s] INFO:colcon.colcon_core.shell:Creating environment hook '/home/olee/olee_ros2_ws/install/ydlidar_ros2_driver/share/ydlidar_ros2_driver/hook/cmake_prefix_path.sh'
[12.631s] Level 1:colcon.colcon_core.environment:checking '/home/olee/olee_ros2_ws/install/ydlidar_ros2_driver/lib'
[12.631s] Level 1:colcon.colcon_core.environment:checking '/home/olee/olee_ros2_ws/install/ydlidar_ros2_driver/bin'
[12.631s] Level 1:colcon.colcon_core.environment:checking '/home/olee/olee_ros2_ws/install/ydlidar_ros2_driver/lib/pkgconfig/ydlidar_ros2_driver.pc'
[12.632s] Level 1:colcon.colcon_core.environment:checking '/home/olee/olee_ros2_ws/install/ydlidar_ros2_driver/lib/python3.10/site-packages'
[12.632s] Level 1:colcon.colcon_core.environment:checking '/home/olee/olee_ros2_ws/install/ydlidar_ros2_driver/bin'
[12.632s] INFO:colcon.colcon_core.shell:Creating package script '/home/olee/olee_ros2_ws/install/ydlidar_ros2_driver/share/ydlidar_ros2_driver/package.ps1'
[12.633s] INFO:colcon.colcon_core.shell:Creating package descriptor '/home/olee/olee_ros2_ws/install/ydlidar_ros2_driver/share/ydlidar_ros2_driver/package.dsv'
[12.634s] INFO:colcon.colcon_core.shell:Creating package script '/home/olee/olee_ros2_ws/install/ydlidar_ros2_driver/share/ydlidar_ros2_driver/package.sh'
[12.634s] INFO:colcon.colcon_core.shell:Creating package script '/home/olee/olee_ros2_ws/install/ydlidar_ros2_driver/share/ydlidar_ros2_driver/package.bash'
[12.635s] INFO:colcon.colcon_core.shell:Creating package script '/home/olee/olee_ros2_ws/install/ydlidar_ros2_driver/share/ydlidar_ros2_driver/package.zsh'
[12.635s] Level 1:colcon.colcon_core.environment:create_file_with_runtime_dependencies(/home/olee/olee_ros2_ws/install/ydlidar_ros2_driver/share/colcon-core/packages/ydlidar_ros2_driver)
[12.636s] Level 1:colcon.colcon_core.environment:create_environment_scripts_only(ydlidar_ros2_driver)
[12.636s] Level 1:colcon.colcon_core.environment:checking '/home/olee/olee_ros2_ws/install/ydlidar_ros2_driver' for CMake module files
[12.637s] Level 1:colcon.colcon_core.environment:checking '/home/olee/olee_ros2_ws/install/ydlidar_ros2_driver' for CMake config files
[12.637s] Level 1:colcon.colcon_core.shell:create_environment_hook('ydlidar_ros2_driver', 'cmake_prefix_path')
[12.638s] INFO:colcon.colcon_core.shell:Creating environment hook '/home/olee/olee_ros2_ws/install/ydlidar_ros2_driver/share/ydlidar_ros2_driver/hook/cmake_prefix_path.ps1'
[12.638s] INFO:colcon.colcon_core.shell:Creating environment descriptor '/home/olee/olee_ros2_ws/install/ydlidar_ros2_driver/share/ydlidar_ros2_driver/hook/cmake_prefix_path.dsv'
[12.639s] INFO:colcon.colcon_core.shell:Creating environment hook '/home/olee/olee_ros2_ws/install/ydlidar_ros2_driver/share/ydlidar_ros2_driver/hook/cmake_prefix_path.sh'
[12.639s] Level 1:colcon.colcon_core.environment:checking '/home/olee/olee_ros2_ws/install/ydlidar_ros2_driver/lib'
[12.640s] Level 1:colcon.colcon_core.environment:checking '/home/olee/olee_ros2_ws/install/ydlidar_ros2_driver/bin'
[12.640s] Level 1:colcon.colcon_core.environment:checking '/home/olee/olee_ros2_ws/install/ydlidar_ros2_driver/lib/pkgconfig/ydlidar_ros2_driver.pc'
[12.640s] Level 1:colcon.colcon_core.environment:checking '/home/olee/olee_ros2_ws/install/ydlidar_ros2_driver/lib/python3.10/site-packages'
[12.640s] Level 1:colcon.colcon_core.environment:checking '/home/olee/olee_ros2_ws/install/ydlidar_ros2_driver/bin'
[12.641s] INFO:colcon.colcon_core.shell:Creating package script '/home/olee/olee_ros2_ws/install/ydlidar_ros2_driver/share/ydlidar_ros2_driver/package.ps1'
[12.646s] INFO:colcon.colcon_core.shell:Creating package descriptor '/home/olee/olee_ros2_ws/install/ydlidar_ros2_driver/share/ydlidar_ros2_driver/package.dsv'
[12.647s] INFO:colcon.colcon_core.shell:Creating package script '/home/olee/olee_ros2_ws/install/ydlidar_ros2_driver/share/ydlidar_ros2_driver/package.sh'
[12.647s] INFO:colcon.colcon_core.shell:Creating package script '/home/olee/olee_ros2_ws/install/ydlidar_ros2_driver/share/ydlidar_ros2_driver/package.bash'
[12.648s] INFO:colcon.colcon_core.shell:Creating package script '/home/olee/olee_ros2_ws/install/ydlidar_ros2_driver/share/ydlidar_ros2_driver/package.zsh'
[12.648s] Level 1:colcon.colcon_core.environment:create_file_with_runtime_dependencies(/home/olee/olee_ros2_ws/install/ydlidar_ros2_driver/share/colcon-core/packages/ydlidar_ros2_driver)
[103.347s] DEBUG:colcon.colcon_core.event_handler.log_command:Invoked command in '/home/olee/olee_ros2_ws/build/slam_toolbox' returned '0': CMAKE_PREFIX_PATH=${CMAKE_PREFIX_PATH}:/home/olee/olee_ros2_ws/install/master_olee_controller:/opt/ros/humble /usr/bin/cmake --build /home/olee/olee_ros2_ws/build/slam_toolbox -- -j12 -l12
[103.350s] DEBUG:colcon.colcon_core.event_handler.log_command:Invoking command in '/home/olee/olee_ros2_ws/build/slam_toolbox': CMAKE_PREFIX_PATH=${CMAKE_PREFIX_PATH}:/home/olee/olee_ros2_ws/install/master_olee_controller:/opt/ros/humble /usr/bin/cmake --install /home/olee/olee_ros2_ws/build/slam_toolbox
[106.277s] Level 1:colcon.colcon_core.environment:create_environment_scripts_only(slam_toolbox)
[106.277s] Level 1:colcon.colcon_core.environment:checking '/home/olee/olee_ros2_ws/install/slam_toolbox' for CMake module files
[106.278s] DEBUG:colcon.colcon_core.event_handler.log_command:Invoked command in '/home/olee/olee_ros2_ws/build/slam_toolbox' returned '0': CMAKE_PREFIX_PATH=${CMAKE_PREFIX_PATH}:/home/olee/olee_ros2_ws/install/master_olee_controller:/opt/ros/humble /usr/bin/cmake --install /home/olee/olee_ros2_ws/build/slam_toolbox
[106.278s] Level 1:colcon.colcon_core.environment:checking '/home/olee/olee_ros2_ws/install/slam_toolbox' for CMake config files
[106.279s] Level 1:colcon.colcon_core.shell:create_environment_hook('slam_toolbox', 'cmake_prefix_path')
[106.279s] INFO:colcon.colcon_core.shell:Creating environment hook '/home/olee/olee_ros2_ws/install/slam_toolbox/share/slam_toolbox/hook/cmake_prefix_path.ps1'
[106.280s] INFO:colcon.colcon_core.shell:Creating environment descriptor '/home/olee/olee_ros2_ws/install/slam_toolbox/share/slam_toolbox/hook/cmake_prefix_path.dsv'
[106.280s] INFO:colcon.colcon_core.shell:Creating environment hook '/home/olee/olee_ros2_ws/install/slam_toolbox/share/slam_toolbox/hook/cmake_prefix_path.sh'
[106.280s] Level 1:colcon.colcon_core.environment:checking '/home/olee/olee_ros2_ws/install/slam_toolbox/lib'
[106.280s] Level 1:colcon.colcon_core.shell:create_environment_hook('slam_toolbox', 'ld_library_path_lib')
[106.280s] INFO:colcon.colcon_core.shell:Creating environment hook '/home/olee/olee_ros2_ws/install/slam_toolbox/share/slam_toolbox/hook/ld_library_path_lib.ps1'
[106.281s] INFO:colcon.colcon_core.shell:Creating environment descriptor '/home/olee/olee_ros2_ws/install/slam_toolbox/share/slam_toolbox/hook/ld_library_path_lib.dsv'
[106.281s] INFO:colcon.colcon_core.shell:Creating environment hook '/home/olee/olee_ros2_ws/install/slam_toolbox/share/slam_toolbox/hook/ld_library_path_lib.sh'
[106.281s] Level 1:colcon.colcon_core.environment:checking '/home/olee/olee_ros2_ws/install/slam_toolbox/bin'
[106.281s] Level 1:colcon.colcon_core.environment:checking '/home/olee/olee_ros2_ws/install/slam_toolbox/lib/pkgconfig/slam_toolbox.pc'
[106.281s] Level 1:colcon.colcon_core.environment:checking '/home/olee/olee_ros2_ws/install/slam_toolbox/lib/python3.10/site-packages'
[106.281s] Level 1:colcon.colcon_core.environment:checking '/home/olee/olee_ros2_ws/install/slam_toolbox/bin'
[106.282s] INFO:colcon.colcon_core.shell:Creating package script '/home/olee/olee_ros2_ws/install/slam_toolbox/share/slam_toolbox/package.ps1'
[106.282s] INFO:colcon.colcon_core.shell:Creating package descriptor '/home/olee/olee_ros2_ws/install/slam_toolbox/share/slam_toolbox/package.dsv'
[106.282s] INFO:colcon.colcon_core.shell:Creating package script '/home/olee/olee_ros2_ws/install/slam_toolbox/share/slam_toolbox/package.sh'
[106.282s] INFO:colcon.colcon_core.shell:Creating package script '/home/olee/olee_ros2_ws/install/slam_toolbox/share/slam_toolbox/package.bash'
[106.283s] INFO:colcon.colcon_core.shell:Creating package script '/home/olee/olee_ros2_ws/install/slam_toolbox/share/slam_toolbox/package.zsh'
[106.283s] Level 1:colcon.colcon_core.environment:create_file_with_runtime_dependencies(/home/olee/olee_ros2_ws/install/slam_toolbox/share/colcon-core/packages/slam_toolbox)
[106.283s] Level 1:colcon.colcon_core.environment:create_environment_scripts_only(slam_toolbox)
[106.283s] Level 1:colcon.colcon_core.environment:checking '/home/olee/olee_ros2_ws/install/slam_toolbox' for CMake module files
[106.284s] Level 1:colcon.colcon_core.environment:checking '/home/olee/olee_ros2_ws/install/slam_toolbox' for CMake config files
[106.284s] Level 1:colcon.colcon_core.shell:create_environment_hook('slam_toolbox', 'cmake_prefix_path')
[106.284s] INFO:colcon.colcon_core.shell:Creating environment hook '/home/olee/olee_ros2_ws/install/slam_toolbox/share/slam_toolbox/hook/cmake_prefix_path.ps1'
[106.285s] INFO:colcon.colcon_core.shell:Creating environment descriptor '/home/olee/olee_ros2_ws/install/slam_toolbox/share/slam_toolbox/hook/cmake_prefix_path.dsv'
[106.285s] INFO:colcon.colcon_core.shell:Creating environment hook '/home/olee/olee_ros2_ws/install/slam_toolbox/share/slam_toolbox/hook/cmake_prefix_path.sh'
[106.285s] Level 1:colcon.colcon_core.environment:checking '/home/olee/olee_ros2_ws/install/slam_toolbox/lib'
[106.285s] Level 1:colcon.colcon_core.shell:create_environment_hook('slam_toolbox', 'ld_library_path_lib')
[106.285s] INFO:colcon.colcon_core.shell:Creating environment hook '/home/olee/olee_ros2_ws/install/slam_toolbox/share/slam_toolbox/hook/ld_library_path_lib.ps1'
[106.285s] INFO:colcon.colcon_core.shell:Creating environment descriptor '/home/olee/olee_ros2_ws/install/slam_toolbox/share/slam_toolbox/hook/ld_library_path_lib.dsv'
[106.286s] INFO:colcon.colcon_core.shell:Creating environment hook '/home/olee/olee_ros2_ws/install/slam_toolbox/share/slam_toolbox/hook/ld_library_path_lib.sh'
[106.286s] Level 1:colcon.colcon_core.environment:checking '/home/olee/olee_ros2_ws/install/slam_toolbox/bin'
[106.286s] Level 1:colcon.colcon_core.environment:checking '/home/olee/olee_ros2_ws/install/slam_toolbox/lib/pkgconfig/slam_toolbox.pc'
[106.286s] Level 1:colcon.colcon_core.environment:checking '/home/olee/olee_ros2_ws/install/slam_toolbox/lib/python3.10/site-packages'
[106.286s] Level 1:colcon.colcon_core.environment:checking '/home/olee/olee_ros2_ws/install/slam_toolbox/bin'
[106.286s] INFO:colcon.colcon_core.shell:Creating package script '/home/olee/olee_ros2_ws/install/slam_toolbox/share/slam_toolbox/package.ps1'
[106.287s] INFO:colcon.colcon_core.shell:Creating package descriptor '/home/olee/olee_ros2_ws/install/slam_toolbox/share/slam_toolbox/package.dsv'
[106.287s] INFO:colcon.colcon_core.shell:Creating package script '/home/olee/olee_ros2_ws/install/slam_toolbox/share/slam_toolbox/package.sh'
[106.297s] INFO:colcon.colcon_core.shell:Creating package script '/home/olee/olee_ros2_ws/install/slam_toolbox/share/slam_toolbox/package.bash'
[106.297s] INFO:colcon.colcon_core.shell:Creating package script '/home/olee/olee_ros2_ws/install/slam_toolbox/share/slam_toolbox/package.zsh'
[106.297s] Level 1:colcon.colcon_core.environment:create_file_with_runtime_dependencies(/home/olee/olee_ros2_ws/install/slam_toolbox/share/colcon-core/packages/slam_toolbox)
[106.297s] DEBUG:colcon.colcon_parallel_executor.executor.parallel:closing loop
[106.298s] DEBUG:colcon.colcon_parallel_executor.executor.parallel:loop closed
[106.298s] DEBUG:colcon.colcon_parallel_executor.executor.parallel:run_until_complete finished with '0'
[106.298s] DEBUG:colcon.colcon_core.event_reactor:joining thread
[106.309s] INFO:colcon.colcon_core.plugin_system:Skipping extension 'colcon_notification.desktop_notification.terminal_notifier': Not used on non-Darwin systems
[106.310s] INFO:colcon.colcon_core.plugin_system:Skipping extension 'colcon_notification.desktop_notification.win32': Not used on non-Windows systems
[106.310s] INFO:colcon.colcon_notification.desktop_notification:Sending desktop notification using 'notify2'
[106.326s] DEBUG:colcon.colcon_core.event_reactor:joined thread
[106.326s] INFO:colcon.colcon_core.shell:Creating prefix script '/home/olee/olee_ros2_ws/install/local_setup.ps1'
[106.330s] INFO:colcon.colcon_core.shell:Creating prefix util module '/home/olee/olee_ros2_ws/install/_local_setup_util_ps1.py'
[106.331s] INFO:colcon.colcon_core.shell:Creating prefix chain script '/home/olee/olee_ros2_ws/install/setup.ps1'
[106.332s] INFO:colcon.colcon_core.shell:Creating prefix script '/home/olee/olee_ros2_ws/install/local_setup.sh'
[106.333s] INFO:colcon.colcon_core.shell:Creating prefix util module '/home/olee/olee_ros2_ws/install/_local_setup_util_sh.py'
[106.333s] INFO:colcon.colcon_core.shell:Creating prefix chain script '/home/olee/olee_ros2_ws/install/setup.sh'
[106.334s] INFO:colcon.colcon_core.shell:Creating prefix script '/home/olee/olee_ros2_ws/install/local_setup.bash'
[106.335s] INFO:colcon.colcon_core.shell:Creating prefix chain script '/home/olee/olee_ros2_ws/install/setup.bash'
[106.336s] INFO:colcon.colcon_core.shell:Creating prefix script '/home/olee/olee_ros2_ws/install/local_setup.zsh'
[106.336s] INFO:colcon.colcon_core.shell:Creating prefix chain script '/home/olee/olee_ros2_ws/install/setup.zsh'
