Determining if the function sgemm_ exists failed with the following output:
Change Dir: /home/olee/olee_ros2_ws/build/slam_toolbox/CMakeFiles/CMakeTmp

Run Build Command(s):/usr/bin/gmake -f Makefile cmTC_d7e9d/fast && /usr/bin/gmake  -f CMakeFiles/cmTC_d7e9d.dir/build.make CMakeFiles/cmTC_d7e9d.dir/build
gmake[1]: Entering directory '/home/olee/olee_ros2_ws/build/slam_toolbox/CMakeFiles/CMakeTmp'
Building C object CMakeFiles/cmTC_d7e9d.dir/CheckFunctionExists.c.o
/usr/bin/cc   -DCHECK_FUNCTION_EXISTS=sgemm_ -o CMakeFiles/cmTC_d7e9d.dir/CheckFunctionExists.c.o -c /usr/share/cmake-3.22/Modules/CheckFunctionExists.c
Linking C executable cmTC_d7e9d
/usr/bin/cmake -E cmake_link_script CMakeFiles/cmTC_d7e9d.dir/link.txt --verbose=1
/usr/bin/cc  -DCHECK_FUNCTION_EXISTS=sgemm_ CMakeFiles/cmTC_d7e9d.dir/CheckFunctionExists.c.o -o cmTC_d7e9d 
/usr/bin/ld: CMakeFiles/cmTC_d7e9d.dir/CheckFunctionExists.c.o: in function `main':
CheckFunctionExists.c:(.text+0x14): undefined reference to `sgemm_'
collect2: error: ld returned 1 exit status
gmake[1]: *** [CMakeFiles/cmTC_d7e9d.dir/build.make:99: cmTC_d7e9d] Error 1
gmake[1]: Leaving directory '/home/olee/olee_ros2_ws/build/slam_toolbox/CMakeFiles/CMakeTmp'
gmake: *** [Makefile:127: cmTC_d7e9d/fast] Error 2



Determining if the function cheev_ exists failed with the following output:
Change Dir: /home/olee/olee_ros2_ws/build/slam_toolbox/CMakeFiles/CMakeTmp

Run Build Command(s):/usr/bin/gmake -f Makefile cmTC_34ae1/fast && /usr/bin/gmake  -f CMakeFiles/cmTC_34ae1.dir/build.make CMakeFiles/cmTC_34ae1.dir/build
gmake[1]: Entering directory '/home/olee/olee_ros2_ws/build/slam_toolbox/CMakeFiles/CMakeTmp'
Building C object CMakeFiles/cmTC_34ae1.dir/CheckFunctionExists.c.o
/usr/bin/cc   -DCHECK_FUNCTION_EXISTS=cheev_ -o CMakeFiles/cmTC_34ae1.dir/CheckFunctionExists.c.o -c /usr/share/cmake-3.22/Modules/CheckFunctionExists.c
Linking C executable cmTC_34ae1
/usr/bin/cmake -E cmake_link_script CMakeFiles/cmTC_34ae1.dir/link.txt --verbose=1
/usr/bin/cc  -DCHECK_FUNCTION_EXISTS=cheev_ CMakeFiles/cmTC_34ae1.dir/CheckFunctionExists.c.o -o cmTC_34ae1  /usr/lib/x86_64-linux-gnu/libblas.so -lm -ldl 
/usr/bin/ld: CMakeFiles/cmTC_34ae1.dir/CheckFunctionExists.c.o: in function `main':
CheckFunctionExists.c:(.text+0x14): undefined reference to `cheev_'
collect2: error: ld returned 1 exit status
gmake[1]: *** [CMakeFiles/cmTC_34ae1.dir/build.make:100: cmTC_34ae1] Error 1
gmake[1]: Leaving directory '/home/olee/olee_ros2_ws/build/slam_toolbox/CMakeFiles/CMakeTmp'
gmake: *** [Makefile:127: cmTC_34ae1/fast] Error 2



Determining if the function cheev_ exists failed with the following output:
Change Dir: /home/olee/olee_ros2_ws/build/slam_toolbox/CMakeFiles/CMakeTmp

Run Build Command(s):/usr/bin/gmake -f Makefile cmTC_b38f4/fast && /usr/bin/gmake  -f CMakeFiles/cmTC_b38f4.dir/build.make CMakeFiles/cmTC_b38f4.dir/build
gmake[1]: Entering directory '/home/olee/olee_ros2_ws/build/slam_toolbox/CMakeFiles/CMakeTmp'
Building C object CMakeFiles/cmTC_b38f4.dir/CheckFunctionExists.c.o
/usr/bin/cc   -DCHECK_FUNCTION_EXISTS=cheev_ -o CMakeFiles/cmTC_b38f4.dir/CheckFunctionExists.c.o -c /usr/share/cmake-3.22/Modules/CheckFunctionExists.c
Linking C executable cmTC_b38f4
/usr/bin/cmake -E cmake_link_script CMakeFiles/cmTC_b38f4.dir/link.txt --verbose=1
/usr/bin/cc  -DCHECK_FUNCTION_EXISTS=cheev_ CMakeFiles/cmTC_b38f4.dir/CheckFunctionExists.c.o -o cmTC_b38f4  /usr/lib/x86_64-linux-gnu/liblapack.so /usr/lib/x86_64-linux-gnu/libblas.so -fortranlibs 
cc: error: unrecognized command-line option ‘-fortranlibs’
gmake[1]: *** [CMakeFiles/cmTC_b38f4.dir/build.make:101: cmTC_b38f4] Error 1
gmake[1]: Leaving directory '/home/olee/olee_ros2_ws/build/slam_toolbox/CMakeFiles/CMakeTmp'
gmake: *** [Makefile:127: cmTC_b38f4/fast] Error 2



