[0.134s] Invoking command in '/home/olee/olee_ros2_ws/src/build/ros2_laser_scan_matcher': CMAKE_PREFIX_PATH=${CMAKE_PREFIX_PATH}:/home/olee/olee_ros2_ws/install/master_olee_controller:/opt/ros/humble /usr/bin/cmake /home/olee/olee_ros2_ws/src/ros2_laser_scan_matcher-main -DAMENT_CMAKE_SYMLINK_INSTALL=1 -DCMAKE_INSTALL_PREFIX=/home/olee/olee_ros2_ws/src/install/ros2_laser_scan_matcher
[0.189s] -- The C compiler identification is GNU 11.4.0
[0.256s] -- The CXX compiler identification is GNU 11.4.0
[0.261s] -- Detecting C compiler ABI info
[0.323s] -- Detecting C compiler ABI info - done
[0.336s] -- Check for working C compiler: /usr/bin/cc - skipped
[0.336s] -- Detecting C compile features
[0.336s] -- Detecting C compile features - done
[0.337s] -- Detecting CXX compiler ABI info
[0.405s] -- Detecting CXX compiler ABI info - done
[0.412s] -- Check for working CXX compiler: /usr/bin/c++ - skipped
[0.412s] -- Detecting CXX compile features
[0.413s] -- Detecting CXX compile features - done
[0.416s] -- Found ament_cmake: 1.3.12 (/opt/ros/humble/share/ament_cmake/cmake)
[0.679s] -- Found Python3: /usr/bin/python3 (found version "3.10.12") found components: Interpreter 
[0.737s] -- Override CMake install command with custom implementation using symlinks instead of copying resources
[0.768s] -- Found sensor_msgs: 4.9.0 (/opt/ros/humble/share/sensor_msgs/cmake)
[0.793s] -- Found rosidl_generator_c: 3.1.7 (/opt/ros/humble/share/rosidl_generator_c/cmake)
[0.797s] -- Found rosidl_adapter: 3.1.7 (/opt/ros/humble/share/rosidl_adapter/cmake)
[0.803s] -- Found rosidl_generator_cpp: 3.1.7 (/opt/ros/humble/share/rosidl_generator_cpp/cmake)
[0.814s] -- Using all available rosidl_typesupport_c: rosidl_typesupport_fastrtps_c;rosidl_typesupport_introspection_c
[0.832s] -- Using all available rosidl_typesupport_cpp: rosidl_typesupport_fastrtps_cpp;rosidl_typesupport_introspection_cpp
[0.881s] -- Found rclcpp: 16.0.15 (/opt/ros/humble/share/rclcpp/cmake)
[0.907s] -- Found rmw_implementation_cmake: 6.1.2 (/opt/ros/humble/share/rmw_implementation_cmake/cmake)
[0.909s] -- Found rmw_fastrtps_cpp: 6.2.9 (/opt/ros/humble/share/rmw_fastrtps_cpp/cmake)
[0.981s] -- Found OpenSSL: /usr/lib/x86_64-linux-gnu/libcrypto.so (found version "3.0.2")  
[1.002s] -- Found FastRTPS: /opt/ros/humble/include  
[1.028s] -- Using RMW implementation 'rmw_fastrtps_cpp' as default
[1.035s] -- Looking for pthread.h
[1.103s] -- Looking for pthread.h - found
[1.103s] -- Performing Test CMAKE_HAVE_LIBC_PTHREAD
[1.188s] -- Performing Test CMAKE_HAVE_LIBC_PTHREAD - Success
[1.189s] -- Found Threads: TRUE  
[1.214s] -- Found nav_msgs: 4.9.0 (/opt/ros/humble/share/nav_msgs/cmake)
[1.225s] -- Found tf2_ros: 0.25.16 (/opt/ros/humble/share/tf2_ros/cmake)
[1.287s] -- Found tf2_geometry_msgs: 0.25.16 (/opt/ros/humble/share/tf2_geometry_msgs/cmake)
[1.296s] -- Found eigen3_cmake_module: 0.1.1 (/opt/ros/humble/share/eigen3_cmake_module/cmake)
[1.296s] -- Found Eigen3: TRUE (found version "3.4.0") 
[1.296s] -- Ensuring Eigen3 include directory is part of orocos-kdl CMake target
[1.300s] -- Found PkgConfig: /usr/bin/pkg-config (found version "0.29.2") 
[1.306s] -- Configuring incomplete, errors occurred!
[1.306s] See also "/home/olee/olee_ros2_ws/src/build/ros2_laser_scan_matcher/CMakeFiles/CMakeOutput.log".
[1.306s] [31mCMake Error at CMakeLists.txt:14 (find_package):
[1.306s]   By not providing "Findcsm.cmake" in CMAKE_MODULE_PATH this project has
[1.306s]   asked CMake to find a package configuration file provided by "csm", but
[1.306s]   CMake did not find one.
[1.306s] 
[1.306s]   Could not find a package configuration file provided by "csm" with any of
[1.306s]   the following names:
[1.306s] 
[1.306s]     csmConfig.cmake
[1.306s]     csm-config.cmake
[1.306s] 
[1.306s]   Add the installation prefix of "csm" to CMAKE_PREFIX_PATH or set "csm_DIR"
[1.306s]   to a directory containing one of the above files.  If "csm" provides a
[1.307s]   separate development package or SDK, be sure it has been installed.
[1.307s] 
[1.307s] [0m
[1.313s] Invoked command in '/home/olee/olee_ros2_ws/src/build/ros2_laser_scan_matcher' returned '1': CMAKE_PREFIX_PATH=${CMAKE_PREFIX_PATH}:/home/olee/olee_ros2_ws/install/master_olee_controller:/opt/ros/humble /usr/bin/cmake /home/olee/olee_ros2_ws/src/ros2_laser_scan_matcher-main -DAMENT_CMAKE_SYMLINK_INSTALL=1 -DCMAKE_INSTALL_PREFIX=/home/olee/olee_ros2_ws/src/install/ros2_laser_scan_matcher
