[0.434s] Invoking command in '/home/olee/olee_ros2_ws/src/master_olee_controller': PYTHONPATH=/home/olee/olee_ros2_ws/build/master_olee_controller/prefix_override:/usr/lib/python3/dist-packages/colcon_core/task/python/colcon_distutils_commands:/home/olee/olee_ros2_ws/install/master_olee_controller/lib/python3.10/site-packages:${PYTHONPATH} /usr/bin/python3 -W ignore:setup.py install is deprecated -W ignore:easy_install command is deprecated setup.py egg_info --egg-base ../../build/master_olee_controller build --build-base /home/olee/olee_ros2_ws/build/master_olee_controller/build install --record /home/olee/olee_ros2_ws/build/master_olee_controller/install.log --single-version-externally-managed install_data
[0.570s] running egg_info
[0.576s] writing ../../build/master_olee_controller/master_olee_controller.egg-info/PKG-INFO
[0.576s] writing dependency_links to ../../build/master_olee_controller/master_olee_controller.egg-info/dependency_links.txt
[0.577s] writing requirements to ../../build/master_olee_controller/master_olee_controller.egg-info/requires.txt
[0.577s] writing top-level names to ../../build/master_olee_controller/master_olee_controller.egg-info/top_level.txt
[0.590s] reading manifest file '../../build/master_olee_controller/master_olee_controller.egg-info/SOURCES.txt'
[0.591s] writing manifest file '../../build/master_olee_controller/master_olee_controller.egg-info/SOURCES.txt'
[0.591s] running build
[0.591s] running build_py
[0.591s] creating /home/olee/olee_ros2_ws/build/master_olee_controller/build
[0.591s] creating /home/olee/olee_ros2_ws/build/master_olee_controller/build/lib
[0.591s] creating /home/olee/olee_ros2_ws/build/master_olee_controller/build/lib/master_olee_controller
[0.591s] copying master_olee_controller/__init__.py -> /home/olee/olee_ros2_ws/build/master_olee_controller/build/lib/master_olee_controller
[0.591s] running install
[0.595s] running install_lib
[0.601s] creating /home/olee/olee_ros2_ws/install/master_olee_controller/lib/python3.10/site-packages/master_olee_controller
[0.601s] copying /home/olee/olee_ros2_ws/build/master_olee_controller/build/lib/master_olee_controller/__init__.py -> /home/olee/olee_ros2_ws/install/master_olee_controller/lib/python3.10/site-packages/master_olee_controller
[0.601s] byte-compiling /home/olee/olee_ros2_ws/install/master_olee_controller/lib/python3.10/site-packages/master_olee_controller/__init__.py to __init__.cpython-310.pyc
[0.602s] running install_data
[0.602s] creating /home/olee/olee_ros2_ws/install/master_olee_controller/share/ament_index
[0.602s] creating /home/olee/olee_ros2_ws/install/master_olee_controller/share/ament_index/resource_index
[0.602s] creating /home/olee/olee_ros2_ws/install/master_olee_controller/share/ament_index/resource_index/packages
[0.602s] copying resource/master_olee_controller -> /home/olee/olee_ros2_ws/install/master_olee_controller/share/ament_index/resource_index/packages
[0.602s] copying package.xml -> /home/olee/olee_ros2_ws/install/master_olee_controller/share/master_olee_controller
[0.602s] running install_egg_info
[0.609s] Copying ../../build/master_olee_controller/master_olee_controller.egg-info to /home/olee/olee_ros2_ws/install/master_olee_controller/lib/python3.10/site-packages/master_olee_controller-0.0.0-py3.10.egg-info
[0.609s] running install_scripts
[0.675s] writing list of installed files to '/home/olee/olee_ros2_ws/build/master_olee_controller/install.log'
[0.693s] Invoked command in '/home/olee/olee_ros2_ws/src/master_olee_controller' returned '0': PYTHONPATH=/home/olee/olee_ros2_ws/build/master_olee_controller/prefix_override:/usr/lib/python3/dist-packages/colcon_core/task/python/colcon_distutils_commands:/home/olee/olee_ros2_ws/install/master_olee_controller/lib/python3.10/site-packages:${PYTHONPATH} /usr/bin/python3 -W ignore:setup.py install is deprecated -W ignore:easy_install command is deprecated setup.py egg_info --egg-base ../../build/master_olee_controller build --build-base /home/olee/olee_ros2_ws/build/master_olee_controller/build install --record /home/olee/olee_ros2_ws/build/master_olee_controller/install.log --single-version-externally-managed install_data
