[0.057s] DEBUG:colcon:Command line arguments: ['/usr/bin/colcon', 'build', '--packages-select', 'tflidar_ros']
[0.057s] DEBUG:colcon:Parsed command line arguments: Namespace(log_base=None, log_level=None, verb_name='build', build_base='build', install_base='install', merge_install=False, symlink_install=False, test_result_base=None, continue_on_error=False, executor='parallel', parallel_workers=12, event_handlers=None, ignore_user_meta=False, metas=['./colcon.meta'], base_paths=['.'], packages_ignore=None, packages_ignore_regex=None, paths=None, packages_up_to=None, packages_up_to_regex=None, packages_above=None, packages_above_and_dependencies=None, packages_above_depth=None, packages_select_by_dep=None, packages_skip_by_dep=None, packages_skip_up_to=None, packages_select_build_failed=False, packages_skip_build_finished=False, packages_select_test_failures=False, packages_skip_test_passed=False, packages_select=['tflidar_ros'], packages_skip=None, packages_select_regex=None, packages_skip_regex=None, packages_start=None, packages_end=None, allow_overriding=[], cmake_args=None, cmake_target=None, cmake_target_skip_unavailable=False, cmake_clean_cache=False, cmake_clean_first=False, cmake_force_configure=False, ament_cmake_args=None, catkin_cmake_args=None, catkin_skip_building_tests=False, verb_parser=<colcon_defaults.argument_parser.defaults.DefaultArgumentsDecorator object at 0x7b06ebc6a350>, verb_extension=<colcon_core.verb.build.BuildVerb object at 0x7b06ebc69db0>, main=<bound method BuildVerb.main of <colcon_core.verb.build.BuildVerb object at 0x7b06ebc69db0>>)
[0.079s] Level 1:colcon.colcon_core.package_discovery:discover_packages(colcon_meta) check parameters
[0.079s] Level 1:colcon.colcon_core.package_discovery:discover_packages(recursive) check parameters
[0.079s] Level 1:colcon.colcon_core.package_discovery:discover_packages(ignore) check parameters
[0.079s] Level 1:colcon.colcon_core.package_discovery:discover_packages(path) check parameters
[0.079s] Level 1:colcon.colcon_core.package_discovery:discover_packages(colcon_meta) discover
[0.079s] Level 1:colcon.colcon_core.package_discovery:discover_packages(recursive) discover
[0.080s] INFO:colcon.colcon_core.package_discovery:Crawling recursively for packages in '/home/olee/olee_ros2_ws/src'
[0.080s] Level 1:colcon.colcon_core.package_identification:_identify(.) by extensions ['ignore', 'ignore_ament_install']
[0.080s] Level 1:colcon.colcon_core.package_identification:_identify(.) by extension 'ignore'
[0.080s] Level 1:colcon.colcon_core.package_identification:_identify(.) by extension 'ignore_ament_install'
[0.080s] Level 1:colcon.colcon_core.package_identification:_identify(.) by extensions ['colcon_pkg']
[0.080s] Level 1:colcon.colcon_core.package_identification:_identify(.) by extension 'colcon_pkg'
[0.080s] Level 1:colcon.colcon_core.package_identification:_identify(.) by extensions ['colcon_meta']
[0.080s] Level 1:colcon.colcon_core.package_identification:_identify(.) by extension 'colcon_meta'
[0.080s] Level 1:colcon.colcon_core.package_identification:_identify(.) by extensions ['ros']
[0.080s] Level 1:colcon.colcon_core.package_identification:_identify(.) by extension 'ros'
[0.088s] Level 1:colcon.colcon_core.package_identification:_identify(.) by extensions ['cmake', 'python']
[0.088s] Level 1:colcon.colcon_core.package_identification:_identify(.) by extension 'cmake'
[0.088s] Level 1:colcon.colcon_core.package_identification:_identify(.) by extension 'python'
[0.088s] Level 1:colcon.colcon_core.package_identification:_identify(.) by extensions ['python_setup_py']
[0.088s] Level 1:colcon.colcon_core.package_identification:_identify(.) by extension 'python_setup_py'
[0.088s] Level 1:colcon.colcon_core.package_identification:_identify(YDLidar-SDK-master) by extensions ['ignore', 'ignore_ament_install']
[0.089s] Level 1:colcon.colcon_core.package_identification:_identify(YDLidar-SDK-master) by extension 'ignore'
[0.089s] Level 1:colcon.colcon_core.package_identification:_identify(YDLidar-SDK-master) by extension 'ignore_ament_install'
[0.089s] Level 1:colcon.colcon_core.package_identification:_identify(YDLidar-SDK-master) by extensions ['colcon_pkg']
[0.089s] Level 1:colcon.colcon_core.package_identification:_identify(YDLidar-SDK-master) by extension 'colcon_pkg'
[0.089s] Level 1:colcon.colcon_core.package_identification:_identify(YDLidar-SDK-master) by extensions ['colcon_meta']
[0.089s] Level 1:colcon.colcon_core.package_identification:_identify(YDLidar-SDK-master) by extension 'colcon_meta'
[0.089s] Level 1:colcon.colcon_core.package_identification:_identify(YDLidar-SDK-master) by extensions ['ros']
[0.089s] Level 1:colcon.colcon_core.package_identification:_identify(YDLidar-SDK-master) by extension 'ros'
[0.089s] Level 1:colcon.colcon_core.package_identification:_identify(YDLidar-SDK-master) by extensions ['cmake', 'python']
[0.089s] Level 1:colcon.colcon_core.package_identification:_identify(YDLidar-SDK-master) by extension 'cmake'
[0.115s] Level 1:colcon.colcon_core.package_identification:_identify(YDLidar-SDK-master) by extension 'python'
[0.116s] DEBUG:colcon.colcon_core.package_identification:Package 'YDLidar-SDK-master' with type 'cmake' and name 'ydlidar_sdk'
[0.116s] Level 1:colcon.colcon_core.package_identification:_identify(build) by extensions ['ignore', 'ignore_ament_install']
[0.116s] Level 1:colcon.colcon_core.package_identification:_identify(build) by extension 'ignore'
[0.116s] Level 1:colcon.colcon_core.package_identification:_identify(build) ignored
[0.116s] Level 1:colcon.colcon_core.package_identification:_identify(install) by extensions ['ignore', 'ignore_ament_install']
[0.116s] Level 1:colcon.colcon_core.package_identification:_identify(install) by extension 'ignore'
[0.116s] Level 1:colcon.colcon_core.package_identification:_identify(install) ignored
[0.116s] Level 1:colcon.colcon_core.package_identification:_identify(log) by extensions ['ignore', 'ignore_ament_install']
[0.116s] Level 1:colcon.colcon_core.package_identification:_identify(log) by extension 'ignore'
[0.116s] Level 1:colcon.colcon_core.package_identification:_identify(log) ignored
[0.116s] Level 1:colcon.colcon_core.package_identification:_identify(master_olee_controller) by extensions ['ignore', 'ignore_ament_install']
[0.116s] Level 1:colcon.colcon_core.package_identification:_identify(master_olee_controller) by extension 'ignore'
[0.116s] Level 1:colcon.colcon_core.package_identification:_identify(master_olee_controller) by extension 'ignore_ament_install'
[0.116s] Level 1:colcon.colcon_core.package_identification:_identify(master_olee_controller) by extensions ['colcon_pkg']
[0.116s] Level 1:colcon.colcon_core.package_identification:_identify(master_olee_controller) by extension 'colcon_pkg'
[0.116s] Level 1:colcon.colcon_core.package_identification:_identify(master_olee_controller) by extensions ['colcon_meta']
[0.116s] Level 1:colcon.colcon_core.package_identification:_identify(master_olee_controller) by extension 'colcon_meta'
[0.116s] Level 1:colcon.colcon_core.package_identification:_identify(master_olee_controller) by extensions ['ros']
[0.116s] Level 1:colcon.colcon_core.package_identification:_identify(master_olee_controller) by extension 'ros'
[0.118s] DEBUG:colcon.colcon_core.package_identification:Package 'master_olee_controller' with type 'ros.ament_python' and name 'master_olee_controller'
[0.118s] Level 1:colcon.colcon_core.package_identification:_identify(tflidar_ros-ros2) by extensions ['ignore', 'ignore_ament_install']
[0.118s] Level 1:colcon.colcon_core.package_identification:_identify(tflidar_ros-ros2) by extension 'ignore'
[0.118s] Level 1:colcon.colcon_core.package_identification:_identify(tflidar_ros-ros2) by extension 'ignore_ament_install'
[0.118s] Level 1:colcon.colcon_core.package_identification:_identify(tflidar_ros-ros2) by extensions ['colcon_pkg']
[0.118s] Level 1:colcon.colcon_core.package_identification:_identify(tflidar_ros-ros2) by extension 'colcon_pkg'
[0.118s] Level 1:colcon.colcon_core.package_identification:_identify(tflidar_ros-ros2) by extensions ['colcon_meta']
[0.118s] Level 1:colcon.colcon_core.package_identification:_identify(tflidar_ros-ros2) by extension 'colcon_meta'
[0.118s] Level 1:colcon.colcon_core.package_identification:_identify(tflidar_ros-ros2) by extensions ['ros']
[0.118s] Level 1:colcon.colcon_core.package_identification:_identify(tflidar_ros-ros2) by extension 'ros'
[0.118s] DEBUG:colcon.colcon_core.package_identification:Package 'tflidar_ros-ros2' with type 'ros.ament_cmake' and name 'tflidar_ros'
[0.118s] Level 1:colcon.colcon_core.package_identification:_identify(ydlidar_ros2_driver-humble) by extensions ['ignore', 'ignore_ament_install']
[0.118s] Level 1:colcon.colcon_core.package_identification:_identify(ydlidar_ros2_driver-humble) by extension 'ignore'
[0.119s] Level 1:colcon.colcon_core.package_identification:_identify(ydlidar_ros2_driver-humble) by extension 'ignore_ament_install'
[0.119s] Level 1:colcon.colcon_core.package_identification:_identify(ydlidar_ros2_driver-humble) by extensions ['colcon_pkg']
[0.119s] Level 1:colcon.colcon_core.package_identification:_identify(ydlidar_ros2_driver-humble) by extension 'colcon_pkg'
[0.119s] Level 1:colcon.colcon_core.package_identification:_identify(ydlidar_ros2_driver-humble) by extensions ['colcon_meta']
[0.119s] Level 1:colcon.colcon_core.package_identification:_identify(ydlidar_ros2_driver-humble) by extension 'colcon_meta'
[0.119s] Level 1:colcon.colcon_core.package_identification:_identify(ydlidar_ros2_driver-humble) by extensions ['ros']
[0.119s] Level 1:colcon.colcon_core.package_identification:_identify(ydlidar_ros2_driver-humble) by extension 'ros'
[0.119s] DEBUG:colcon.colcon_core.package_identification:Package 'ydlidar_ros2_driver-humble' with type 'ros.ament_cmake' and name 'ydlidar_ros2_driver'
[0.119s] Level 1:colcon.colcon_core.package_discovery:discover_packages(recursive) using defaults
[0.119s] Level 1:colcon.colcon_core.package_discovery:discover_packages(ignore) discover
[0.119s] Level 1:colcon.colcon_core.package_discovery:discover_packages(ignore) using defaults
[0.119s] Level 1:colcon.colcon_core.package_discovery:discover_packages(path) discover
[0.119s] Level 1:colcon.colcon_core.package_discovery:discover_packages(path) using defaults
[0.130s] INFO:colcon.colcon_core.package_selection:Skipping not selected package 'master_olee_controller' in 'master_olee_controller'
[0.130s] INFO:colcon.colcon_core.package_selection:Skipping not selected package 'ydlidar_ros2_driver' in 'ydlidar_ros2_driver-humble'
[0.130s] INFO:colcon.colcon_core.package_selection:Skipping not selected package 'ydlidar_sdk' in 'YDLidar-SDK-master'
[0.130s] Level 1:colcon.colcon_core.package_discovery:discover_packages(prefix_path) check parameters
[0.130s] Level 1:colcon.colcon_core.package_discovery:discover_packages(prefix_path) discover
[0.131s] DEBUG:colcon.colcon_installed_package_information.package_discovery:Found 2 installed packages in /home/olee/olee_ros2_ws/install
[0.132s] DEBUG:colcon.colcon_installed_package_information.package_discovery:Found 9 installed packages in /home/olee/ros2_ws/install
[0.132s] DEBUG:colcon.colcon_installed_package_information.package_discovery:Found 274 installed packages in /opt/ros/humble
[0.133s] Level 1:colcon.colcon_core.package_discovery:discover_packages(prefix_path) using defaults
[0.152s] Level 5:colcon.colcon_core.verb:set package 'tflidar_ros' build argument 'cmake_args' from command line to 'None'
[0.152s] Level 5:colcon.colcon_core.verb:set package 'tflidar_ros' build argument 'cmake_target' from command line to 'None'
[0.152s] Level 5:colcon.colcon_core.verb:set package 'tflidar_ros' build argument 'cmake_target_skip_unavailable' from command line to 'False'
[0.152s] Level 5:colcon.colcon_core.verb:set package 'tflidar_ros' build argument 'cmake_clean_cache' from command line to 'False'
[0.152s] Level 5:colcon.colcon_core.verb:set package 'tflidar_ros' build argument 'cmake_clean_first' from command line to 'False'
[0.152s] Level 5:colcon.colcon_core.verb:set package 'tflidar_ros' build argument 'cmake_force_configure' from command line to 'False'
[0.152s] Level 5:colcon.colcon_core.verb:set package 'tflidar_ros' build argument 'ament_cmake_args' from command line to 'None'
[0.152s] Level 5:colcon.colcon_core.verb:set package 'tflidar_ros' build argument 'catkin_cmake_args' from command line to 'None'
[0.152s] Level 5:colcon.colcon_core.verb:set package 'tflidar_ros' build argument 'catkin_skip_building_tests' from command line to 'False'
[0.152s] DEBUG:colcon.colcon_core.verb:Building package 'tflidar_ros' with the following arguments: {'ament_cmake_args': None, 'build_base': '/home/olee/olee_ros2_ws/src/build/tflidar_ros', 'catkin_cmake_args': None, 'catkin_skip_building_tests': False, 'cmake_args': None, 'cmake_clean_cache': False, 'cmake_clean_first': False, 'cmake_force_configure': False, 'cmake_target': None, 'cmake_target_skip_unavailable': False, 'install_base': '/home/olee/olee_ros2_ws/src/install/tflidar_ros', 'merge_install': False, 'path': '/home/olee/olee_ros2_ws/src/tflidar_ros-ros2', 'symlink_install': False, 'test_result_base': None}
[0.152s] INFO:colcon.colcon_core.executor:Executing jobs using 'parallel' executor
[0.154s] DEBUG:colcon.colcon_parallel_executor.executor.parallel:run_until_complete
[0.154s] INFO:colcon.colcon_ros.task.ament_cmake.build:Building ROS package in '/home/olee/olee_ros2_ws/src/tflidar_ros-ros2' with build type 'ament_cmake'
[0.154s] INFO:colcon.colcon_cmake.task.cmake.build:Building CMake package in '/home/olee/olee_ros2_ws/src/tflidar_ros-ros2'
[0.155s] INFO:colcon.colcon_core.plugin_system:Skipping extension 'colcon_core.shell.bat': Not used on non-Windows systems
[0.155s] INFO:colcon.colcon_core.shell:Skip shell extension 'powershell' for command environment: Not usable outside of PowerShell
[0.155s] DEBUG:colcon.colcon_core.shell:Skip shell extension 'dsv' for command environment
[0.160s] DEBUG:colcon.colcon_core.event_handler.log_command:Invoking command in '/home/olee/olee_ros2_ws/src/build/tflidar_ros': CMAKE_PREFIX_PATH=${CMAKE_PREFIX_PATH}:/home/olee/olee_ros2_ws/install/master_olee_controller:/opt/ros/humble /usr/bin/cmake /home/olee/olee_ros2_ws/src/tflidar_ros-ros2 -DCMAKE_INSTALL_PREFIX=/home/olee/olee_ros2_ws/src/install/tflidar_ros
[1.228s] DEBUG:colcon.colcon_core.event_handler.log_command:Invoked command in '/home/olee/olee_ros2_ws/src/build/tflidar_ros' returned '0': CMAKE_PREFIX_PATH=${CMAKE_PREFIX_PATH}:/home/olee/olee_ros2_ws/install/master_olee_controller:/opt/ros/humble /usr/bin/cmake /home/olee/olee_ros2_ws/src/tflidar_ros-ros2 -DCMAKE_INSTALL_PREFIX=/home/olee/olee_ros2_ws/src/install/tflidar_ros
[1.230s] DEBUG:colcon.colcon_core.event_handler.log_command:Invoking command in '/home/olee/olee_ros2_ws/src/build/tflidar_ros': CMAKE_PREFIX_PATH=${CMAKE_PREFIX_PATH}:/home/olee/olee_ros2_ws/install/master_olee_controller:/opt/ros/humble /usr/bin/cmake --build /home/olee/olee_ros2_ws/src/build/tflidar_ros -- -j12 -l12
[3.800s] DEBUG:colcon.colcon_core.event_handler.log_command:Invoked command in '/home/olee/olee_ros2_ws/src/build/tflidar_ros' returned '0': CMAKE_PREFIX_PATH=${CMAKE_PREFIX_PATH}:/home/olee/olee_ros2_ws/install/master_olee_controller:/opt/ros/humble /usr/bin/cmake --build /home/olee/olee_ros2_ws/src/build/tflidar_ros -- -j12 -l12
[3.813s] DEBUG:colcon.colcon_core.event_handler.log_command:Invoking command in '/home/olee/olee_ros2_ws/src/build/tflidar_ros': CMAKE_PREFIX_PATH=${CMAKE_PREFIX_PATH}:/home/olee/olee_ros2_ws/install/master_olee_controller:/opt/ros/humble /usr/bin/cmake --install /home/olee/olee_ros2_ws/src/build/tflidar_ros
[3.825s] Level 1:colcon.colcon_core.environment:create_environment_scripts_only(tflidar_ros)
[3.825s] DEBUG:colcon.colcon_core.event_handler.log_command:Invoked command in '/home/olee/olee_ros2_ws/src/build/tflidar_ros' returned '0': CMAKE_PREFIX_PATH=${CMAKE_PREFIX_PATH}:/home/olee/olee_ros2_ws/install/master_olee_controller:/opt/ros/humble /usr/bin/cmake --install /home/olee/olee_ros2_ws/src/build/tflidar_ros
[3.827s] Level 1:colcon.colcon_core.environment:checking '/home/olee/olee_ros2_ws/src/install/tflidar_ros' for CMake module files
[3.828s] Level 1:colcon.colcon_core.environment:checking '/home/olee/olee_ros2_ws/src/install/tflidar_ros' for CMake config files
[3.828s] Level 1:colcon.colcon_core.shell:create_environment_hook('tflidar_ros', 'cmake_prefix_path')
[3.828s] INFO:colcon.colcon_core.shell:Creating environment hook '/home/olee/olee_ros2_ws/src/install/tflidar_ros/share/tflidar_ros/hook/cmake_prefix_path.ps1'
[3.828s] INFO:colcon.colcon_core.shell:Creating environment descriptor '/home/olee/olee_ros2_ws/src/install/tflidar_ros/share/tflidar_ros/hook/cmake_prefix_path.dsv'
[3.829s] INFO:colcon.colcon_core.shell:Creating environment hook '/home/olee/olee_ros2_ws/src/install/tflidar_ros/share/tflidar_ros/hook/cmake_prefix_path.sh'
[3.829s] Level 1:colcon.colcon_core.environment:checking '/home/olee/olee_ros2_ws/src/install/tflidar_ros/lib'
[3.829s] Level 1:colcon.colcon_core.environment:checking '/home/olee/olee_ros2_ws/src/install/tflidar_ros/bin'
[3.829s] Level 1:colcon.colcon_core.environment:checking '/home/olee/olee_ros2_ws/src/install/tflidar_ros/lib/pkgconfig/tflidar_ros.pc'
[3.830s] Level 1:colcon.colcon_core.environment:checking '/home/olee/olee_ros2_ws/src/install/tflidar_ros/lib/python3.10/site-packages'
[3.830s] Level 1:colcon.colcon_core.environment:checking '/home/olee/olee_ros2_ws/src/install/tflidar_ros/bin'
[3.830s] INFO:colcon.colcon_core.shell:Creating package script '/home/olee/olee_ros2_ws/src/install/tflidar_ros/share/tflidar_ros/package.ps1'
[3.830s] INFO:colcon.colcon_core.shell:Creating package descriptor '/home/olee/olee_ros2_ws/src/install/tflidar_ros/share/tflidar_ros/package.dsv'
[3.831s] INFO:colcon.colcon_core.shell:Creating package script '/home/olee/olee_ros2_ws/src/install/tflidar_ros/share/tflidar_ros/package.sh'
[3.831s] INFO:colcon.colcon_core.shell:Creating package script '/home/olee/olee_ros2_ws/src/install/tflidar_ros/share/tflidar_ros/package.bash'
[3.831s] INFO:colcon.colcon_core.shell:Creating package script '/home/olee/olee_ros2_ws/src/install/tflidar_ros/share/tflidar_ros/package.zsh'
[3.832s] Level 1:colcon.colcon_core.environment:create_file_with_runtime_dependencies(/home/olee/olee_ros2_ws/src/install/tflidar_ros/share/colcon-core/packages/tflidar_ros)
[3.832s] Level 1:colcon.colcon_core.environment:create_environment_scripts_only(tflidar_ros)
[3.832s] Level 1:colcon.colcon_core.environment:checking '/home/olee/olee_ros2_ws/src/install/tflidar_ros' for CMake module files
[3.832s] Level 1:colcon.colcon_core.environment:checking '/home/olee/olee_ros2_ws/src/install/tflidar_ros' for CMake config files
[3.832s] Level 1:colcon.colcon_core.shell:create_environment_hook('tflidar_ros', 'cmake_prefix_path')
[3.833s] INFO:colcon.colcon_core.shell:Creating environment hook '/home/olee/olee_ros2_ws/src/install/tflidar_ros/share/tflidar_ros/hook/cmake_prefix_path.ps1'
[3.833s] INFO:colcon.colcon_core.shell:Creating environment descriptor '/home/olee/olee_ros2_ws/src/install/tflidar_ros/share/tflidar_ros/hook/cmake_prefix_path.dsv'
[3.833s] INFO:colcon.colcon_core.shell:Creating environment hook '/home/olee/olee_ros2_ws/src/install/tflidar_ros/share/tflidar_ros/hook/cmake_prefix_path.sh'
[3.833s] Level 1:colcon.colcon_core.environment:checking '/home/olee/olee_ros2_ws/src/install/tflidar_ros/lib'
[3.833s] Level 1:colcon.colcon_core.environment:checking '/home/olee/olee_ros2_ws/src/install/tflidar_ros/bin'
[3.833s] Level 1:colcon.colcon_core.environment:checking '/home/olee/olee_ros2_ws/src/install/tflidar_ros/lib/pkgconfig/tflidar_ros.pc'
[3.833s] Level 1:colcon.colcon_core.environment:checking '/home/olee/olee_ros2_ws/src/install/tflidar_ros/lib/python3.10/site-packages'
[3.834s] Level 1:colcon.colcon_core.environment:checking '/home/olee/olee_ros2_ws/src/install/tflidar_ros/bin'
[3.834s] INFO:colcon.colcon_core.shell:Creating package script '/home/olee/olee_ros2_ws/src/install/tflidar_ros/share/tflidar_ros/package.ps1'
[3.834s] INFO:colcon.colcon_core.shell:Creating package descriptor '/home/olee/olee_ros2_ws/src/install/tflidar_ros/share/tflidar_ros/package.dsv'
[3.834s] INFO:colcon.colcon_core.shell:Creating package script '/home/olee/olee_ros2_ws/src/install/tflidar_ros/share/tflidar_ros/package.sh'
[3.834s] INFO:colcon.colcon_core.shell:Creating package script '/home/olee/olee_ros2_ws/src/install/tflidar_ros/share/tflidar_ros/package.bash'
[3.835s] INFO:colcon.colcon_core.shell:Creating package script '/home/olee/olee_ros2_ws/src/install/tflidar_ros/share/tflidar_ros/package.zsh'
[3.835s] Level 1:colcon.colcon_core.environment:create_file_with_runtime_dependencies(/home/olee/olee_ros2_ws/src/install/tflidar_ros/share/colcon-core/packages/tflidar_ros)
[3.835s] DEBUG:colcon.colcon_parallel_executor.executor.parallel:closing loop
[3.835s] DEBUG:colcon.colcon_parallel_executor.executor.parallel:loop closed
[3.835s] DEBUG:colcon.colcon_parallel_executor.executor.parallel:run_until_complete finished with '0'
[3.835s] DEBUG:colcon.colcon_core.event_reactor:joining thread
[3.838s] INFO:colcon.colcon_core.plugin_system:Skipping extension 'colcon_notification.desktop_notification.terminal_notifier': Not used on non-Darwin systems
[3.838s] INFO:colcon.colcon_core.plugin_system:Skipping extension 'colcon_notification.desktop_notification.win32': Not used on non-Windows systems
[3.838s] INFO:colcon.colcon_notification.desktop_notification:Sending desktop notification using 'notify2'
[3.851s] DEBUG:colcon.colcon_core.event_reactor:joined thread
[3.851s] INFO:colcon.colcon_core.shell:Creating prefix script '/home/olee/olee_ros2_ws/src/install/local_setup.ps1'
[3.853s] INFO:colcon.colcon_core.shell:Creating prefix util module '/home/olee/olee_ros2_ws/src/install/_local_setup_util_ps1.py'
[3.855s] INFO:colcon.colcon_core.shell:Creating prefix chain script '/home/olee/olee_ros2_ws/src/install/setup.ps1'
[3.856s] INFO:colcon.colcon_core.shell:Creating prefix script '/home/olee/olee_ros2_ws/src/install/local_setup.sh'
[3.857s] INFO:colcon.colcon_core.shell:Creating prefix util module '/home/olee/olee_ros2_ws/src/install/_local_setup_util_sh.py'
[3.858s] INFO:colcon.colcon_core.shell:Creating prefix chain script '/home/olee/olee_ros2_ws/src/install/setup.sh'
[3.860s] INFO:colcon.colcon_core.shell:Creating prefix script '/home/olee/olee_ros2_ws/src/install/local_setup.bash'
[3.860s] INFO:colcon.colcon_core.shell:Creating prefix chain script '/home/olee/olee_ros2_ws/src/install/setup.bash'
[3.861s] INFO:colcon.colcon_core.shell:Creating prefix script '/home/olee/olee_ros2_ws/src/install/local_setup.zsh'
[3.862s] INFO:colcon.colcon_core.shell:Creating prefix chain script '/home/olee/olee_ros2_ws/src/install/setup.zsh'
