[0.034s] Invoking command in '/home/olee/olee_ros2_ws/src/build/laser_scan_sparsifier': /usr/bin/cmake /home/olee/olee_ros2_ws/src/scan_tools-ros2/laser_scan_sparsifier -DCATKIN_INSTALL_INTO_PREFIX_ROOT=0 -DCATKIN_SYMLINK_INSTALL=ON -DCMAKE_INSTALL_PREFIX=/home/olee/olee_ros2_ws/src/install/laser_scan_sparsifier
[0.243s] -- The C compiler identification is GNU 11.4.0
[0.245s] [0mCMake Deprecation Warning at CMakeLists.txt:1 (cmake_minimum_required):
[0.245s]   Compatibility with CMake < 2.8.12 will be removed from a future version of
[0.245s]   CMake.
[0.245s] 
[0.245s]   Update the VERSION argument <min> value or use a ...<max> suffix to tell
[0.245s]   CMake that the project does not need compatibility with older versions.
[0.245s] 
[0.245s] [0m
[0.255s] -- The CXX compiler identification is GNU 11.4.0
[0.260s] -- Detecting C compiler ABI info
[0.340s] -- Detecting C compiler ABI info - done
[0.347s] -- Check for working C compiler: /usr/bin/cc - skipped
[0.347s] -- Detecting C compile features
[0.349s] -- Detecting C compile features - done
[0.353s] -- Detecting CXX compiler ABI info
[0.442s] -- Detecting CXX compiler ABI info - done
[0.458s] -- Check for working CXX compiler: /usr/bin/c++ - skipped
[0.458s] -- Detecting CXX compile features
[0.458s] -- Detecting CXX compile features - done
[0.476s] -- Configuring incomplete, errors occurred!
[0.476s] See also "/home/olee/olee_ros2_ws/src/build/laser_scan_sparsifier/CMakeFiles/CMakeOutput.log".
[0.476s] [31mCMake Error at CMakeLists.txt:11 (find_package):
[0.476s]   By not providing "Findcatkin.cmake" in CMAKE_MODULE_PATH this project has
[0.476s]   asked CMake to find a package configuration file provided by "catkin", but
[0.477s]   CMake did not find one.
[0.477s] 
[0.477s]   Could not find a package configuration file provided by "catkin" with any
[0.477s]   of the following names:
[0.477s] 
[0.477s]     catkinConfig.cmake
[0.478s]     catkin-config.cmake
[0.478s] 
[0.478s]   Add the installation prefix of "catkin" to CMAKE_PREFIX_PATH or set
[0.479s]   "catkin_DIR" to a directory containing one of the above files.  If "catkin"
[0.479s]   provides a separate development package or SDK, be sure it has been
[0.479s]   installed.
[0.479s] 
[0.480s] [0m
[0.542s] Invoked command in '/home/olee/olee_ros2_ws/src/build/laser_scan_sparsifier' returned '1': /usr/bin/cmake /home/olee/olee_ros2_ws/src/scan_tools-ros2/laser_scan_sparsifier -DCATKIN_INSTALL_INTO_PREFIX_ROOT=0 -DCATKIN_SYMLINK_INSTALL=ON -DCMAKE_INSTALL_PREFIX=/home/olee/olee_ros2_ws/src/install/laser_scan_sparsifier
