[0.009s] Invoking command in '/home/olee/olee_ros2_ws/src/build/cartographer_ros': AMENT_PREFIX_PATH=/home/olee/olee_ros2_ws/src/install/cartographer_ros_msgs:${AMENT_PREFIX_PATH} CMAKE_PREFIX_PATH=/home/olee/olee_ros2_ws/src/install/cartographer_ros_msgs:/home/olee/olee_ros2_ws/install/ydlidar_sdk:/home/olee/olee_ros2_ws/install/ydlidar_ros2_driver:/home/olee/olee_ros2_ws/install/tflidar_ros:/home/olee/olee_ros2_ws/install/slam_toolbox:/home/olee/ros2_ws/install/ydlidar_sdk:/home/olee/ros2_ws/install/ydlidar_ros2_driver:/home/olee/ros2_ws/install/rf2o_laser_odometry:/home/olee/olee_ros2_ws/install/master_olee_controller:/opt/ros/humble LD_LIBRARY_PATH=/home/olee/olee_ros2_ws/src/install/cartographer_ros_msgs/lib:${LD_LIBRARY_PATH} PYTHONPATH=/home/olee/olee_ros2_ws/src/install/cartographer_ros_msgs/local/lib/python3.10/dist-packages:${PYTHONPATH} /usr/bin/cmake /home/olee/olee_ros2_ws/src/cartographer_ros-ros2/cartographer_ros -DAMENT_CMAKE_SYMLINK_INSTALL=1 -DCMAKE_INSTALL_PREFIX=/home/olee/olee_ros2_ws/src/install/cartographer_ros
[0.083s] -- The C compiler identification is GNU 11.4.0
[0.138s] -- The CXX compiler identification is GNU 11.4.0
[0.143s] -- Detecting C compiler ABI info
[0.227s] -- Detecting C compiler ABI info - done
[0.233s] -- Check for working C compiler: /usr/bin/cc - skipped
[0.233s] -- Detecting C compile features
[0.233s] -- Detecting C compile features - done
[0.235s] -- Detecting CXX compiler ABI info
[0.306s] -- Detecting CXX compiler ABI info - done
[0.311s] -- Check for working CXX compiler: /usr/bin/c++ - skipped
[0.311s] -- Detecting CXX compile features
[0.311s] -- Detecting CXX compile features - done
[0.313s] -- Found ament_cmake: 1.3.12 (/opt/ros/humble/share/ament_cmake/cmake)
[0.533s] -- Found Python3: /usr/bin/python3 (found version "3.10.12") found components: Interpreter 
[0.580s] -- Override CMake install command with custom implementation using symlinks instead of copying resources
[0.616s] -- Looking for pthread.h
[0.706s] -- Looking for pthread.h - found
[0.706s] -- Performing Test CMAKE_HAVE_LIBC_PTHREAD
[0.784s] -- Performing Test CMAKE_HAVE_LIBC_PTHREAD - Success
[0.785s] -- Found Threads: TRUE  
[0.796s] -- Found builtin_interfaces: 1.2.2 (/opt/ros/humble/share/builtin_interfaces/cmake)
[0.818s] -- Found rosidl_generator_c: 3.1.7 (/opt/ros/humble/share/rosidl_generator_c/cmake)
[0.821s] -- Found rosidl_adapter: 3.1.7 (/opt/ros/humble/share/rosidl_adapter/cmake)
[0.826s] -- Found rosidl_generator_cpp: 3.1.7 (/opt/ros/humble/share/rosidl_generator_cpp/cmake)
[0.833s] -- Using all available rosidl_typesupport_c: rosidl_typesupport_fastrtps_c;rosidl_typesupport_introspection_c
[0.843s] -- Using all available rosidl_typesupport_cpp: rosidl_typesupport_fastrtps_cpp;rosidl_typesupport_introspection_cpp
[0.860s] -- Found required Ceres dependency: Eigen version 3.4.0 in /usr/include/eigen3
[0.863s] -- Found required Ceres dependency: glog
[0.864s] -- Found required Ceres dependency: gflags
[0.864s] -- Found Ceres version: 2.0.0 installed in: /usr with components: [EigenSparse, SparseLinearAlgebraLibrary, LAPACK, SuiteSparse, CXSparse, SchurSpecializations, Multithreading]
[0.876s] -- Found Boost: /usr/lib/x86_64-linux-gnu/cmake/Boost-1.74.0/BoostConfig.cmake (found version "1.74.0") found components: iostreams 
[0.877s] -- Found cartographer_ros_msgs: 2.0.9003 (/home/olee/olee_ros2_ws/src/install/cartographer_ros_msgs/share/cartographer_ros_msgs/cmake)
[0.909s] -- Found nav_msgs: 4.9.0 (/opt/ros/humble/share/nav_msgs/cmake)
[0.932s] -- Checking for module 'eigen3'
[0.946s] --   Found eigen3, version 3.4.0
[0.986s] -- Found Eigen: /usr/include/eigen3 (Required is at least version "3.1") 
[0.986s] -- Eigen found (include: /usr/include/eigen3, version: 3.4.0)
[1.010s] -- Found Boost: /usr/lib/x86_64-linux-gnu/cmake/Boost-1.74.0/BoostConfig.cmake (found suitable version "1.74.0", minimum required is "1.65.0") found components: system filesystem date_time iostreams serialization 
[1.011s] -- looking for PCL_COMMON
[1.012s] -- Found PCL_COMMON: /usr/lib/x86_64-linux-gnu/libpcl_common.so  
[1.012s] -- Found PCL: pcl_common;Boost::system;Boost::filesystem;Boost::date_time;Boost::iostreams;Boost::serialization  
[1.014s] -- Found pcl_conversions: 2.4.5 (/opt/ros/humble/share/pcl_conversions/cmake)
[1.042s] -- Found rmw_implementation_cmake: 6.1.2 (/opt/ros/humble/share/rmw_implementation_cmake/cmake)
[1.043s] -- Found rmw_fastrtps_cpp: 6.2.9 (/opt/ros/humble/share/rmw_fastrtps_cpp/cmake)
[1.128s] -- Found OpenSSL: /usr/lib/x86_64-linux-gnu/libcrypto.so (found version "3.0.2")  
[1.160s] -- Found FastRTPS: /opt/ros/humble/include  
[1.198s] -- Using RMW implementation 'rmw_fastrtps_cpp' as default
[1.270s] -- Found ros_environment: 3.2.2 (/opt/ros/humble/share/ros_environment/cmake)
[1.271s] -- Found rosbag2_cpp: 0.15.15 (/opt/ros/humble/share/rosbag2_cpp/cmake)
[1.298s] -- Found tf2: 0.25.16 (/opt/ros/humble/share/tf2/cmake)
[1.301s] -- Found tf2_eigen: 0.25.16 (/opt/ros/humble/share/tf2_eigen/cmake)
[1.356s] -- Found urdf: 2.6.1 (/opt/ros/humble/share/urdf/cmake)
[1.363s] -- Found visualization_msgs: 4.9.0 (/opt/ros/humble/share/visualization_msgs/cmake)
[1.379s] -- Found PkgConfig: /usr/bin/pkg-config (found version "0.29.2") 
[1.379s] -- Checking for one of the modules 'cairo>=1.12.16'
[1.524s] -- Configuring done
[1.587s] -- Generating done
[1.600s] -- Build files have been written to: /home/olee/olee_ros2_ws/src/build/cartographer_ros
[1.608s] Invoked command in '/home/olee/olee_ros2_ws/src/build/cartographer_ros' returned '0': AMENT_PREFIX_PATH=/home/olee/olee_ros2_ws/src/install/cartographer_ros_msgs:${AMENT_PREFIX_PATH} CMAKE_PREFIX_PATH=/home/olee/olee_ros2_ws/src/install/cartographer_ros_msgs:/home/olee/olee_ros2_ws/install/ydlidar_sdk:/home/olee/olee_ros2_ws/install/ydlidar_ros2_driver:/home/olee/olee_ros2_ws/install/tflidar_ros:/home/olee/olee_ros2_ws/install/slam_toolbox:/home/olee/ros2_ws/install/ydlidar_sdk:/home/olee/ros2_ws/install/ydlidar_ros2_driver:/home/olee/ros2_ws/install/rf2o_laser_odometry:/home/olee/olee_ros2_ws/install/master_olee_controller:/opt/ros/humble LD_LIBRARY_PATH=/home/olee/olee_ros2_ws/src/install/cartographer_ros_msgs/lib:${LD_LIBRARY_PATH} PYTHONPATH=/home/olee/olee_ros2_ws/src/install/cartographer_ros_msgs/local/lib/python3.10/dist-packages:${PYTHONPATH} /usr/bin/cmake /home/olee/olee_ros2_ws/src/cartographer_ros-ros2/cartographer_ros -DAMENT_CMAKE_SYMLINK_INSTALL=1 -DCMAKE_INSTALL_PREFIX=/home/olee/olee_ros2_ws/src/install/cartographer_ros
[1.610s] Invoking command in '/home/olee/olee_ros2_ws/src/build/cartographer_ros': AMENT_PREFIX_PATH=/home/olee/olee_ros2_ws/src/install/cartographer_ros_msgs:${AMENT_PREFIX_PATH} CMAKE_PREFIX_PATH=/home/olee/olee_ros2_ws/src/install/cartographer_ros_msgs:/home/olee/olee_ros2_ws/install/ydlidar_sdk:/home/olee/olee_ros2_ws/install/ydlidar_ros2_driver:/home/olee/olee_ros2_ws/install/tflidar_ros:/home/olee/olee_ros2_ws/install/slam_toolbox:/home/olee/ros2_ws/install/ydlidar_sdk:/home/olee/ros2_ws/install/ydlidar_ros2_driver:/home/olee/ros2_ws/install/rf2o_laser_odometry:/home/olee/olee_ros2_ws/install/master_olee_controller:/opt/ros/humble LD_LIBRARY_PATH=/home/olee/olee_ros2_ws/src/install/cartographer_ros_msgs/lib:${LD_LIBRARY_PATH} PYTHONPATH=/home/olee/olee_ros2_ws/src/install/cartographer_ros_msgs/local/lib/python3.10/dist-packages:${PYTHONPATH} /usr/bin/cmake --build /home/olee/olee_ros2_ws/src/build/cartographer_ros -- -j12 -l12
[1.661s] [  2%] [32mBuilding CXX object CMakeFiles/cartographer_ros.dir/src/assets_writer.cpp.o[0m
[1.661s] [  5%] [32mBuilding CXX object CMakeFiles/cartographer_ros.dir/src/map_builder_bridge.cpp.o[0m
[1.661s] [  8%] [32mBuilding CXX object CMakeFiles/cartographer_ros.dir/src/ros_log_sink.cpp.o[0m
[1.662s] [ 11%] [32mBuilding CXX object CMakeFiles/cartographer_ros.dir/src/node_constants.cpp.o[0m
[1.663s] [ 14%] [32mBuilding CXX object CMakeFiles/cartographer_ros.dir/src/node.cpp.o[0m
[1.663s] [ 17%] [32mBuilding CXX object CMakeFiles/cartographer_ros.dir/src/node_options.cpp.o[0m
[1.663s] [ 22%] [32mBuilding CXX object CMakeFiles/cartographer_ros.dir/src/ros_map_writing_points_processor.cpp.o[0m
[1.663s] [ 22%] [32mBuilding CXX object CMakeFiles/cartographer_ros.dir/src/offline_node.cpp.o[0m
[1.663s] [ 25%] [32mBuilding CXX object CMakeFiles/cartographer_ros.dir/src/playable_bag.cpp.o[0m
[1.664s] [ 28%] [32mBuilding CXX object CMakeFiles/cartographer_ros.dir/src/ros_map.cpp.o[0m
[1.664s] [ 31%] [32mBuilding CXX object CMakeFiles/cartographer_ros.dir/src/msg_conversion.cpp.o[0m
[1.668s] [ 34%] [32mBuilding CXX object CMakeFiles/cartographer_ros.dir/src/sensor_bridge.cpp.o[0m
[2.166s] [ 37%] [32mBuilding CXX object CMakeFiles/cartographer_ros.dir/src/submap.cpp.o[0m
[4.371s] [ 40%] [32mBuilding CXX object CMakeFiles/cartographer_ros.dir/src/tf_bridge.cpp.o[0m
[6.438s] [ 42%] [32mBuilding CXX object CMakeFiles/cartographer_ros.dir/src/time_conversion.cpp.o[0m
[6.462s] [ 45%] [32mBuilding CXX object CMakeFiles/cartographer_ros.dir/src/trajectory_options.cpp.o[0m
[6.873s] [ 48%] [32mBuilding CXX object CMakeFiles/cartographer_ros.dir/src/urdf_reader.cpp.o[0m
[9.802s] [ 51%] [32mBuilding CXX object CMakeFiles/cartographer_ros.dir/src/metrics/family_factory.cpp.o[0m
[13.443s] [ 54%] [32mBuilding CXX object CMakeFiles/cartographer_ros.dir/src/metrics/internal/family.cpp.o[0m
[13.574s] [ 57%] [32mBuilding CXX object CMakeFiles/cartographer_ros.dir/src/metrics/internal/histogram.cpp.o[0m
[35.854s] [ 60%] [32m[1mLinking CXX shared library libcartographer_ros.so[0m
[38.593s] [ 60%] Built target cartographer_ros
[38.611s] [ 62%] [32mBuilding CXX object CMakeFiles/cartographer_assets_writer.dir/src/assets_writer_main.cpp.o[0m
[38.611s] [ 65%] [32mBuilding CXX object CMakeFiles/cartographer_offline_node.dir/src/offline_node_main.cpp.o[0m
[38.615s] [ 68%] [32mBuilding CXX object CMakeFiles/cartographer_occupancy_grid_node.dir/src/occupancy_grid_node_main.cpp.o[0m
[38.617s] [ 71%] [32mBuilding CXX object CMakeFiles/cartographer_node.dir/src/node_main.cpp.o[0m
[38.620s] [ 74%] [32mBuilding CXX object CMakeFiles/cartographer_pbstream_to_ros_map.dir/src/pbstream_to_ros_map_main.cpp.o[0m
[38.620s] [ 77%] [32mBuilding CXX object CMakeFiles/cartographer_pbstream_map_publisher.dir/src/pbstream_map_publisher_main.cpp.o[0m
[38.621s] [ 80%] [32mBuilding CXX object CMakeFiles/cartographer_rosbag_validate.dir/src/rosbag_validate_main.cpp.o[0m
[45.961s] [ 82%] [32m[1mLinking CXX executable cartographer_pbstream_to_ros_map[0m
[48.264s] [ 85%] [32m[1mLinking CXX executable cartographer_assets_writer[0m
[48.433s] [ 85%] Built target cartographer_pbstream_to_ros_map
[49.139s] [ 88%] [32m[1mLinking CXX executable cartographer_node[0m
[49.478s] [ 91%] [32m[1mLinking CXX executable cartographer_offline_node[0m
[50.224s] [ 91%] Built target cartographer_assets_writer
[51.506s] [ 91%] Built target cartographer_node
[51.739s] [ 91%] Built target cartographer_offline_node
[53.096s] [ 94%] [32m[1mLinking CXX executable cartographer_rosbag_validate[0m
[53.525s] [ 97%] [32m[1mLinking CXX executable cartographer_pbstream_map_publisher[0m
[54.506s] [ 97%] Built target cartographer_rosbag_validate
[55.301s] [ 97%] Built target cartographer_pbstream_map_publisher
[55.955s] [100%] [32m[1mLinking CXX executable cartographer_occupancy_grid_node[0m
[57.190s] [100%] Built target cartographer_occupancy_grid_node
[57.207s] Invoked command in '/home/olee/olee_ros2_ws/src/build/cartographer_ros' returned '0': AMENT_PREFIX_PATH=/home/olee/olee_ros2_ws/src/install/cartographer_ros_msgs:${AMENT_PREFIX_PATH} CMAKE_PREFIX_PATH=/home/olee/olee_ros2_ws/src/install/cartographer_ros_msgs:/home/olee/olee_ros2_ws/install/ydlidar_sdk:/home/olee/olee_ros2_ws/install/ydlidar_ros2_driver:/home/olee/olee_ros2_ws/install/tflidar_ros:/home/olee/olee_ros2_ws/install/slam_toolbox:/home/olee/ros2_ws/install/ydlidar_sdk:/home/olee/ros2_ws/install/ydlidar_ros2_driver:/home/olee/ros2_ws/install/rf2o_laser_odometry:/home/olee/olee_ros2_ws/install/master_olee_controller:/opt/ros/humble LD_LIBRARY_PATH=/home/olee/olee_ros2_ws/src/install/cartographer_ros_msgs/lib:${LD_LIBRARY_PATH} PYTHONPATH=/home/olee/olee_ros2_ws/src/install/cartographer_ros_msgs/local/lib/python3.10/dist-packages:${PYTHONPATH} /usr/bin/cmake --build /home/olee/olee_ros2_ws/src/build/cartographer_ros -- -j12 -l12
[57.210s] Invoking command in '/home/olee/olee_ros2_ws/src/build/cartographer_ros': AMENT_PREFIX_PATH=/home/olee/olee_ros2_ws/src/install/cartographer_ros_msgs:${AMENT_PREFIX_PATH} CMAKE_PREFIX_PATH=/home/olee/olee_ros2_ws/src/install/cartographer_ros_msgs:/home/olee/olee_ros2_ws/install/ydlidar_sdk:/home/olee/olee_ros2_ws/install/ydlidar_ros2_driver:/home/olee/olee_ros2_ws/install/tflidar_ros:/home/olee/olee_ros2_ws/install/slam_toolbox:/home/olee/ros2_ws/install/ydlidar_sdk:/home/olee/ros2_ws/install/ydlidar_ros2_driver:/home/olee/ros2_ws/install/rf2o_laser_odometry:/home/olee/olee_ros2_ws/install/master_olee_controller:/opt/ros/humble LD_LIBRARY_PATH=/home/olee/olee_ros2_ws/src/install/cartographer_ros_msgs/lib:${LD_LIBRARY_PATH} PYTHONPATH=/home/olee/olee_ros2_ws/src/install/cartographer_ros_msgs/local/lib/python3.10/dist-packages:${PYTHONPATH} /usr/bin/cmake --install /home/olee/olee_ros2_ws/src/build/cartographer_ros
[57.222s] -- Install configuration: ""
[57.223s] -- Execute custom install script
[57.223s] -- Symlinking: /home/olee/olee_ros2_ws/src/install/cartographer_ros/lib/cartographer_ros/cartographer_node
[57.234s] -- Symlinking: /home/olee/olee_ros2_ws/src/install/cartographer_ros/lib/cartographer_ros/cartographer_occupancy_grid_node
[57.246s] -- Symlinking: /home/olee/olee_ros2_ws/src/install/cartographer_ros/lib/cartographer_ros/cartographer_offline_node
[57.255s] -- Symlinking: /home/olee/olee_ros2_ws/src/install/cartographer_ros/lib/cartographer_ros/cartographer_assets_writer
[57.261s] -- Symlinking: /home/olee/olee_ros2_ws/src/install/cartographer_ros/lib/cartographer_ros/cartographer_pbstream_map_publisher
[57.270s] -- Symlinking: /home/olee/olee_ros2_ws/src/install/cartographer_ros/lib/cartographer_ros/cartographer_pbstream_to_ros_map
[57.280s] -- Symlinking: /home/olee/olee_ros2_ws/src/install/cartographer_ros/lib/cartographer_ros/cartographer_rosbag_validate
[57.289s] -- Symlinking: /home/olee/olee_ros2_ws/src/install/cartographer_ros/include/cartographer_ros/cartographer_ros/assets_writer.h
[57.299s] -- Symlinking: /home/olee/olee_ros2_ws/src/install/cartographer_ros/include/cartographer_ros/cartographer_ros/map_builder_bridge.h
[57.306s] -- Symlinking: /home/olee/olee_ros2_ws/src/install/cartographer_ros/include/cartographer_ros/cartographer_ros/metrics/family_factory.h
[57.315s] -- Symlinking: /home/olee/olee_ros2_ws/src/install/cartographer_ros/include/cartographer_ros/cartographer_ros/metrics/internal/counter.h
[57.322s] -- Symlinking: /home/olee/olee_ros2_ws/src/install/cartographer_ros/include/cartographer_ros/cartographer_ros/metrics/internal/family.h
[57.329s] -- Symlinking: /home/olee/olee_ros2_ws/src/install/cartographer_ros/include/cartographer_ros/cartographer_ros/metrics/internal/gauge.h
[57.336s] -- Symlinking: /home/olee/olee_ros2_ws/src/install/cartographer_ros/include/cartographer_ros/cartographer_ros/metrics/internal/histogram.h
[57.341s] -- Symlinking: /home/olee/olee_ros2_ws/src/install/cartographer_ros/include/cartographer_ros/cartographer_ros/msg_conversion.h
[57.350s] -- Symlinking: /home/olee/olee_ros2_ws/src/install/cartographer_ros/include/cartographer_ros/cartographer_ros/node.h
[57.356s] -- Symlinking: /home/olee/olee_ros2_ws/src/install/cartographer_ros/include/cartographer_ros/cartographer_ros/node_constants.h
[57.366s] -- Symlinking: /home/olee/olee_ros2_ws/src/install/cartographer_ros/include/cartographer_ros/cartographer_ros/node_options.h
[57.376s] -- Symlinking: /home/olee/olee_ros2_ws/src/install/cartographer_ros/include/cartographer_ros/cartographer_ros/offline_node.h
[57.385s] -- Symlinking: /home/olee/olee_ros2_ws/src/install/cartographer_ros/include/cartographer_ros/cartographer_ros/playable_bag.h
[57.394s] -- Symlinking: /home/olee/olee_ros2_ws/src/install/cartographer_ros/include/cartographer_ros/cartographer_ros/ros_log_sink.h
[57.403s] -- Symlinking: /home/olee/olee_ros2_ws/src/install/cartographer_ros/include/cartographer_ros/cartographer_ros/ros_map.h
[57.413s] -- Symlinking: /home/olee/olee_ros2_ws/src/install/cartographer_ros/include/cartographer_ros/cartographer_ros/ros_map_writing_points_processor.h
[57.423s] -- Symlinking: /home/olee/olee_ros2_ws/src/install/cartographer_ros/include/cartographer_ros/cartographer_ros/sensor_bridge.h
[57.433s] -- Symlinking: /home/olee/olee_ros2_ws/src/install/cartographer_ros/include/cartographer_ros/cartographer_ros/submap.h
[57.439s] -- Symlinking: /home/olee/olee_ros2_ws/src/install/cartographer_ros/include/cartographer_ros/cartographer_ros/tf_bridge.h
[57.449s] -- Symlinking: /home/olee/olee_ros2_ws/src/install/cartographer_ros/include/cartographer_ros/cartographer_ros/time_conversion.h
[57.460s] -- Symlinking: /home/olee/olee_ros2_ws/src/install/cartographer_ros/include/cartographer_ros/cartographer_ros/trajectory_options.h
[57.470s] -- Symlinking: /home/olee/olee_ros2_ws/src/install/cartographer_ros/include/cartographer_ros/cartographer_ros/urdf_reader.h
[57.483s] -- Symlinking: /home/olee/olee_ros2_ws/src/install/cartographer_ros/share/cartographer_ros//configuration_files/assets_writer_backpack_2d.lua
[57.495s] -- Symlinking: /home/olee/olee_ros2_ws/src/install/cartographer_ros/share/cartographer_ros//configuration_files/assets_writer_backpack_2d_ci.lua
[57.506s] -- Symlinking: /home/olee/olee_ros2_ws/src/install/cartographer_ros/share/cartographer_ros//configuration_files/assets_writer_backpack_3d.lua
[57.515s] -- Symlinking: /home/olee/olee_ros2_ws/src/install/cartographer_ros/share/cartographer_ros//configuration_files/assets_writer_ros_map.lua
[57.525s] -- Symlinking: /home/olee/olee_ros2_ws/src/install/cartographer_ros/share/cartographer_ros//configuration_files/backpack_2d.lua
[57.534s] -- Symlinking: /home/olee/olee_ros2_ws/src/install/cartographer_ros/share/cartographer_ros//configuration_files/backpack_2d_localization.lua
[57.545s] -- Symlinking: /home/olee/olee_ros2_ws/src/install/cartographer_ros/share/cartographer_ros//configuration_files/backpack_2d_localization_evaluation.lua
[57.558s] -- Symlinking: /home/olee/olee_ros2_ws/src/install/cartographer_ros/share/cartographer_ros//configuration_files/backpack_2d_server.lua
[57.570s] -- Symlinking: /home/olee/olee_ros2_ws/src/install/cartographer_ros/share/cartographer_ros//configuration_files/backpack_3d.lua
[57.581s] -- Symlinking: /home/olee/olee_ros2_ws/src/install/cartographer_ros/share/cartographer_ros//configuration_files/backpack_3d_localization.lua
[57.591s] -- Symlinking: /home/olee/olee_ros2_ws/src/install/cartographer_ros/share/cartographer_ros//configuration_files/demo_2d.rviz
[57.600s] -- Symlinking: /home/olee/olee_ros2_ws/src/install/cartographer_ros/share/cartographer_ros//configuration_files/demo_3d.rviz
[57.607s] -- Symlinking: /home/olee/olee_ros2_ws/src/install/cartographer_ros/share/cartographer_ros//configuration_files/mir-100-mapping.lua
[57.616s] -- Symlinking: /home/olee/olee_ros2_ws/src/install/cartographer_ros/share/cartographer_ros//configuration_files/pr2.lua
[57.625s] -- Symlinking: /home/olee/olee_ros2_ws/src/install/cartographer_ros/share/cartographer_ros//configuration_files/revo_lds.lua
[57.631s] -- Symlinking: /home/olee/olee_ros2_ws/src/install/cartographer_ros/share/cartographer_ros//configuration_files/taurob_tracker.lua
[57.637s] -- Symlinking: /home/olee/olee_ros2_ws/src/install/cartographer_ros/share/cartographer_ros//configuration_files/transform.lua
[57.643s] -- Symlinking: /home/olee/olee_ros2_ws/src/install/cartographer_ros/share/cartographer_ros//configuration_files/visualize_pbstream.lua
[57.666s] -- Symlinking: /home/olee/olee_ros2_ws/src/install/cartographer_ros/share/cartographer_ros//urdf/backpack_2d.urdf
[57.679s] -- Symlinking: /home/olee/olee_ros2_ws/src/install/cartographer_ros/share/cartographer_ros//urdf/backpack_3d.urdf
[57.685s] -- Symlinking: /home/olee/olee_ros2_ws/src/install/cartographer_ros/share/cartographer_ros//urdf/mir-100.urdf
[57.693s] -- Symlinking: /home/olee/olee_ros2_ws/src/install/cartographer_ros/share/cartographer_ros//launch/assets_writer_backpack_2d.launch.py
[57.700s] -- Symlinking: /home/olee/olee_ros2_ws/src/install/cartographer_ros/share/cartographer_ros//launch/assets_writer_backpack_3d.launch.py
[57.707s] -- Symlinking: /home/olee/olee_ros2_ws/src/install/cartographer_ros/share/cartographer_ros//launch/assets_writer_ros_map.launch.py
[57.713s] -- Symlinking: /home/olee/olee_ros2_ws/src/install/cartographer_ros/share/cartographer_ros//launch/backpack_2d.launch.py
[57.720s] -- Symlinking: /home/olee/olee_ros2_ws/src/install/cartographer_ros/share/cartographer_ros//launch/backpack_3d.launch.py
[57.726s] -- Symlinking: /home/olee/olee_ros2_ws/src/install/cartographer_ros/share/cartographer_ros//launch/demo_backpack_2d.launch.py
[57.731s] -- Symlinking: /home/olee/olee_ros2_ws/src/install/cartographer_ros/share/cartographer_ros//launch/demo_backpack_2d_localization.launch.py
[57.738s] -- Symlinking: /home/olee/olee_ros2_ws/src/install/cartographer_ros/share/cartographer_ros//launch/demo_backpack_3d.launch.py
[57.743s] -- Symlinking: /home/olee/olee_ros2_ws/src/install/cartographer_ros/share/cartographer_ros//launch/demo_backpack_3d_localization.launch.py
[57.749s] -- Symlinking: /home/olee/olee_ros2_ws/src/install/cartographer_ros/share/cartographer_ros//launch/demo_pr2.launch
[57.757s] -- Symlinking: /home/olee/olee_ros2_ws/src/install/cartographer_ros/share/cartographer_ros//launch/demo_revo_lds.launch.py
[57.762s] -- Symlinking: /home/olee/olee_ros2_ws/src/install/cartographer_ros/share/cartographer_ros//launch/demo_taurob_tracker.launch.py
[57.767s] -- Symlinking: /home/olee/olee_ros2_ws/src/install/cartographer_ros/share/cartographer_ros//launch/grpc_demo_backpack_2d.launch
[57.776s] -- Symlinking: /home/olee/olee_ros2_ws/src/install/cartographer_ros/share/cartographer_ros//launch/grpc_demo_backpack_2d_localization.launch
[57.787s] -- Symlinking: /home/olee/olee_ros2_ws/src/install/cartographer_ros/share/cartographer_ros//launch/offline_backpack_2d.launch.py
[57.796s] -- Symlinking: /home/olee/olee_ros2_ws/src/install/cartographer_ros/share/cartographer_ros//launch/offline_backpack_3d.launch.py
[57.805s] -- Symlinking: /home/olee/olee_ros2_ws/src/install/cartographer_ros/share/cartographer_ros//launch/offline_mir_100_rviz.launch.py
[57.814s] -- Symlinking: /home/olee/olee_ros2_ws/src/install/cartographer_ros/share/cartographer_ros//launch/offline_node.launch.py
[57.824s] -- Symlinking: /home/olee/olee_ros2_ws/src/install/cartographer_ros/share/cartographer_ros//launch/taurob_tracker.launch.py
[57.834s] -- Symlinking: /home/olee/olee_ros2_ws/src/install/cartographer_ros/share/cartographer_ros//launch/visualize_pbstream.launch.py
[57.844s] -- Symlinking: /home/olee/olee_ros2_ws/src/install/cartographer_ros/share/cartographer_ros/environment/library_path.sh
[57.856s] -- Symlinking: /home/olee/olee_ros2_ws/src/install/cartographer_ros/share/cartographer_ros/environment/library_path.dsv
[57.868s] -- Symlinking: /home/olee/olee_ros2_ws/src/install/cartographer_ros/share/ament_index/resource_index/package_run_dependencies/cartographer_ros
[57.879s] -- Symlinking: /home/olee/olee_ros2_ws/src/install/cartographer_ros/share/ament_index/resource_index/parent_prefix_path/cartographer_ros
[57.890s] -- Symlinking: /home/olee/olee_ros2_ws/src/install/cartographer_ros/share/cartographer_ros/environment/ament_prefix_path.sh
[57.899s] -- Symlinking: /home/olee/olee_ros2_ws/src/install/cartographer_ros/share/cartographer_ros/environment/ament_prefix_path.dsv
[57.908s] -- Symlinking: /home/olee/olee_ros2_ws/src/install/cartographer_ros/share/cartographer_ros/environment/path.sh
[57.918s] -- Symlinking: /home/olee/olee_ros2_ws/src/install/cartographer_ros/share/cartographer_ros/environment/path.dsv
[57.928s] -- Symlinking: /home/olee/olee_ros2_ws/src/install/cartographer_ros/share/cartographer_ros/local_setup.bash
[57.938s] -- Symlinking: /home/olee/olee_ros2_ws/src/install/cartographer_ros/share/cartographer_ros/local_setup.sh
[57.948s] -- Symlinking: /home/olee/olee_ros2_ws/src/install/cartographer_ros/share/cartographer_ros/local_setup.zsh
[57.959s] -- Symlinking: /home/olee/olee_ros2_ws/src/install/cartographer_ros/share/cartographer_ros/local_setup.dsv
[57.969s] -- Symlinking: /home/olee/olee_ros2_ws/src/install/cartographer_ros/share/cartographer_ros/package.dsv
[57.979s] -- Symlinking: /home/olee/olee_ros2_ws/src/install/cartographer_ros/share/ament_index/resource_index/packages/cartographer_ros
[57.988s] -- Symlinking: /home/olee/olee_ros2_ws/src/install/cartographer_ros/share/cartographer_ros/cmake/ament_cmake_export_targets-extras.cmake
[57.999s] -- Symlinking: /home/olee/olee_ros2_ws/src/install/cartographer_ros/share/cartographer_ros/cmake/ament_cmake_export_include_directories-extras.cmake
[58.007s] -- Symlinking: /home/olee/olee_ros2_ws/src/install/cartographer_ros/share/cartographer_ros/cmake/ament_cmake_export_libraries-extras.cmake
[58.016s] -- Symlinking: /home/olee/olee_ros2_ws/src/install/cartographer_ros/share/cartographer_ros/cmake/ament_cmake_export_dependencies-extras.cmake
[58.026s] -- Symlinking: /home/olee/olee_ros2_ws/src/install/cartographer_ros/share/cartographer_ros/cmake/cartographer_rosConfig.cmake
[58.034s] -- Symlinking: /home/olee/olee_ros2_ws/src/install/cartographer_ros/share/cartographer_ros/cmake/cartographer_rosConfig-version.cmake
[58.044s] -- Symlinking: /home/olee/olee_ros2_ws/src/install/cartographer_ros/share/cartographer_ros/package.xml
[58.053s] -- Installing: /home/olee/olee_ros2_ws/src/install/cartographer_ros/lib/libcartographer_ros.so
[58.077s] -- Set runtime path of "/home/olee/olee_ros2_ws/src/install/cartographer_ros/lib/libcartographer_ros.so" to ""
[58.077s] -- Installing: /home/olee/olee_ros2_ws/src/install/cartographer_ros/share/cartographer_ros/cmake/cartographer_rosExport.cmake
[58.077s] -- Installing: /home/olee/olee_ros2_ws/src/install/cartographer_ros/share/cartographer_ros/cmake/cartographer_rosExport-noconfig.cmake
[58.079s] Invoked command in '/home/olee/olee_ros2_ws/src/build/cartographer_ros' returned '0': AMENT_PREFIX_PATH=/home/olee/olee_ros2_ws/src/install/cartographer_ros_msgs:${AMENT_PREFIX_PATH} CMAKE_PREFIX_PATH=/home/olee/olee_ros2_ws/src/install/cartographer_ros_msgs:/home/olee/olee_ros2_ws/install/ydlidar_sdk:/home/olee/olee_ros2_ws/install/ydlidar_ros2_driver:/home/olee/olee_ros2_ws/install/tflidar_ros:/home/olee/olee_ros2_ws/install/slam_toolbox:/home/olee/ros2_ws/install/ydlidar_sdk:/home/olee/ros2_ws/install/ydlidar_ros2_driver:/home/olee/ros2_ws/install/rf2o_laser_odometry:/home/olee/olee_ros2_ws/install/master_olee_controller:/opt/ros/humble LD_LIBRARY_PATH=/home/olee/olee_ros2_ws/src/install/cartographer_ros_msgs/lib:${LD_LIBRARY_PATH} PYTHONPATH=/home/olee/olee_ros2_ws/src/install/cartographer_ros_msgs/local/lib/python3.10/dist-packages:${PYTHONPATH} /usr/bin/cmake --install /home/olee/olee_ros2_ws/src/build/cartographer_ros
