[0.068s] DEBUG:colcon:Command line arguments: ['/usr/bin/colcon', 'build', '--symlink-install']
[0.068s] DEBUG:colcon:Parsed command line arguments: Namespace(log_base=None, log_level=None, verb_name='build', build_base='build', install_base='install', merge_install=False, symlink_install=True, test_result_base=None, continue_on_error=False, executor='parallel', parallel_workers=12, event_handlers=None, ignore_user_meta=False, metas=['./colcon.meta'], base_paths=['.'], packages_ignore=None, packages_ignore_regex=None, paths=None, packages_up_to=None, packages_up_to_regex=None, packages_above=None, packages_above_and_dependencies=None, packages_above_depth=None, packages_select_by_dep=None, packages_skip_by_dep=None, packages_skip_up_to=None, packages_select_build_failed=False, packages_skip_build_finished=False, packages_select_test_failures=False, packages_skip_test_passed=False, packages_select=None, packages_skip=None, packages_select_regex=None, packages_skip_regex=None, packages_start=None, packages_end=None, allow_overriding=[], cmake_args=None, cmake_target=None, cmake_target_skip_unavailable=False, cmake_clean_cache=False, cmake_clean_first=False, cmake_force_configure=False, ament_cmake_args=None, catkin_cmake_args=None, catkin_skip_building_tests=False, verb_parser=<colcon_defaults.argument_parser.defaults.DefaultArgumentsDecorator object at 0x7baea2d6e590>, verb_extension=<colcon_core.verb.build.BuildVerb object at 0x7baea2d6dff0>, main=<bound method BuildVerb.main of <colcon_core.verb.build.BuildVerb object at 0x7baea2d6dff0>>)
[0.093s] Level 1:colcon.colcon_core.package_discovery:discover_packages(colcon_meta) check parameters
[0.093s] Level 1:colcon.colcon_core.package_discovery:discover_packages(recursive) check parameters
[0.093s] Level 1:colcon.colcon_core.package_discovery:discover_packages(ignore) check parameters
[0.093s] Level 1:colcon.colcon_core.package_discovery:discover_packages(path) check parameters
[0.093s] Level 1:colcon.colcon_core.package_discovery:discover_packages(colcon_meta) discover
[0.093s] Level 1:colcon.colcon_core.package_discovery:discover_packages(recursive) discover
[0.093s] INFO:colcon.colcon_core.package_discovery:Crawling recursively for packages in '/home/olee/olee_ros2_ws/src'
[0.094s] Level 1:colcon.colcon_core.package_identification:_identify(.) by extensions ['ignore', 'ignore_ament_install']
[0.094s] Level 1:colcon.colcon_core.package_identification:_identify(.) by extension 'ignore'
[0.094s] Level 1:colcon.colcon_core.package_identification:_identify(.) by extension 'ignore_ament_install'
[0.094s] Level 1:colcon.colcon_core.package_identification:_identify(.) by extensions ['colcon_pkg']
[0.094s] Level 1:colcon.colcon_core.package_identification:_identify(.) by extension 'colcon_pkg'
[0.094s] Level 1:colcon.colcon_core.package_identification:_identify(.) by extensions ['colcon_meta']
[0.094s] Level 1:colcon.colcon_core.package_identification:_identify(.) by extension 'colcon_meta'
[0.094s] Level 1:colcon.colcon_core.package_identification:_identify(.) by extensions ['ros']
[0.094s] Level 1:colcon.colcon_core.package_identification:_identify(.) by extension 'ros'
[0.104s] Level 1:colcon.colcon_core.package_identification:_identify(.) by extensions ['cmake', 'python']
[0.104s] Level 1:colcon.colcon_core.package_identification:_identify(.) by extension 'cmake'
[0.104s] Level 1:colcon.colcon_core.package_identification:_identify(.) by extension 'python'
[0.104s] Level 1:colcon.colcon_core.package_identification:_identify(.) by extensions ['python_setup_py']
[0.104s] Level 1:colcon.colcon_core.package_identification:_identify(.) by extension 'python_setup_py'
[0.104s] Level 1:colcon.colcon_core.package_identification:_identify(YDLidar-SDK-master) by extensions ['ignore', 'ignore_ament_install']
[0.104s] Level 1:colcon.colcon_core.package_identification:_identify(YDLidar-SDK-master) by extension 'ignore'
[0.104s] Level 1:colcon.colcon_core.package_identification:_identify(YDLidar-SDK-master) by extension 'ignore_ament_install'
[0.104s] Level 1:colcon.colcon_core.package_identification:_identify(YDLidar-SDK-master) by extensions ['colcon_pkg']
[0.104s] Level 1:colcon.colcon_core.package_identification:_identify(YDLidar-SDK-master) by extension 'colcon_pkg'
[0.104s] Level 1:colcon.colcon_core.package_identification:_identify(YDLidar-SDK-master) by extensions ['colcon_meta']
[0.104s] Level 1:colcon.colcon_core.package_identification:_identify(YDLidar-SDK-master) by extension 'colcon_meta'
[0.104s] Level 1:colcon.colcon_core.package_identification:_identify(YDLidar-SDK-master) by extensions ['ros']
[0.104s] Level 1:colcon.colcon_core.package_identification:_identify(YDLidar-SDK-master) by extension 'ros'
[0.104s] Level 1:colcon.colcon_core.package_identification:_identify(YDLidar-SDK-master) by extensions ['cmake', 'python']
[0.104s] Level 1:colcon.colcon_core.package_identification:_identify(YDLidar-SDK-master) by extension 'cmake'
[0.134s] Level 1:colcon.colcon_core.package_identification:_identify(YDLidar-SDK-master) by extension 'python'
[0.134s] DEBUG:colcon.colcon_core.package_identification:Package 'YDLidar-SDK-master' with type 'cmake' and name 'ydlidar_sdk'
[0.134s] Level 1:colcon.colcon_core.package_identification:_identify(build) by extensions ['ignore', 'ignore_ament_install']
[0.134s] Level 1:colcon.colcon_core.package_identification:_identify(build) by extension 'ignore'
[0.134s] Level 1:colcon.colcon_core.package_identification:_identify(build) ignored
[0.135s] Level 1:colcon.colcon_core.package_identification:_identify(install) by extensions ['ignore', 'ignore_ament_install']
[0.135s] Level 1:colcon.colcon_core.package_identification:_identify(install) by extension 'ignore'
[0.135s] Level 1:colcon.colcon_core.package_identification:_identify(install) ignored
[0.135s] Level 1:colcon.colcon_core.package_identification:_identify(log) by extensions ['ignore', 'ignore_ament_install']
[0.135s] Level 1:colcon.colcon_core.package_identification:_identify(log) by extension 'ignore'
[0.135s] Level 1:colcon.colcon_core.package_identification:_identify(log) ignored
[0.135s] Level 1:colcon.colcon_core.package_identification:_identify(master_olee_controller) by extensions ['ignore', 'ignore_ament_install']
[0.135s] Level 1:colcon.colcon_core.package_identification:_identify(master_olee_controller) by extension 'ignore'
[0.135s] Level 1:colcon.colcon_core.package_identification:_identify(master_olee_controller) by extension 'ignore_ament_install'
[0.135s] Level 1:colcon.colcon_core.package_identification:_identify(master_olee_controller) by extensions ['colcon_pkg']
[0.135s] Level 1:colcon.colcon_core.package_identification:_identify(master_olee_controller) by extension 'colcon_pkg'
[0.135s] Level 1:colcon.colcon_core.package_identification:_identify(master_olee_controller) by extensions ['colcon_meta']
[0.135s] Level 1:colcon.colcon_core.package_identification:_identify(master_olee_controller) by extension 'colcon_meta'
[0.135s] Level 1:colcon.colcon_core.package_identification:_identify(master_olee_controller) by extensions ['ros']
[0.135s] Level 1:colcon.colcon_core.package_identification:_identify(master_olee_controller) by extension 'ros'
[0.137s] DEBUG:colcon.colcon_core.package_identification:Package 'master_olee_controller' with type 'ros.ament_python' and name 'master_olee_controller'
[0.137s] Level 1:colcon.colcon_core.package_identification:_identify(rf2o_laser_odometry-ros2) by extensions ['ignore', 'ignore_ament_install']
[0.137s] Level 1:colcon.colcon_core.package_identification:_identify(rf2o_laser_odometry-ros2) by extension 'ignore'
[0.137s] Level 1:colcon.colcon_core.package_identification:_identify(rf2o_laser_odometry-ros2) by extension 'ignore_ament_install'
[0.137s] Level 1:colcon.colcon_core.package_identification:_identify(rf2o_laser_odometry-ros2) by extensions ['colcon_pkg']
[0.137s] Level 1:colcon.colcon_core.package_identification:_identify(rf2o_laser_odometry-ros2) by extension 'colcon_pkg'
[0.137s] Level 1:colcon.colcon_core.package_identification:_identify(rf2o_laser_odometry-ros2) by extensions ['colcon_meta']
[0.137s] Level 1:colcon.colcon_core.package_identification:_identify(rf2o_laser_odometry-ros2) by extension 'colcon_meta'
[0.137s] Level 1:colcon.colcon_core.package_identification:_identify(rf2o_laser_odometry-ros2) by extensions ['ros']
[0.137s] Level 1:colcon.colcon_core.package_identification:_identify(rf2o_laser_odometry-ros2) by extension 'ros'
[0.138s] DEBUG:colcon.colcon_core.package_identification:Package 'rf2o_laser_odometry-ros2' with type 'ros.ament_cmake' and name 'rf2o_laser_odometry'
[0.138s] Level 1:colcon.colcon_core.package_identification:_identify(slam_toolbox-humble) by extensions ['ignore', 'ignore_ament_install']
[0.138s] Level 1:colcon.colcon_core.package_identification:_identify(slam_toolbox-humble) by extension 'ignore'
[0.138s] Level 1:colcon.colcon_core.package_identification:_identify(slam_toolbox-humble) by extension 'ignore_ament_install'
[0.138s] Level 1:colcon.colcon_core.package_identification:_identify(slam_toolbox-humble) by extensions ['colcon_pkg']
[0.138s] Level 1:colcon.colcon_core.package_identification:_identify(slam_toolbox-humble) by extension 'colcon_pkg'
[0.138s] Level 1:colcon.colcon_core.package_identification:_identify(slam_toolbox-humble) by extensions ['colcon_meta']
[0.138s] Level 1:colcon.colcon_core.package_identification:_identify(slam_toolbox-humble) by extension 'colcon_meta'
[0.138s] Level 1:colcon.colcon_core.package_identification:_identify(slam_toolbox-humble) by extensions ['ros']
[0.138s] Level 1:colcon.colcon_core.package_identification:_identify(slam_toolbox-humble) by extension 'ros'
[0.139s] DEBUG:colcon.colcon_core.package_identification:Package 'slam_toolbox-humble' with type 'ros.ament_cmake' and name 'slam_toolbox'
[0.139s] Level 1:colcon.colcon_core.package_identification:_identify(tflidar_ros-ros2) by extensions ['ignore', 'ignore_ament_install']
[0.139s] Level 1:colcon.colcon_core.package_identification:_identify(tflidar_ros-ros2) by extension 'ignore'
[0.139s] Level 1:colcon.colcon_core.package_identification:_identify(tflidar_ros-ros2) by extension 'ignore_ament_install'
[0.139s] Level 1:colcon.colcon_core.package_identification:_identify(tflidar_ros-ros2) by extensions ['colcon_pkg']
[0.139s] Level 1:colcon.colcon_core.package_identification:_identify(tflidar_ros-ros2) by extension 'colcon_pkg'
[0.139s] Level 1:colcon.colcon_core.package_identification:_identify(tflidar_ros-ros2) by extensions ['colcon_meta']
[0.139s] Level 1:colcon.colcon_core.package_identification:_identify(tflidar_ros-ros2) by extension 'colcon_meta'
[0.139s] Level 1:colcon.colcon_core.package_identification:_identify(tflidar_ros-ros2) by extensions ['ros']
[0.139s] Level 1:colcon.colcon_core.package_identification:_identify(tflidar_ros-ros2) by extension 'ros'
[0.139s] DEBUG:colcon.colcon_core.package_identification:Package 'tflidar_ros-ros2' with type 'ros.ament_cmake' and name 'tflidar_ros'
[0.139s] Level 1:colcon.colcon_core.package_identification:_identify(ydlidar_ros2_driver-humble) by extensions ['ignore', 'ignore_ament_install']
[0.140s] Level 1:colcon.colcon_core.package_identification:_identify(ydlidar_ros2_driver-humble) by extension 'ignore'
[0.140s] Level 1:colcon.colcon_core.package_identification:_identify(ydlidar_ros2_driver-humble) by extension 'ignore_ament_install'
[0.140s] Level 1:colcon.colcon_core.package_identification:_identify(ydlidar_ros2_driver-humble) by extensions ['colcon_pkg']
[0.140s] Level 1:colcon.colcon_core.package_identification:_identify(ydlidar_ros2_driver-humble) by extension 'colcon_pkg'
[0.140s] Level 1:colcon.colcon_core.package_identification:_identify(ydlidar_ros2_driver-humble) by extensions ['colcon_meta']
[0.140s] Level 1:colcon.colcon_core.package_identification:_identify(ydlidar_ros2_driver-humble) by extension 'colcon_meta'
[0.140s] Level 1:colcon.colcon_core.package_identification:_identify(ydlidar_ros2_driver-humble) by extensions ['ros']
[0.140s] Level 1:colcon.colcon_core.package_identification:_identify(ydlidar_ros2_driver-humble) by extension 'ros'
[0.140s] DEBUG:colcon.colcon_core.package_identification:Package 'ydlidar_ros2_driver-humble' with type 'ros.ament_cmake' and name 'ydlidar_ros2_driver'
[0.140s] Level 1:colcon.colcon_core.package_discovery:discover_packages(recursive) using defaults
[0.140s] Level 1:colcon.colcon_core.package_discovery:discover_packages(ignore) discover
[0.140s] Level 1:colcon.colcon_core.package_discovery:discover_packages(ignore) using defaults
[0.140s] Level 1:colcon.colcon_core.package_discovery:discover_packages(path) discover
[0.140s] Level 1:colcon.colcon_core.package_discovery:discover_packages(path) using defaults
[0.154s] Level 1:colcon.colcon_core.package_discovery:discover_packages(prefix_path) check parameters
[0.154s] Level 1:colcon.colcon_core.package_discovery:discover_packages(prefix_path) discover
[0.155s] DEBUG:colcon.colcon_installed_package_information.package_discovery:Found 5 installed packages in /home/olee/olee_ros2_ws/install
[0.155s] DEBUG:colcon.colcon_installed_package_information.package_discovery:Found 9 installed packages in /home/olee/ros2_ws/install
[0.156s] DEBUG:colcon.colcon_installed_package_information.package_discovery:Found 274 installed packages in /opt/ros/humble
[0.157s] Level 1:colcon.colcon_core.package_discovery:discover_packages(prefix_path) using defaults
[0.178s] Level 5:colcon.colcon_core.verb:set package 'master_olee_controller' build argument 'cmake_args' from command line to 'None'
[0.178s] Level 5:colcon.colcon_core.verb:set package 'master_olee_controller' build argument 'cmake_target' from command line to 'None'
[0.178s] Level 5:colcon.colcon_core.verb:set package 'master_olee_controller' build argument 'cmake_target_skip_unavailable' from command line to 'False'
[0.178s] Level 5:colcon.colcon_core.verb:set package 'master_olee_controller' build argument 'cmake_clean_cache' from command line to 'False'
[0.178s] Level 5:colcon.colcon_core.verb:set package 'master_olee_controller' build argument 'cmake_clean_first' from command line to 'False'
[0.178s] Level 5:colcon.colcon_core.verb:set package 'master_olee_controller' build argument 'cmake_force_configure' from command line to 'False'
[0.178s] Level 5:colcon.colcon_core.verb:set package 'master_olee_controller' build argument 'ament_cmake_args' from command line to 'None'
[0.178s] Level 5:colcon.colcon_core.verb:set package 'master_olee_controller' build argument 'catkin_cmake_args' from command line to 'None'
[0.178s] Level 5:colcon.colcon_core.verb:set package 'master_olee_controller' build argument 'catkin_skip_building_tests' from command line to 'False'
[0.178s] DEBUG:colcon.colcon_core.verb:Building package 'master_olee_controller' with the following arguments: {'ament_cmake_args': None, 'build_base': '/home/olee/olee_ros2_ws/src/build/master_olee_controller', 'catkin_cmake_args': None, 'catkin_skip_building_tests': False, 'cmake_args': None, 'cmake_clean_cache': False, 'cmake_clean_first': False, 'cmake_force_configure': False, 'cmake_target': None, 'cmake_target_skip_unavailable': False, 'install_base': '/home/olee/olee_ros2_ws/src/install/master_olee_controller', 'merge_install': False, 'path': '/home/olee/olee_ros2_ws/src/master_olee_controller', 'symlink_install': True, 'test_result_base': None}
[0.179s] Level 5:colcon.colcon_core.verb:set package 'rf2o_laser_odometry' build argument 'cmake_args' from command line to 'None'
[0.179s] Level 5:colcon.colcon_core.verb:set package 'rf2o_laser_odometry' build argument 'cmake_target' from command line to 'None'
[0.179s] Level 5:colcon.colcon_core.verb:set package 'rf2o_laser_odometry' build argument 'cmake_target_skip_unavailable' from command line to 'False'
[0.179s] Level 5:colcon.colcon_core.verb:set package 'rf2o_laser_odometry' build argument 'cmake_clean_cache' from command line to 'False'
[0.179s] Level 5:colcon.colcon_core.verb:set package 'rf2o_laser_odometry' build argument 'cmake_clean_first' from command line to 'False'
[0.179s] Level 5:colcon.colcon_core.verb:set package 'rf2o_laser_odometry' build argument 'cmake_force_configure' from command line to 'False'
[0.179s] Level 5:colcon.colcon_core.verb:set package 'rf2o_laser_odometry' build argument 'ament_cmake_args' from command line to 'None'
[0.179s] Level 5:colcon.colcon_core.verb:set package 'rf2o_laser_odometry' build argument 'catkin_cmake_args' from command line to 'None'
[0.179s] Level 5:colcon.colcon_core.verb:set package 'rf2o_laser_odometry' build argument 'catkin_skip_building_tests' from command line to 'False'
[0.179s] DEBUG:colcon.colcon_core.verb:Building package 'rf2o_laser_odometry' with the following arguments: {'ament_cmake_args': None, 'build_base': '/home/olee/olee_ros2_ws/src/build/rf2o_laser_odometry', 'catkin_cmake_args': None, 'catkin_skip_building_tests': False, 'cmake_args': None, 'cmake_clean_cache': False, 'cmake_clean_first': False, 'cmake_force_configure': False, 'cmake_target': None, 'cmake_target_skip_unavailable': False, 'install_base': '/home/olee/olee_ros2_ws/src/install/rf2o_laser_odometry', 'merge_install': False, 'path': '/home/olee/olee_ros2_ws/src/rf2o_laser_odometry-ros2', 'symlink_install': True, 'test_result_base': None}
[0.179s] Level 5:colcon.colcon_core.verb:set package 'slam_toolbox' build argument 'cmake_args' from command line to 'None'
[0.179s] Level 5:colcon.colcon_core.verb:set package 'slam_toolbox' build argument 'cmake_target' from command line to 'None'
[0.179s] Level 5:colcon.colcon_core.verb:set package 'slam_toolbox' build argument 'cmake_target_skip_unavailable' from command line to 'False'
[0.179s] Level 5:colcon.colcon_core.verb:set package 'slam_toolbox' build argument 'cmake_clean_cache' from command line to 'False'
[0.179s] Level 5:colcon.colcon_core.verb:set package 'slam_toolbox' build argument 'cmake_clean_first' from command line to 'False'
[0.179s] Level 5:colcon.colcon_core.verb:set package 'slam_toolbox' build argument 'cmake_force_configure' from command line to 'False'
[0.179s] Level 5:colcon.colcon_core.verb:set package 'slam_toolbox' build argument 'ament_cmake_args' from command line to 'None'
[0.179s] Level 5:colcon.colcon_core.verb:set package 'slam_toolbox' build argument 'catkin_cmake_args' from command line to 'None'
[0.179s] Level 5:colcon.colcon_core.verb:set package 'slam_toolbox' build argument 'catkin_skip_building_tests' from command line to 'False'
[0.179s] DEBUG:colcon.colcon_core.verb:Building package 'slam_toolbox' with the following arguments: {'ament_cmake_args': None, 'build_base': '/home/olee/olee_ros2_ws/src/build/slam_toolbox', 'catkin_cmake_args': None, 'catkin_skip_building_tests': False, 'cmake_args': None, 'cmake_clean_cache': False, 'cmake_clean_first': False, 'cmake_force_configure': False, 'cmake_target': None, 'cmake_target_skip_unavailable': False, 'install_base': '/home/olee/olee_ros2_ws/src/install/slam_toolbox', 'merge_install': False, 'path': '/home/olee/olee_ros2_ws/src/slam_toolbox-humble', 'symlink_install': True, 'test_result_base': None}
[0.179s] Level 5:colcon.colcon_core.verb:set package 'tflidar_ros' build argument 'cmake_args' from command line to 'None'
[0.179s] Level 5:colcon.colcon_core.verb:set package 'tflidar_ros' build argument 'cmake_target' from command line to 'None'
[0.179s] Level 5:colcon.colcon_core.verb:set package 'tflidar_ros' build argument 'cmake_target_skip_unavailable' from command line to 'False'
[0.179s] Level 5:colcon.colcon_core.verb:set package 'tflidar_ros' build argument 'cmake_clean_cache' from command line to 'False'
[0.179s] Level 5:colcon.colcon_core.verb:set package 'tflidar_ros' build argument 'cmake_clean_first' from command line to 'False'
[0.179s] Level 5:colcon.colcon_core.verb:set package 'tflidar_ros' build argument 'cmake_force_configure' from command line to 'False'
[0.179s] Level 5:colcon.colcon_core.verb:set package 'tflidar_ros' build argument 'ament_cmake_args' from command line to 'None'
[0.179s] Level 5:colcon.colcon_core.verb:set package 'tflidar_ros' build argument 'catkin_cmake_args' from command line to 'None'
[0.179s] Level 5:colcon.colcon_core.verb:set package 'tflidar_ros' build argument 'catkin_skip_building_tests' from command line to 'False'
[0.179s] DEBUG:colcon.colcon_core.verb:Building package 'tflidar_ros' with the following arguments: {'ament_cmake_args': None, 'build_base': '/home/olee/olee_ros2_ws/src/build/tflidar_ros', 'catkin_cmake_args': None, 'catkin_skip_building_tests': False, 'cmake_args': None, 'cmake_clean_cache': False, 'cmake_clean_first': False, 'cmake_force_configure': False, 'cmake_target': None, 'cmake_target_skip_unavailable': False, 'install_base': '/home/olee/olee_ros2_ws/src/install/tflidar_ros', 'merge_install': False, 'path': '/home/olee/olee_ros2_ws/src/tflidar_ros-ros2', 'symlink_install': True, 'test_result_base': None}
[0.179s] Level 5:colcon.colcon_core.verb:set package 'ydlidar_ros2_driver' build argument 'cmake_args' from command line to 'None'
[0.180s] Level 5:colcon.colcon_core.verb:set package 'ydlidar_ros2_driver' build argument 'cmake_target' from command line to 'None'
[0.180s] Level 5:colcon.colcon_core.verb:set package 'ydlidar_ros2_driver' build argument 'cmake_target_skip_unavailable' from command line to 'False'
[0.180s] Level 5:colcon.colcon_core.verb:set package 'ydlidar_ros2_driver' build argument 'cmake_clean_cache' from command line to 'False'
[0.180s] Level 5:colcon.colcon_core.verb:set package 'ydlidar_ros2_driver' build argument 'cmake_clean_first' from command line to 'False'
[0.180s] Level 5:colcon.colcon_core.verb:set package 'ydlidar_ros2_driver' build argument 'cmake_force_configure' from command line to 'False'
[0.180s] Level 5:colcon.colcon_core.verb:set package 'ydlidar_ros2_driver' build argument 'ament_cmake_args' from command line to 'None'
[0.180s] Level 5:colcon.colcon_core.verb:set package 'ydlidar_ros2_driver' build argument 'catkin_cmake_args' from command line to 'None'
[0.180s] Level 5:colcon.colcon_core.verb:set package 'ydlidar_ros2_driver' build argument 'catkin_skip_building_tests' from command line to 'False'
[0.180s] DEBUG:colcon.colcon_core.verb:Building package 'ydlidar_ros2_driver' with the following arguments: {'ament_cmake_args': None, 'build_base': '/home/olee/olee_ros2_ws/src/build/ydlidar_ros2_driver', 'catkin_cmake_args': None, 'catkin_skip_building_tests': False, 'cmake_args': None, 'cmake_clean_cache': False, 'cmake_clean_first': False, 'cmake_force_configure': False, 'cmake_target': None, 'cmake_target_skip_unavailable': False, 'install_base': '/home/olee/olee_ros2_ws/src/install/ydlidar_ros2_driver', 'merge_install': False, 'path': '/home/olee/olee_ros2_ws/src/ydlidar_ros2_driver-humble', 'symlink_install': True, 'test_result_base': None}
[0.180s] Level 5:colcon.colcon_core.verb:set package 'ydlidar_sdk' build argument 'cmake_args' from command line to 'None'
[0.180s] Level 5:colcon.colcon_core.verb:set package 'ydlidar_sdk' build argument 'cmake_target' from command line to 'None'
[0.180s] Level 5:colcon.colcon_core.verb:set package 'ydlidar_sdk' build argument 'cmake_target_skip_unavailable' from command line to 'False'
[0.180s] Level 5:colcon.colcon_core.verb:set package 'ydlidar_sdk' build argument 'cmake_clean_cache' from command line to 'False'
[0.180s] Level 5:colcon.colcon_core.verb:set package 'ydlidar_sdk' build argument 'cmake_clean_first' from command line to 'False'
[0.180s] Level 5:colcon.colcon_core.verb:set package 'ydlidar_sdk' build argument 'cmake_force_configure' from command line to 'False'
[0.180s] Level 5:colcon.colcon_core.verb:set package 'ydlidar_sdk' build argument 'ament_cmake_args' from command line to 'None'
[0.180s] Level 5:colcon.colcon_core.verb:set package 'ydlidar_sdk' build argument 'catkin_cmake_args' from command line to 'None'
[0.180s] Level 5:colcon.colcon_core.verb:set package 'ydlidar_sdk' build argument 'catkin_skip_building_tests' from command line to 'False'
[0.180s] DEBUG:colcon.colcon_core.verb:Building package 'ydlidar_sdk' with the following arguments: {'ament_cmake_args': None, 'build_base': '/home/olee/olee_ros2_ws/src/build/ydlidar_sdk', 'catkin_cmake_args': None, 'catkin_skip_building_tests': False, 'cmake_args': None, 'cmake_clean_cache': False, 'cmake_clean_first': False, 'cmake_force_configure': False, 'cmake_target': None, 'cmake_target_skip_unavailable': False, 'install_base': '/home/olee/olee_ros2_ws/src/install/ydlidar_sdk', 'merge_install': False, 'path': '/home/olee/olee_ros2_ws/src/YDLidar-SDK-master', 'symlink_install': True, 'test_result_base': None}
[0.180s] INFO:colcon.colcon_core.executor:Executing jobs using 'parallel' executor
[0.181s] DEBUG:colcon.colcon_parallel_executor.executor.parallel:run_until_complete
[0.181s] INFO:colcon.colcon_ros.task.ament_python.build:Building ROS package in '/home/olee/olee_ros2_ws/src/master_olee_controller' with build type 'ament_python'
[0.181s] Level 1:colcon.colcon_core.shell:create_environment_hook('master_olee_controller', 'ament_prefix_path')
[0.182s] INFO:colcon.colcon_core.plugin_system:Skipping extension 'colcon_core.shell.bat': Not used on non-Windows systems
[0.182s] INFO:colcon.colcon_core.shell:Creating environment hook '/home/olee/olee_ros2_ws/src/install/master_olee_controller/share/master_olee_controller/hook/ament_prefix_path.ps1'
[0.183s] INFO:colcon.colcon_core.shell:Creating environment descriptor '/home/olee/olee_ros2_ws/src/install/master_olee_controller/share/master_olee_controller/hook/ament_prefix_path.dsv'
[0.183s] INFO:colcon.colcon_core.shell:Creating environment hook '/home/olee/olee_ros2_ws/src/install/master_olee_controller/share/master_olee_controller/hook/ament_prefix_path.sh'
[0.184s] INFO:colcon.colcon_core.shell:Skip shell extension 'powershell' for command environment: Not usable outside of PowerShell
[0.184s] DEBUG:colcon.colcon_core.shell:Skip shell extension 'dsv' for command environment
[0.186s] INFO:colcon.colcon_ros.task.ament_cmake.build:Building ROS package in '/home/olee/olee_ros2_ws/src/rf2o_laser_odometry-ros2' with build type 'ament_cmake'
[0.186s] INFO:colcon.colcon_cmake.task.cmake.build:Building CMake package in '/home/olee/olee_ros2_ws/src/rf2o_laser_odometry-ros2'
[0.186s] INFO:colcon.colcon_core.shell:Skip shell extension 'powershell' for command environment: Not usable outside of PowerShell
[0.186s] DEBUG:colcon.colcon_core.shell:Skip shell extension 'dsv' for command environment
[0.188s] INFO:colcon.colcon_ros.task.ament_cmake.build:Building ROS package in '/home/olee/olee_ros2_ws/src/slam_toolbox-humble' with build type 'ament_cmake'
[0.188s] INFO:colcon.colcon_cmake.task.cmake.build:Building CMake package in '/home/olee/olee_ros2_ws/src/slam_toolbox-humble'
[0.189s] INFO:colcon.colcon_core.shell:Skip shell extension 'powershell' for command environment: Not usable outside of PowerShell
[0.189s] DEBUG:colcon.colcon_core.shell:Skip shell extension 'dsv' for command environment
[0.191s] INFO:colcon.colcon_ros.task.ament_cmake.build:Building ROS package in '/home/olee/olee_ros2_ws/src/tflidar_ros-ros2' with build type 'ament_cmake'
[0.191s] INFO:colcon.colcon_cmake.task.cmake.build:Building CMake package in '/home/olee/olee_ros2_ws/src/tflidar_ros-ros2'
[0.191s] INFO:colcon.colcon_core.shell:Skip shell extension 'powershell' for command environment: Not usable outside of PowerShell
[0.191s] DEBUG:colcon.colcon_core.shell:Skip shell extension 'dsv' for command environment
[0.193s] INFO:colcon.colcon_ros.task.ament_cmake.build:Building ROS package in '/home/olee/olee_ros2_ws/src/ydlidar_ros2_driver-humble' with build type 'ament_cmake'
[0.193s] INFO:colcon.colcon_cmake.task.cmake.build:Building CMake package in '/home/olee/olee_ros2_ws/src/ydlidar_ros2_driver-humble'
[0.193s] INFO:colcon.colcon_core.shell:Skip shell extension 'powershell' for command environment: Not usable outside of PowerShell
[0.193s] DEBUG:colcon.colcon_core.shell:Skip shell extension 'dsv' for command environment
[0.195s] INFO:colcon.colcon_cmake.task.cmake.build:Building CMake package in '/home/olee/olee_ros2_ws/src/YDLidar-SDK-master'
[0.196s] INFO:colcon.colcon_core.shell:Skip shell extension 'powershell' for command environment: Not usable outside of PowerShell
[0.196s] DEBUG:colcon.colcon_core.shell:Skip shell extension 'dsv' for command environment
[0.354s] INFO:colcon.colcon_core.task.python.build:Building Python package in '/home/olee/olee_ros2_ws/src/master_olee_controller'
[0.354s] INFO:colcon.colcon_core.shell:Skip shell extension 'powershell' for command environment: Not usable outside of PowerShell
[0.354s] DEBUG:colcon.colcon_core.shell:Skip shell extension 'dsv' for command environment
[0.359s] DEBUG:colcon.colcon_core.event_handler.log_command:Invoking command in '/home/olee/olee_ros2_ws/src/build/rf2o_laser_odometry': CMAKE_PREFIX_PATH=${CMAKE_PREFIX_PATH}:/home/olee/olee_ros2_ws/install/master_olee_controller:/opt/ros/humble /usr/bin/cmake /home/olee/olee_ros2_ws/src/rf2o_laser_odometry-ros2 -DAMENT_CMAKE_SYMLINK_INSTALL=1 -DCMAKE_INSTALL_PREFIX=/home/olee/olee_ros2_ws/src/install/rf2o_laser_odometry
[0.361s] DEBUG:colcon.colcon_core.event_handler.log_command:Invoking command in '/home/olee/olee_ros2_ws/src/build/slam_toolbox': CMAKE_PREFIX_PATH=${CMAKE_PREFIX_PATH}:/home/olee/olee_ros2_ws/install/master_olee_controller:/opt/ros/humble /usr/bin/cmake /home/olee/olee_ros2_ws/src/slam_toolbox-humble -DAMENT_CMAKE_SYMLINK_INSTALL=1 -DCMAKE_INSTALL_PREFIX=/home/olee/olee_ros2_ws/src/install/slam_toolbox
[0.362s] DEBUG:colcon.colcon_core.event_handler.log_command:Invoking command in '/home/olee/olee_ros2_ws/src/build/tflidar_ros': CMAKE_PREFIX_PATH=${CMAKE_PREFIX_PATH}:/home/olee/olee_ros2_ws/install/master_olee_controller:/opt/ros/humble /usr/bin/cmake /home/olee/olee_ros2_ws/src/tflidar_ros-ros2 -DAMENT_CMAKE_SYMLINK_INSTALL=1 -DCMAKE_INSTALL_PREFIX=/home/olee/olee_ros2_ws/src/install/tflidar_ros
[0.365s] DEBUG:colcon.colcon_core.event_handler.log_command:Invoking command in '/home/olee/olee_ros2_ws/src/build/ydlidar_ros2_driver': CMAKE_PREFIX_PATH=${CMAKE_PREFIX_PATH}:/home/olee/olee_ros2_ws/install/master_olee_controller:/opt/ros/humble /usr/bin/cmake /home/olee/olee_ros2_ws/src/ydlidar_ros2_driver-humble -DAMENT_CMAKE_SYMLINK_INSTALL=1 -DCMAKE_INSTALL_PREFIX=/home/olee/olee_ros2_ws/src/install/ydlidar_ros2_driver
[0.369s] DEBUG:colcon.colcon_core.event_handler.log_command:Invoking command in '/home/olee/olee_ros2_ws/src/build/ydlidar_sdk': /usr/bin/cmake --build /home/olee/olee_ros2_ws/src/build/ydlidar_sdk -- -j12 -l12
[0.483s] DEBUG:colcon.colcon_core.event_handler.log_command:Invoked command in '/home/olee/olee_ros2_ws/src/build/ydlidar_sdk' returned '0': /usr/bin/cmake --build /home/olee/olee_ros2_ws/src/build/ydlidar_sdk -- -j12 -l12
[0.495s] DEBUG:colcon.colcon_core.event_handler.log_command:Invoking command in '/home/olee/olee_ros2_ws/src/build/ydlidar_sdk': /usr/bin/cmake --install /home/olee/olee_ros2_ws/src/build/ydlidar_sdk
[0.511s] Level 1:colcon.colcon_core.environment:create_environment_scripts_only(ydlidar_sdk)
[0.515s] DEBUG:colcon.colcon_core.event_handler.log_command:Invoked command in '/home/olee/olee_ros2_ws/src/build/ydlidar_sdk' returned '0': /usr/bin/cmake --install /home/olee/olee_ros2_ws/src/build/ydlidar_sdk
[0.517s] Level 1:colcon.colcon_core.environment:checking '/home/olee/olee_ros2_ws/src/install/ydlidar_sdk' for CMake module files
[0.517s] Level 1:colcon.colcon_core.environment:checking '/home/olee/olee_ros2_ws/src/install/ydlidar_sdk' for CMake config files
[0.518s] Level 1:colcon.colcon_core.shell:create_environment_hook('ydlidar_sdk', 'cmake_prefix_path')
[0.518s] INFO:colcon.colcon_core.shell:Creating environment hook '/home/olee/olee_ros2_ws/src/install/ydlidar_sdk/share/ydlidar_sdk/hook/cmake_prefix_path.ps1'
[0.519s] INFO:colcon.colcon_core.shell:Creating environment descriptor '/home/olee/olee_ros2_ws/src/install/ydlidar_sdk/share/ydlidar_sdk/hook/cmake_prefix_path.dsv'
[0.520s] INFO:colcon.colcon_core.shell:Creating environment hook '/home/olee/olee_ros2_ws/src/install/ydlidar_sdk/share/ydlidar_sdk/hook/cmake_prefix_path.sh'
[0.520s] Level 1:colcon.colcon_core.environment:checking '/home/olee/olee_ros2_ws/src/install/ydlidar_sdk/lib'
[0.521s] Level 1:colcon.colcon_core.environment:checking '/home/olee/olee_ros2_ws/src/install/ydlidar_sdk/bin'
[0.521s] Level 1:colcon.colcon_core.shell:create_environment_hook('ydlidar_sdk', 'path')
[0.521s] INFO:colcon.colcon_core.shell:Creating environment hook '/home/olee/olee_ros2_ws/src/install/ydlidar_sdk/share/ydlidar_sdk/hook/path.ps1'
[0.522s] INFO:colcon.colcon_core.shell:Creating environment descriptor '/home/olee/olee_ros2_ws/src/install/ydlidar_sdk/share/ydlidar_sdk/hook/path.dsv'
[0.522s] INFO:colcon.colcon_core.shell:Creating environment hook '/home/olee/olee_ros2_ws/src/install/ydlidar_sdk/share/ydlidar_sdk/hook/path.sh'
[0.523s] Level 1:colcon.colcon_core.environment:checking '/home/olee/olee_ros2_ws/src/install/ydlidar_sdk/lib/pkgconfig/ydlidar_sdk.pc'
[0.523s] Level 1:colcon.colcon_core.environment:checking '/home/olee/olee_ros2_ws/src/install/ydlidar_sdk/lib/python3.10/site-packages'
[0.524s] Level 1:colcon.colcon_core.environment:checking '/home/olee/olee_ros2_ws/src/install/ydlidar_sdk/bin'
[0.524s] Level 1:colcon.colcon_core.shell:create_environment_hook('ydlidar_sdk', 'pythonscriptspath')
[0.524s] INFO:colcon.colcon_core.shell:Creating environment hook '/home/olee/olee_ros2_ws/src/install/ydlidar_sdk/share/ydlidar_sdk/hook/pythonscriptspath.ps1'
[0.525s] INFO:colcon.colcon_core.shell:Creating environment descriptor '/home/olee/olee_ros2_ws/src/install/ydlidar_sdk/share/ydlidar_sdk/hook/pythonscriptspath.dsv'
[0.526s] INFO:colcon.colcon_core.shell:Creating environment hook '/home/olee/olee_ros2_ws/src/install/ydlidar_sdk/share/ydlidar_sdk/hook/pythonscriptspath.sh'
[0.527s] INFO:colcon.colcon_core.shell:Creating package script '/home/olee/olee_ros2_ws/src/install/ydlidar_sdk/share/ydlidar_sdk/package.ps1'
[0.528s] INFO:colcon.colcon_core.shell:Creating package descriptor '/home/olee/olee_ros2_ws/src/install/ydlidar_sdk/share/ydlidar_sdk/package.dsv'
[0.529s] INFO:colcon.colcon_core.shell:Creating package script '/home/olee/olee_ros2_ws/src/install/ydlidar_sdk/share/ydlidar_sdk/package.sh'
[0.530s] INFO:colcon.colcon_core.shell:Creating package script '/home/olee/olee_ros2_ws/src/install/ydlidar_sdk/share/ydlidar_sdk/package.bash'
[0.530s] INFO:colcon.colcon_core.shell:Creating package script '/home/olee/olee_ros2_ws/src/install/ydlidar_sdk/share/ydlidar_sdk/package.zsh'
[0.531s] Level 1:colcon.colcon_core.environment:create_file_with_runtime_dependencies(/home/olee/olee_ros2_ws/src/install/ydlidar_sdk/share/colcon-core/packages/ydlidar_sdk)
[0.816s] DEBUG:colcon.colcon_core.task.python.build:While undoing a previous installation files outside the Python library path are being ignored: /home/olee/olee_ros2_ws/src/install/master_olee_controller/share/ament_index/resource_index/packages/master_olee_controller
[0.816s] DEBUG:colcon.colcon_core.task.python.build:While undoing a previous installation files outside the Python library path are being ignored: /home/olee/olee_ros2_ws/src/install/master_olee_controller/share/master_olee_controller/package.xml
[0.818s] DEBUG:colcon.colcon_core.event_handler.log_command:Invoking command in '/home/olee/olee_ros2_ws/src/build/master_olee_controller': PYTHONPATH=/home/olee/olee_ros2_ws/src/build/master_olee_controller/prefix_override:/usr/lib/python3/dist-packages/colcon_core/task/python/colcon_distutils_commands:/home/olee/olee_ros2_ws/src/install/master_olee_controller/lib/python3.10/site-packages:${PYTHONPATH} /usr/bin/python3 -W ignore:setup.py install is deprecated -W ignore:easy_install command is deprecated setup.py develop --editable --build-directory /home/olee/olee_ros2_ws/src/build/master_olee_controller/build --no-deps symlink_data --force
[0.931s] DEBUG:colcon.colcon_core.event_handler.log_command:Invoked command in '/home/olee/olee_ros2_ws/src/build/ydlidar_ros2_driver' returned '0': CMAKE_PREFIX_PATH=${CMAKE_PREFIX_PATH}:/home/olee/olee_ros2_ws/install/master_olee_controller:/opt/ros/humble /usr/bin/cmake /home/olee/olee_ros2_ws/src/ydlidar_ros2_driver-humble -DAMENT_CMAKE_SYMLINK_INSTALL=1 -DCMAKE_INSTALL_PREFIX=/home/olee/olee_ros2_ws/src/install/ydlidar_ros2_driver
[0.933s] DEBUG:colcon.colcon_core.event_handler.log_command:Invoking command in '/home/olee/olee_ros2_ws/src/build/ydlidar_ros2_driver': CMAKE_PREFIX_PATH=${CMAKE_PREFIX_PATH}:/home/olee/olee_ros2_ws/install/master_olee_controller:/opt/ros/humble /usr/bin/cmake --build /home/olee/olee_ros2_ws/src/build/ydlidar_ros2_driver -- -j12 -l12
[0.999s] DEBUG:colcon.colcon_core.event_handler.log_command:Invoked command in '/home/olee/olee_ros2_ws/src/build/tflidar_ros' returned '0': CMAKE_PREFIX_PATH=${CMAKE_PREFIX_PATH}:/home/olee/olee_ros2_ws/install/master_olee_controller:/opt/ros/humble /usr/bin/cmake /home/olee/olee_ros2_ws/src/tflidar_ros-ros2 -DAMENT_CMAKE_SYMLINK_INSTALL=1 -DCMAKE_INSTALL_PREFIX=/home/olee/olee_ros2_ws/src/install/tflidar_ros
[1.001s] DEBUG:colcon.colcon_core.event_handler.log_command:Invoking command in '/home/olee/olee_ros2_ws/src/build/tflidar_ros': CMAKE_PREFIX_PATH=${CMAKE_PREFIX_PATH}:/home/olee/olee_ros2_ws/install/master_olee_controller:/opt/ros/humble /usr/bin/cmake --build /home/olee/olee_ros2_ws/src/build/tflidar_ros -- -j12 -l12
[1.002s] DEBUG:colcon.colcon_core.event_handler.log_command:Invoked command in '/home/olee/olee_ros2_ws/src/build/ydlidar_ros2_driver' returned '0': CMAKE_PREFIX_PATH=${CMAKE_PREFIX_PATH}:/home/olee/olee_ros2_ws/install/master_olee_controller:/opt/ros/humble /usr/bin/cmake --build /home/olee/olee_ros2_ws/src/build/ydlidar_ros2_driver -- -j12 -l12
[1.004s] DEBUG:colcon.colcon_core.event_handler.log_command:Invoking command in '/home/olee/olee_ros2_ws/src/build/ydlidar_ros2_driver': CMAKE_PREFIX_PATH=${CMAKE_PREFIX_PATH}:/home/olee/olee_ros2_ws/install/master_olee_controller:/opt/ros/humble /usr/bin/cmake --install /home/olee/olee_ros2_ws/src/build/ydlidar_ros2_driver
[1.031s] Level 1:colcon.colcon_core.environment:create_environment_scripts_only(ydlidar_ros2_driver)
[1.032s] Level 1:colcon.colcon_core.environment:checking '/home/olee/olee_ros2_ws/src/install/ydlidar_ros2_driver' for CMake module files
[1.033s] DEBUG:colcon.colcon_core.event_handler.log_command:Invoked command in '/home/olee/olee_ros2_ws/src/build/ydlidar_ros2_driver' returned '0': CMAKE_PREFIX_PATH=${CMAKE_PREFIX_PATH}:/home/olee/olee_ros2_ws/install/master_olee_controller:/opt/ros/humble /usr/bin/cmake --install /home/olee/olee_ros2_ws/src/build/ydlidar_ros2_driver
[1.034s] Level 1:colcon.colcon_core.environment:checking '/home/olee/olee_ros2_ws/src/install/ydlidar_ros2_driver' for CMake config files
[1.035s] Level 1:colcon.colcon_core.shell:create_environment_hook('ydlidar_ros2_driver', 'cmake_prefix_path')
[1.035s] INFO:colcon.colcon_core.shell:Creating environment hook '/home/olee/olee_ros2_ws/src/install/ydlidar_ros2_driver/share/ydlidar_ros2_driver/hook/cmake_prefix_path.ps1'
[1.036s] INFO:colcon.colcon_core.shell:Creating environment descriptor '/home/olee/olee_ros2_ws/src/install/ydlidar_ros2_driver/share/ydlidar_ros2_driver/hook/cmake_prefix_path.dsv'
[1.036s] INFO:colcon.colcon_core.shell:Creating environment hook '/home/olee/olee_ros2_ws/src/install/ydlidar_ros2_driver/share/ydlidar_ros2_driver/hook/cmake_prefix_path.sh'
[1.037s] Level 1:colcon.colcon_core.environment:checking '/home/olee/olee_ros2_ws/src/install/ydlidar_ros2_driver/lib'
[1.037s] Level 1:colcon.colcon_core.environment:checking '/home/olee/olee_ros2_ws/src/install/ydlidar_ros2_driver/bin'
[1.037s] Level 1:colcon.colcon_core.environment:checking '/home/olee/olee_ros2_ws/src/install/ydlidar_ros2_driver/lib/pkgconfig/ydlidar_ros2_driver.pc'
[1.037s] Level 1:colcon.colcon_core.environment:checking '/home/olee/olee_ros2_ws/src/install/ydlidar_ros2_driver/lib/python3.10/site-packages'
[1.038s] Level 1:colcon.colcon_core.environment:checking '/home/olee/olee_ros2_ws/src/install/ydlidar_ros2_driver/bin'
[1.038s] INFO:colcon.colcon_core.shell:Creating package script '/home/olee/olee_ros2_ws/src/install/ydlidar_ros2_driver/share/ydlidar_ros2_driver/package.ps1'
[1.039s] INFO:colcon.colcon_core.shell:Creating package descriptor '/home/olee/olee_ros2_ws/src/install/ydlidar_ros2_driver/share/ydlidar_ros2_driver/package.dsv'
[1.039s] INFO:colcon.colcon_core.shell:Creating package script '/home/olee/olee_ros2_ws/src/install/ydlidar_ros2_driver/share/ydlidar_ros2_driver/package.sh'
[1.040s] INFO:colcon.colcon_core.shell:Creating package script '/home/olee/olee_ros2_ws/src/install/ydlidar_ros2_driver/share/ydlidar_ros2_driver/package.bash'
[1.040s] INFO:colcon.colcon_core.shell:Creating package script '/home/olee/olee_ros2_ws/src/install/ydlidar_ros2_driver/share/ydlidar_ros2_driver/package.zsh'
[1.041s] Level 1:colcon.colcon_core.environment:create_file_with_runtime_dependencies(/home/olee/olee_ros2_ws/src/install/ydlidar_ros2_driver/share/colcon-core/packages/ydlidar_ros2_driver)
[1.041s] Level 1:colcon.colcon_core.environment:create_environment_scripts_only(ydlidar_ros2_driver)
[1.041s] Level 1:colcon.colcon_core.environment:checking '/home/olee/olee_ros2_ws/src/install/ydlidar_ros2_driver' for CMake module files
[1.042s] Level 1:colcon.colcon_core.environment:checking '/home/olee/olee_ros2_ws/src/install/ydlidar_ros2_driver' for CMake config files
[1.043s] Level 1:colcon.colcon_core.shell:create_environment_hook('ydlidar_ros2_driver', 'cmake_prefix_path')
[1.043s] INFO:colcon.colcon_core.shell:Creating environment hook '/home/olee/olee_ros2_ws/src/install/ydlidar_ros2_driver/share/ydlidar_ros2_driver/hook/cmake_prefix_path.ps1'
[1.043s] INFO:colcon.colcon_core.shell:Creating environment descriptor '/home/olee/olee_ros2_ws/src/install/ydlidar_ros2_driver/share/ydlidar_ros2_driver/hook/cmake_prefix_path.dsv'
[1.044s] INFO:colcon.colcon_core.shell:Creating environment hook '/home/olee/olee_ros2_ws/src/install/ydlidar_ros2_driver/share/ydlidar_ros2_driver/hook/cmake_prefix_path.sh'
[1.044s] Level 1:colcon.colcon_core.environment:checking '/home/olee/olee_ros2_ws/src/install/ydlidar_ros2_driver/lib'
[1.044s] Level 1:colcon.colcon_core.environment:checking '/home/olee/olee_ros2_ws/src/install/ydlidar_ros2_driver/bin'
[1.044s] Level 1:colcon.colcon_core.environment:checking '/home/olee/olee_ros2_ws/src/install/ydlidar_ros2_driver/lib/pkgconfig/ydlidar_ros2_driver.pc'
[1.045s] Level 1:colcon.colcon_core.environment:checking '/home/olee/olee_ros2_ws/src/install/ydlidar_ros2_driver/lib/python3.10/site-packages'
[1.045s] Level 1:colcon.colcon_core.environment:checking '/home/olee/olee_ros2_ws/src/install/ydlidar_ros2_driver/bin'
[1.046s] INFO:colcon.colcon_core.shell:Creating package script '/home/olee/olee_ros2_ws/src/install/ydlidar_ros2_driver/share/ydlidar_ros2_driver/package.ps1'
[1.046s] INFO:colcon.colcon_core.shell:Creating package descriptor '/home/olee/olee_ros2_ws/src/install/ydlidar_ros2_driver/share/ydlidar_ros2_driver/package.dsv'
[1.047s] INFO:colcon.colcon_core.shell:Creating package script '/home/olee/olee_ros2_ws/src/install/ydlidar_ros2_driver/share/ydlidar_ros2_driver/package.sh'
[1.047s] INFO:colcon.colcon_core.shell:Creating package script '/home/olee/olee_ros2_ws/src/install/ydlidar_ros2_driver/share/ydlidar_ros2_driver/package.bash'
[1.048s] INFO:colcon.colcon_core.shell:Creating package script '/home/olee/olee_ros2_ws/src/install/ydlidar_ros2_driver/share/ydlidar_ros2_driver/package.zsh'
[1.048s] Level 1:colcon.colcon_core.environment:create_file_with_runtime_dependencies(/home/olee/olee_ros2_ws/src/install/ydlidar_ros2_driver/share/colcon-core/packages/ydlidar_ros2_driver)
[1.082s] DEBUG:colcon.colcon_core.event_handler.log_command:Invoked command in '/home/olee/olee_ros2_ws/src/build/tflidar_ros' returned '0': CMAKE_PREFIX_PATH=${CMAKE_PREFIX_PATH}:/home/olee/olee_ros2_ws/install/master_olee_controller:/opt/ros/humble /usr/bin/cmake --build /home/olee/olee_ros2_ws/src/build/tflidar_ros -- -j12 -l12
[1.084s] DEBUG:colcon.colcon_core.event_handler.log_command:Invoking command in '/home/olee/olee_ros2_ws/src/build/tflidar_ros': CMAKE_PREFIX_PATH=${CMAKE_PREFIX_PATH}:/home/olee/olee_ros2_ws/install/master_olee_controller:/opt/ros/humble /usr/bin/cmake --install /home/olee/olee_ros2_ws/src/build/tflidar_ros
[1.109s] Level 1:colcon.colcon_core.environment:create_environment_scripts_only(tflidar_ros)
[1.109s] Level 1:colcon.colcon_core.environment:checking '/home/olee/olee_ros2_ws/src/install/tflidar_ros' for CMake module files
[1.110s] DEBUG:colcon.colcon_core.event_handler.log_command:Invoked command in '/home/olee/olee_ros2_ws/src/build/tflidar_ros' returned '0': CMAKE_PREFIX_PATH=${CMAKE_PREFIX_PATH}:/home/olee/olee_ros2_ws/install/master_olee_controller:/opt/ros/humble /usr/bin/cmake --install /home/olee/olee_ros2_ws/src/build/tflidar_ros
[1.111s] Level 1:colcon.colcon_core.environment:checking '/home/olee/olee_ros2_ws/src/install/tflidar_ros' for CMake config files
[1.111s] Level 1:colcon.colcon_core.shell:create_environment_hook('tflidar_ros', 'cmake_prefix_path')
[1.112s] INFO:colcon.colcon_core.shell:Creating environment hook '/home/olee/olee_ros2_ws/src/install/tflidar_ros/share/tflidar_ros/hook/cmake_prefix_path.ps1'
[1.112s] INFO:colcon.colcon_core.shell:Creating environment descriptor '/home/olee/olee_ros2_ws/src/install/tflidar_ros/share/tflidar_ros/hook/cmake_prefix_path.dsv'
[1.113s] INFO:colcon.colcon_core.shell:Creating environment hook '/home/olee/olee_ros2_ws/src/install/tflidar_ros/share/tflidar_ros/hook/cmake_prefix_path.sh'
[1.114s] Level 1:colcon.colcon_core.environment:checking '/home/olee/olee_ros2_ws/src/install/tflidar_ros/lib'
[1.114s] Level 1:colcon.colcon_core.environment:checking '/home/olee/olee_ros2_ws/src/install/tflidar_ros/bin'
[1.114s] Level 1:colcon.colcon_core.environment:checking '/home/olee/olee_ros2_ws/src/install/tflidar_ros/lib/pkgconfig/tflidar_ros.pc'
[1.114s] Level 1:colcon.colcon_core.environment:checking '/home/olee/olee_ros2_ws/src/install/tflidar_ros/lib/python3.10/site-packages'
[1.114s] Level 1:colcon.colcon_core.environment:checking '/home/olee/olee_ros2_ws/src/install/tflidar_ros/bin'
[1.115s] INFO:colcon.colcon_core.shell:Creating package script '/home/olee/olee_ros2_ws/src/install/tflidar_ros/share/tflidar_ros/package.ps1'
[1.115s] INFO:colcon.colcon_core.shell:Creating package descriptor '/home/olee/olee_ros2_ws/src/install/tflidar_ros/share/tflidar_ros/package.dsv'
[1.116s] INFO:colcon.colcon_core.shell:Creating package script '/home/olee/olee_ros2_ws/src/install/tflidar_ros/share/tflidar_ros/package.sh'
[1.116s] INFO:colcon.colcon_core.shell:Creating package script '/home/olee/olee_ros2_ws/src/install/tflidar_ros/share/tflidar_ros/package.bash'
[1.117s] INFO:colcon.colcon_core.shell:Creating package script '/home/olee/olee_ros2_ws/src/install/tflidar_ros/share/tflidar_ros/package.zsh'
[1.117s] Level 1:colcon.colcon_core.environment:create_file_with_runtime_dependencies(/home/olee/olee_ros2_ws/src/install/tflidar_ros/share/colcon-core/packages/tflidar_ros)
[1.118s] Level 1:colcon.colcon_core.environment:create_environment_scripts_only(tflidar_ros)
[1.118s] Level 1:colcon.colcon_core.environment:checking '/home/olee/olee_ros2_ws/src/install/tflidar_ros' for CMake module files
[1.119s] Level 1:colcon.colcon_core.environment:checking '/home/olee/olee_ros2_ws/src/install/tflidar_ros' for CMake config files
[1.119s] Level 1:colcon.colcon_core.shell:create_environment_hook('tflidar_ros', 'cmake_prefix_path')
[1.119s] INFO:colcon.colcon_core.shell:Creating environment hook '/home/olee/olee_ros2_ws/src/install/tflidar_ros/share/tflidar_ros/hook/cmake_prefix_path.ps1'
[1.120s] INFO:colcon.colcon_core.shell:Creating environment descriptor '/home/olee/olee_ros2_ws/src/install/tflidar_ros/share/tflidar_ros/hook/cmake_prefix_path.dsv'
[1.121s] INFO:colcon.colcon_core.shell:Creating environment hook '/home/olee/olee_ros2_ws/src/install/tflidar_ros/share/tflidar_ros/hook/cmake_prefix_path.sh'
[1.121s] Level 1:colcon.colcon_core.environment:checking '/home/olee/olee_ros2_ws/src/install/tflidar_ros/lib'
[1.121s] Level 1:colcon.colcon_core.environment:checking '/home/olee/olee_ros2_ws/src/install/tflidar_ros/bin'
[1.122s] Level 1:colcon.colcon_core.environment:checking '/home/olee/olee_ros2_ws/src/install/tflidar_ros/lib/pkgconfig/tflidar_ros.pc'
[1.122s] Level 1:colcon.colcon_core.environment:checking '/home/olee/olee_ros2_ws/src/install/tflidar_ros/lib/python3.10/site-packages'
[1.122s] Level 1:colcon.colcon_core.environment:checking '/home/olee/olee_ros2_ws/src/install/tflidar_ros/bin'
[1.123s] INFO:colcon.colcon_core.shell:Creating package script '/home/olee/olee_ros2_ws/src/install/tflidar_ros/share/tflidar_ros/package.ps1'
[1.124s] INFO:colcon.colcon_core.shell:Creating package descriptor '/home/olee/olee_ros2_ws/src/install/tflidar_ros/share/tflidar_ros/package.dsv'
[1.124s] INFO:colcon.colcon_core.shell:Creating package script '/home/olee/olee_ros2_ws/src/install/tflidar_ros/share/tflidar_ros/package.sh'
[1.125s] INFO:colcon.colcon_core.shell:Creating package script '/home/olee/olee_ros2_ws/src/install/tflidar_ros/share/tflidar_ros/package.bash'
[1.126s] INFO:colcon.colcon_core.shell:Creating package script '/home/olee/olee_ros2_ws/src/install/tflidar_ros/share/tflidar_ros/package.zsh'
[1.126s] Level 1:colcon.colcon_core.environment:create_file_with_runtime_dependencies(/home/olee/olee_ros2_ws/src/install/tflidar_ros/share/colcon-core/packages/tflidar_ros)
[1.267s] Level 1:colcon.colcon_core.shell:create_environment_hook('master_olee_controller', 'pythonpath_develop')
[1.267s] DEBUG:colcon.colcon_core.event_handler.log_command:Invoked command in '/home/olee/olee_ros2_ws/src/build/master_olee_controller' returned '0': PYTHONPATH=/home/olee/olee_ros2_ws/src/build/master_olee_controller/prefix_override:/usr/lib/python3/dist-packages/colcon_core/task/python/colcon_distutils_commands:/home/olee/olee_ros2_ws/src/install/master_olee_controller/lib/python3.10/site-packages:${PYTHONPATH} /usr/bin/python3 -W ignore:setup.py install is deprecated -W ignore:easy_install command is deprecated setup.py develop --editable --build-directory /home/olee/olee_ros2_ws/src/build/master_olee_controller/build --no-deps symlink_data --force
[1.267s] INFO:colcon.colcon_core.shell:Creating environment hook '/home/olee/olee_ros2_ws/src/build/master_olee_controller/share/master_olee_controller/hook/pythonpath_develop.ps1'
[1.269s] INFO:colcon.colcon_core.shell:Creating environment descriptor '/home/olee/olee_ros2_ws/src/build/master_olee_controller/share/master_olee_controller/hook/pythonpath_develop.dsv'
[1.270s] INFO:colcon.colcon_core.shell:Creating environment hook '/home/olee/olee_ros2_ws/src/build/master_olee_controller/share/master_olee_controller/hook/pythonpath_develop.sh'
[1.271s] Level 1:colcon.colcon_core.environment:checking '/home/olee/olee_ros2_ws/src/install/master_olee_controller' for CMake module files
[1.271s] Level 1:colcon.colcon_core.environment:checking '/home/olee/olee_ros2_ws/src/install/master_olee_controller' for CMake config files
[1.272s] Level 1:colcon.colcon_core.environment:checking '/home/olee/olee_ros2_ws/src/install/master_olee_controller/lib'
[1.272s] Level 1:colcon.colcon_core.environment:checking '/home/olee/olee_ros2_ws/src/install/master_olee_controller/bin'
[1.272s] Level 1:colcon.colcon_core.environment:checking '/home/olee/olee_ros2_ws/src/install/master_olee_controller/lib/pkgconfig/master_olee_controller.pc'
[1.272s] Level 1:colcon.colcon_core.environment:checking '/home/olee/olee_ros2_ws/src/install/master_olee_controller/lib/python3.10/site-packages'
[1.273s] Level 1:colcon.colcon_core.shell:create_environment_hook('master_olee_controller', 'pythonpath')
[1.273s] INFO:colcon.colcon_core.shell:Creating environment hook '/home/olee/olee_ros2_ws/src/install/master_olee_controller/share/master_olee_controller/hook/pythonpath.ps1'
[1.273s] INFO:colcon.colcon_core.shell:Creating environment descriptor '/home/olee/olee_ros2_ws/src/install/master_olee_controller/share/master_olee_controller/hook/pythonpath.dsv'
[1.274s] INFO:colcon.colcon_core.shell:Creating environment hook '/home/olee/olee_ros2_ws/src/install/master_olee_controller/share/master_olee_controller/hook/pythonpath.sh'
[1.274s] Level 1:colcon.colcon_core.environment:checking '/home/olee/olee_ros2_ws/src/install/master_olee_controller/bin'
[1.275s] Level 1:colcon.colcon_core.environment:create_environment_scripts_only(master_olee_controller)
[1.275s] INFO:colcon.colcon_core.shell:Creating package script '/home/olee/olee_ros2_ws/src/install/master_olee_controller/share/master_olee_controller/package.ps1'
[1.276s] INFO:colcon.colcon_core.shell:Creating package descriptor '/home/olee/olee_ros2_ws/src/install/master_olee_controller/share/master_olee_controller/package.dsv'
[1.276s] INFO:colcon.colcon_core.shell:Creating package script '/home/olee/olee_ros2_ws/src/install/master_olee_controller/share/master_olee_controller/package.sh'
[1.277s] INFO:colcon.colcon_core.shell:Creating package script '/home/olee/olee_ros2_ws/src/install/master_olee_controller/share/master_olee_controller/package.bash'
[1.277s] INFO:colcon.colcon_core.shell:Creating package script '/home/olee/olee_ros2_ws/src/install/master_olee_controller/share/master_olee_controller/package.zsh'
[1.278s] Level 1:colcon.colcon_core.environment:create_file_with_runtime_dependencies(/home/olee/olee_ros2_ws/src/install/master_olee_controller/share/colcon-core/packages/master_olee_controller)
[1.883s] DEBUG:colcon.colcon_core.event_handler.log_command:Invoked command in '/home/olee/olee_ros2_ws/src/build/rf2o_laser_odometry' returned '0': CMAKE_PREFIX_PATH=${CMAKE_PREFIX_PATH}:/home/olee/olee_ros2_ws/install/master_olee_controller:/opt/ros/humble /usr/bin/cmake /home/olee/olee_ros2_ws/src/rf2o_laser_odometry-ros2 -DAMENT_CMAKE_SYMLINK_INSTALL=1 -DCMAKE_INSTALL_PREFIX=/home/olee/olee_ros2_ws/src/install/rf2o_laser_odometry
[1.883s] DEBUG:colcon.colcon_core.event_handler.log_command:Invoking command in '/home/olee/olee_ros2_ws/src/build/rf2o_laser_odometry': CMAKE_PREFIX_PATH=${CMAKE_PREFIX_PATH}:/home/olee/olee_ros2_ws/install/master_olee_controller:/opt/ros/humble /usr/bin/cmake --build /home/olee/olee_ros2_ws/src/build/rf2o_laser_odometry -- -j12 -l12
[2.497s] DEBUG:colcon.colcon_core.event_handler.log_command:Invoked command in '/home/olee/olee_ros2_ws/src/build/slam_toolbox' returned '0': CMAKE_PREFIX_PATH=${CMAKE_PREFIX_PATH}:/home/olee/olee_ros2_ws/install/master_olee_controller:/opt/ros/humble /usr/bin/cmake /home/olee/olee_ros2_ws/src/slam_toolbox-humble -DAMENT_CMAKE_SYMLINK_INSTALL=1 -DCMAKE_INSTALL_PREFIX=/home/olee/olee_ros2_ws/src/install/slam_toolbox
[2.499s] DEBUG:colcon.colcon_core.event_handler.log_command:Invoking command in '/home/olee/olee_ros2_ws/src/build/slam_toolbox': CMAKE_PREFIX_PATH=${CMAKE_PREFIX_PATH}:/home/olee/olee_ros2_ws/install/master_olee_controller:/opt/ros/humble /usr/bin/cmake --build /home/olee/olee_ros2_ws/src/build/slam_toolbox -- -j12 -l12
[2.915s] DEBUG:colcon.colcon_core.event_handler.log_command:Invoked command in '/home/olee/olee_ros2_ws/src/build/slam_toolbox' returned '0': CMAKE_PREFIX_PATH=${CMAKE_PREFIX_PATH}:/home/olee/olee_ros2_ws/install/master_olee_controller:/opt/ros/humble /usr/bin/cmake --build /home/olee/olee_ros2_ws/src/build/slam_toolbox -- -j12 -l12
[2.917s] DEBUG:colcon.colcon_core.event_handler.log_command:Invoking command in '/home/olee/olee_ros2_ws/src/build/slam_toolbox': CMAKE_PREFIX_PATH=${CMAKE_PREFIX_PATH}:/home/olee/olee_ros2_ws/install/master_olee_controller:/opt/ros/humble /usr/bin/cmake --install /home/olee/olee_ros2_ws/src/build/slam_toolbox
[3.059s] Level 1:colcon.colcon_core.environment:create_environment_scripts_only(slam_toolbox)
[3.060s] Level 1:colcon.colcon_core.environment:checking '/home/olee/olee_ros2_ws/src/install/slam_toolbox' for CMake module files
[3.060s] DEBUG:colcon.colcon_core.event_handler.log_command:Invoked command in '/home/olee/olee_ros2_ws/src/build/slam_toolbox' returned '0': CMAKE_PREFIX_PATH=${CMAKE_PREFIX_PATH}:/home/olee/olee_ros2_ws/install/master_olee_controller:/opt/ros/humble /usr/bin/cmake --install /home/olee/olee_ros2_ws/src/build/slam_toolbox
[3.062s] Level 1:colcon.colcon_core.environment:checking '/home/olee/olee_ros2_ws/src/install/slam_toolbox' for CMake config files
[3.062s] Level 1:colcon.colcon_core.shell:create_environment_hook('slam_toolbox', 'cmake_prefix_path')
[3.063s] INFO:colcon.colcon_core.shell:Creating environment hook '/home/olee/olee_ros2_ws/src/install/slam_toolbox/share/slam_toolbox/hook/cmake_prefix_path.ps1'
[3.063s] INFO:colcon.colcon_core.shell:Creating environment descriptor '/home/olee/olee_ros2_ws/src/install/slam_toolbox/share/slam_toolbox/hook/cmake_prefix_path.dsv'
[3.064s] INFO:colcon.colcon_core.shell:Creating environment hook '/home/olee/olee_ros2_ws/src/install/slam_toolbox/share/slam_toolbox/hook/cmake_prefix_path.sh'
[3.064s] Level 1:colcon.colcon_core.environment:checking '/home/olee/olee_ros2_ws/src/install/slam_toolbox/lib'
[3.065s] Level 1:colcon.colcon_core.shell:create_environment_hook('slam_toolbox', 'ld_library_path_lib')
[3.065s] INFO:colcon.colcon_core.shell:Creating environment hook '/home/olee/olee_ros2_ws/src/install/slam_toolbox/share/slam_toolbox/hook/ld_library_path_lib.ps1'
[3.065s] INFO:colcon.colcon_core.shell:Creating environment descriptor '/home/olee/olee_ros2_ws/src/install/slam_toolbox/share/slam_toolbox/hook/ld_library_path_lib.dsv'
[3.066s] INFO:colcon.colcon_core.shell:Creating environment hook '/home/olee/olee_ros2_ws/src/install/slam_toolbox/share/slam_toolbox/hook/ld_library_path_lib.sh'
[3.066s] Level 1:colcon.colcon_core.environment:checking '/home/olee/olee_ros2_ws/src/install/slam_toolbox/bin'
[3.066s] Level 1:colcon.colcon_core.environment:checking '/home/olee/olee_ros2_ws/src/install/slam_toolbox/lib/pkgconfig/slam_toolbox.pc'
[3.067s] Level 1:colcon.colcon_core.environment:checking '/home/olee/olee_ros2_ws/src/install/slam_toolbox/lib/python3.10/site-packages'
[3.067s] Level 1:colcon.colcon_core.environment:checking '/home/olee/olee_ros2_ws/src/install/slam_toolbox/bin'
[3.067s] INFO:colcon.colcon_core.shell:Creating package script '/home/olee/olee_ros2_ws/src/install/slam_toolbox/share/slam_toolbox/package.ps1'
[3.068s] INFO:colcon.colcon_core.shell:Creating package descriptor '/home/olee/olee_ros2_ws/src/install/slam_toolbox/share/slam_toolbox/package.dsv'
[3.069s] INFO:colcon.colcon_core.shell:Creating package script '/home/olee/olee_ros2_ws/src/install/slam_toolbox/share/slam_toolbox/package.sh'
[3.069s] INFO:colcon.colcon_core.shell:Creating package script '/home/olee/olee_ros2_ws/src/install/slam_toolbox/share/slam_toolbox/package.bash'
[3.070s] INFO:colcon.colcon_core.shell:Creating package script '/home/olee/olee_ros2_ws/src/install/slam_toolbox/share/slam_toolbox/package.zsh'
[3.070s] Level 1:colcon.colcon_core.environment:create_file_with_runtime_dependencies(/home/olee/olee_ros2_ws/src/install/slam_toolbox/share/colcon-core/packages/slam_toolbox)
[3.071s] Level 1:colcon.colcon_core.environment:create_environment_scripts_only(slam_toolbox)
[3.071s] Level 1:colcon.colcon_core.environment:checking '/home/olee/olee_ros2_ws/src/install/slam_toolbox' for CMake module files
[3.072s] Level 1:colcon.colcon_core.environment:checking '/home/olee/olee_ros2_ws/src/install/slam_toolbox' for CMake config files
[3.072s] Level 1:colcon.colcon_core.shell:create_environment_hook('slam_toolbox', 'cmake_prefix_path')
[3.073s] INFO:colcon.colcon_core.shell:Creating environment hook '/home/olee/olee_ros2_ws/src/install/slam_toolbox/share/slam_toolbox/hook/cmake_prefix_path.ps1'
[3.073s] INFO:colcon.colcon_core.shell:Creating environment descriptor '/home/olee/olee_ros2_ws/src/install/slam_toolbox/share/slam_toolbox/hook/cmake_prefix_path.dsv'
[3.073s] INFO:colcon.colcon_core.shell:Creating environment hook '/home/olee/olee_ros2_ws/src/install/slam_toolbox/share/slam_toolbox/hook/cmake_prefix_path.sh'
[3.074s] Level 1:colcon.colcon_core.environment:checking '/home/olee/olee_ros2_ws/src/install/slam_toolbox/lib'
[3.074s] Level 1:colcon.colcon_core.shell:create_environment_hook('slam_toolbox', 'ld_library_path_lib')
[3.074s] INFO:colcon.colcon_core.shell:Creating environment hook '/home/olee/olee_ros2_ws/src/install/slam_toolbox/share/slam_toolbox/hook/ld_library_path_lib.ps1'
[3.074s] INFO:colcon.colcon_core.shell:Creating environment descriptor '/home/olee/olee_ros2_ws/src/install/slam_toolbox/share/slam_toolbox/hook/ld_library_path_lib.dsv'
[3.075s] INFO:colcon.colcon_core.shell:Creating environment hook '/home/olee/olee_ros2_ws/src/install/slam_toolbox/share/slam_toolbox/hook/ld_library_path_lib.sh'
[3.075s] Level 1:colcon.colcon_core.environment:checking '/home/olee/olee_ros2_ws/src/install/slam_toolbox/bin'
[3.075s] Level 1:colcon.colcon_core.environment:checking '/home/olee/olee_ros2_ws/src/install/slam_toolbox/lib/pkgconfig/slam_toolbox.pc'
[3.075s] Level 1:colcon.colcon_core.environment:checking '/home/olee/olee_ros2_ws/src/install/slam_toolbox/lib/python3.10/site-packages'
[3.075s] Level 1:colcon.colcon_core.environment:checking '/home/olee/olee_ros2_ws/src/install/slam_toolbox/bin'
[3.075s] INFO:colcon.colcon_core.shell:Creating package script '/home/olee/olee_ros2_ws/src/install/slam_toolbox/share/slam_toolbox/package.ps1'
[3.076s] INFO:colcon.colcon_core.shell:Creating package descriptor '/home/olee/olee_ros2_ws/src/install/slam_toolbox/share/slam_toolbox/package.dsv'
[3.076s] INFO:colcon.colcon_core.shell:Creating package script '/home/olee/olee_ros2_ws/src/install/slam_toolbox/share/slam_toolbox/package.sh'
[3.076s] INFO:colcon.colcon_core.shell:Creating package script '/home/olee/olee_ros2_ws/src/install/slam_toolbox/share/slam_toolbox/package.bash'
[3.077s] INFO:colcon.colcon_core.shell:Creating package script '/home/olee/olee_ros2_ws/src/install/slam_toolbox/share/slam_toolbox/package.zsh'
[3.077s] Level 1:colcon.colcon_core.environment:create_file_with_runtime_dependencies(/home/olee/olee_ros2_ws/src/install/slam_toolbox/share/colcon-core/packages/slam_toolbox)
[18.764s] DEBUG:colcon.colcon_core.event_handler.log_command:Invoked command in '/home/olee/olee_ros2_ws/src/build/rf2o_laser_odometry' returned '0': CMAKE_PREFIX_PATH=${CMAKE_PREFIX_PATH}:/home/olee/olee_ros2_ws/install/master_olee_controller:/opt/ros/humble /usr/bin/cmake --build /home/olee/olee_ros2_ws/src/build/rf2o_laser_odometry -- -j12 -l12
[18.766s] DEBUG:colcon.colcon_core.event_handler.log_command:Invoking command in '/home/olee/olee_ros2_ws/src/build/rf2o_laser_odometry': CMAKE_PREFIX_PATH=${CMAKE_PREFIX_PATH}:/home/olee/olee_ros2_ws/install/master_olee_controller:/opt/ros/humble /usr/bin/cmake --install /home/olee/olee_ros2_ws/src/build/rf2o_laser_odometry
[18.948s] Level 1:colcon.colcon_core.environment:create_environment_scripts_only(rf2o_laser_odometry)
[18.948s] Level 1:colcon.colcon_core.environment:checking '/home/olee/olee_ros2_ws/src/install/rf2o_laser_odometry' for CMake module files
[18.949s] DEBUG:colcon.colcon_core.event_handler.log_command:Invoked command in '/home/olee/olee_ros2_ws/src/build/rf2o_laser_odometry' returned '0': CMAKE_PREFIX_PATH=${CMAKE_PREFIX_PATH}:/home/olee/olee_ros2_ws/install/master_olee_controller:/opt/ros/humble /usr/bin/cmake --install /home/olee/olee_ros2_ws/src/build/rf2o_laser_odometry
[18.949s] Level 1:colcon.colcon_core.environment:checking '/home/olee/olee_ros2_ws/src/install/rf2o_laser_odometry' for CMake config files
[18.950s] Level 1:colcon.colcon_core.shell:create_environment_hook('rf2o_laser_odometry', 'cmake_prefix_path')
[18.950s] INFO:colcon.colcon_core.shell:Creating environment hook '/home/olee/olee_ros2_ws/src/install/rf2o_laser_odometry/share/rf2o_laser_odometry/hook/cmake_prefix_path.ps1'
[18.950s] INFO:colcon.colcon_core.shell:Creating environment descriptor '/home/olee/olee_ros2_ws/src/install/rf2o_laser_odometry/share/rf2o_laser_odometry/hook/cmake_prefix_path.dsv'
[18.951s] INFO:colcon.colcon_core.shell:Creating environment hook '/home/olee/olee_ros2_ws/src/install/rf2o_laser_odometry/share/rf2o_laser_odometry/hook/cmake_prefix_path.sh'
[18.951s] Level 1:colcon.colcon_core.environment:checking '/home/olee/olee_ros2_ws/src/install/rf2o_laser_odometry/lib'
[18.951s] Level 1:colcon.colcon_core.environment:checking '/home/olee/olee_ros2_ws/src/install/rf2o_laser_odometry/bin'
[18.951s] Level 1:colcon.colcon_core.environment:checking '/home/olee/olee_ros2_ws/src/install/rf2o_laser_odometry/lib/pkgconfig/rf2o_laser_odometry.pc'
[18.951s] Level 1:colcon.colcon_core.environment:checking '/home/olee/olee_ros2_ws/src/install/rf2o_laser_odometry/lib/python3.10/site-packages'
[18.952s] Level 1:colcon.colcon_core.environment:checking '/home/olee/olee_ros2_ws/src/install/rf2o_laser_odometry/bin'
[18.952s] INFO:colcon.colcon_core.shell:Creating package script '/home/olee/olee_ros2_ws/src/install/rf2o_laser_odometry/share/rf2o_laser_odometry/package.ps1'
[18.953s] INFO:colcon.colcon_core.shell:Creating package descriptor '/home/olee/olee_ros2_ws/src/install/rf2o_laser_odometry/share/rf2o_laser_odometry/package.dsv'
[18.953s] INFO:colcon.colcon_core.shell:Creating package script '/home/olee/olee_ros2_ws/src/install/rf2o_laser_odometry/share/rf2o_laser_odometry/package.sh'
[18.953s] INFO:colcon.colcon_core.shell:Creating package script '/home/olee/olee_ros2_ws/src/install/rf2o_laser_odometry/share/rf2o_laser_odometry/package.bash'
[18.954s] INFO:colcon.colcon_core.shell:Creating package script '/home/olee/olee_ros2_ws/src/install/rf2o_laser_odometry/share/rf2o_laser_odometry/package.zsh'
[18.954s] Level 1:colcon.colcon_core.environment:create_file_with_runtime_dependencies(/home/olee/olee_ros2_ws/src/install/rf2o_laser_odometry/share/colcon-core/packages/rf2o_laser_odometry)
[18.954s] Level 1:colcon.colcon_core.environment:create_environment_scripts_only(rf2o_laser_odometry)
[18.955s] Level 1:colcon.colcon_core.environment:checking '/home/olee/olee_ros2_ws/src/install/rf2o_laser_odometry' for CMake module files
[18.955s] Level 1:colcon.colcon_core.environment:checking '/home/olee/olee_ros2_ws/src/install/rf2o_laser_odometry' for CMake config files
[18.955s] Level 1:colcon.colcon_core.shell:create_environment_hook('rf2o_laser_odometry', 'cmake_prefix_path')
[18.955s] INFO:colcon.colcon_core.shell:Creating environment hook '/home/olee/olee_ros2_ws/src/install/rf2o_laser_odometry/share/rf2o_laser_odometry/hook/cmake_prefix_path.ps1'
[18.956s] INFO:colcon.colcon_core.shell:Creating environment descriptor '/home/olee/olee_ros2_ws/src/install/rf2o_laser_odometry/share/rf2o_laser_odometry/hook/cmake_prefix_path.dsv'
[18.956s] INFO:colcon.colcon_core.shell:Creating environment hook '/home/olee/olee_ros2_ws/src/install/rf2o_laser_odometry/share/rf2o_laser_odometry/hook/cmake_prefix_path.sh'
[18.957s] Level 1:colcon.colcon_core.environment:checking '/home/olee/olee_ros2_ws/src/install/rf2o_laser_odometry/lib'
[18.957s] Level 1:colcon.colcon_core.environment:checking '/home/olee/olee_ros2_ws/src/install/rf2o_laser_odometry/bin'
[18.957s] Level 1:colcon.colcon_core.environment:checking '/home/olee/olee_ros2_ws/src/install/rf2o_laser_odometry/lib/pkgconfig/rf2o_laser_odometry.pc'
[18.957s] Level 1:colcon.colcon_core.environment:checking '/home/olee/olee_ros2_ws/src/install/rf2o_laser_odometry/lib/python3.10/site-packages'
[18.957s] Level 1:colcon.colcon_core.environment:checking '/home/olee/olee_ros2_ws/src/install/rf2o_laser_odometry/bin'
[18.957s] INFO:colcon.colcon_core.shell:Creating package script '/home/olee/olee_ros2_ws/src/install/rf2o_laser_odometry/share/rf2o_laser_odometry/package.ps1'
[18.958s] INFO:colcon.colcon_core.shell:Creating package descriptor '/home/olee/olee_ros2_ws/src/install/rf2o_laser_odometry/share/rf2o_laser_odometry/package.dsv'
[18.958s] INFO:colcon.colcon_core.shell:Creating package script '/home/olee/olee_ros2_ws/src/install/rf2o_laser_odometry/share/rf2o_laser_odometry/package.sh'
[18.958s] INFO:colcon.colcon_core.shell:Creating package script '/home/olee/olee_ros2_ws/src/install/rf2o_laser_odometry/share/rf2o_laser_odometry/package.bash'
[18.959s] INFO:colcon.colcon_core.shell:Creating package script '/home/olee/olee_ros2_ws/src/install/rf2o_laser_odometry/share/rf2o_laser_odometry/package.zsh'
[18.959s] Level 1:colcon.colcon_core.environment:create_file_with_runtime_dependencies(/home/olee/olee_ros2_ws/src/install/rf2o_laser_odometry/share/colcon-core/packages/rf2o_laser_odometry)
[18.959s] DEBUG:colcon.colcon_parallel_executor.executor.parallel:closing loop
[18.959s] DEBUG:colcon.colcon_parallel_executor.executor.parallel:loop closed
[18.959s] DEBUG:colcon.colcon_parallel_executor.executor.parallel:run_until_complete finished with '0'
[18.959s] DEBUG:colcon.colcon_core.event_reactor:joining thread
[18.963s] INFO:colcon.colcon_core.plugin_system:Skipping extension 'colcon_notification.desktop_notification.terminal_notifier': Not used on non-Darwin systems
[18.963s] INFO:colcon.colcon_core.plugin_system:Skipping extension 'colcon_notification.desktop_notification.win32': Not used on non-Windows systems
[18.963s] INFO:colcon.colcon_notification.desktop_notification:Sending desktop notification using 'notify2'
[18.979s] DEBUG:colcon.colcon_core.event_reactor:joined thread
[18.979s] INFO:colcon.colcon_core.shell:Creating prefix script '/home/olee/olee_ros2_ws/src/install/local_setup.ps1'
[18.980s] INFO:colcon.colcon_core.shell:Creating prefix util module '/home/olee/olee_ros2_ws/src/install/_local_setup_util_ps1.py'
[18.982s] INFO:colcon.colcon_core.shell:Creating prefix chain script '/home/olee/olee_ros2_ws/src/install/setup.ps1'
[18.983s] INFO:colcon.colcon_core.shell:Creating prefix script '/home/olee/olee_ros2_ws/src/install/local_setup.sh'
[18.983s] INFO:colcon.colcon_core.shell:Creating prefix util module '/home/olee/olee_ros2_ws/src/install/_local_setup_util_sh.py'
[18.984s] INFO:colcon.colcon_core.shell:Creating prefix chain script '/home/olee/olee_ros2_ws/src/install/setup.sh'
[18.985s] INFO:colcon.colcon_core.shell:Creating prefix script '/home/olee/olee_ros2_ws/src/install/local_setup.bash'
[18.986s] INFO:colcon.colcon_core.shell:Creating prefix chain script '/home/olee/olee_ros2_ws/src/install/setup.bash'
[18.987s] INFO:colcon.colcon_core.shell:Creating prefix script '/home/olee/olee_ros2_ws/src/install/local_setup.zsh'
[18.987s] INFO:colcon.colcon_core.shell:Creating prefix chain script '/home/olee/olee_ros2_ws/src/install/setup.zsh'
