[0.013s] Invoking command in '/home/olee/olee_ros2_ws/src/build/cartographer_rviz': AMENT_PREFIX_PATH=/home/olee/olee_ros2_ws/src/install/cartographer_ros:/home/olee/olee_ros2_ws/src/install/cartographer_ros_msgs:${AMENT_PREFIX_PATH} CMAKE_PREFIX_PATH=/home/olee/olee_ros2_ws/src/install/cartographer_ros:/home/olee/olee_ros2_ws/src/install/cartographer_ros_msgs:/home/olee/olee_ros2_ws/install/ydlidar_sdk:/home/olee/olee_ros2_ws/install/ydlidar_ros2_driver:/home/olee/olee_ros2_ws/install/tflidar_ros:/home/olee/olee_ros2_ws/install/slam_toolbox:/home/olee/ros2_ws/install/ydlidar_sdk:/home/olee/ros2_ws/install/ydlidar_ros2_driver:/home/olee/ros2_ws/install/rf2o_laser_odometry:/home/olee/olee_ros2_ws/install/master_olee_controller:/opt/ros/humble LD_LIBRARY_PATH=/home/olee/olee_ros2_ws/src/install/cartographer_ros/lib:/home/olee/olee_ros2_ws/src/install/cartographer_ros_msgs/lib:${LD_LIBRARY_PATH} PYTHONPATH=/home/olee/olee_ros2_ws/src/install/cartographer_ros_msgs/local/lib/python3.10/dist-packages:${PYTHONPATH} /usr/bin/cmake /home/olee/olee_ros2_ws/src/cartographer_ros-ros2/cartographer_rviz -DCMAKE_INSTALL_PREFIX=/home/olee/olee_ros2_ws/src/install/cartographer_rviz
[0.025s] -- Found ament_cmake: 1.3.12 (/opt/ros/humble/share/ament_cmake/cmake)
[0.144s] -- Override CMake install command with custom implementation using symlinks instead of copying resources
[0.150s] -- Found required Ceres dependency: Eigen version 3.4.0 in /usr/include/eigen3
[0.151s] -- Found required Ceres dependency: glog
[0.152s] -- Found required Ceres dependency: gflags
[0.152s] -- Found Ceres version: 2.0.0 installed in: /usr with components: [EigenSparse, SparseLinearAlgebraLibrary, LAPACK, SuiteSparse, CXSparse, SchurSpecializations, Multithreading]
[0.160s] -- Build type: Release
[0.163s] -- Found cartographer_ros: 2.0.9003 (/home/olee/olee_ros2_ws/src/install/cartographer_ros/share/cartographer_ros/cmake)
[0.179s] -- Found rosidl_generator_c: 3.1.7 (/opt/ros/humble/share/rosidl_generator_c/cmake)
[0.181s] -- Found rosidl_adapter: 3.1.7 (/opt/ros/humble/share/rosidl_adapter/cmake)
[0.184s] -- Found rosidl_generator_cpp: 3.1.7 (/opt/ros/humble/share/rosidl_generator_cpp/cmake)
[0.190s] -- Using all available rosidl_typesupport_c: rosidl_typesupport_fastrtps_c;rosidl_typesupport_introspection_c
[0.198s] -- Using all available rosidl_typesupport_cpp: rosidl_typesupport_fastrtps_cpp;rosidl_typesupport_introspection_cpp
[0.257s] -- Found rmw_implementation_cmake: 6.1.2 (/opt/ros/humble/share/rmw_implementation_cmake/cmake)
[0.258s] -- Found rmw_fastrtps_cpp: 6.2.9 (/opt/ros/humble/share/rmw_fastrtps_cpp/cmake)
[0.337s] -- Using RMW implementation 'rmw_fastrtps_cpp' as default
[0.445s] -- Found rviz_common: 11.2.22 (/opt/ros/humble/share/rviz_common/cmake)
[0.451s] -- Setting assimp_DIR to: '/opt/ros/humble/share/rviz_assimp_vendor/cmake/../../../opt/rviz_assimp_vendor/lib/cmake/assimp-4.1'
[0.453s] -- Setting OGRE_DIR to: '/opt/ros/humble/share/rviz_ogre_vendor/cmake/../../../opt/rviz_ogre_vendor/lib/OGRE/cmake'
[0.454s] -- Found OGRE
[0.454s] --   static     : OFF
[0.454s] --   components : HLMS;MeshLodGenerator;Overlay;Paging;Property;RTShaderSystem;Terrain;Volume
[0.454s] --   plugins    : Plugin_BSPSceneManager;Plugin_OctreeSceneManager;Plugin_PCZSceneManager;Plugin_ParticleFX;RenderSystem_GL;RenderSystem_GL3Plus;Codec_STBI
[0.454s] --   media      : /opt/ros/humble/opt/rviz_ogre_vendor/share/OGRE/Media
[0.454s] -- OGRE_LIBRARIES: OgreHLMS;OgreMeshLodGenerator;OgreOverlay;OgrePaging;OgreProperty;OgreRTShaderSystem;OgreTerrain;OgreVolume;OgreMain
[0.454s] -- OGRE_LIBRARY_DIRS: /opt/ros/humble/opt/rviz_ogre_vendor/lib
[0.454s] -- OGRE_PLUGINS: Plugin_BSPSceneManager;Plugin_OctreeSceneManager;Plugin_PCZSceneManager;Plugin_ParticleFX;RenderSystem_GL;RenderSystem_GL3Plus;Codec_STBI
[0.454s] -- OGRE_PLUGIN_DIR: /opt/ros/humble/opt/rviz_ogre_vendor/lib/OGRE
[0.454s] -- rviz_ogre_vendor::OgreOverlay for IMPORTED_LOCATION_RELEASE: /opt/ros/humble/opt/rviz_ogre_vendor/lib/libOgreOverlay.so
[0.454s] -- rviz_ogre_vendor::OgreOverlay for IMPORTED_LOCATION_DEBUG: /opt/ros/humble/opt/rviz_ogre_vendor/lib/libOgreOverlay.so
[0.454s] -- rviz_ogre_vendor::OgreMain for IMPORTED_LOCATION_RELEASE: /opt/ros/humble/opt/rviz_ogre_vendor/lib/libOgreMain.so
[0.454s] -- rviz_ogre_vendor::OgreMain for IMPORTED_LOCATION_DEBUG: /opt/ros/humble/opt/rviz_ogre_vendor/lib/libOgreMain.so
[0.509s] -- library: /usr/lib/x86_64-linux-gnu/libcurl.so
[0.518s] -- Ensuring Eigen3 include directory is part of orocos-kdl CMake target
[0.569s] -- Deploy OGRE media
[0.571s] -- Configuring done
[0.600s] -- Generating done
[0.607s] -- Build files have been written to: /home/olee/olee_ros2_ws/src/build/cartographer_rviz
[0.617s] Invoked command in '/home/olee/olee_ros2_ws/src/build/cartographer_rviz' returned '0': AMENT_PREFIX_PATH=/home/olee/olee_ros2_ws/src/install/cartographer_ros:/home/olee/olee_ros2_ws/src/install/cartographer_ros_msgs:${AMENT_PREFIX_PATH} CMAKE_PREFIX_PATH=/home/olee/olee_ros2_ws/src/install/cartographer_ros:/home/olee/olee_ros2_ws/src/install/cartographer_ros_msgs:/home/olee/olee_ros2_ws/install/ydlidar_sdk:/home/olee/olee_ros2_ws/install/ydlidar_ros2_driver:/home/olee/olee_ros2_ws/install/tflidar_ros:/home/olee/olee_ros2_ws/install/slam_toolbox:/home/olee/ros2_ws/install/ydlidar_sdk:/home/olee/ros2_ws/install/ydlidar_ros2_driver:/home/olee/ros2_ws/install/rf2o_laser_odometry:/home/olee/olee_ros2_ws/install/master_olee_controller:/opt/ros/humble LD_LIBRARY_PATH=/home/olee/olee_ros2_ws/src/install/cartographer_ros/lib:/home/olee/olee_ros2_ws/src/install/cartographer_ros_msgs/lib:${LD_LIBRARY_PATH} PYTHONPATH=/home/olee/olee_ros2_ws/src/install/cartographer_ros_msgs/local/lib/python3.10/dist-packages:${PYTHONPATH} /usr/bin/cmake /home/olee/olee_ros2_ws/src/cartographer_ros-ros2/cartographer_rviz -DCMAKE_INSTALL_PREFIX=/home/olee/olee_ros2_ws/src/install/cartographer_rviz
[0.619s] Invoking command in '/home/olee/olee_ros2_ws/src/build/cartographer_rviz': AMENT_PREFIX_PATH=/home/olee/olee_ros2_ws/src/install/cartographer_ros:/home/olee/olee_ros2_ws/src/install/cartographer_ros_msgs:${AMENT_PREFIX_PATH} CMAKE_PREFIX_PATH=/home/olee/olee_ros2_ws/src/install/cartographer_ros:/home/olee/olee_ros2_ws/src/install/cartographer_ros_msgs:/home/olee/olee_ros2_ws/install/ydlidar_sdk:/home/olee/olee_ros2_ws/install/ydlidar_ros2_driver:/home/olee/olee_ros2_ws/install/tflidar_ros:/home/olee/olee_ros2_ws/install/slam_toolbox:/home/olee/ros2_ws/install/ydlidar_sdk:/home/olee/ros2_ws/install/ydlidar_ros2_driver:/home/olee/ros2_ws/install/rf2o_laser_odometry:/home/olee/olee_ros2_ws/install/master_olee_controller:/opt/ros/humble LD_LIBRARY_PATH=/home/olee/olee_ros2_ws/src/install/cartographer_ros/lib:/home/olee/olee_ros2_ws/src/install/cartographer_ros_msgs/lib:${LD_LIBRARY_PATH} PYTHONPATH=/home/olee/olee_ros2_ws/src/install/cartographer_ros_msgs/local/lib/python3.10/dist-packages:${PYTHONPATH} /usr/bin/cmake --build /home/olee/olee_ros2_ws/src/build/cartographer_rviz -- -j12 -l12
[0.664s] [ 16%] [34m[1mAutomatic MOC for target cartographer_rviz[0m
[0.669s] [ 16%] Built target cartographer_rviz_detect_changes
[0.686s] [ 16%] Built target cartographer_rviz_autogen
[0.701s] [35m[1mConsolidate compiler generated dependencies of target cartographer_rviz[0m
[0.733s] [100%] Built target cartographer_rviz
[0.742s] Invoked command in '/home/olee/olee_ros2_ws/src/build/cartographer_rviz' returned '0': AMENT_PREFIX_PATH=/home/olee/olee_ros2_ws/src/install/cartographer_ros:/home/olee/olee_ros2_ws/src/install/cartographer_ros_msgs:${AMENT_PREFIX_PATH} CMAKE_PREFIX_PATH=/home/olee/olee_ros2_ws/src/install/cartographer_ros:/home/olee/olee_ros2_ws/src/install/cartographer_ros_msgs:/home/olee/olee_ros2_ws/install/ydlidar_sdk:/home/olee/olee_ros2_ws/install/ydlidar_ros2_driver:/home/olee/olee_ros2_ws/install/tflidar_ros:/home/olee/olee_ros2_ws/install/slam_toolbox:/home/olee/ros2_ws/install/ydlidar_sdk:/home/olee/ros2_ws/install/ydlidar_ros2_driver:/home/olee/ros2_ws/install/rf2o_laser_odometry:/home/olee/olee_ros2_ws/install/master_olee_controller:/opt/ros/humble LD_LIBRARY_PATH=/home/olee/olee_ros2_ws/src/install/cartographer_ros/lib:/home/olee/olee_ros2_ws/src/install/cartographer_ros_msgs/lib:${LD_LIBRARY_PATH} PYTHONPATH=/home/olee/olee_ros2_ws/src/install/cartographer_ros_msgs/local/lib/python3.10/dist-packages:${PYTHONPATH} /usr/bin/cmake --build /home/olee/olee_ros2_ws/src/build/cartographer_rviz -- -j12 -l12
[0.744s] Invoking command in '/home/olee/olee_ros2_ws/src/build/cartographer_rviz': AMENT_PREFIX_PATH=/home/olee/olee_ros2_ws/src/install/cartographer_ros:/home/olee/olee_ros2_ws/src/install/cartographer_ros_msgs:${AMENT_PREFIX_PATH} CMAKE_PREFIX_PATH=/home/olee/olee_ros2_ws/src/install/cartographer_ros:/home/olee/olee_ros2_ws/src/install/cartographer_ros_msgs:/home/olee/olee_ros2_ws/install/ydlidar_sdk:/home/olee/olee_ros2_ws/install/ydlidar_ros2_driver:/home/olee/olee_ros2_ws/install/tflidar_ros:/home/olee/olee_ros2_ws/install/slam_toolbox:/home/olee/ros2_ws/install/ydlidar_sdk:/home/olee/ros2_ws/install/ydlidar_ros2_driver:/home/olee/ros2_ws/install/rf2o_laser_odometry:/home/olee/olee_ros2_ws/install/master_olee_controller:/opt/ros/humble LD_LIBRARY_PATH=/home/olee/olee_ros2_ws/src/install/cartographer_ros/lib:/home/olee/olee_ros2_ws/src/install/cartographer_ros_msgs/lib:${LD_LIBRARY_PATH} PYTHONPATH=/home/olee/olee_ros2_ws/src/install/cartographer_ros_msgs/local/lib/python3.10/dist-packages:${PYTHONPATH} /usr/bin/cmake --install /home/olee/olee_ros2_ws/src/build/cartographer_rviz
[0.749s] -- Install configuration: "Release"
[0.749s] -- Execute custom install script
[0.750s] -- Up-to-date symlink: /home/olee/olee_ros2_ws/src/install/cartographer_rviz/share/cartographer_rviz//rviz_plugin_description.xml
[0.750s] -- Up-to-date symlink: /home/olee/olee_ros2_ws/src/install/cartographer_rviz/include/cartographer_rviz/cartographer_rviz/drawable_submap.h
[0.750s] -- Up-to-date symlink: /home/olee/olee_ros2_ws/src/install/cartographer_rviz/include/cartographer_rviz/cartographer_rviz/ogre_slice.h
[0.750s] -- Up-to-date symlink: /home/olee/olee_ros2_ws/src/install/cartographer_rviz/include/cartographer_rviz/cartographer_rviz/submaps_display.h
[0.750s] -- Up-to-date symlink: /home/olee/olee_ros2_ws/src/install/cartographer_rviz/share/cartographer_rviz/environment/library_path.sh
[0.750s] -- Up-to-date symlink: /home/olee/olee_ros2_ws/src/install/cartographer_rviz/share/cartographer_rviz/environment/library_path.dsv
[0.750s] -- Up-to-date symlink: /home/olee/olee_ros2_ws/src/install/cartographer_rviz/share/ament_index/resource_index/package_run_dependencies/cartographer_rviz
[0.750s] -- Up-to-date symlink: /home/olee/olee_ros2_ws/src/install/cartographer_rviz/share/ament_index/resource_index/parent_prefix_path/cartographer_rviz
[0.750s] -- Up-to-date symlink: /home/olee/olee_ros2_ws/src/install/cartographer_rviz/share/cartographer_rviz/environment/ament_prefix_path.sh
[0.750s] -- Up-to-date symlink: /home/olee/olee_ros2_ws/src/install/cartographer_rviz/share/cartographer_rviz/environment/ament_prefix_path.dsv
[0.751s] -- Up-to-date symlink: /home/olee/olee_ros2_ws/src/install/cartographer_rviz/share/cartographer_rviz/environment/path.sh
[0.751s] -- Up-to-date symlink: /home/olee/olee_ros2_ws/src/install/cartographer_rviz/share/cartographer_rviz/environment/path.dsv
[0.751s] -- Up-to-date symlink: /home/olee/olee_ros2_ws/src/install/cartographer_rviz/share/cartographer_rviz/local_setup.bash
[0.751s] -- Up-to-date symlink: /home/olee/olee_ros2_ws/src/install/cartographer_rviz/share/cartographer_rviz/local_setup.sh
[0.751s] -- Up-to-date symlink: /home/olee/olee_ros2_ws/src/install/cartographer_rviz/share/cartographer_rviz/local_setup.zsh
[0.751s] -- Up-to-date symlink: /home/olee/olee_ros2_ws/src/install/cartographer_rviz/share/cartographer_rviz/local_setup.dsv
[0.751s] -- Symlinking: /home/olee/olee_ros2_ws/src/install/cartographer_rviz/share/cartographer_rviz/package.dsv
[0.756s] -- Up-to-date symlink: /home/olee/olee_ros2_ws/src/install/cartographer_rviz/share/ament_index/resource_index/packages/cartographer_rviz
[0.757s] -- Up-to-date symlink: /home/olee/olee_ros2_ws/src/install/cartographer_rviz/share/ament_index/resource_index/rviz_common__pluginlib__plugin/cartographer_rviz
[0.757s] -- Up-to-date symlink: /home/olee/olee_ros2_ws/src/install/cartographer_rviz/share/ament_index/resource_index/rviz_ogre_media_exports/cartographer_rviz
[0.757s] -- Up-to-date symlink: /home/olee/olee_ros2_ws/src/install/cartographer_rviz/share/cartographer_rviz/cmake/ament_cmake_export_include_directories-extras.cmake
[0.757s] -- Up-to-date symlink: /home/olee/olee_ros2_ws/src/install/cartographer_rviz/share/cartographer_rviz/cmake/ament_cmake_export_libraries-extras.cmake
[0.757s] -- Up-to-date symlink: /home/olee/olee_ros2_ws/src/install/cartographer_rviz/share/cartographer_rviz/cmake/ament_cmake_export_targets-extras.cmake
[0.757s] -- Up-to-date symlink: /home/olee/olee_ros2_ws/src/install/cartographer_rviz/share/cartographer_rviz/cmake/ament_cmake_export_dependencies-extras.cmake
[0.757s] -- Up-to-date symlink: /home/olee/olee_ros2_ws/src/install/cartographer_rviz/share/cartographer_rviz/cmake/cartographer_rvizConfig.cmake
[0.757s] -- Up-to-date symlink: /home/olee/olee_ros2_ws/src/install/cartographer_rviz/share/cartographer_rviz/cmake/cartographer_rvizConfig-version.cmake
[0.758s] -- Up-to-date symlink: /home/olee/olee_ros2_ws/src/install/cartographer_rviz/share/cartographer_rviz/package.xml
[0.758s] -- Up-to-date: /home/olee/olee_ros2_ws/src/install/cartographer_rviz/lib/libcartographer_rviz.so
[0.758s] -- Up-to-date: /home/olee/olee_ros2_ws/src/install/cartographer_rviz/share/cartographer_rviz/ogre_media/materials/glsl120
[0.758s] -- Up-to-date: /home/olee/olee_ros2_ws/src/install/cartographer_rviz/share/cartographer_rviz/ogre_media/materials/glsl120/submap.vert
[0.758s] -- Up-to-date: /home/olee/olee_ros2_ws/src/install/cartographer_rviz/share/cartographer_rviz/ogre_media/materials/glsl120/glsl120.program
[0.758s] -- Up-to-date: /home/olee/olee_ros2_ws/src/install/cartographer_rviz/share/cartographer_rviz/ogre_media/materials/glsl120/submap.frag
[0.758s] -- Up-to-date: /home/olee/olee_ros2_ws/src/install/cartographer_rviz/share/cartographer_rviz/ogre_media/materials/scripts
[0.758s] -- Up-to-date: /home/olee/olee_ros2_ws/src/install/cartographer_rviz/share/cartographer_rviz/ogre_media/materials/scripts/submap.material
[0.758s] -- Up-to-date: /home/olee/olee_ros2_ws/src/install/cartographer_rviz/share/cartographer_rviz/cmake/cartographer_rvizExport.cmake
[0.759s] -- Up-to-date: /home/olee/olee_ros2_ws/src/install/cartographer_rviz/share/cartographer_rviz/cmake/cartographer_rvizExport-release.cmake
[0.760s] Invoked command in '/home/olee/olee_ros2_ws/src/build/cartographer_rviz' returned '0': AMENT_PREFIX_PATH=/home/olee/olee_ros2_ws/src/install/cartographer_ros:/home/olee/olee_ros2_ws/src/install/cartographer_ros_msgs:${AMENT_PREFIX_PATH} CMAKE_PREFIX_PATH=/home/olee/olee_ros2_ws/src/install/cartographer_ros:/home/olee/olee_ros2_ws/src/install/cartographer_ros_msgs:/home/olee/olee_ros2_ws/install/ydlidar_sdk:/home/olee/olee_ros2_ws/install/ydlidar_ros2_driver:/home/olee/olee_ros2_ws/install/tflidar_ros:/home/olee/olee_ros2_ws/install/slam_toolbox:/home/olee/ros2_ws/install/ydlidar_sdk:/home/olee/ros2_ws/install/ydlidar_ros2_driver:/home/olee/ros2_ws/install/rf2o_laser_odometry:/home/olee/olee_ros2_ws/install/master_olee_controller:/opt/ros/humble LD_LIBRARY_PATH=/home/olee/olee_ros2_ws/src/install/cartographer_ros/lib:/home/olee/olee_ros2_ws/src/install/cartographer_ros_msgs/lib:${LD_LIBRARY_PATH} PYTHONPATH=/home/olee/olee_ros2_ws/src/install/cartographer_ros_msgs/local/lib/python3.10/dist-packages:${PYTHONPATH} /usr/bin/cmake --install /home/olee/olee_ros2_ws/src/build/cartographer_rviz
