[0.056s] DEBUG:colcon:Command line arguments: ['/usr/bin/colcon', 'build']
[0.056s] DEBUG:colcon:Parsed command line arguments: Namespace(log_base=None, log_level=None, verb_name='build', build_base='build', install_base='install', merge_install=False, symlink_install=False, test_result_base=None, continue_on_error=False, executor='parallel', parallel_workers=12, event_handlers=None, ignore_user_meta=False, metas=['./colcon.meta'], base_paths=['.'], packages_ignore=None, packages_ignore_regex=None, paths=None, packages_up_to=None, packages_up_to_regex=None, packages_above=None, packages_above_and_dependencies=None, packages_above_depth=None, packages_select_by_dep=None, packages_skip_by_dep=None, packages_skip_up_to=None, packages_select_build_failed=False, packages_skip_build_finished=False, packages_select_test_failures=False, packages_skip_test_passed=False, packages_select=None, packages_skip=None, packages_select_regex=None, packages_skip_regex=None, packages_start=None, packages_end=None, allow_overriding=[], cmake_args=None, cmake_target=None, cmake_target_skip_unavailable=False, cmake_clean_cache=False, cmake_clean_first=False, cmake_force_configure=False, ament_cmake_args=None, catkin_cmake_args=None, catkin_skip_building_tests=False, verb_parser=<colcon_defaults.argument_parser.defaults.DefaultArgumentsDecorator object at 0x7e6709f82590>, verb_extension=<colcon_core.verb.build.BuildVerb object at 0x7e6709f81ff0>, main=<bound method BuildVerb.main of <colcon_core.verb.build.BuildVerb object at 0x7e6709f81ff0>>)
[0.077s] Level 1:colcon.colcon_core.package_discovery:discover_packages(colcon_meta) check parameters
[0.078s] Level 1:colcon.colcon_core.package_discovery:discover_packages(recursive) check parameters
[0.078s] Level 1:colcon.colcon_core.package_discovery:discover_packages(ignore) check parameters
[0.078s] Level 1:colcon.colcon_core.package_discovery:discover_packages(path) check parameters
[0.078s] Level 1:colcon.colcon_core.package_discovery:discover_packages(colcon_meta) discover
[0.078s] Level 1:colcon.colcon_core.package_discovery:discover_packages(recursive) discover
[0.078s] INFO:colcon.colcon_core.package_discovery:Crawling recursively for packages in '/home/olee/olee_ros2_ws/src/csm-ros2_csm_eigen/src'
[0.078s] Level 1:colcon.colcon_core.package_identification:_identify(.) by extensions ['ignore', 'ignore_ament_install']
[0.078s] Level 1:colcon.colcon_core.package_identification:_identify(.) by extension 'ignore'
[0.078s] Level 1:colcon.colcon_core.package_identification:_identify(.) by extension 'ignore_ament_install'
[0.078s] Level 1:colcon.colcon_core.package_identification:_identify(.) by extensions ['colcon_pkg']
[0.078s] Level 1:colcon.colcon_core.package_identification:_identify(.) by extension 'colcon_pkg'
[0.078s] Level 1:colcon.colcon_core.package_identification:_identify(.) by extensions ['colcon_meta']
[0.078s] Level 1:colcon.colcon_core.package_identification:_identify(.) by extension 'colcon_meta'
[0.078s] Level 1:colcon.colcon_core.package_identification:_identify(.) by extensions ['ros']
[0.078s] Level 1:colcon.colcon_core.package_identification:_identify(.) by extension 'ros'
[0.087s] Level 1:colcon.colcon_core.package_identification:_identify(.) by extensions ['cmake', 'python']
[0.087s] Level 1:colcon.colcon_core.package_identification:_identify(.) by extension 'cmake'
[0.087s] Level 1:colcon.colcon_core.package_identification:_identify(.) by extension 'python'
[0.087s] Level 1:colcon.colcon_core.package_identification:_identify(.) by extensions ['python_setup_py']
[0.087s] Level 1:colcon.colcon_core.package_identification:_identify(.) by extension 'python_setup_py'
[0.087s] Level 1:colcon.colcon_core.package_identification:_identify(build) by extensions ['ignore', 'ignore_ament_install']
[0.087s] Level 1:colcon.colcon_core.package_identification:_identify(build) by extension 'ignore'
[0.087s] Level 1:colcon.colcon_core.package_identification:_identify(build) ignored
[0.087s] Level 1:colcon.colcon_core.package_identification:_identify(cmake) by extensions ['ignore', 'ignore_ament_install']
[0.087s] Level 1:colcon.colcon_core.package_identification:_identify(cmake) by extension 'ignore'
[0.087s] Level 1:colcon.colcon_core.package_identification:_identify(cmake) by extension 'ignore_ament_install'
[0.087s] Level 1:colcon.colcon_core.package_identification:_identify(cmake) by extensions ['colcon_pkg']
[0.087s] Level 1:colcon.colcon_core.package_identification:_identify(cmake) by extension 'colcon_pkg'
[0.087s] Level 1:colcon.colcon_core.package_identification:_identify(cmake) by extensions ['colcon_meta']
[0.087s] Level 1:colcon.colcon_core.package_identification:_identify(cmake) by extension 'colcon_meta'
[0.087s] Level 1:colcon.colcon_core.package_identification:_identify(cmake) by extensions ['ros']
[0.087s] Level 1:colcon.colcon_core.package_identification:_identify(cmake) by extension 'ros'
[0.087s] Level 1:colcon.colcon_core.package_identification:_identify(cmake) by extensions ['cmake', 'python']
[0.087s] Level 1:colcon.colcon_core.package_identification:_identify(cmake) by extension 'cmake'
[0.087s] Level 1:colcon.colcon_core.package_identification:_identify(cmake) by extension 'python'
[0.087s] Level 1:colcon.colcon_core.package_identification:_identify(cmake) by extensions ['python_setup_py']
[0.087s] Level 1:colcon.colcon_core.package_identification:_identify(cmake) by extension 'python_setup_py'
[0.087s] Level 1:colcon.colcon_core.package_identification:_identify(csm) by extensions ['ignore', 'ignore_ament_install']
[0.087s] Level 1:colcon.colcon_core.package_identification:_identify(csm) by extension 'ignore'
[0.087s] Level 1:colcon.colcon_core.package_identification:_identify(csm) by extension 'ignore_ament_install'
[0.087s] Level 1:colcon.colcon_core.package_identification:_identify(csm) by extensions ['colcon_pkg']
[0.087s] Level 1:colcon.colcon_core.package_identification:_identify(csm) by extension 'colcon_pkg'
[0.087s] Level 1:colcon.colcon_core.package_identification:_identify(csm) by extensions ['colcon_meta']
[0.087s] Level 1:colcon.colcon_core.package_identification:_identify(csm) by extension 'colcon_meta'
[0.087s] Level 1:colcon.colcon_core.package_identification:_identify(csm) by extensions ['ros']
[0.087s] Level 1:colcon.colcon_core.package_identification:_identify(csm) by extension 'ros'
[0.087s] Level 1:colcon.colcon_core.package_identification:_identify(csm) by extensions ['cmake', 'python']
[0.087s] Level 1:colcon.colcon_core.package_identification:_identify(csm) by extension 'cmake'
[0.088s] Level 1:colcon.colcon_core.package_identification:_identify(csm) by extension 'python'
[0.088s] Level 1:colcon.colcon_core.package_identification:_identify(csm) by extensions ['python_setup_py']
[0.088s] Level 1:colcon.colcon_core.package_identification:_identify(csm) by extension 'python_setup_py'
[0.088s] Level 1:colcon.colcon_core.package_identification:_identify(egsl) by extensions ['ignore', 'ignore_ament_install']
[0.088s] Level 1:colcon.colcon_core.package_identification:_identify(egsl) by extension 'ignore'
[0.088s] Level 1:colcon.colcon_core.package_identification:_identify(egsl) by extension 'ignore_ament_install'
[0.088s] Level 1:colcon.colcon_core.package_identification:_identify(egsl) by extensions ['colcon_pkg']
[0.088s] Level 1:colcon.colcon_core.package_identification:_identify(egsl) by extension 'colcon_pkg'
[0.088s] Level 1:colcon.colcon_core.package_identification:_identify(egsl) by extensions ['colcon_meta']
[0.088s] Level 1:colcon.colcon_core.package_identification:_identify(egsl) by extension 'colcon_meta'
[0.088s] Level 1:colcon.colcon_core.package_identification:_identify(egsl) by extensions ['ros']
[0.088s] Level 1:colcon.colcon_core.package_identification:_identify(egsl) by extension 'ros'
[0.088s] Level 1:colcon.colcon_core.package_identification:_identify(egsl) by extensions ['cmake', 'python']
[0.088s] Level 1:colcon.colcon_core.package_identification:_identify(egsl) by extension 'cmake'
[0.088s] Level 1:colcon.colcon_core.package_identification:_identify(egsl) by extension 'python'
[0.088s] Level 1:colcon.colcon_core.package_identification:_identify(egsl) by extensions ['python_setup_py']
[0.088s] Level 1:colcon.colcon_core.package_identification:_identify(egsl) by extension 'python_setup_py'
[0.088s] Level 1:colcon.colcon_core.package_identification:_identify(gpc) by extensions ['ignore', 'ignore_ament_install']
[0.088s] Level 1:colcon.colcon_core.package_identification:_identify(gpc) by extension 'ignore'
[0.088s] Level 1:colcon.colcon_core.package_identification:_identify(gpc) by extension 'ignore_ament_install'
[0.088s] Level 1:colcon.colcon_core.package_identification:_identify(gpc) by extensions ['colcon_pkg']
[0.088s] Level 1:colcon.colcon_core.package_identification:_identify(gpc) by extension 'colcon_pkg'
[0.088s] Level 1:colcon.colcon_core.package_identification:_identify(gpc) by extensions ['colcon_meta']
[0.088s] Level 1:colcon.colcon_core.package_identification:_identify(gpc) by extension 'colcon_meta'
[0.088s] Level 1:colcon.colcon_core.package_identification:_identify(gpc) by extensions ['ros']
[0.088s] Level 1:colcon.colcon_core.package_identification:_identify(gpc) by extension 'ros'
[0.088s] Level 1:colcon.colcon_core.package_identification:_identify(gpc) by extensions ['cmake', 'python']
[0.088s] Level 1:colcon.colcon_core.package_identification:_identify(gpc) by extension 'cmake'
[0.088s] Level 1:colcon.colcon_core.package_identification:_identify(gpc) by extension 'python'
[0.088s] Level 1:colcon.colcon_core.package_identification:_identify(gpc) by extensions ['python_setup_py']
[0.088s] Level 1:colcon.colcon_core.package_identification:_identify(gpc) by extension 'python_setup_py'
[0.088s] Level 1:colcon.colcon_core.package_identification:_identify(icp) by extensions ['ignore', 'ignore_ament_install']
[0.088s] Level 1:colcon.colcon_core.package_identification:_identify(icp) by extension 'ignore'
[0.088s] Level 1:colcon.colcon_core.package_identification:_identify(icp) by extension 'ignore_ament_install'
[0.088s] Level 1:colcon.colcon_core.package_identification:_identify(icp) by extensions ['colcon_pkg']
[0.088s] Level 1:colcon.colcon_core.package_identification:_identify(icp) by extension 'colcon_pkg'
[0.088s] Level 1:colcon.colcon_core.package_identification:_identify(icp) by extensions ['colcon_meta']
[0.088s] Level 1:colcon.colcon_core.package_identification:_identify(icp) by extension 'colcon_meta'
[0.088s] Level 1:colcon.colcon_core.package_identification:_identify(icp) by extensions ['ros']
[0.088s] Level 1:colcon.colcon_core.package_identification:_identify(icp) by extension 'ros'
[0.088s] Level 1:colcon.colcon_core.package_identification:_identify(icp) by extensions ['cmake', 'python']
[0.088s] Level 1:colcon.colcon_core.package_identification:_identify(icp) by extension 'cmake'
[0.088s] Level 1:colcon.colcon_core.package_identification:_identify(icp) by extension 'python'
[0.088s] Level 1:colcon.colcon_core.package_identification:_identify(icp) by extensions ['python_setup_py']
[0.088s] Level 1:colcon.colcon_core.package_identification:_identify(icp) by extension 'python_setup_py'
[0.088s] Level 1:colcon.colcon_core.package_identification:_identify(install) by extensions ['ignore', 'ignore_ament_install']
[0.088s] Level 1:colcon.colcon_core.package_identification:_identify(install) by extension 'ignore'
[0.088s] Level 1:colcon.colcon_core.package_identification:_identify(install) ignored
[0.089s] Level 1:colcon.colcon_core.package_identification:_identify(log) by extensions ['ignore', 'ignore_ament_install']
[0.089s] Level 1:colcon.colcon_core.package_identification:_identify(log) by extension 'ignore'
[0.089s] Level 1:colcon.colcon_core.package_identification:_identify(log) ignored
[0.089s] Level 1:colcon.colcon_core.package_identification:_identify(options) by extensions ['ignore', 'ignore_ament_install']
[0.089s] Level 1:colcon.colcon_core.package_identification:_identify(options) by extension 'ignore'
[0.089s] Level 1:colcon.colcon_core.package_identification:_identify(options) by extension 'ignore_ament_install'
[0.089s] Level 1:colcon.colcon_core.package_identification:_identify(options) by extensions ['colcon_pkg']
[0.089s] Level 1:colcon.colcon_core.package_identification:_identify(options) by extension 'colcon_pkg'
[0.089s] Level 1:colcon.colcon_core.package_identification:_identify(options) by extensions ['colcon_meta']
[0.089s] Level 1:colcon.colcon_core.package_identification:_identify(options) by extension 'colcon_meta'
[0.089s] Level 1:colcon.colcon_core.package_identification:_identify(options) by extensions ['ros']
[0.089s] Level 1:colcon.colcon_core.package_identification:_identify(options) by extension 'ros'
[0.089s] Level 1:colcon.colcon_core.package_identification:_identify(options) by extensions ['cmake', 'python']
[0.089s] Level 1:colcon.colcon_core.package_identification:_identify(options) by extension 'cmake'
[0.089s] Level 1:colcon.colcon_core.package_identification:_identify(options) by extension 'python'
[0.089s] Level 1:colcon.colcon_core.package_identification:_identify(options) by extensions ['python_setup_py']
[0.089s] Level 1:colcon.colcon_core.package_identification:_identify(options) by extension 'python_setup_py'
[0.089s] Level 1:colcon.colcon_core.package_discovery:discover_packages(recursive) using defaults
[0.089s] Level 1:colcon.colcon_core.package_discovery:discover_packages(ignore) discover
[0.089s] Level 1:colcon.colcon_core.package_discovery:discover_packages(ignore) using defaults
[0.089s] Level 1:colcon.colcon_core.package_discovery:discover_packages(path) discover
[0.089s] Level 1:colcon.colcon_core.package_discovery:discover_packages(path) using defaults
[0.100s] Level 1:colcon.colcon_core.package_discovery:discover_packages(prefix_path) check parameters
[0.100s] Level 1:colcon.colcon_core.package_discovery:discover_packages(prefix_path) discover
[0.101s] DEBUG:colcon.colcon_installed_package_information.package_discovery:Found 5 installed packages in /home/olee/olee_ros2_ws/install
[0.101s] DEBUG:colcon.colcon_installed_package_information.package_discovery:Found 9 installed packages in /home/olee/ros2_ws/install
[0.102s] DEBUG:colcon.colcon_installed_package_information.package_discovery:Found 274 installed packages in /opt/ros/humble
[0.103s] Level 1:colcon.colcon_core.package_discovery:discover_packages(prefix_path) using defaults
[0.120s] INFO:colcon.colcon_core.executor:Executing jobs using 'parallel' executor
[0.121s] DEBUG:colcon.colcon_parallel_executor.executor.parallel:run_until_complete
[0.121s] DEBUG:colcon.colcon_parallel_executor.executor.parallel:closing loop
[0.121s] DEBUG:colcon.colcon_parallel_executor.executor.parallel:loop closed
[0.121s] DEBUG:colcon.colcon_parallel_executor.executor.parallel:run_until_complete finished with '0'
[0.121s] DEBUG:colcon.colcon_core.event_reactor:joining thread
[0.124s] INFO:colcon.colcon_core.plugin_system:Skipping extension 'colcon_notification.desktop_notification.terminal_notifier': Not used on non-Darwin systems
[0.124s] INFO:colcon.colcon_core.plugin_system:Skipping extension 'colcon_notification.desktop_notification.win32': Not used on non-Windows systems
[0.124s] INFO:colcon.colcon_notification.desktop_notification:Sending desktop notification using 'notify2'
[0.135s] DEBUG:colcon.colcon_core.event_reactor:joined thread
[0.137s] INFO:colcon.colcon_core.plugin_system:Skipping extension 'colcon_core.shell.bat': Not used on non-Windows systems
[0.137s] INFO:colcon.colcon_core.shell:Creating prefix script '/home/olee/olee_ros2_ws/src/csm-ros2_csm_eigen/src/install/local_setup.ps1'
[0.138s] INFO:colcon.colcon_core.shell:Creating prefix util module '/home/olee/olee_ros2_ws/src/csm-ros2_csm_eigen/src/install/_local_setup_util_ps1.py'
[0.138s] INFO:colcon.colcon_core.shell:Creating prefix chain script '/home/olee/olee_ros2_ws/src/csm-ros2_csm_eigen/src/install/setup.ps1'
[0.139s] INFO:colcon.colcon_core.shell:Creating prefix script '/home/olee/olee_ros2_ws/src/csm-ros2_csm_eigen/src/install/local_setup.sh'
[0.139s] INFO:colcon.colcon_core.shell:Creating prefix util module '/home/olee/olee_ros2_ws/src/csm-ros2_csm_eigen/src/install/_local_setup_util_sh.py'
[0.139s] INFO:colcon.colcon_core.shell:Creating prefix chain script '/home/olee/olee_ros2_ws/src/csm-ros2_csm_eigen/src/install/setup.sh'
[0.140s] INFO:colcon.colcon_core.shell:Creating prefix script '/home/olee/olee_ros2_ws/src/csm-ros2_csm_eigen/src/install/local_setup.bash'
[0.140s] INFO:colcon.colcon_core.shell:Creating prefix chain script '/home/olee/olee_ros2_ws/src/csm-ros2_csm_eigen/src/install/setup.bash'
[0.141s] INFO:colcon.colcon_core.shell:Creating prefix script '/home/olee/olee_ros2_ws/src/csm-ros2_csm_eigen/src/install/local_setup.zsh'
[0.141s] INFO:colcon.colcon_core.shell:Creating prefix chain script '/home/olee/olee_ros2_ws/src/csm-ros2_csm_eigen/src/install/setup.zsh'
