[0.057s] DEBUG:colcon:Command line arguments: ['/usr/bin/colcon', 'build', '--packages-select', 'scan_tools-ros2']
[0.057s] DEBUG:colcon:Parsed command line arguments: Namespace(log_base=None, log_level=None, verb_name='build', build_base='build', install_base='install', merge_install=False, symlink_install=False, test_result_base=None, continue_on_error=False, executor='parallel', parallel_workers=12, event_handlers=None, ignore_user_meta=False, metas=['./colcon.meta'], base_paths=['.'], packages_ignore=None, packages_ignore_regex=None, paths=None, packages_up_to=None, packages_up_to_regex=None, packages_above=None, packages_above_and_dependencies=None, packages_above_depth=None, packages_select_by_dep=None, packages_skip_by_dep=None, packages_skip_up_to=None, packages_select_build_failed=False, packages_skip_build_finished=False, packages_select_test_failures=False, packages_skip_test_passed=False, packages_select=['scan_tools-ros2'], packages_skip=None, packages_select_regex=None, packages_skip_regex=None, packages_start=None, packages_end=None, allow_overriding=[], cmake_args=None, cmake_target=None, cmake_target_skip_unavailable=False, cmake_clean_cache=False, cmake_clean_first=False, cmake_force_configure=False, ament_cmake_args=None, catkin_cmake_args=None, catkin_skip_building_tests=False, verb_parser=<colcon_defaults.argument_parser.defaults.DefaultArgumentsDecorator object at 0x7cac24f82590>, verb_extension=<colcon_core.verb.build.BuildVerb object at 0x7cac24f81ff0>, main=<bound method BuildVerb.main of <colcon_core.verb.build.BuildVerb object at 0x7cac24f81ff0>>)
[0.078s] Level 1:colcon.colcon_core.package_discovery:discover_packages(colcon_meta) check parameters
[0.078s] Level 1:colcon.colcon_core.package_discovery:discover_packages(recursive) check parameters
[0.078s] Level 1:colcon.colcon_core.package_discovery:discover_packages(ignore) check parameters
[0.078s] Level 1:colcon.colcon_core.package_discovery:discover_packages(path) check parameters
[0.078s] Level 1:colcon.colcon_core.package_discovery:discover_packages(colcon_meta) discover
[0.078s] Level 1:colcon.colcon_core.package_discovery:discover_packages(recursive) discover
[0.078s] INFO:colcon.colcon_core.package_discovery:Crawling recursively for packages in '/home/olee/olee_ros2_ws/src'
[0.078s] Level 1:colcon.colcon_core.package_identification:_identify(.) by extensions ['ignore', 'ignore_ament_install']
[0.078s] Level 1:colcon.colcon_core.package_identification:_identify(.) by extension 'ignore'
[0.079s] Level 1:colcon.colcon_core.package_identification:_identify(.) by extension 'ignore_ament_install'
[0.079s] Level 1:colcon.colcon_core.package_identification:_identify(.) by extensions ['colcon_pkg']
[0.079s] Level 1:colcon.colcon_core.package_identification:_identify(.) by extension 'colcon_pkg'
[0.079s] Level 1:colcon.colcon_core.package_identification:_identify(.) by extensions ['colcon_meta']
[0.079s] Level 1:colcon.colcon_core.package_identification:_identify(.) by extension 'colcon_meta'
[0.079s] Level 1:colcon.colcon_core.package_identification:_identify(.) by extensions ['ros']
[0.079s] Level 1:colcon.colcon_core.package_identification:_identify(.) by extension 'ros'
[0.087s] Level 1:colcon.colcon_core.package_identification:_identify(.) by extensions ['cmake', 'python']
[0.087s] Level 1:colcon.colcon_core.package_identification:_identify(.) by extension 'cmake'
[0.087s] Level 1:colcon.colcon_core.package_identification:_identify(.) by extension 'python'
[0.087s] Level 1:colcon.colcon_core.package_identification:_identify(.) by extensions ['python_setup_py']
[0.087s] Level 1:colcon.colcon_core.package_identification:_identify(.) by extension 'python_setup_py'
[0.087s] Level 1:colcon.colcon_core.package_identification:_identify(YDLidar-SDK-master) by extensions ['ignore', 'ignore_ament_install']
[0.087s] Level 1:colcon.colcon_core.package_identification:_identify(YDLidar-SDK-master) by extension 'ignore'
[0.087s] Level 1:colcon.colcon_core.package_identification:_identify(YDLidar-SDK-master) by extension 'ignore_ament_install'
[0.087s] Level 1:colcon.colcon_core.package_identification:_identify(YDLidar-SDK-master) by extensions ['colcon_pkg']
[0.087s] Level 1:colcon.colcon_core.package_identification:_identify(YDLidar-SDK-master) by extension 'colcon_pkg'
[0.087s] Level 1:colcon.colcon_core.package_identification:_identify(YDLidar-SDK-master) by extensions ['colcon_meta']
[0.087s] Level 1:colcon.colcon_core.package_identification:_identify(YDLidar-SDK-master) by extension 'colcon_meta'
[0.087s] Level 1:colcon.colcon_core.package_identification:_identify(YDLidar-SDK-master) by extensions ['ros']
[0.087s] Level 1:colcon.colcon_core.package_identification:_identify(YDLidar-SDK-master) by extension 'ros'
[0.087s] Level 1:colcon.colcon_core.package_identification:_identify(YDLidar-SDK-master) by extensions ['cmake', 'python']
[0.087s] Level 1:colcon.colcon_core.package_identification:_identify(YDLidar-SDK-master) by extension 'cmake'
[0.112s] Level 1:colcon.colcon_core.package_identification:_identify(YDLidar-SDK-master) by extension 'python'
[0.112s] DEBUG:colcon.colcon_core.package_identification:Package 'YDLidar-SDK-master' with type 'cmake' and name 'ydlidar_sdk'
[0.112s] Level 1:colcon.colcon_core.package_identification:_identify(build) by extensions ['ignore', 'ignore_ament_install']
[0.113s] Level 1:colcon.colcon_core.package_identification:_identify(build) by extension 'ignore'
[0.113s] Level 1:colcon.colcon_core.package_identification:_identify(build) ignored
[0.113s] Level 1:colcon.colcon_core.package_identification:_identify(install) by extensions ['ignore', 'ignore_ament_install']
[0.113s] Level 1:colcon.colcon_core.package_identification:_identify(install) by extension 'ignore'
[0.113s] Level 1:colcon.colcon_core.package_identification:_identify(install) ignored
[0.113s] Level 1:colcon.colcon_core.package_identification:_identify(log) by extensions ['ignore', 'ignore_ament_install']
[0.113s] Level 1:colcon.colcon_core.package_identification:_identify(log) by extension 'ignore'
[0.113s] Level 1:colcon.colcon_core.package_identification:_identify(log) ignored
[0.113s] Level 1:colcon.colcon_core.package_identification:_identify(master_olee_controller) by extensions ['ignore', 'ignore_ament_install']
[0.113s] Level 1:colcon.colcon_core.package_identification:_identify(master_olee_controller) by extension 'ignore'
[0.113s] Level 1:colcon.colcon_core.package_identification:_identify(master_olee_controller) by extension 'ignore_ament_install'
[0.113s] Level 1:colcon.colcon_core.package_identification:_identify(master_olee_controller) by extensions ['colcon_pkg']
[0.113s] Level 1:colcon.colcon_core.package_identification:_identify(master_olee_controller) by extension 'colcon_pkg'
[0.113s] Level 1:colcon.colcon_core.package_identification:_identify(master_olee_controller) by extensions ['colcon_meta']
[0.113s] Level 1:colcon.colcon_core.package_identification:_identify(master_olee_controller) by extension 'colcon_meta'
[0.113s] Level 1:colcon.colcon_core.package_identification:_identify(master_olee_controller) by extensions ['ros']
[0.113s] Level 1:colcon.colcon_core.package_identification:_identify(master_olee_controller) by extension 'ros'
[0.114s] DEBUG:colcon.colcon_core.package_identification:Package 'master_olee_controller' with type 'ros.ament_python' and name 'master_olee_controller'
[0.115s] Level 1:colcon.colcon_core.package_identification:_identify(rf2o_laser_odometry-ros2) by extensions ['ignore', 'ignore_ament_install']
[0.115s] Level 1:colcon.colcon_core.package_identification:_identify(rf2o_laser_odometry-ros2) by extension 'ignore'
[0.115s] Level 1:colcon.colcon_core.package_identification:_identify(rf2o_laser_odometry-ros2) by extension 'ignore_ament_install'
[0.115s] Level 1:colcon.colcon_core.package_identification:_identify(rf2o_laser_odometry-ros2) by extensions ['colcon_pkg']
[0.115s] Level 1:colcon.colcon_core.package_identification:_identify(rf2o_laser_odometry-ros2) by extension 'colcon_pkg'
[0.115s] Level 1:colcon.colcon_core.package_identification:_identify(rf2o_laser_odometry-ros2) by extensions ['colcon_meta']
[0.115s] Level 1:colcon.colcon_core.package_identification:_identify(rf2o_laser_odometry-ros2) by extension 'colcon_meta'
[0.115s] Level 1:colcon.colcon_core.package_identification:_identify(rf2o_laser_odometry-ros2) by extensions ['ros']
[0.115s] Level 1:colcon.colcon_core.package_identification:_identify(rf2o_laser_odometry-ros2) by extension 'ros'
[0.115s] DEBUG:colcon.colcon_core.package_identification:Package 'rf2o_laser_odometry-ros2' with type 'ros.ament_cmake' and name 'rf2o_laser_odometry'
[0.115s] Level 1:colcon.colcon_core.package_identification:_identify(scan_tools-ros2) by extensions ['ignore', 'ignore_ament_install']
[0.115s] Level 1:colcon.colcon_core.package_identification:_identify(scan_tools-ros2) by extension 'ignore'
[0.115s] Level 1:colcon.colcon_core.package_identification:_identify(scan_tools-ros2) by extension 'ignore_ament_install'
[0.115s] Level 1:colcon.colcon_core.package_identification:_identify(scan_tools-ros2) by extensions ['colcon_pkg']
[0.115s] Level 1:colcon.colcon_core.package_identification:_identify(scan_tools-ros2) by extension 'colcon_pkg'
[0.115s] Level 1:colcon.colcon_core.package_identification:_identify(scan_tools-ros2) by extensions ['colcon_meta']
[0.115s] Level 1:colcon.colcon_core.package_identification:_identify(scan_tools-ros2) by extension 'colcon_meta'
[0.115s] Level 1:colcon.colcon_core.package_identification:_identify(scan_tools-ros2) by extensions ['ros']
[0.115s] Level 1:colcon.colcon_core.package_identification:_identify(scan_tools-ros2) by extension 'ros'
[0.115s] Level 1:colcon.colcon_core.package_identification:_identify(scan_tools-ros2) by extensions ['cmake', 'python']
[0.115s] Level 1:colcon.colcon_core.package_identification:_identify(scan_tools-ros2) by extension 'cmake'
[0.115s] Level 1:colcon.colcon_core.package_identification:_identify(scan_tools-ros2) by extension 'python'
[0.116s] Level 1:colcon.colcon_core.package_identification:_identify(scan_tools-ros2) by extensions ['python_setup_py']
[0.116s] Level 1:colcon.colcon_core.package_identification:_identify(scan_tools-ros2) by extension 'python_setup_py'
[0.116s] Level 1:colcon.colcon_core.package_identification:_identify(scan_tools-ros2/laser_ortho_projector) by extensions ['ignore', 'ignore_ament_install']
[0.116s] Level 1:colcon.colcon_core.package_identification:_identify(scan_tools-ros2/laser_ortho_projector) by extension 'ignore'
[0.116s] Level 1:colcon.colcon_core.package_identification:_identify(scan_tools-ros2/laser_ortho_projector) by extension 'ignore_ament_install'
[0.116s] Level 1:colcon.colcon_core.package_identification:_identify(scan_tools-ros2/laser_ortho_projector) by extensions ['colcon_pkg']
[0.116s] Level 1:colcon.colcon_core.package_identification:_identify(scan_tools-ros2/laser_ortho_projector) by extension 'colcon_pkg'
[0.116s] Level 1:colcon.colcon_core.package_identification:_identify(scan_tools-ros2/laser_ortho_projector) by extensions ['colcon_meta']
[0.116s] Level 1:colcon.colcon_core.package_identification:_identify(scan_tools-ros2/laser_ortho_projector) by extension 'colcon_meta'
[0.116s] Level 1:colcon.colcon_core.package_identification:_identify(scan_tools-ros2/laser_ortho_projector) by extensions ['ros']
[0.116s] Level 1:colcon.colcon_core.package_identification:_identify(scan_tools-ros2/laser_ortho_projector) by extension 'ros'
[0.116s] DEBUG:colcon.colcon_core.package_identification:Package 'scan_tools-ros2/laser_ortho_projector' with type 'ros.catkin' and name 'laser_ortho_projector'
[0.116s] Level 1:colcon.colcon_core.package_identification:_identify(scan_tools-ros2/laser_scan_matcher) by extensions ['ignore', 'ignore_ament_install']
[0.116s] Level 1:colcon.colcon_core.package_identification:_identify(scan_tools-ros2/laser_scan_matcher) by extension 'ignore'
[0.116s] Level 1:colcon.colcon_core.package_identification:_identify(scan_tools-ros2/laser_scan_matcher) by extension 'ignore_ament_install'
[0.116s] Level 1:colcon.colcon_core.package_identification:_identify(scan_tools-ros2/laser_scan_matcher) by extensions ['colcon_pkg']
[0.116s] Level 1:colcon.colcon_core.package_identification:_identify(scan_tools-ros2/laser_scan_matcher) by extension 'colcon_pkg'
[0.116s] Level 1:colcon.colcon_core.package_identification:_identify(scan_tools-ros2/laser_scan_matcher) by extensions ['colcon_meta']
[0.116s] Level 1:colcon.colcon_core.package_identification:_identify(scan_tools-ros2/laser_scan_matcher) by extension 'colcon_meta'
[0.116s] Level 1:colcon.colcon_core.package_identification:_identify(scan_tools-ros2/laser_scan_matcher) by extensions ['ros']
[0.116s] Level 1:colcon.colcon_core.package_identification:_identify(scan_tools-ros2/laser_scan_matcher) by extension 'ros'
[0.117s] DEBUG:colcon.colcon_core.package_identification:Package 'scan_tools-ros2/laser_scan_matcher' with type 'ros.catkin' and name 'laser_scan_matcher'
[0.117s] Level 1:colcon.colcon_core.package_identification:_identify(scan_tools-ros2/laser_scan_sparsifier) by extensions ['ignore', 'ignore_ament_install']
[0.117s] Level 1:colcon.colcon_core.package_identification:_identify(scan_tools-ros2/laser_scan_sparsifier) by extension 'ignore'
[0.117s] Level 1:colcon.colcon_core.package_identification:_identify(scan_tools-ros2/laser_scan_sparsifier) by extension 'ignore_ament_install'
[0.117s] Level 1:colcon.colcon_core.package_identification:_identify(scan_tools-ros2/laser_scan_sparsifier) by extensions ['colcon_pkg']
[0.117s] Level 1:colcon.colcon_core.package_identification:_identify(scan_tools-ros2/laser_scan_sparsifier) by extension 'colcon_pkg'
[0.117s] Level 1:colcon.colcon_core.package_identification:_identify(scan_tools-ros2/laser_scan_sparsifier) by extensions ['colcon_meta']
[0.117s] Level 1:colcon.colcon_core.package_identification:_identify(scan_tools-ros2/laser_scan_sparsifier) by extension 'colcon_meta'
[0.117s] Level 1:colcon.colcon_core.package_identification:_identify(scan_tools-ros2/laser_scan_sparsifier) by extensions ['ros']
[0.117s] Level 1:colcon.colcon_core.package_identification:_identify(scan_tools-ros2/laser_scan_sparsifier) by extension 'ros'
[0.118s] DEBUG:colcon.colcon_core.package_identification:Package 'scan_tools-ros2/laser_scan_sparsifier' with type 'ros.catkin' and name 'laser_scan_sparsifier'
[0.118s] Level 1:colcon.colcon_core.package_identification:_identify(scan_tools-ros2/laser_scan_splitter) by extensions ['ignore', 'ignore_ament_install']
[0.118s] Level 1:colcon.colcon_core.package_identification:_identify(scan_tools-ros2/laser_scan_splitter) by extension 'ignore'
[0.118s] Level 1:colcon.colcon_core.package_identification:_identify(scan_tools-ros2/laser_scan_splitter) by extension 'ignore_ament_install'
[0.118s] Level 1:colcon.colcon_core.package_identification:_identify(scan_tools-ros2/laser_scan_splitter) by extensions ['colcon_pkg']
[0.118s] Level 1:colcon.colcon_core.package_identification:_identify(scan_tools-ros2/laser_scan_splitter) by extension 'colcon_pkg'
[0.118s] Level 1:colcon.colcon_core.package_identification:_identify(scan_tools-ros2/laser_scan_splitter) by extensions ['colcon_meta']
[0.118s] Level 1:colcon.colcon_core.package_identification:_identify(scan_tools-ros2/laser_scan_splitter) by extension 'colcon_meta'
[0.118s] Level 1:colcon.colcon_core.package_identification:_identify(scan_tools-ros2/laser_scan_splitter) by extensions ['ros']
[0.118s] Level 1:colcon.colcon_core.package_identification:_identify(scan_tools-ros2/laser_scan_splitter) by extension 'ros'
[0.118s] DEBUG:colcon.colcon_core.package_identification:Package 'scan_tools-ros2/laser_scan_splitter' with type 'ros.catkin' and name 'laser_scan_splitter'
[0.118s] Level 1:colcon.colcon_core.package_identification:_identify(scan_tools-ros2/ncd_parser) by extensions ['ignore', 'ignore_ament_install']
[0.118s] Level 1:colcon.colcon_core.package_identification:_identify(scan_tools-ros2/ncd_parser) by extension 'ignore'
[0.118s] Level 1:colcon.colcon_core.package_identification:_identify(scan_tools-ros2/ncd_parser) by extension 'ignore_ament_install'
[0.118s] Level 1:colcon.colcon_core.package_identification:_identify(scan_tools-ros2/ncd_parser) by extensions ['colcon_pkg']
[0.118s] Level 1:colcon.colcon_core.package_identification:_identify(scan_tools-ros2/ncd_parser) by extension 'colcon_pkg'
[0.118s] Level 1:colcon.colcon_core.package_identification:_identify(scan_tools-ros2/ncd_parser) by extensions ['colcon_meta']
[0.118s] Level 1:colcon.colcon_core.package_identification:_identify(scan_tools-ros2/ncd_parser) by extension 'colcon_meta'
[0.118s] Level 1:colcon.colcon_core.package_identification:_identify(scan_tools-ros2/ncd_parser) by extensions ['ros']
[0.118s] Level 1:colcon.colcon_core.package_identification:_identify(scan_tools-ros2/ncd_parser) by extension 'ros'
[0.119s] DEBUG:colcon.colcon_core.package_identification:Package 'scan_tools-ros2/ncd_parser' with type 'ros.catkin' and name 'ncd_parser'
[0.119s] Level 1:colcon.colcon_core.package_identification:_identify(scan_tools-ros2/polar_scan_matcher) by extensions ['ignore', 'ignore_ament_install']
[0.119s] Level 1:colcon.colcon_core.package_identification:_identify(scan_tools-ros2/polar_scan_matcher) by extension 'ignore'
[0.119s] Level 1:colcon.colcon_core.package_identification:_identify(scan_tools-ros2/polar_scan_matcher) by extension 'ignore_ament_install'
[0.119s] Level 1:colcon.colcon_core.package_identification:_identify(scan_tools-ros2/polar_scan_matcher) by extensions ['colcon_pkg']
[0.119s] Level 1:colcon.colcon_core.package_identification:_identify(scan_tools-ros2/polar_scan_matcher) by extension 'colcon_pkg'
[0.119s] Level 1:colcon.colcon_core.package_identification:_identify(scan_tools-ros2/polar_scan_matcher) by extensions ['colcon_meta']
[0.119s] Level 1:colcon.colcon_core.package_identification:_identify(scan_tools-ros2/polar_scan_matcher) by extension 'colcon_meta'
[0.119s] Level 1:colcon.colcon_core.package_identification:_identify(scan_tools-ros2/polar_scan_matcher) by extensions ['ros']
[0.119s] Level 1:colcon.colcon_core.package_identification:_identify(scan_tools-ros2/polar_scan_matcher) by extension 'ros'
[0.119s] DEBUG:colcon.colcon_core.package_identification:Package 'scan_tools-ros2/polar_scan_matcher' with type 'ros.catkin' and name 'polar_scan_matcher'
[0.119s] Level 1:colcon.colcon_core.package_identification:_identify(scan_tools-ros2/scan_to_cloud_converter) by extensions ['ignore', 'ignore_ament_install']
[0.119s] Level 1:colcon.colcon_core.package_identification:_identify(scan_tools-ros2/scan_to_cloud_converter) by extension 'ignore'
[0.119s] Level 1:colcon.colcon_core.package_identification:_identify(scan_tools-ros2/scan_to_cloud_converter) by extension 'ignore_ament_install'
[0.119s] Level 1:colcon.colcon_core.package_identification:_identify(scan_tools-ros2/scan_to_cloud_converter) by extensions ['colcon_pkg']
[0.119s] Level 1:colcon.colcon_core.package_identification:_identify(scan_tools-ros2/scan_to_cloud_converter) by extension 'colcon_pkg'
[0.119s] Level 1:colcon.colcon_core.package_identification:_identify(scan_tools-ros2/scan_to_cloud_converter) by extensions ['colcon_meta']
[0.119s] Level 1:colcon.colcon_core.package_identification:_identify(scan_tools-ros2/scan_to_cloud_converter) by extension 'colcon_meta'
[0.119s] Level 1:colcon.colcon_core.package_identification:_identify(scan_tools-ros2/scan_to_cloud_converter) by extensions ['ros']
[0.119s] Level 1:colcon.colcon_core.package_identification:_identify(scan_tools-ros2/scan_to_cloud_converter) by extension 'ros'
[0.120s] DEBUG:colcon.colcon_core.package_identification:Package 'scan_tools-ros2/scan_to_cloud_converter' with type 'ros.catkin' and name 'scan_to_cloud_converter'
[0.120s] Level 1:colcon.colcon_core.package_identification:_identify(scan_tools-ros2/scan_tools) by extensions ['ignore', 'ignore_ament_install']
[0.120s] Level 1:colcon.colcon_core.package_identification:_identify(scan_tools-ros2/scan_tools) by extension 'ignore'
[0.120s] Level 1:colcon.colcon_core.package_identification:_identify(scan_tools-ros2/scan_tools) by extension 'ignore_ament_install'
[0.120s] Level 1:colcon.colcon_core.package_identification:_identify(scan_tools-ros2/scan_tools) by extensions ['colcon_pkg']
[0.120s] Level 1:colcon.colcon_core.package_identification:_identify(scan_tools-ros2/scan_tools) by extension 'colcon_pkg'
[0.120s] Level 1:colcon.colcon_core.package_identification:_identify(scan_tools-ros2/scan_tools) by extensions ['colcon_meta']
[0.120s] Level 1:colcon.colcon_core.package_identification:_identify(scan_tools-ros2/scan_tools) by extension 'colcon_meta'
[0.120s] Level 1:colcon.colcon_core.package_identification:_identify(scan_tools-ros2/scan_tools) by extensions ['ros']
[0.120s] Level 1:colcon.colcon_core.package_identification:_identify(scan_tools-ros2/scan_tools) by extension 'ros'
[0.120s] DEBUG:colcon.colcon_core.package_identification:Package 'scan_tools-ros2/scan_tools' with type 'ros.catkin' and name 'scan_tools'
[0.120s] Level 1:colcon.colcon_core.package_identification:_identify(slam_toolbox-humble) by extensions ['ignore', 'ignore_ament_install']
[0.120s] Level 1:colcon.colcon_core.package_identification:_identify(slam_toolbox-humble) by extension 'ignore'
[0.120s] Level 1:colcon.colcon_core.package_identification:_identify(slam_toolbox-humble) by extension 'ignore_ament_install'
[0.120s] Level 1:colcon.colcon_core.package_identification:_identify(slam_toolbox-humble) by extensions ['colcon_pkg']
[0.120s] Level 1:colcon.colcon_core.package_identification:_identify(slam_toolbox-humble) by extension 'colcon_pkg'
[0.120s] Level 1:colcon.colcon_core.package_identification:_identify(slam_toolbox-humble) by extensions ['colcon_meta']
[0.120s] Level 1:colcon.colcon_core.package_identification:_identify(slam_toolbox-humble) by extension 'colcon_meta'
[0.120s] Level 1:colcon.colcon_core.package_identification:_identify(slam_toolbox-humble) by extensions ['ros']
[0.120s] Level 1:colcon.colcon_core.package_identification:_identify(slam_toolbox-humble) by extension 'ros'
[0.121s] DEBUG:colcon.colcon_core.package_identification:Package 'slam_toolbox-humble' with type 'ros.ament_cmake' and name 'slam_toolbox'
[0.121s] Level 1:colcon.colcon_core.package_identification:_identify(tflidar_ros-ros2) by extensions ['ignore', 'ignore_ament_install']
[0.121s] Level 1:colcon.colcon_core.package_identification:_identify(tflidar_ros-ros2) by extension 'ignore'
[0.121s] Level 1:colcon.colcon_core.package_identification:_identify(tflidar_ros-ros2) by extension 'ignore_ament_install'
[0.121s] Level 1:colcon.colcon_core.package_identification:_identify(tflidar_ros-ros2) by extensions ['colcon_pkg']
[0.121s] Level 1:colcon.colcon_core.package_identification:_identify(tflidar_ros-ros2) by extension 'colcon_pkg'
[0.121s] Level 1:colcon.colcon_core.package_identification:_identify(tflidar_ros-ros2) by extensions ['colcon_meta']
[0.121s] Level 1:colcon.colcon_core.package_identification:_identify(tflidar_ros-ros2) by extension 'colcon_meta'
[0.121s] Level 1:colcon.colcon_core.package_identification:_identify(tflidar_ros-ros2) by extensions ['ros']
[0.121s] Level 1:colcon.colcon_core.package_identification:_identify(tflidar_ros-ros2) by extension 'ros'
[0.122s] DEBUG:colcon.colcon_core.package_identification:Package 'tflidar_ros-ros2' with type 'ros.ament_cmake' and name 'tflidar_ros'
[0.122s] Level 1:colcon.colcon_core.package_identification:_identify(ydlidar_ros2_driver-humble) by extensions ['ignore', 'ignore_ament_install']
[0.122s] Level 1:colcon.colcon_core.package_identification:_identify(ydlidar_ros2_driver-humble) by extension 'ignore'
[0.122s] Level 1:colcon.colcon_core.package_identification:_identify(ydlidar_ros2_driver-humble) by extension 'ignore_ament_install'
[0.122s] Level 1:colcon.colcon_core.package_identification:_identify(ydlidar_ros2_driver-humble) by extensions ['colcon_pkg']
[0.122s] Level 1:colcon.colcon_core.package_identification:_identify(ydlidar_ros2_driver-humble) by extension 'colcon_pkg'
[0.122s] Level 1:colcon.colcon_core.package_identification:_identify(ydlidar_ros2_driver-humble) by extensions ['colcon_meta']
[0.122s] Level 1:colcon.colcon_core.package_identification:_identify(ydlidar_ros2_driver-humble) by extension 'colcon_meta'
[0.122s] Level 1:colcon.colcon_core.package_identification:_identify(ydlidar_ros2_driver-humble) by extensions ['ros']
[0.122s] Level 1:colcon.colcon_core.package_identification:_identify(ydlidar_ros2_driver-humble) by extension 'ros'
[0.122s] DEBUG:colcon.colcon_core.package_identification:Package 'ydlidar_ros2_driver-humble' with type 'ros.ament_cmake' and name 'ydlidar_ros2_driver'
[0.122s] Level 1:colcon.colcon_core.package_discovery:discover_packages(recursive) using defaults
[0.122s] Level 1:colcon.colcon_core.package_discovery:discover_packages(ignore) discover
[0.122s] Level 1:colcon.colcon_core.package_discovery:discover_packages(ignore) using defaults
[0.122s] Level 1:colcon.colcon_core.package_discovery:discover_packages(path) discover
[0.122s] Level 1:colcon.colcon_core.package_discovery:discover_packages(path) using defaults
[0.122s] WARNING:colcon.colcon_core.package_selection:ignoring unknown package 'scan_tools-ros2' in --packages-select
[0.134s] INFO:colcon.colcon_core.package_selection:Skipping not selected package 'laser_ortho_projector' in 'scan_tools-ros2/laser_ortho_projector'
[0.134s] INFO:colcon.colcon_core.package_selection:Skipping not selected package 'laser_scan_matcher' in 'scan_tools-ros2/laser_scan_matcher'
[0.134s] INFO:colcon.colcon_core.package_selection:Skipping not selected package 'laser_scan_sparsifier' in 'scan_tools-ros2/laser_scan_sparsifier'
[0.134s] INFO:colcon.colcon_core.package_selection:Skipping not selected package 'laser_scan_splitter' in 'scan_tools-ros2/laser_scan_splitter'
[0.134s] INFO:colcon.colcon_core.package_selection:Skipping not selected package 'master_olee_controller' in 'master_olee_controller'
[0.134s] INFO:colcon.colcon_core.package_selection:Skipping not selected package 'ncd_parser' in 'scan_tools-ros2/ncd_parser'
[0.135s] INFO:colcon.colcon_core.package_selection:Skipping not selected package 'polar_scan_matcher' in 'scan_tools-ros2/polar_scan_matcher'
[0.135s] INFO:colcon.colcon_core.package_selection:Skipping not selected package 'rf2o_laser_odometry' in 'rf2o_laser_odometry-ros2'
[0.135s] INFO:colcon.colcon_core.package_selection:Skipping not selected package 'scan_to_cloud_converter' in 'scan_tools-ros2/scan_to_cloud_converter'
[0.135s] INFO:colcon.colcon_core.package_selection:Skipping not selected package 'slam_toolbox' in 'slam_toolbox-humble'
[0.135s] INFO:colcon.colcon_core.package_selection:Skipping not selected package 'tflidar_ros' in 'tflidar_ros-ros2'
[0.135s] INFO:colcon.colcon_core.package_selection:Skipping not selected package 'ydlidar_ros2_driver' in 'ydlidar_ros2_driver-humble'
[0.135s] INFO:colcon.colcon_core.package_selection:Skipping not selected package 'ydlidar_sdk' in 'YDLidar-SDK-master'
[0.135s] INFO:colcon.colcon_core.package_selection:Skipping not selected package 'scan_tools' in 'scan_tools-ros2/scan_tools'
[0.135s] Level 1:colcon.colcon_core.package_discovery:discover_packages(prefix_path) check parameters
[0.135s] Level 1:colcon.colcon_core.package_discovery:discover_packages(prefix_path) discover
[0.136s] DEBUG:colcon.colcon_installed_package_information.package_discovery:Found 5 installed packages in /home/olee/olee_ros2_ws/install
[0.136s] DEBUG:colcon.colcon_installed_package_information.package_discovery:Found 9 installed packages in /home/olee/ros2_ws/install
[0.137s] DEBUG:colcon.colcon_installed_package_information.package_discovery:Found 274 installed packages in /opt/ros/humble
[0.137s] Level 1:colcon.colcon_core.package_discovery:discover_packages(prefix_path) using defaults
[0.155s] INFO:colcon.colcon_core.executor:Executing jobs using 'parallel' executor
[0.156s] DEBUG:colcon.colcon_parallel_executor.executor.parallel:run_until_complete
[0.156s] DEBUG:colcon.colcon_parallel_executor.executor.parallel:closing loop
[0.157s] DEBUG:colcon.colcon_parallel_executor.executor.parallel:loop closed
[0.157s] DEBUG:colcon.colcon_parallel_executor.executor.parallel:run_until_complete finished with '0'
[0.157s] DEBUG:colcon.colcon_core.event_reactor:joining thread
[0.161s] INFO:colcon.colcon_core.plugin_system:Skipping extension 'colcon_notification.desktop_notification.terminal_notifier': Not used on non-Darwin systems
[0.161s] INFO:colcon.colcon_core.plugin_system:Skipping extension 'colcon_notification.desktop_notification.win32': Not used on non-Windows systems
[0.161s] INFO:colcon.colcon_notification.desktop_notification:Sending desktop notification using 'notify2'
[0.173s] DEBUG:colcon.colcon_core.event_reactor:joined thread
[0.175s] INFO:colcon.colcon_core.plugin_system:Skipping extension 'colcon_core.shell.bat': Not used on non-Windows systems
[0.175s] INFO:colcon.colcon_core.shell:Creating prefix script '/home/olee/olee_ros2_ws/src/install/local_setup.ps1'
[0.175s] INFO:colcon.colcon_core.shell:Creating prefix util module '/home/olee/olee_ros2_ws/src/install/_local_setup_util_ps1.py'
[0.176s] INFO:colcon.colcon_core.shell:Creating prefix chain script '/home/olee/olee_ros2_ws/src/install/setup.ps1'
[0.177s] INFO:colcon.colcon_core.shell:Creating prefix script '/home/olee/olee_ros2_ws/src/install/local_setup.sh'
[0.177s] INFO:colcon.colcon_core.shell:Creating prefix util module '/home/olee/olee_ros2_ws/src/install/_local_setup_util_sh.py'
[0.178s] INFO:colcon.colcon_core.shell:Creating prefix chain script '/home/olee/olee_ros2_ws/src/install/setup.sh'
[0.178s] INFO:colcon.colcon_core.shell:Creating prefix script '/home/olee/olee_ros2_ws/src/install/local_setup.bash'
[0.179s] INFO:colcon.colcon_core.shell:Creating prefix chain script '/home/olee/olee_ros2_ws/src/install/setup.bash'
[0.179s] INFO:colcon.colcon_core.shell:Creating prefix script '/home/olee/olee_ros2_ws/src/install/local_setup.zsh'
[0.187s] INFO:colcon.colcon_core.shell:Creating prefix chain script '/home/olee/olee_ros2_ws/src/install/setup.zsh'
