[0.167s] DEBUG:colcon:Command line arguments: ['/usr/bin/colcon', 'build']
[0.167s] DEBUG:colcon:Parsed command line arguments: Namespace(log_base=None, log_level=None, verb_name='build', build_base='build', install_base='install', merge_install=False, symlink_install=False, test_result_base=None, continue_on_error=False, executor='parallel', parallel_workers=12, event_handlers=None, ignore_user_meta=False, metas=['./colcon.meta'], base_paths=['.'], packages_ignore=None, packages_ignore_regex=None, paths=None, packages_up_to=None, packages_up_to_regex=None, packages_above=None, packages_above_and_dependencies=None, packages_above_depth=None, packages_select_by_dep=None, packages_skip_by_dep=None, packages_skip_up_to=None, packages_select_build_failed=False, packages_skip_build_finished=False, packages_select_test_failures=False, packages_skip_test_passed=False, packages_select=None, packages_skip=None, packages_select_regex=None, packages_skip_regex=None, packages_start=None, packages_end=None, allow_overriding=[], cmake_args=None, cmake_target=None, cmake_target_skip_unavailable=False, cmake_clean_cache=False, cmake_clean_first=False, cmake_force_configure=False, ament_cmake_args=None, catkin_cmake_args=None, catkin_skip_building_tests=False, verb_parser=<colcon_defaults.argument_parser.defaults.DefaultArgumentsDecorator object at 0x7e7dd3d7e590>, verb_extension=<colcon_core.verb.build.BuildVerb object at 0x7e7dd3d7dff0>, main=<bound method BuildVerb.main of <colcon_core.verb.build.BuildVerb object at 0x7e7dd3d7dff0>>)
[0.201s] Level 1:colcon.colcon_core.package_discovery:discover_packages(colcon_meta) check parameters
[0.202s] Level 1:colcon.colcon_core.package_discovery:discover_packages(recursive) check parameters
[0.202s] Level 1:colcon.colcon_core.package_discovery:discover_packages(ignore) check parameters
[0.202s] Level 1:colcon.colcon_core.package_discovery:discover_packages(path) check parameters
[0.202s] Level 1:colcon.colcon_core.package_discovery:discover_packages(colcon_meta) discover
[0.202s] Level 1:colcon.colcon_core.package_discovery:discover_packages(recursive) discover
[0.202s] INFO:colcon.colcon_core.package_discovery:Crawling recursively for packages in '/home/olee/olee_ros2_ws/src'
[0.202s] Level 1:colcon.colcon_core.package_identification:_identify(.) by extensions ['ignore', 'ignore_ament_install']
[0.202s] Level 1:colcon.colcon_core.package_identification:_identify(.) by extension 'ignore'
[0.202s] Level 1:colcon.colcon_core.package_identification:_identify(.) by extension 'ignore_ament_install'
[0.202s] Level 1:colcon.colcon_core.package_identification:_identify(.) by extensions ['colcon_pkg']
[0.202s] Level 1:colcon.colcon_core.package_identification:_identify(.) by extension 'colcon_pkg'
[0.202s] Level 1:colcon.colcon_core.package_identification:_identify(.) by extensions ['colcon_meta']
[0.202s] Level 1:colcon.colcon_core.package_identification:_identify(.) by extension 'colcon_meta'
[0.202s] Level 1:colcon.colcon_core.package_identification:_identify(.) by extensions ['ros']
[0.202s] Level 1:colcon.colcon_core.package_identification:_identify(.) by extension 'ros'
[0.213s] Level 1:colcon.colcon_core.package_identification:_identify(.) by extensions ['cmake', 'python']
[0.213s] Level 1:colcon.colcon_core.package_identification:_identify(.) by extension 'cmake'
[0.213s] Level 1:colcon.colcon_core.package_identification:_identify(.) by extension 'python'
[0.213s] Level 1:colcon.colcon_core.package_identification:_identify(.) by extensions ['python_setup_py']
[0.213s] Level 1:colcon.colcon_core.package_identification:_identify(.) by extension 'python_setup_py'
[0.213s] Level 1:colcon.colcon_core.package_identification:_identify(YDLidar-SDK-master) by extensions ['ignore', 'ignore_ament_install']
[0.213s] Level 1:colcon.colcon_core.package_identification:_identify(YDLidar-SDK-master) by extension 'ignore'
[0.213s] Level 1:colcon.colcon_core.package_identification:_identify(YDLidar-SDK-master) by extension 'ignore_ament_install'
[0.214s] Level 1:colcon.colcon_core.package_identification:_identify(YDLidar-SDK-master) by extensions ['colcon_pkg']
[0.214s] Level 1:colcon.colcon_core.package_identification:_identify(YDLidar-SDK-master) by extension 'colcon_pkg'
[0.214s] Level 1:colcon.colcon_core.package_identification:_identify(YDLidar-SDK-master) by extensions ['colcon_meta']
[0.214s] Level 1:colcon.colcon_core.package_identification:_identify(YDLidar-SDK-master) by extension 'colcon_meta'
[0.214s] Level 1:colcon.colcon_core.package_identification:_identify(YDLidar-SDK-master) by extensions ['ros']
[0.214s] Level 1:colcon.colcon_core.package_identification:_identify(YDLidar-SDK-master) by extension 'ros'
[0.214s] Level 1:colcon.colcon_core.package_identification:_identify(YDLidar-SDK-master) by extensions ['cmake', 'python']
[0.214s] Level 1:colcon.colcon_core.package_identification:_identify(YDLidar-SDK-master) by extension 'cmake'
[0.268s] Level 1:colcon.colcon_core.package_identification:_identify(YDLidar-SDK-master) by extension 'python'
[0.268s] DEBUG:colcon.colcon_core.package_identification:Package 'YDLidar-SDK-master' with type 'cmake' and name 'ydlidar_sdk'
[0.268s] Level 1:colcon.colcon_core.package_identification:_identify(build) by extensions ['ignore', 'ignore_ament_install']
[0.268s] Level 1:colcon.colcon_core.package_identification:_identify(build) by extension 'ignore'
[0.268s] Level 1:colcon.colcon_core.package_identification:_identify(build) ignored
[0.269s] Level 1:colcon.colcon_core.package_identification:_identify(install) by extensions ['ignore', 'ignore_ament_install']
[0.269s] Level 1:colcon.colcon_core.package_identification:_identify(install) by extension 'ignore'
[0.269s] Level 1:colcon.colcon_core.package_identification:_identify(install) ignored
[0.269s] Level 1:colcon.colcon_core.package_identification:_identify(log) by extensions ['ignore', 'ignore_ament_install']
[0.269s] Level 1:colcon.colcon_core.package_identification:_identify(log) by extension 'ignore'
[0.269s] Level 1:colcon.colcon_core.package_identification:_identify(log) ignored
[0.270s] Level 1:colcon.colcon_core.package_identification:_identify(master_olee_controller) by extensions ['ignore', 'ignore_ament_install']
[0.270s] Level 1:colcon.colcon_core.package_identification:_identify(master_olee_controller) by extension 'ignore'
[0.270s] Level 1:colcon.colcon_core.package_identification:_identify(master_olee_controller) by extension 'ignore_ament_install'
[0.270s] Level 1:colcon.colcon_core.package_identification:_identify(master_olee_controller) by extensions ['colcon_pkg']
[0.270s] Level 1:colcon.colcon_core.package_identification:_identify(master_olee_controller) by extension 'colcon_pkg'
[0.270s] Level 1:colcon.colcon_core.package_identification:_identify(master_olee_controller) by extensions ['colcon_meta']
[0.270s] Level 1:colcon.colcon_core.package_identification:_identify(master_olee_controller) by extension 'colcon_meta'
[0.270s] Level 1:colcon.colcon_core.package_identification:_identify(master_olee_controller) by extensions ['ros']
[0.270s] Level 1:colcon.colcon_core.package_identification:_identify(master_olee_controller) by extension 'ros'
[0.272s] DEBUG:colcon.colcon_core.package_identification:Package 'master_olee_controller' with type 'ros.ament_python' and name 'master_olee_controller'
[0.272s] Level 1:colcon.colcon_core.package_identification:_identify(slam_toolbox-humble) by extensions ['ignore', 'ignore_ament_install']
[0.272s] Level 1:colcon.colcon_core.package_identification:_identify(slam_toolbox-humble) by extension 'ignore'
[0.272s] Level 1:colcon.colcon_core.package_identification:_identify(slam_toolbox-humble) by extension 'ignore_ament_install'
[0.273s] Level 1:colcon.colcon_core.package_identification:_identify(slam_toolbox-humble) by extensions ['colcon_pkg']
[0.273s] Level 1:colcon.colcon_core.package_identification:_identify(slam_toolbox-humble) by extension 'colcon_pkg'
[0.273s] Level 1:colcon.colcon_core.package_identification:_identify(slam_toolbox-humble) by extensions ['colcon_meta']
[0.273s] Level 1:colcon.colcon_core.package_identification:_identify(slam_toolbox-humble) by extension 'colcon_meta'
[0.273s] Level 1:colcon.colcon_core.package_identification:_identify(slam_toolbox-humble) by extensions ['ros']
[0.273s] Level 1:colcon.colcon_core.package_identification:_identify(slam_toolbox-humble) by extension 'ros'
[0.274s] DEBUG:colcon.colcon_core.package_identification:Package 'slam_toolbox-humble' with type 'ros.ament_cmake' and name 'slam_toolbox'
[0.275s] Level 1:colcon.colcon_core.package_identification:_identify(tflidar_ros-ros2) by extensions ['ignore', 'ignore_ament_install']
[0.275s] Level 1:colcon.colcon_core.package_identification:_identify(tflidar_ros-ros2) by extension 'ignore'
[0.275s] Level 1:colcon.colcon_core.package_identification:_identify(tflidar_ros-ros2) by extension 'ignore_ament_install'
[0.275s] Level 1:colcon.colcon_core.package_identification:_identify(tflidar_ros-ros2) by extensions ['colcon_pkg']
[0.275s] Level 1:colcon.colcon_core.package_identification:_identify(tflidar_ros-ros2) by extension 'colcon_pkg'
[0.275s] Level 1:colcon.colcon_core.package_identification:_identify(tflidar_ros-ros2) by extensions ['colcon_meta']
[0.275s] Level 1:colcon.colcon_core.package_identification:_identify(tflidar_ros-ros2) by extension 'colcon_meta'
[0.275s] Level 1:colcon.colcon_core.package_identification:_identify(tflidar_ros-ros2) by extensions ['ros']
[0.275s] Level 1:colcon.colcon_core.package_identification:_identify(tflidar_ros-ros2) by extension 'ros'
[0.275s] DEBUG:colcon.colcon_core.package_identification:Package 'tflidar_ros-ros2' with type 'ros.ament_cmake' and name 'tflidar_ros'
[0.276s] Level 1:colcon.colcon_core.package_identification:_identify(ydlidar_ros2_driver-humble) by extensions ['ignore', 'ignore_ament_install']
[0.276s] Level 1:colcon.colcon_core.package_identification:_identify(ydlidar_ros2_driver-humble) by extension 'ignore'
[0.276s] Level 1:colcon.colcon_core.package_identification:_identify(ydlidar_ros2_driver-humble) by extension 'ignore_ament_install'
[0.276s] Level 1:colcon.colcon_core.package_identification:_identify(ydlidar_ros2_driver-humble) by extensions ['colcon_pkg']
[0.276s] Level 1:colcon.colcon_core.package_identification:_identify(ydlidar_ros2_driver-humble) by extension 'colcon_pkg'
[0.276s] Level 1:colcon.colcon_core.package_identification:_identify(ydlidar_ros2_driver-humble) by extensions ['colcon_meta']
[0.276s] Level 1:colcon.colcon_core.package_identification:_identify(ydlidar_ros2_driver-humble) by extension 'colcon_meta'
[0.276s] Level 1:colcon.colcon_core.package_identification:_identify(ydlidar_ros2_driver-humble) by extensions ['ros']
[0.276s] Level 1:colcon.colcon_core.package_identification:_identify(ydlidar_ros2_driver-humble) by extension 'ros'
[0.276s] DEBUG:colcon.colcon_core.package_identification:Package 'ydlidar_ros2_driver-humble' with type 'ros.ament_cmake' and name 'ydlidar_ros2_driver'
[0.276s] Level 1:colcon.colcon_core.package_discovery:discover_packages(recursive) using defaults
[0.276s] Level 1:colcon.colcon_core.package_discovery:discover_packages(ignore) discover
[0.276s] Level 1:colcon.colcon_core.package_discovery:discover_packages(ignore) using defaults
[0.276s] Level 1:colcon.colcon_core.package_discovery:discover_packages(path) discover
[0.276s] Level 1:colcon.colcon_core.package_discovery:discover_packages(path) using defaults
[0.296s] Level 1:colcon.colcon_core.package_discovery:discover_packages(prefix_path) check parameters
[0.296s] Level 1:colcon.colcon_core.package_discovery:discover_packages(prefix_path) discover
[0.297s] DEBUG:colcon.colcon_installed_package_information.package_discovery:Found 5 installed packages in /home/olee/olee_ros2_ws/install
[0.298s] DEBUG:colcon.colcon_installed_package_information.package_discovery:Found 9 installed packages in /home/olee/ros2_ws/install
[0.298s] DEBUG:colcon.colcon_installed_package_information.package_discovery:Found 274 installed packages in /opt/ros/humble
[0.299s] Level 1:colcon.colcon_core.package_discovery:discover_packages(prefix_path) using defaults
[0.324s] Level 5:colcon.colcon_core.verb:set package 'master_olee_controller' build argument 'cmake_args' from command line to 'None'
[0.324s] Level 5:colcon.colcon_core.verb:set package 'master_olee_controller' build argument 'cmake_target' from command line to 'None'
[0.324s] Level 5:colcon.colcon_core.verb:set package 'master_olee_controller' build argument 'cmake_target_skip_unavailable' from command line to 'False'
[0.324s] Level 5:colcon.colcon_core.verb:set package 'master_olee_controller' build argument 'cmake_clean_cache' from command line to 'False'
[0.324s] Level 5:colcon.colcon_core.verb:set package 'master_olee_controller' build argument 'cmake_clean_first' from command line to 'False'
[0.324s] Level 5:colcon.colcon_core.verb:set package 'master_olee_controller' build argument 'cmake_force_configure' from command line to 'False'
[0.324s] Level 5:colcon.colcon_core.verb:set package 'master_olee_controller' build argument 'ament_cmake_args' from command line to 'None'
[0.324s] Level 5:colcon.colcon_core.verb:set package 'master_olee_controller' build argument 'catkin_cmake_args' from command line to 'None'
[0.324s] Level 5:colcon.colcon_core.verb:set package 'master_olee_controller' build argument 'catkin_skip_building_tests' from command line to 'False'
[0.324s] DEBUG:colcon.colcon_core.verb:Building package 'master_olee_controller' with the following arguments: {'ament_cmake_args': None, 'build_base': '/home/olee/olee_ros2_ws/src/build/master_olee_controller', 'catkin_cmake_args': None, 'catkin_skip_building_tests': False, 'cmake_args': None, 'cmake_clean_cache': False, 'cmake_clean_first': False, 'cmake_force_configure': False, 'cmake_target': None, 'cmake_target_skip_unavailable': False, 'install_base': '/home/olee/olee_ros2_ws/src/install/master_olee_controller', 'merge_install': False, 'path': '/home/olee/olee_ros2_ws/src/master_olee_controller', 'symlink_install': False, 'test_result_base': None}
[0.324s] Level 5:colcon.colcon_core.verb:set package 'slam_toolbox' build argument 'cmake_args' from command line to 'None'
[0.324s] Level 5:colcon.colcon_core.verb:set package 'slam_toolbox' build argument 'cmake_target' from command line to 'None'
[0.324s] Level 5:colcon.colcon_core.verb:set package 'slam_toolbox' build argument 'cmake_target_skip_unavailable' from command line to 'False'
[0.324s] Level 5:colcon.colcon_core.verb:set package 'slam_toolbox' build argument 'cmake_clean_cache' from command line to 'False'
[0.324s] Level 5:colcon.colcon_core.verb:set package 'slam_toolbox' build argument 'cmake_clean_first' from command line to 'False'
[0.324s] Level 5:colcon.colcon_core.verb:set package 'slam_toolbox' build argument 'cmake_force_configure' from command line to 'False'
[0.324s] Level 5:colcon.colcon_core.verb:set package 'slam_toolbox' build argument 'ament_cmake_args' from command line to 'None'
[0.324s] Level 5:colcon.colcon_core.verb:set package 'slam_toolbox' build argument 'catkin_cmake_args' from command line to 'None'
[0.324s] Level 5:colcon.colcon_core.verb:set package 'slam_toolbox' build argument 'catkin_skip_building_tests' from command line to 'False'
[0.324s] DEBUG:colcon.colcon_core.verb:Building package 'slam_toolbox' with the following arguments: {'ament_cmake_args': None, 'build_base': '/home/olee/olee_ros2_ws/src/build/slam_toolbox', 'catkin_cmake_args': None, 'catkin_skip_building_tests': False, 'cmake_args': None, 'cmake_clean_cache': False, 'cmake_clean_first': False, 'cmake_force_configure': False, 'cmake_target': None, 'cmake_target_skip_unavailable': False, 'install_base': '/home/olee/olee_ros2_ws/src/install/slam_toolbox', 'merge_install': False, 'path': '/home/olee/olee_ros2_ws/src/slam_toolbox-humble', 'symlink_install': False, 'test_result_base': None}
[0.324s] Level 5:colcon.colcon_core.verb:set package 'tflidar_ros' build argument 'cmake_args' from command line to 'None'
[0.324s] Level 5:colcon.colcon_core.verb:set package 'tflidar_ros' build argument 'cmake_target' from command line to 'None'
[0.324s] Level 5:colcon.colcon_core.verb:set package 'tflidar_ros' build argument 'cmake_target_skip_unavailable' from command line to 'False'
[0.324s] Level 5:colcon.colcon_core.verb:set package 'tflidar_ros' build argument 'cmake_clean_cache' from command line to 'False'
[0.324s] Level 5:colcon.colcon_core.verb:set package 'tflidar_ros' build argument 'cmake_clean_first' from command line to 'False'
[0.324s] Level 5:colcon.colcon_core.verb:set package 'tflidar_ros' build argument 'cmake_force_configure' from command line to 'False'
[0.324s] Level 5:colcon.colcon_core.verb:set package 'tflidar_ros' build argument 'ament_cmake_args' from command line to 'None'
[0.324s] Level 5:colcon.colcon_core.verb:set package 'tflidar_ros' build argument 'catkin_cmake_args' from command line to 'None'
[0.324s] Level 5:colcon.colcon_core.verb:set package 'tflidar_ros' build argument 'catkin_skip_building_tests' from command line to 'False'
[0.324s] DEBUG:colcon.colcon_core.verb:Building package 'tflidar_ros' with the following arguments: {'ament_cmake_args': None, 'build_base': '/home/olee/olee_ros2_ws/src/build/tflidar_ros', 'catkin_cmake_args': None, 'catkin_skip_building_tests': False, 'cmake_args': None, 'cmake_clean_cache': False, 'cmake_clean_first': False, 'cmake_force_configure': False, 'cmake_target': None, 'cmake_target_skip_unavailable': False, 'install_base': '/home/olee/olee_ros2_ws/src/install/tflidar_ros', 'merge_install': False, 'path': '/home/olee/olee_ros2_ws/src/tflidar_ros-ros2', 'symlink_install': False, 'test_result_base': None}
[0.325s] Level 5:colcon.colcon_core.verb:set package 'ydlidar_ros2_driver' build argument 'cmake_args' from command line to 'None'
[0.325s] Level 5:colcon.colcon_core.verb:set package 'ydlidar_ros2_driver' build argument 'cmake_target' from command line to 'None'
[0.325s] Level 5:colcon.colcon_core.verb:set package 'ydlidar_ros2_driver' build argument 'cmake_target_skip_unavailable' from command line to 'False'
[0.325s] Level 5:colcon.colcon_core.verb:set package 'ydlidar_ros2_driver' build argument 'cmake_clean_cache' from command line to 'False'
[0.325s] Level 5:colcon.colcon_core.verb:set package 'ydlidar_ros2_driver' build argument 'cmake_clean_first' from command line to 'False'
[0.325s] Level 5:colcon.colcon_core.verb:set package 'ydlidar_ros2_driver' build argument 'cmake_force_configure' from command line to 'False'
[0.325s] Level 5:colcon.colcon_core.verb:set package 'ydlidar_ros2_driver' build argument 'ament_cmake_args' from command line to 'None'
[0.325s] Level 5:colcon.colcon_core.verb:set package 'ydlidar_ros2_driver' build argument 'catkin_cmake_args' from command line to 'None'
[0.325s] Level 5:colcon.colcon_core.verb:set package 'ydlidar_ros2_driver' build argument 'catkin_skip_building_tests' from command line to 'False'
[0.325s] DEBUG:colcon.colcon_core.verb:Building package 'ydlidar_ros2_driver' with the following arguments: {'ament_cmake_args': None, 'build_base': '/home/olee/olee_ros2_ws/src/build/ydlidar_ros2_driver', 'catkin_cmake_args': None, 'catkin_skip_building_tests': False, 'cmake_args': None, 'cmake_clean_cache': False, 'cmake_clean_first': False, 'cmake_force_configure': False, 'cmake_target': None, 'cmake_target_skip_unavailable': False, 'install_base': '/home/olee/olee_ros2_ws/src/install/ydlidar_ros2_driver', 'merge_install': False, 'path': '/home/olee/olee_ros2_ws/src/ydlidar_ros2_driver-humble', 'symlink_install': False, 'test_result_base': None}
[0.325s] Level 5:colcon.colcon_core.verb:set package 'ydlidar_sdk' build argument 'cmake_args' from command line to 'None'
[0.325s] Level 5:colcon.colcon_core.verb:set package 'ydlidar_sdk' build argument 'cmake_target' from command line to 'None'
[0.325s] Level 5:colcon.colcon_core.verb:set package 'ydlidar_sdk' build argument 'cmake_target_skip_unavailable' from command line to 'False'
[0.325s] Level 5:colcon.colcon_core.verb:set package 'ydlidar_sdk' build argument 'cmake_clean_cache' from command line to 'False'
[0.325s] Level 5:colcon.colcon_core.verb:set package 'ydlidar_sdk' build argument 'cmake_clean_first' from command line to 'False'
[0.325s] Level 5:colcon.colcon_core.verb:set package 'ydlidar_sdk' build argument 'cmake_force_configure' from command line to 'False'
[0.325s] Level 5:colcon.colcon_core.verb:set package 'ydlidar_sdk' build argument 'ament_cmake_args' from command line to 'None'
[0.325s] Level 5:colcon.colcon_core.verb:set package 'ydlidar_sdk' build argument 'catkin_cmake_args' from command line to 'None'
[0.325s] Level 5:colcon.colcon_core.verb:set package 'ydlidar_sdk' build argument 'catkin_skip_building_tests' from command line to 'False'
[0.325s] DEBUG:colcon.colcon_core.verb:Building package 'ydlidar_sdk' with the following arguments: {'ament_cmake_args': None, 'build_base': '/home/olee/olee_ros2_ws/src/build/ydlidar_sdk', 'catkin_cmake_args': None, 'catkin_skip_building_tests': False, 'cmake_args': None, 'cmake_clean_cache': False, 'cmake_clean_first': False, 'cmake_force_configure': False, 'cmake_target': None, 'cmake_target_skip_unavailable': False, 'install_base': '/home/olee/olee_ros2_ws/src/install/ydlidar_sdk', 'merge_install': False, 'path': '/home/olee/olee_ros2_ws/src/YDLidar-SDK-master', 'symlink_install': False, 'test_result_base': None}
[0.325s] INFO:colcon.colcon_core.executor:Executing jobs using 'parallel' executor
[0.326s] DEBUG:colcon.colcon_parallel_executor.executor.parallel:run_until_complete
[0.326s] INFO:colcon.colcon_ros.task.ament_python.build:Building ROS package in '/home/olee/olee_ros2_ws/src/master_olee_controller' with build type 'ament_python'
[0.326s] Level 1:colcon.colcon_core.shell:create_environment_hook('master_olee_controller', 'ament_prefix_path')
[0.330s] INFO:colcon.colcon_core.plugin_system:Skipping extension 'colcon_core.shell.bat': Not used on non-Windows systems
[0.330s] INFO:colcon.colcon_core.shell:Creating environment hook '/home/olee/olee_ros2_ws/src/install/master_olee_controller/share/master_olee_controller/hook/ament_prefix_path.ps1'
[0.331s] INFO:colcon.colcon_core.shell:Creating environment descriptor '/home/olee/olee_ros2_ws/src/install/master_olee_controller/share/master_olee_controller/hook/ament_prefix_path.dsv'
[0.331s] INFO:colcon.colcon_core.shell:Creating environment hook '/home/olee/olee_ros2_ws/src/install/master_olee_controller/share/master_olee_controller/hook/ament_prefix_path.sh'
[0.332s] INFO:colcon.colcon_core.shell:Skip shell extension 'powershell' for command environment: Not usable outside of PowerShell
[0.332s] DEBUG:colcon.colcon_core.shell:Skip shell extension 'dsv' for command environment
[0.334s] INFO:colcon.colcon_ros.task.ament_cmake.build:Building ROS package in '/home/olee/olee_ros2_ws/src/slam_toolbox-humble' with build type 'ament_cmake'
[0.334s] INFO:colcon.colcon_cmake.task.cmake.build:Building CMake package in '/home/olee/olee_ros2_ws/src/slam_toolbox-humble'
[0.334s] INFO:colcon.colcon_core.shell:Skip shell extension 'powershell' for command environment: Not usable outside of PowerShell
[0.334s] DEBUG:colcon.colcon_core.shell:Skip shell extension 'dsv' for command environment
[0.336s] INFO:colcon.colcon_ros.task.ament_cmake.build:Building ROS package in '/home/olee/olee_ros2_ws/src/tflidar_ros-ros2' with build type 'ament_cmake'
[0.336s] INFO:colcon.colcon_cmake.task.cmake.build:Building CMake package in '/home/olee/olee_ros2_ws/src/tflidar_ros-ros2'
[0.336s] INFO:colcon.colcon_core.shell:Skip shell extension 'powershell' for command environment: Not usable outside of PowerShell
[0.336s] DEBUG:colcon.colcon_core.shell:Skip shell extension 'dsv' for command environment
[0.339s] INFO:colcon.colcon_ros.task.ament_cmake.build:Building ROS package in '/home/olee/olee_ros2_ws/src/ydlidar_ros2_driver-humble' with build type 'ament_cmake'
[0.339s] INFO:colcon.colcon_cmake.task.cmake.build:Building CMake package in '/home/olee/olee_ros2_ws/src/ydlidar_ros2_driver-humble'
[0.339s] INFO:colcon.colcon_core.shell:Skip shell extension 'powershell' for command environment: Not usable outside of PowerShell
[0.339s] DEBUG:colcon.colcon_core.shell:Skip shell extension 'dsv' for command environment
[0.341s] INFO:colcon.colcon_cmake.task.cmake.build:Building CMake package in '/home/olee/olee_ros2_ws/src/YDLidar-SDK-master'
[0.341s] INFO:colcon.colcon_core.shell:Skip shell extension 'powershell' for command environment: Not usable outside of PowerShell
[0.341s] DEBUG:colcon.colcon_core.shell:Skip shell extension 'dsv' for command environment
[0.485s] INFO:colcon.colcon_core.task.python.build:Building Python package in '/home/olee/olee_ros2_ws/src/master_olee_controller'
[0.486s] INFO:colcon.colcon_core.shell:Skip shell extension 'powershell' for command environment: Not usable outside of PowerShell
[0.486s] DEBUG:colcon.colcon_core.shell:Skip shell extension 'dsv' for command environment
[0.490s] DEBUG:colcon.colcon_core.event_handler.log_command:Invoking command in '/home/olee/olee_ros2_ws/src/build/slam_toolbox': CMAKE_PREFIX_PATH=${CMAKE_PREFIX_PATH}:/home/olee/olee_ros2_ws/install/master_olee_controller:/opt/ros/humble /usr/bin/cmake /home/olee/olee_ros2_ws/src/slam_toolbox-humble -DCMAKE_INSTALL_PREFIX=/home/olee/olee_ros2_ws/src/install/slam_toolbox
[0.493s] DEBUG:colcon.colcon_core.event_handler.log_command:Invoking command in '/home/olee/olee_ros2_ws/src/build/tflidar_ros': CMAKE_PREFIX_PATH=${CMAKE_PREFIX_PATH}:/home/olee/olee_ros2_ws/install/master_olee_controller:/opt/ros/humble /usr/bin/cmake /home/olee/olee_ros2_ws/src/tflidar_ros-ros2 -DCMAKE_INSTALL_PREFIX=/home/olee/olee_ros2_ws/src/install/tflidar_ros
[0.497s] DEBUG:colcon.colcon_core.event_handler.log_command:Invoking command in '/home/olee/olee_ros2_ws/src/build/ydlidar_ros2_driver': CMAKE_PREFIX_PATH=${CMAKE_PREFIX_PATH}:/home/olee/olee_ros2_ws/install/master_olee_controller:/opt/ros/humble /usr/bin/cmake /home/olee/olee_ros2_ws/src/ydlidar_ros2_driver-humble -DCMAKE_INSTALL_PREFIX=/home/olee/olee_ros2_ws/src/install/ydlidar_ros2_driver
[0.502s] DEBUG:colcon.colcon_core.event_handler.log_command:Invoking command in '/home/olee/olee_ros2_ws/src/build/ydlidar_sdk': /usr/bin/cmake --build /home/olee/olee_ros2_ws/src/build/ydlidar_sdk -- -j12 -l12
[0.653s] DEBUG:colcon.colcon_core.event_handler.log_command:Invoked command in '/home/olee/olee_ros2_ws/src/build/ydlidar_sdk' returned '0': /usr/bin/cmake --build /home/olee/olee_ros2_ws/src/build/ydlidar_sdk -- -j12 -l12
[0.664s] DEBUG:colcon.colcon_core.event_handler.log_command:Invoking command in '/home/olee/olee_ros2_ws/src/build/ydlidar_sdk': /usr/bin/cmake --install /home/olee/olee_ros2_ws/src/build/ydlidar_sdk
[0.687s] Level 1:colcon.colcon_core.environment:create_environment_scripts_only(ydlidar_sdk)
[0.687s] DEBUG:colcon.colcon_core.event_handler.log_command:Invoked command in '/home/olee/olee_ros2_ws/src/build/ydlidar_sdk' returned '0': /usr/bin/cmake --install /home/olee/olee_ros2_ws/src/build/ydlidar_sdk
[0.693s] Level 1:colcon.colcon_core.environment:checking '/home/olee/olee_ros2_ws/src/install/ydlidar_sdk' for CMake module files
[0.693s] Level 1:colcon.colcon_core.environment:checking '/home/olee/olee_ros2_ws/src/install/ydlidar_sdk' for CMake config files
[0.694s] Level 1:colcon.colcon_core.shell:create_environment_hook('ydlidar_sdk', 'cmake_prefix_path')
[0.695s] INFO:colcon.colcon_core.shell:Creating environment hook '/home/olee/olee_ros2_ws/src/install/ydlidar_sdk/share/ydlidar_sdk/hook/cmake_prefix_path.ps1'
[0.695s] INFO:colcon.colcon_core.shell:Creating environment descriptor '/home/olee/olee_ros2_ws/src/install/ydlidar_sdk/share/ydlidar_sdk/hook/cmake_prefix_path.dsv'
[0.696s] INFO:colcon.colcon_core.shell:Creating environment hook '/home/olee/olee_ros2_ws/src/install/ydlidar_sdk/share/ydlidar_sdk/hook/cmake_prefix_path.sh'
[0.696s] Level 1:colcon.colcon_core.environment:checking '/home/olee/olee_ros2_ws/src/install/ydlidar_sdk/lib'
[0.697s] Level 1:colcon.colcon_core.environment:checking '/home/olee/olee_ros2_ws/src/install/ydlidar_sdk/bin'
[0.697s] Level 1:colcon.colcon_core.shell:create_environment_hook('ydlidar_sdk', 'path')
[0.697s] INFO:colcon.colcon_core.shell:Creating environment hook '/home/olee/olee_ros2_ws/src/install/ydlidar_sdk/share/ydlidar_sdk/hook/path.ps1'
[0.697s] INFO:colcon.colcon_core.shell:Creating environment descriptor '/home/olee/olee_ros2_ws/src/install/ydlidar_sdk/share/ydlidar_sdk/hook/path.dsv'
[0.697s] INFO:colcon.colcon_core.shell:Creating environment hook '/home/olee/olee_ros2_ws/src/install/ydlidar_sdk/share/ydlidar_sdk/hook/path.sh'
[0.697s] Level 1:colcon.colcon_core.environment:checking '/home/olee/olee_ros2_ws/src/install/ydlidar_sdk/lib/pkgconfig/ydlidar_sdk.pc'
[0.698s] Level 1:colcon.colcon_core.environment:checking '/home/olee/olee_ros2_ws/src/install/ydlidar_sdk/lib/python3.10/site-packages'
[0.698s] Level 1:colcon.colcon_core.environment:checking '/home/olee/olee_ros2_ws/src/install/ydlidar_sdk/bin'
[0.698s] Level 1:colcon.colcon_core.shell:create_environment_hook('ydlidar_sdk', 'pythonscriptspath')
[0.698s] INFO:colcon.colcon_core.shell:Creating environment hook '/home/olee/olee_ros2_ws/src/install/ydlidar_sdk/share/ydlidar_sdk/hook/pythonscriptspath.ps1'
[0.698s] INFO:colcon.colcon_core.shell:Creating environment descriptor '/home/olee/olee_ros2_ws/src/install/ydlidar_sdk/share/ydlidar_sdk/hook/pythonscriptspath.dsv'
[0.698s] INFO:colcon.colcon_core.shell:Creating environment hook '/home/olee/olee_ros2_ws/src/install/ydlidar_sdk/share/ydlidar_sdk/hook/pythonscriptspath.sh'
[0.699s] INFO:colcon.colcon_core.shell:Creating package script '/home/olee/olee_ros2_ws/src/install/ydlidar_sdk/share/ydlidar_sdk/package.ps1'
[0.700s] INFO:colcon.colcon_core.shell:Creating package descriptor '/home/olee/olee_ros2_ws/src/install/ydlidar_sdk/share/ydlidar_sdk/package.dsv'
[0.700s] INFO:colcon.colcon_core.shell:Creating package script '/home/olee/olee_ros2_ws/src/install/ydlidar_sdk/share/ydlidar_sdk/package.sh'
[0.701s] INFO:colcon.colcon_core.shell:Creating package script '/home/olee/olee_ros2_ws/src/install/ydlidar_sdk/share/ydlidar_sdk/package.bash'
[0.701s] INFO:colcon.colcon_core.shell:Creating package script '/home/olee/olee_ros2_ws/src/install/ydlidar_sdk/share/ydlidar_sdk/package.zsh'
[0.702s] Level 1:colcon.colcon_core.environment:create_file_with_runtime_dependencies(/home/olee/olee_ros2_ws/src/install/ydlidar_sdk/share/colcon-core/packages/ydlidar_sdk)
[1.029s] DEBUG:colcon.colcon_core.event_handler.log_command:Invoked command in '/home/olee/olee_ros2_ws/src/build/tflidar_ros' returned '0': CMAKE_PREFIX_PATH=${CMAKE_PREFIX_PATH}:/home/olee/olee_ros2_ws/install/master_olee_controller:/opt/ros/humble /usr/bin/cmake /home/olee/olee_ros2_ws/src/tflidar_ros-ros2 -DCMAKE_INSTALL_PREFIX=/home/olee/olee_ros2_ws/src/install/tflidar_ros
[1.031s] DEBUG:colcon.colcon_core.event_handler.log_command:Invoking command in '/home/olee/olee_ros2_ws/src/build/tflidar_ros': CMAKE_PREFIX_PATH=${CMAKE_PREFIX_PATH}:/home/olee/olee_ros2_ws/install/master_olee_controller:/opt/ros/humble /usr/bin/cmake --build /home/olee/olee_ros2_ws/src/build/tflidar_ros -- -j12 -l12
[1.094s] DEBUG:colcon.colcon_core.event_handler.log_command:Invoked command in '/home/olee/olee_ros2_ws/src/build/tflidar_ros' returned '0': CMAKE_PREFIX_PATH=${CMAKE_PREFIX_PATH}:/home/olee/olee_ros2_ws/install/master_olee_controller:/opt/ros/humble /usr/bin/cmake --build /home/olee/olee_ros2_ws/src/build/tflidar_ros -- -j12 -l12
[1.096s] DEBUG:colcon.colcon_core.event_handler.log_command:Invoking command in '/home/olee/olee_ros2_ws/src/build/tflidar_ros': CMAKE_PREFIX_PATH=${CMAKE_PREFIX_PATH}:/home/olee/olee_ros2_ws/install/master_olee_controller:/opt/ros/humble /usr/bin/cmake --install /home/olee/olee_ros2_ws/src/build/tflidar_ros
[1.116s] Level 1:colcon.colcon_core.environment:create_environment_scripts_only(tflidar_ros)
[1.117s] Level 1:colcon.colcon_core.environment:checking '/home/olee/olee_ros2_ws/src/install/tflidar_ros' for CMake module files
[1.117s] DEBUG:colcon.colcon_core.event_handler.log_command:Invoked command in '/home/olee/olee_ros2_ws/src/build/tflidar_ros' returned '0': CMAKE_PREFIX_PATH=${CMAKE_PREFIX_PATH}:/home/olee/olee_ros2_ws/install/master_olee_controller:/opt/ros/humble /usr/bin/cmake --install /home/olee/olee_ros2_ws/src/build/tflidar_ros
[1.118s] Level 1:colcon.colcon_core.environment:checking '/home/olee/olee_ros2_ws/src/install/tflidar_ros' for CMake config files
[1.119s] Level 1:colcon.colcon_core.shell:create_environment_hook('tflidar_ros', 'cmake_prefix_path')
[1.119s] INFO:colcon.colcon_core.shell:Creating environment hook '/home/olee/olee_ros2_ws/src/install/tflidar_ros/share/tflidar_ros/hook/cmake_prefix_path.ps1'
[1.120s] INFO:colcon.colcon_core.shell:Creating environment descriptor '/home/olee/olee_ros2_ws/src/install/tflidar_ros/share/tflidar_ros/hook/cmake_prefix_path.dsv'
[1.120s] INFO:colcon.colcon_core.shell:Creating environment hook '/home/olee/olee_ros2_ws/src/install/tflidar_ros/share/tflidar_ros/hook/cmake_prefix_path.sh'
[1.121s] Level 1:colcon.colcon_core.environment:checking '/home/olee/olee_ros2_ws/src/install/tflidar_ros/lib'
[1.121s] Level 1:colcon.colcon_core.environment:checking '/home/olee/olee_ros2_ws/src/install/tflidar_ros/bin'
[1.121s] Level 1:colcon.colcon_core.environment:checking '/home/olee/olee_ros2_ws/src/install/tflidar_ros/lib/pkgconfig/tflidar_ros.pc'
[1.121s] Level 1:colcon.colcon_core.environment:checking '/home/olee/olee_ros2_ws/src/install/tflidar_ros/lib/python3.10/site-packages'
[1.122s] Level 1:colcon.colcon_core.environment:checking '/home/olee/olee_ros2_ws/src/install/tflidar_ros/bin'
[1.122s] INFO:colcon.colcon_core.shell:Creating package script '/home/olee/olee_ros2_ws/src/install/tflidar_ros/share/tflidar_ros/package.ps1'
[1.123s] INFO:colcon.colcon_core.shell:Creating package descriptor '/home/olee/olee_ros2_ws/src/install/tflidar_ros/share/tflidar_ros/package.dsv'
[1.123s] INFO:colcon.colcon_core.shell:Creating package script '/home/olee/olee_ros2_ws/src/install/tflidar_ros/share/tflidar_ros/package.sh'
[1.124s] INFO:colcon.colcon_core.shell:Creating package script '/home/olee/olee_ros2_ws/src/install/tflidar_ros/share/tflidar_ros/package.bash'
[1.125s] INFO:colcon.colcon_core.shell:Creating package script '/home/olee/olee_ros2_ws/src/install/tflidar_ros/share/tflidar_ros/package.zsh'
[1.125s] Level 1:colcon.colcon_core.environment:create_file_with_runtime_dependencies(/home/olee/olee_ros2_ws/src/install/tflidar_ros/share/colcon-core/packages/tflidar_ros)
[1.125s] Level 1:colcon.colcon_core.environment:create_environment_scripts_only(tflidar_ros)
[1.125s] Level 1:colcon.colcon_core.environment:checking '/home/olee/olee_ros2_ws/src/install/tflidar_ros' for CMake module files
[1.126s] Level 1:colcon.colcon_core.environment:checking '/home/olee/olee_ros2_ws/src/install/tflidar_ros' for CMake config files
[1.126s] Level 1:colcon.colcon_core.shell:create_environment_hook('tflidar_ros', 'cmake_prefix_path')
[1.126s] INFO:colcon.colcon_core.shell:Creating environment hook '/home/olee/olee_ros2_ws/src/install/tflidar_ros/share/tflidar_ros/hook/cmake_prefix_path.ps1'
[1.127s] INFO:colcon.colcon_core.shell:Creating environment descriptor '/home/olee/olee_ros2_ws/src/install/tflidar_ros/share/tflidar_ros/hook/cmake_prefix_path.dsv'
[1.127s] INFO:colcon.colcon_core.shell:Creating environment hook '/home/olee/olee_ros2_ws/src/install/tflidar_ros/share/tflidar_ros/hook/cmake_prefix_path.sh'
[1.128s] Level 1:colcon.colcon_core.environment:checking '/home/olee/olee_ros2_ws/src/install/tflidar_ros/lib'
[1.128s] Level 1:colcon.colcon_core.environment:checking '/home/olee/olee_ros2_ws/src/install/tflidar_ros/bin'
[1.128s] Level 1:colcon.colcon_core.environment:checking '/home/olee/olee_ros2_ws/src/install/tflidar_ros/lib/pkgconfig/tflidar_ros.pc'
[1.128s] Level 1:colcon.colcon_core.environment:checking '/home/olee/olee_ros2_ws/src/install/tflidar_ros/lib/python3.10/site-packages'
[1.128s] Level 1:colcon.colcon_core.environment:checking '/home/olee/olee_ros2_ws/src/install/tflidar_ros/bin'
[1.129s] INFO:colcon.colcon_core.shell:Creating package script '/home/olee/olee_ros2_ws/src/install/tflidar_ros/share/tflidar_ros/package.ps1'
[1.129s] INFO:colcon.colcon_core.shell:Creating package descriptor '/home/olee/olee_ros2_ws/src/install/tflidar_ros/share/tflidar_ros/package.dsv'
[1.129s] INFO:colcon.colcon_core.shell:Creating package script '/home/olee/olee_ros2_ws/src/install/tflidar_ros/share/tflidar_ros/package.sh'
[1.130s] INFO:colcon.colcon_core.shell:Creating package script '/home/olee/olee_ros2_ws/src/install/tflidar_ros/share/tflidar_ros/package.bash'
[1.130s] INFO:colcon.colcon_core.shell:Creating package script '/home/olee/olee_ros2_ws/src/install/tflidar_ros/share/tflidar_ros/package.zsh'
[1.130s] Level 1:colcon.colcon_core.environment:create_file_with_runtime_dependencies(/home/olee/olee_ros2_ws/src/install/tflidar_ros/share/colcon-core/packages/tflidar_ros)
[1.149s] DEBUG:colcon.colcon_core.event_handler.log_command:Invoking command in '/home/olee/olee_ros2_ws/src/build/master_olee_controller': PYTHONPATH=/home/olee/olee_ros2_ws/src/build/master_olee_controller/prefix_override:/usr/lib/python3/dist-packages/colcon_core/task/python/colcon_distutils_commands:/home/olee/olee_ros2_ws/src/install/master_olee_controller/lib/python3.10/site-packages:${PYTHONPATH} /usr/bin/python3 -W ignore:setup.py install is deprecated -W ignore:easy_install command is deprecated setup.py develop --uninstall --editable --build-directory /home/olee/olee_ros2_ws/src/build/master_olee_controller/build
[1.202s] DEBUG:colcon.colcon_core.event_handler.log_command:Invoked command in '/home/olee/olee_ros2_ws/src/build/ydlidar_ros2_driver' returned '0': CMAKE_PREFIX_PATH=${CMAKE_PREFIX_PATH}:/home/olee/olee_ros2_ws/install/master_olee_controller:/opt/ros/humble /usr/bin/cmake /home/olee/olee_ros2_ws/src/ydlidar_ros2_driver-humble -DCMAKE_INSTALL_PREFIX=/home/olee/olee_ros2_ws/src/install/ydlidar_ros2_driver
[1.203s] DEBUG:colcon.colcon_core.event_handler.log_command:Invoking command in '/home/olee/olee_ros2_ws/src/build/ydlidar_ros2_driver': CMAKE_PREFIX_PATH=${CMAKE_PREFIX_PATH}:/home/olee/olee_ros2_ws/install/master_olee_controller:/opt/ros/humble /usr/bin/cmake --build /home/olee/olee_ros2_ws/src/build/ydlidar_ros2_driver -- -j12 -l12
[1.273s] DEBUG:colcon.colcon_core.event_handler.log_command:Invoked command in '/home/olee/olee_ros2_ws/src/build/ydlidar_ros2_driver' returned '0': CMAKE_PREFIX_PATH=${CMAKE_PREFIX_PATH}:/home/olee/olee_ros2_ws/install/master_olee_controller:/opt/ros/humble /usr/bin/cmake --build /home/olee/olee_ros2_ws/src/build/ydlidar_ros2_driver -- -j12 -l12
[1.274s] DEBUG:colcon.colcon_core.event_handler.log_command:Invoking command in '/home/olee/olee_ros2_ws/src/build/ydlidar_ros2_driver': CMAKE_PREFIX_PATH=${CMAKE_PREFIX_PATH}:/home/olee/olee_ros2_ws/install/master_olee_controller:/opt/ros/humble /usr/bin/cmake --install /home/olee/olee_ros2_ws/src/build/ydlidar_ros2_driver
[1.300s] Level 1:colcon.colcon_core.environment:create_environment_scripts_only(ydlidar_ros2_driver)
[1.301s] DEBUG:colcon.colcon_core.event_handler.log_command:Invoked command in '/home/olee/olee_ros2_ws/src/build/ydlidar_ros2_driver' returned '0': CMAKE_PREFIX_PATH=${CMAKE_PREFIX_PATH}:/home/olee/olee_ros2_ws/install/master_olee_controller:/opt/ros/humble /usr/bin/cmake --install /home/olee/olee_ros2_ws/src/build/ydlidar_ros2_driver
[1.301s] Level 1:colcon.colcon_core.environment:checking '/home/olee/olee_ros2_ws/src/install/ydlidar_ros2_driver' for CMake module files
[1.302s] Level 1:colcon.colcon_core.environment:checking '/home/olee/olee_ros2_ws/src/install/ydlidar_ros2_driver' for CMake config files
[1.302s] Level 1:colcon.colcon_core.shell:create_environment_hook('ydlidar_ros2_driver', 'cmake_prefix_path')
[1.303s] INFO:colcon.colcon_core.shell:Creating environment hook '/home/olee/olee_ros2_ws/src/install/ydlidar_ros2_driver/share/ydlidar_ros2_driver/hook/cmake_prefix_path.ps1'
[1.303s] INFO:colcon.colcon_core.shell:Creating environment descriptor '/home/olee/olee_ros2_ws/src/install/ydlidar_ros2_driver/share/ydlidar_ros2_driver/hook/cmake_prefix_path.dsv'
[1.304s] INFO:colcon.colcon_core.shell:Creating environment hook '/home/olee/olee_ros2_ws/src/install/ydlidar_ros2_driver/share/ydlidar_ros2_driver/hook/cmake_prefix_path.sh'
[1.304s] Level 1:colcon.colcon_core.environment:checking '/home/olee/olee_ros2_ws/src/install/ydlidar_ros2_driver/lib'
[1.305s] Level 1:colcon.colcon_core.environment:checking '/home/olee/olee_ros2_ws/src/install/ydlidar_ros2_driver/bin'
[1.305s] Level 1:colcon.colcon_core.environment:checking '/home/olee/olee_ros2_ws/src/install/ydlidar_ros2_driver/lib/pkgconfig/ydlidar_ros2_driver.pc'
[1.305s] Level 1:colcon.colcon_core.environment:checking '/home/olee/olee_ros2_ws/src/install/ydlidar_ros2_driver/lib/python3.10/site-packages'
[1.305s] Level 1:colcon.colcon_core.environment:checking '/home/olee/olee_ros2_ws/src/install/ydlidar_ros2_driver/bin'
[1.306s] INFO:colcon.colcon_core.shell:Creating package script '/home/olee/olee_ros2_ws/src/install/ydlidar_ros2_driver/share/ydlidar_ros2_driver/package.ps1'
[1.306s] INFO:colcon.colcon_core.shell:Creating package descriptor '/home/olee/olee_ros2_ws/src/install/ydlidar_ros2_driver/share/ydlidar_ros2_driver/package.dsv'
[1.306s] INFO:colcon.colcon_core.shell:Creating package script '/home/olee/olee_ros2_ws/src/install/ydlidar_ros2_driver/share/ydlidar_ros2_driver/package.sh'
[1.307s] INFO:colcon.colcon_core.shell:Creating package script '/home/olee/olee_ros2_ws/src/install/ydlidar_ros2_driver/share/ydlidar_ros2_driver/package.bash'
[1.307s] INFO:colcon.colcon_core.shell:Creating package script '/home/olee/olee_ros2_ws/src/install/ydlidar_ros2_driver/share/ydlidar_ros2_driver/package.zsh'
[1.307s] Level 1:colcon.colcon_core.environment:create_file_with_runtime_dependencies(/home/olee/olee_ros2_ws/src/install/ydlidar_ros2_driver/share/colcon-core/packages/ydlidar_ros2_driver)
[1.307s] Level 1:colcon.colcon_core.environment:create_environment_scripts_only(ydlidar_ros2_driver)
[1.307s] Level 1:colcon.colcon_core.environment:checking '/home/olee/olee_ros2_ws/src/install/ydlidar_ros2_driver' for CMake module files
[1.308s] Level 1:colcon.colcon_core.environment:checking '/home/olee/olee_ros2_ws/src/install/ydlidar_ros2_driver' for CMake config files
[1.308s] Level 1:colcon.colcon_core.shell:create_environment_hook('ydlidar_ros2_driver', 'cmake_prefix_path')
[1.308s] INFO:colcon.colcon_core.shell:Creating environment hook '/home/olee/olee_ros2_ws/src/install/ydlidar_ros2_driver/share/ydlidar_ros2_driver/hook/cmake_prefix_path.ps1'
[1.308s] INFO:colcon.colcon_core.shell:Creating environment descriptor '/home/olee/olee_ros2_ws/src/install/ydlidar_ros2_driver/share/ydlidar_ros2_driver/hook/cmake_prefix_path.dsv'
[1.308s] INFO:colcon.colcon_core.shell:Creating environment hook '/home/olee/olee_ros2_ws/src/install/ydlidar_ros2_driver/share/ydlidar_ros2_driver/hook/cmake_prefix_path.sh'
[1.309s] Level 1:colcon.colcon_core.environment:checking '/home/olee/olee_ros2_ws/src/install/ydlidar_ros2_driver/lib'
[1.309s] Level 1:colcon.colcon_core.environment:checking '/home/olee/olee_ros2_ws/src/install/ydlidar_ros2_driver/bin'
[1.309s] Level 1:colcon.colcon_core.environment:checking '/home/olee/olee_ros2_ws/src/install/ydlidar_ros2_driver/lib/pkgconfig/ydlidar_ros2_driver.pc'
[1.309s] Level 1:colcon.colcon_core.environment:checking '/home/olee/olee_ros2_ws/src/install/ydlidar_ros2_driver/lib/python3.10/site-packages'
[1.309s] Level 1:colcon.colcon_core.environment:checking '/home/olee/olee_ros2_ws/src/install/ydlidar_ros2_driver/bin'
[1.309s] INFO:colcon.colcon_core.shell:Creating package script '/home/olee/olee_ros2_ws/src/install/ydlidar_ros2_driver/share/ydlidar_ros2_driver/package.ps1'
[1.310s] INFO:colcon.colcon_core.shell:Creating package descriptor '/home/olee/olee_ros2_ws/src/install/ydlidar_ros2_driver/share/ydlidar_ros2_driver/package.dsv'
[1.310s] INFO:colcon.colcon_core.shell:Creating package script '/home/olee/olee_ros2_ws/src/install/ydlidar_ros2_driver/share/ydlidar_ros2_driver/package.sh'
[1.310s] INFO:colcon.colcon_core.shell:Creating package script '/home/olee/olee_ros2_ws/src/install/ydlidar_ros2_driver/share/ydlidar_ros2_driver/package.bash'
[1.310s] INFO:colcon.colcon_core.shell:Creating package script '/home/olee/olee_ros2_ws/src/install/ydlidar_ros2_driver/share/ydlidar_ros2_driver/package.zsh'
[1.310s] Level 1:colcon.colcon_core.environment:create_file_with_runtime_dependencies(/home/olee/olee_ros2_ws/src/install/ydlidar_ros2_driver/share/colcon-core/packages/ydlidar_ros2_driver)
[1.495s] DEBUG:colcon.colcon_core.event_handler.log_command:Invoked command in '/home/olee/olee_ros2_ws/src/build/master_olee_controller' returned '0': PYTHONPATH=/home/olee/olee_ros2_ws/src/build/master_olee_controller/prefix_override:/usr/lib/python3/dist-packages/colcon_core/task/python/colcon_distutils_commands:/home/olee/olee_ros2_ws/src/install/master_olee_controller/lib/python3.10/site-packages:${PYTHONPATH} /usr/bin/python3 -W ignore:setup.py install is deprecated -W ignore:easy_install command is deprecated setup.py develop --uninstall --editable --build-directory /home/olee/olee_ros2_ws/src/build/master_olee_controller/build
[1.497s] DEBUG:colcon.colcon_core.event_handler.log_command:Invoking command in '/home/olee/olee_ros2_ws/src/master_olee_controller': PYTHONPATH=/home/olee/olee_ros2_ws/src/build/master_olee_controller/prefix_override:/usr/lib/python3/dist-packages/colcon_core/task/python/colcon_distutils_commands:/home/olee/olee_ros2_ws/src/install/master_olee_controller/lib/python3.10/site-packages:${PYTHONPATH} /usr/bin/python3 -W ignore:setup.py install is deprecated -W ignore:easy_install command is deprecated setup.py egg_info --egg-base ../build/master_olee_controller build --build-base /home/olee/olee_ros2_ws/src/build/master_olee_controller/build install --record /home/olee/olee_ros2_ws/src/build/master_olee_controller/install.log --single-version-externally-managed install_data --force
[1.804s] Level 1:colcon.colcon_core.environment:checking '/home/olee/olee_ros2_ws/src/install/master_olee_controller' for CMake module files
[1.805s] DEBUG:colcon.colcon_core.event_handler.log_command:Invoked command in '/home/olee/olee_ros2_ws/src/master_olee_controller' returned '0': PYTHONPATH=/home/olee/olee_ros2_ws/src/build/master_olee_controller/prefix_override:/usr/lib/python3/dist-packages/colcon_core/task/python/colcon_distutils_commands:/home/olee/olee_ros2_ws/src/install/master_olee_controller/lib/python3.10/site-packages:${PYTHONPATH} /usr/bin/python3 -W ignore:setup.py install is deprecated -W ignore:easy_install command is deprecated setup.py egg_info --egg-base ../build/master_olee_controller build --build-base /home/olee/olee_ros2_ws/src/build/master_olee_controller/build install --record /home/olee/olee_ros2_ws/src/build/master_olee_controller/install.log --single-version-externally-managed install_data --force
[1.805s] Level 1:colcon.colcon_core.environment:checking '/home/olee/olee_ros2_ws/src/install/master_olee_controller' for CMake config files
[1.807s] Level 1:colcon.colcon_core.environment:checking '/home/olee/olee_ros2_ws/src/install/master_olee_controller/lib'
[1.807s] Level 1:colcon.colcon_core.environment:checking '/home/olee/olee_ros2_ws/src/install/master_olee_controller/bin'
[1.807s] Level 1:colcon.colcon_core.environment:checking '/home/olee/olee_ros2_ws/src/install/master_olee_controller/lib/pkgconfig/master_olee_controller.pc'
[1.807s] Level 1:colcon.colcon_core.environment:checking '/home/olee/olee_ros2_ws/src/install/master_olee_controller/lib/python3.10/site-packages'
[1.807s] Level 1:colcon.colcon_core.shell:create_environment_hook('master_olee_controller', 'pythonpath')
[1.807s] INFO:colcon.colcon_core.shell:Creating environment hook '/home/olee/olee_ros2_ws/src/install/master_olee_controller/share/master_olee_controller/hook/pythonpath.ps1'
[1.808s] INFO:colcon.colcon_core.shell:Creating environment descriptor '/home/olee/olee_ros2_ws/src/install/master_olee_controller/share/master_olee_controller/hook/pythonpath.dsv'
[1.808s] INFO:colcon.colcon_core.shell:Creating environment hook '/home/olee/olee_ros2_ws/src/install/master_olee_controller/share/master_olee_controller/hook/pythonpath.sh'
[1.808s] Level 1:colcon.colcon_core.environment:checking '/home/olee/olee_ros2_ws/src/install/master_olee_controller/bin'
[1.808s] Level 1:colcon.colcon_core.environment:create_environment_scripts_only(master_olee_controller)
[1.809s] INFO:colcon.colcon_core.shell:Creating package script '/home/olee/olee_ros2_ws/src/install/master_olee_controller/share/master_olee_controller/package.ps1'
[1.809s] INFO:colcon.colcon_core.shell:Creating package descriptor '/home/olee/olee_ros2_ws/src/install/master_olee_controller/share/master_olee_controller/package.dsv'
[1.809s] INFO:colcon.colcon_core.shell:Creating package script '/home/olee/olee_ros2_ws/src/install/master_olee_controller/share/master_olee_controller/package.sh'
[1.809s] INFO:colcon.colcon_core.shell:Creating package script '/home/olee/olee_ros2_ws/src/install/master_olee_controller/share/master_olee_controller/package.bash'
[1.809s] INFO:colcon.colcon_core.shell:Creating package script '/home/olee/olee_ros2_ws/src/install/master_olee_controller/share/master_olee_controller/package.zsh'
[1.810s] Level 1:colcon.colcon_core.environment:create_file_with_runtime_dependencies(/home/olee/olee_ros2_ws/src/install/master_olee_controller/share/colcon-core/packages/master_olee_controller)
[2.632s] DEBUG:colcon.colcon_core.event_handler.log_command:Invoked command in '/home/olee/olee_ros2_ws/src/build/slam_toolbox' returned '0': CMAKE_PREFIX_PATH=${CMAKE_PREFIX_PATH}:/home/olee/olee_ros2_ws/install/master_olee_controller:/opt/ros/humble /usr/bin/cmake /home/olee/olee_ros2_ws/src/slam_toolbox-humble -DCMAKE_INSTALL_PREFIX=/home/olee/olee_ros2_ws/src/install/slam_toolbox
[2.634s] DEBUG:colcon.colcon_core.event_handler.log_command:Invoking command in '/home/olee/olee_ros2_ws/src/build/slam_toolbox': CMAKE_PREFIX_PATH=${CMAKE_PREFIX_PATH}:/home/olee/olee_ros2_ws/install/master_olee_controller:/opt/ros/humble /usr/bin/cmake --build /home/olee/olee_ros2_ws/src/build/slam_toolbox -- -j12 -l12
[3.018s] DEBUG:colcon.colcon_core.event_handler.log_command:Invoked command in '/home/olee/olee_ros2_ws/src/build/slam_toolbox' returned '0': CMAKE_PREFIX_PATH=${CMAKE_PREFIX_PATH}:/home/olee/olee_ros2_ws/install/master_olee_controller:/opt/ros/humble /usr/bin/cmake --build /home/olee/olee_ros2_ws/src/build/slam_toolbox -- -j12 -l12
[3.022s] DEBUG:colcon.colcon_core.event_handler.log_command:Invoking command in '/home/olee/olee_ros2_ws/src/build/slam_toolbox': CMAKE_PREFIX_PATH=${CMAKE_PREFIX_PATH}:/home/olee/olee_ros2_ws/install/master_olee_controller:/opt/ros/humble /usr/bin/cmake --install /home/olee/olee_ros2_ws/src/build/slam_toolbox
[3.120s] Level 1:colcon.colcon_core.environment:create_environment_scripts_only(slam_toolbox)
[3.120s] DEBUG:colcon.colcon_core.event_handler.log_command:Invoked command in '/home/olee/olee_ros2_ws/src/build/slam_toolbox' returned '0': CMAKE_PREFIX_PATH=${CMAKE_PREFIX_PATH}:/home/olee/olee_ros2_ws/install/master_olee_controller:/opt/ros/humble /usr/bin/cmake --install /home/olee/olee_ros2_ws/src/build/slam_toolbox
[3.120s] Level 1:colcon.colcon_core.environment:checking '/home/olee/olee_ros2_ws/src/install/slam_toolbox' for CMake module files
[3.120s] Level 1:colcon.colcon_core.environment:checking '/home/olee/olee_ros2_ws/src/install/slam_toolbox' for CMake config files
[3.121s] Level 1:colcon.colcon_core.shell:create_environment_hook('slam_toolbox', 'cmake_prefix_path')
[3.121s] INFO:colcon.colcon_core.shell:Creating environment hook '/home/olee/olee_ros2_ws/src/install/slam_toolbox/share/slam_toolbox/hook/cmake_prefix_path.ps1'
[3.121s] INFO:colcon.colcon_core.shell:Creating environment descriptor '/home/olee/olee_ros2_ws/src/install/slam_toolbox/share/slam_toolbox/hook/cmake_prefix_path.dsv'
[3.122s] INFO:colcon.colcon_core.shell:Creating environment hook '/home/olee/olee_ros2_ws/src/install/slam_toolbox/share/slam_toolbox/hook/cmake_prefix_path.sh'
[3.122s] Level 1:colcon.colcon_core.environment:checking '/home/olee/olee_ros2_ws/src/install/slam_toolbox/lib'
[3.122s] Level 1:colcon.colcon_core.shell:create_environment_hook('slam_toolbox', 'ld_library_path_lib')
[3.122s] INFO:colcon.colcon_core.shell:Creating environment hook '/home/olee/olee_ros2_ws/src/install/slam_toolbox/share/slam_toolbox/hook/ld_library_path_lib.ps1'
[3.122s] INFO:colcon.colcon_core.shell:Creating environment descriptor '/home/olee/olee_ros2_ws/src/install/slam_toolbox/share/slam_toolbox/hook/ld_library_path_lib.dsv'
[3.123s] INFO:colcon.colcon_core.shell:Creating environment hook '/home/olee/olee_ros2_ws/src/install/slam_toolbox/share/slam_toolbox/hook/ld_library_path_lib.sh'
[3.123s] Level 1:colcon.colcon_core.environment:checking '/home/olee/olee_ros2_ws/src/install/slam_toolbox/bin'
[3.123s] Level 1:colcon.colcon_core.environment:checking '/home/olee/olee_ros2_ws/src/install/slam_toolbox/lib/pkgconfig/slam_toolbox.pc'
[3.123s] Level 1:colcon.colcon_core.environment:checking '/home/olee/olee_ros2_ws/src/install/slam_toolbox/lib/python3.10/site-packages'
[3.123s] Level 1:colcon.colcon_core.environment:checking '/home/olee/olee_ros2_ws/src/install/slam_toolbox/bin'
[3.123s] INFO:colcon.colcon_core.shell:Creating package script '/home/olee/olee_ros2_ws/src/install/slam_toolbox/share/slam_toolbox/package.ps1'
[3.124s] INFO:colcon.colcon_core.shell:Creating package descriptor '/home/olee/olee_ros2_ws/src/install/slam_toolbox/share/slam_toolbox/package.dsv'
[3.124s] INFO:colcon.colcon_core.shell:Creating package script '/home/olee/olee_ros2_ws/src/install/slam_toolbox/share/slam_toolbox/package.sh'
[3.124s] INFO:colcon.colcon_core.shell:Creating package script '/home/olee/olee_ros2_ws/src/install/slam_toolbox/share/slam_toolbox/package.bash'
[3.124s] INFO:colcon.colcon_core.shell:Creating package script '/home/olee/olee_ros2_ws/src/install/slam_toolbox/share/slam_toolbox/package.zsh'
[3.124s] Level 1:colcon.colcon_core.environment:create_file_with_runtime_dependencies(/home/olee/olee_ros2_ws/src/install/slam_toolbox/share/colcon-core/packages/slam_toolbox)
[3.125s] Level 1:colcon.colcon_core.environment:create_environment_scripts_only(slam_toolbox)
[3.125s] Level 1:colcon.colcon_core.environment:checking '/home/olee/olee_ros2_ws/src/install/slam_toolbox' for CMake module files
[3.125s] Level 1:colcon.colcon_core.environment:checking '/home/olee/olee_ros2_ws/src/install/slam_toolbox' for CMake config files
[3.126s] Level 1:colcon.colcon_core.shell:create_environment_hook('slam_toolbox', 'cmake_prefix_path')
[3.126s] INFO:colcon.colcon_core.shell:Creating environment hook '/home/olee/olee_ros2_ws/src/install/slam_toolbox/share/slam_toolbox/hook/cmake_prefix_path.ps1'
[3.126s] INFO:colcon.colcon_core.shell:Creating environment descriptor '/home/olee/olee_ros2_ws/src/install/slam_toolbox/share/slam_toolbox/hook/cmake_prefix_path.dsv'
[3.126s] INFO:colcon.colcon_core.shell:Creating environment hook '/home/olee/olee_ros2_ws/src/install/slam_toolbox/share/slam_toolbox/hook/cmake_prefix_path.sh'
[3.126s] Level 1:colcon.colcon_core.environment:checking '/home/olee/olee_ros2_ws/src/install/slam_toolbox/lib'
[3.127s] Level 1:colcon.colcon_core.shell:create_environment_hook('slam_toolbox', 'ld_library_path_lib')
[3.127s] INFO:colcon.colcon_core.shell:Creating environment hook '/home/olee/olee_ros2_ws/src/install/slam_toolbox/share/slam_toolbox/hook/ld_library_path_lib.ps1'
[3.127s] INFO:colcon.colcon_core.shell:Creating environment descriptor '/home/olee/olee_ros2_ws/src/install/slam_toolbox/share/slam_toolbox/hook/ld_library_path_lib.dsv'
[3.127s] INFO:colcon.colcon_core.shell:Creating environment hook '/home/olee/olee_ros2_ws/src/install/slam_toolbox/share/slam_toolbox/hook/ld_library_path_lib.sh'
[3.127s] Level 1:colcon.colcon_core.environment:checking '/home/olee/olee_ros2_ws/src/install/slam_toolbox/bin'
[3.127s] Level 1:colcon.colcon_core.environment:checking '/home/olee/olee_ros2_ws/src/install/slam_toolbox/lib/pkgconfig/slam_toolbox.pc'
[3.127s] Level 1:colcon.colcon_core.environment:checking '/home/olee/olee_ros2_ws/src/install/slam_toolbox/lib/python3.10/site-packages'
[3.128s] Level 1:colcon.colcon_core.environment:checking '/home/olee/olee_ros2_ws/src/install/slam_toolbox/bin'
[3.128s] INFO:colcon.colcon_core.shell:Creating package script '/home/olee/olee_ros2_ws/src/install/slam_toolbox/share/slam_toolbox/package.ps1'
[3.128s] INFO:colcon.colcon_core.shell:Creating package descriptor '/home/olee/olee_ros2_ws/src/install/slam_toolbox/share/slam_toolbox/package.dsv'
[3.128s] INFO:colcon.colcon_core.shell:Creating package script '/home/olee/olee_ros2_ws/src/install/slam_toolbox/share/slam_toolbox/package.sh'
[3.129s] INFO:colcon.colcon_core.shell:Creating package script '/home/olee/olee_ros2_ws/src/install/slam_toolbox/share/slam_toolbox/package.bash'
[3.129s] INFO:colcon.colcon_core.shell:Creating package script '/home/olee/olee_ros2_ws/src/install/slam_toolbox/share/slam_toolbox/package.zsh'
[3.129s] Level 1:colcon.colcon_core.environment:create_file_with_runtime_dependencies(/home/olee/olee_ros2_ws/src/install/slam_toolbox/share/colcon-core/packages/slam_toolbox)
[3.129s] DEBUG:colcon.colcon_parallel_executor.executor.parallel:closing loop
[3.129s] DEBUG:colcon.colcon_parallel_executor.executor.parallel:loop closed
[3.129s] DEBUG:colcon.colcon_parallel_executor.executor.parallel:run_until_complete finished with '0'
[3.130s] DEBUG:colcon.colcon_core.event_reactor:joining thread
[3.134s] INFO:colcon.colcon_core.plugin_system:Skipping extension 'colcon_notification.desktop_notification.terminal_notifier': Not used on non-Darwin systems
[3.134s] INFO:colcon.colcon_core.plugin_system:Skipping extension 'colcon_notification.desktop_notification.win32': Not used on non-Windows systems
[3.134s] INFO:colcon.colcon_notification.desktop_notification:Sending desktop notification using 'notify2'
[3.160s] DEBUG:colcon.colcon_core.event_reactor:joined thread
[3.161s] INFO:colcon.colcon_core.shell:Creating prefix script '/home/olee/olee_ros2_ws/src/install/local_setup.ps1'
[3.162s] INFO:colcon.colcon_core.shell:Creating prefix util module '/home/olee/olee_ros2_ws/src/install/_local_setup_util_ps1.py'
[3.164s] INFO:colcon.colcon_core.shell:Creating prefix chain script '/home/olee/olee_ros2_ws/src/install/setup.ps1'
[3.165s] INFO:colcon.colcon_core.shell:Creating prefix script '/home/olee/olee_ros2_ws/src/install/local_setup.sh'
[3.165s] INFO:colcon.colcon_core.shell:Creating prefix util module '/home/olee/olee_ros2_ws/src/install/_local_setup_util_sh.py'
[3.165s] INFO:colcon.colcon_core.shell:Creating prefix chain script '/home/olee/olee_ros2_ws/src/install/setup.sh'
[3.166s] INFO:colcon.colcon_core.shell:Creating prefix script '/home/olee/olee_ros2_ws/src/install/local_setup.bash'
[3.167s] INFO:colcon.colcon_core.shell:Creating prefix chain script '/home/olee/olee_ros2_ws/src/install/setup.bash'
[3.167s] INFO:colcon.colcon_core.shell:Creating prefix script '/home/olee/olee_ros2_ws/src/install/local_setup.zsh'
[3.168s] INFO:colcon.colcon_core.shell:Creating prefix chain script '/home/olee/olee_ros2_ws/src/install/setup.zsh'
