[35m[1mScanning dependencies of target ydlidar_swig_compilation[0m
[  1%] [34m[1mSwig compile ydlidar_sdk.i for python[0m
[  5%] [32mBuilding CXX object CMakeFiles/ydlidar_sdk.dir/core/network/SimpleSocket.cpp.o[0m
[  5%] [32mBuilding CXX object CMakeFiles/ydlidar_sdk.dir/core/serial/impl/unix/list_ports_linux.cpp.o[0m
[  8%] [32mBuilding C object CMakeFiles/ydlidar_sdk.dir/core/json/cJSON.c.o[0m
[ 10%] [32mBuilding CXX object CMakeFiles/ydlidar_sdk.dir/core/network/PassiveSocket.cpp.o[0m
[  8%] [32mBuilding CXX object CMakeFiles/ydlidar_sdk.dir/core/base/timer.cpp.o[0m
[ 12%] [32mBuilding CXX object CMakeFiles/ydlidar_sdk.dir/core/serial/impl/unix/unix_serial.cpp.o[0m
[ 13%] [32mBuilding CXX object CMakeFiles/ydlidar_sdk.dir/core/serial/serial.cpp.o[0m
[ 15%] [32mBuilding CXX object CMakeFiles/ydlidar_sdk.dir/core/network/ActiveSocket.cpp.o[0m
[ 17%] [32mBuilding CXX object CMakeFiles/ydlidar_sdk.dir/core/common/ydlidar_def.cpp.o[0m
[ 18%] [32mBuilding C object CMakeFiles/ydlidar_sdk.dir/core/serial/impl/unix/lock.c.o[0m
[ 20%] [32mBuilding CXX object CMakeFiles/ydlidar_sdk.dir/src/CYdLidar.cpp.o[0m
[ 22%] [32mBuilding CXX object CMakeFiles/ydlidar_sdk.dir/src/DTSLidarDriver.cpp.o[0m
[ 24%] [32mBuilding CXX object CMakeFiles/ydlidar_sdk.dir/src/ETLidarDriver.cpp.o[0m
[ 25%] [32mBuilding CXX object CMakeFiles/ydlidar_sdk.dir/src/GSLidarDriver.cpp.o[0m
[ 27%] [32mBuilding CXX object CMakeFiles/ydlidar_sdk.dir/src/SDMLidarDriver.cpp.o[0m
[ 29%] [32mBuilding CXX object CMakeFiles/ydlidar_sdk.dir/src/TiaLidarDriver.cpp.o[0m
[ 31%] [32mBuilding CXX object CMakeFiles/ydlidar_sdk.dir/src/YDlidarDriver.cpp.o[0m
[ 32%] [32mBuilding CXX object CMakeFiles/ydlidar_sdk.dir/src/ydlidar_sdk.cpp.o[0m
[ 34%] [32mBuilding CXX object CMakeFiles/ydlidar_sdk.dir/src/filters/NoiseFilter.cpp.o[0m
[ 36%] [32mBuilding CXX object CMakeFiles/ydlidar_sdk.dir/src/filters/StrongLightFilter.cpp.o[0m
[ 36%] Built target ydlidar_swig_compilation
[ 37%] [32m[1mLinking CXX static library libydlidar_sdk.a[0m
[ 37%] Built target ydlidar_sdk
[ 41%] [32mBuilding CXX object examples/CMakeFiles/scl_test.dir/scl_test.cpp.o[0m
[ 41%] [32mBuilding CXX object examples/CMakeFiles/tia_test.dir/tia_test.cpp.o[0m
[ 43%] [32mBuilding CXX object examples/CMakeFiles/sdm_test.dir/sdm_test.cpp.o[0m
[ 46%] [32mBuilding CXX object examples/CMakeFiles/gs_test2.dir/gs_test2.cpp.o[0m
[ 46%] [32mBuilding CXX object examples/CMakeFiles/gs_test.dir/gs_test.cpp.o[0m
[ 48%] [32mBuilding CXX object examples/CMakeFiles/gs_restart.dir/gs_restart.cpp.o[0m
[ 50%] [32mBuilding CXX object examples/CMakeFiles/et_test.dir/et_test.cpp.o[0m
[ 51%] [32mBuilding CXX object examples/CMakeFiles/sdm18_test.dir/sdm18_test.cpp.o[0m
[ 53%] [32mBuilding CXX object examples/CMakeFiles/tmini-sh_test.dir/tmini-sh_test.cpp.o[0m
[ 55%] [32mBuilding CXX object examples/CMakeFiles/tea_test.dir/tea_test.cpp.o[0m
[ 56%] [32mBuilding CXX object examples/CMakeFiles/tmini_test.dir/tmini_test.cpp.o[0m
[ 58%] [32mBuilding CXX object examples/CMakeFiles/gs_ota.dir/gs_ota.cpp.o[0m
[ 60%] [32m[1mLinking CXX executable ../sdm18_test[0m
[ 62%] [32m[1mLinking CXX executable ../et_test[0m
[ 63%] [32m[1mLinking CXX executable ../tmini_test[0m
[ 65%] [32m[1mLinking CXX executable ../tia_test[0m
[ 67%] [32m[1mLinking CXX executable ../scl_test[0m
[ 67%] Built target sdm18_test
[ 68%] [32m[1mLinking CXX executable ../sdm_test[0m
[ 68%] Built target et_test
[ 70%] [32mBuilding CXX object examples/CMakeFiles/tof_test.dir/tof_test.cpp.o[0m
[ 72%] [32m[1mLinking CXX executable ../gs_ota[0m
[ 74%] [32mBuilding CXX object examples/CMakeFiles/tri_and_gs_test.dir/tri_and_gs_test.cpp.o[0m
[ 75%] [32m[1mLinking CXX executable ../gs_test[0m
[ 77%] [32m[1mLinking CXX executable ../tmini-sh_test[0m
[ 77%] Built target tmini_test
[ 77%] Built target scl_test
[ 79%] [32mBuilding CXX object examples/CMakeFiles/tri_restart.dir/tri_restart.cpp.o[0m
[ 81%] [32mBuilding CXX object examples/CMakeFiles/tri_test.dir/tri_test.cpp.o[0m
[ 81%] Built target sdm_test
[ 81%] Built target tia_test
[ 82%] [32m[1mLinking CXX executable ../tea_test[0m
[ 82%] Built target gs_ota
[ 84%] [32mBuilding C object examples/CMakeFiles/lidar_c_api_test.dir/lidar_c_api_test.c.o[0m
[ 86%] [32mBuilding CXX object python/CMakeFiles/_ydlidar.dir/CMakeFiles/_ydlidar.dir/ydlidar_sdkPYTHON_wrap.cxx.o[0m
[ 86%] Built target gs_test
[ 87%] [32m[1mLinking CXX executable ../lidar_c_api_test[0m
[ 89%] [32m[1mLinking CXX executable ../gs_restart[0m
[ 89%] Built target tmini-sh_test
[ 91%] [32m[1mLinking CXX executable ../gs_test2[0m
[ 91%] Built target lidar_c_api_test
[ 91%] Built target tea_test
[ 91%] Built target gs_restart
[ 93%] [32m[1mLinking CXX executable ../tri_and_gs_test[0m
[ 93%] Built target tri_and_gs_test
[ 94%] [32m[1mLinking CXX executable ../tri_restart[0m
[ 94%] Built target gs_test2
[ 96%] [32m[1mLinking CXX executable ../tof_test[0m
[ 98%] [32m[1mLinking CXX executable ../tri_test[0m
[ 98%] Built target tri_restart
[ 98%] Built target tof_test
[ 98%] Built target tri_test
[100%] [32m[1mLinking CXX shared module _ydlidar.so[0m
[100%] Built target _ydlidar
-- Install configuration: ""
-- Installing: /home/olee/olee_ros2_ws/install/ydlidar_sdk/include/core/base/datatype.h
-- Installing: /home/olee/olee_ros2_ws/install/ydlidar_sdk/include/core/base/locker.h
-- Installing: /home/olee/olee_ros2_ws/install/ydlidar_sdk/include/core/base/thread.h
-- Installing: /home/olee/olee_ros2_ws/install/ydlidar_sdk/include/core/base/timer.h
-- Installing: /home/olee/olee_ros2_ws/install/ydlidar_sdk/include/core/base/typedef.h
-- Installing: /home/olee/olee_ros2_ws/install/ydlidar_sdk/include/core/base/utils.h
-- Installing: /home/olee/olee_ros2_ws/install/ydlidar_sdk/include/core/base/v8stdint.h
-- Installing: /home/olee/olee_ros2_ws/install/ydlidar_sdk/include/core/base/ydlidar.h
-- Installing: /home/olee/olee_ros2_ws/install/ydlidar_sdk/include/core/common/ChannelDevice.h
-- Installing: /home/olee/olee_ros2_ws/install/ydlidar_sdk/include/core/common/DriverInterface.h
-- Installing: /home/olee/olee_ros2_ws/install/ydlidar_sdk/include/core/common/ydlidar_datatype.h
-- Installing: /home/olee/olee_ros2_ws/install/ydlidar_sdk/include/core/common/ydlidar_def.h
-- Installing: /home/olee/olee_ros2_ws/install/ydlidar_sdk/include/core/common/ydlidar_help.h
-- Installing: /home/olee/olee_ros2_ws/install/ydlidar_sdk/include/core/common/ydlidar_protocol.h
-- Installing: /home/olee/olee_ros2_ws/install/ydlidar_sdk/include/core/json/cJSON.h
-- Installing: /home/olee/olee_ros2_ws/install/ydlidar_sdk/include/core/math/angles.h
-- Installing: /home/olee/olee_ros2_ws/install/ydlidar_sdk/include/core/network/ActiveSocket.h
-- Installing: /home/olee/olee_ros2_ws/install/ydlidar_sdk/include/core/network/PassiveSocket.h
-- Installing: /home/olee/olee_ros2_ws/install/ydlidar_sdk/include/core/network/SimpleSocket.h
-- Installing: /home/olee/olee_ros2_ws/install/ydlidar_sdk/include/core/network/StatTimer.h
-- Installing: /home/olee/olee_ros2_ws/install/ydlidar_sdk/include/core/serial/common.h
-- Installing: /home/olee/olee_ros2_ws/install/ydlidar_sdk/include/core/serial/serial.h
-- Installing: /home/olee/olee_ros2_ws/install/ydlidar_sdk/include/core/serial/impl/unix/lock.h
-- Installing: /home/olee/olee_ros2_ws/install/ydlidar_sdk/include/core/serial/impl/unix/unix.h
-- Installing: /home/olee/olee_ros2_ws/install/ydlidar_sdk/include/core/serial/impl/unix/unix_serial.h
-- Installing: /home/olee/olee_ros2_ws/install/ydlidar_sdk/include/src/CYdLidar.h
-- Installing: /home/olee/olee_ros2_ws/install/ydlidar_sdk/include/src/DTSLidarDriver.h
-- Installing: /home/olee/olee_ros2_ws/install/ydlidar_sdk/include/src/ETLidarDriver.h
-- Installing: /home/olee/olee_ros2_ws/install/ydlidar_sdk/include/src/GSLidarDriver.h
-- Installing: /home/olee/olee_ros2_ws/install/ydlidar_sdk/include/src/SDMLidarDriver.h
-- Installing: /home/olee/olee_ros2_ws/install/ydlidar_sdk/include/src/TiaLidarDriver.h
-- Installing: /home/olee/olee_ros2_ws/install/ydlidar_sdk/include/src/YDlidarDriver.h
-- Installing: /home/olee/olee_ros2_ws/install/ydlidar_sdk/include/src/ydlidar_sdk.h
-- Installing: /home/olee/olee_ros2_ws/install/ydlidar_sdk/include/src/filters/FilterInterface.h
-- Installing: /home/olee/olee_ros2_ws/install/ydlidar_sdk/include/src/filters/NoiseFilter.h
-- Installing: /home/olee/olee_ros2_ws/install/ydlidar_sdk/include/src/filters/StrongLightFilter.h
-- Installing: /home/olee/olee_ros2_ws/install/ydlidar_sdk/include/ydlidar_config.h
-- Installing: /home/olee/olee_ros2_ws/install/ydlidar_sdk/lib/libydlidar_sdk.a
-- Installing: /home/olee/olee_ros2_ws/install/ydlidar_sdk/lib/pkgconfig/YDLIDAR_SDK.pc
-- Installing: /home/olee/olee_ros2_ws/install/ydlidar_sdk/lib/cmake/ydlidar_sdk/ydlidar_sdkConfig.cmake
-- Installing: /home/olee/olee_ros2_ws/install/ydlidar_sdk/lib/cmake/ydlidar_sdk/ydlidar_sdkTargets.cmake
-- Installing: /home/olee/olee_ros2_ws/install/ydlidar_sdk/lib/cmake/ydlidar_sdk/ydlidar_sdkConfigVersion.cmake
-- Installing: /home/olee/olee_ros2_ws/install/ydlidar_sdk/share/YDLIDAR_SDK/FindYDLIDAR_SDK.cmake
-- Up-to-date: /home/olee/olee_ros2_ws/install/ydlidar_sdk/share/YDLIDAR_SDK
-- Installing: /home/olee/olee_ros2_ws/install/ydlidar_sdk/share/YDLIDAR_SDK/PackageConfig.cmake.in
-- Installing: /home/olee/olee_ros2_ws/install/ydlidar_sdk/share/YDLIDAR_SDK/FindPackage.cmake.in
-- Installing: /home/olee/olee_ros2_ws/install/ydlidar_sdk/share/YDLIDAR_SDK/PackageConfigVersion.cmake.in
-- Installing: /home/olee/olee_ros2_ws/install/ydlidar_sdk/share/YDLIDAR_SDK/script_show_final_summary.cmake
-- Installing: /home/olee/olee_ros2_ws/install/ydlidar_sdk/share/YDLIDAR_SDK/PkgConfig.pc.in
-- Installing: /home/olee/olee_ros2_ws/install/ydlidar_sdk/share/YDLIDAR_SDK/common
-- Installing: /home/olee/olee_ros2_ws/install/ydlidar_sdk/share/YDLIDAR_SDK/common/ydlidar_parse.cmake
-- Installing: /home/olee/olee_ros2_ws/install/ydlidar_sdk/share/YDLIDAR_SDK/common/ydlidar_base.cmake
-- Installing: /home/olee/olee_ros2_ws/install/ydlidar_sdk/share/YDLIDAR_SDK/install_package.cmake
-- Installing: /home/olee/olee_ros2_ws/install/ydlidar_sdk/share/YDLIDAR_SDK/cmake_uninstall.cmake.in
-- Installing: /home/olee/olee_ros2_ws/install/ydlidar_sdk/share/YDLIDAR_SDK/LICENSE.txt
-- Installing: /home/olee/olee_ros2_ws/install/ydlidar_sdk/share/YDLIDAR_SDK/README.md
-- Installing: /home/olee/olee_ros2_ws/install/ydlidar_sdk/share/YDLIDAR_SDK/doc
-- Installing: /home/olee/olee_ros2_ws/install/ydlidar_sdk/share/YDLIDAR_SDK/doc/FAQs
-- Installing: /home/olee/olee_ros2_ws/install/ydlidar_sdk/share/YDLIDAR_SDK/doc/FAQs/README.md
-- Installing: /home/olee/olee_ros2_ws/install/ydlidar_sdk/share/YDLIDAR_SDK/doc/FAQs/Software_FAQs_cn.md
-- Installing: /home/olee/olee_ros2_ws/install/ydlidar_sdk/share/YDLIDAR_SDK/doc/FAQs/General_FAQs.md
-- Installing: /home/olee/olee_ros2_ws/install/ydlidar_sdk/share/YDLIDAR_SDK/doc/FAQs/Software_FAQs.md
-- Installing: /home/olee/olee_ros2_ws/install/ydlidar_sdk/share/YDLIDAR_SDK/doc/FAQs/Hardware_FAQs_cn.md
-- Installing: /home/olee/olee_ros2_ws/install/ydlidar_sdk/share/YDLIDAR_SDK/doc/FAQs/General_FAQs_cn.md
-- Installing: /home/olee/olee_ros2_ws/install/ydlidar_sdk/share/YDLIDAR_SDK/doc/FAQs/Hardware_FAQs.md
-- Installing: /home/olee/olee_ros2_ws/install/ydlidar_sdk/share/YDLIDAR_SDK/doc/YDLidar-SDK-Communication-Protocol.html
-- Installing: /home/olee/olee_ros2_ws/install/ydlidar_sdk/share/YDLIDAR_SDK/doc/images
-- Installing: /home/olee/olee_ros2_ws/install/ydlidar_sdk/share/YDLIDAR_SDK/doc/images/sdk_architecture.png
-- Installing: /home/olee/olee_ros2_ws/install/ydlidar_sdk/share/YDLIDAR_SDK/doc/images/FlowChart.png
-- Installing: /home/olee/olee_ros2_ws/install/ydlidar_sdk/share/YDLIDAR_SDK/doc/images/EAI.png
-- Installing: /home/olee/olee_ros2_ws/install/ydlidar_sdk/share/YDLIDAR_SDK/doc/images/system_workflow.png
-- Installing: /home/olee/olee_ros2_ws/install/ydlidar_sdk/share/YDLIDAR_SDK/doc/images/angle_q2.png
-- Installing: /home/olee/olee_ros2_ws/install/ydlidar_sdk/share/YDLIDAR_SDK/doc/images/sdk_scanning.png
-- Installing: /home/olee/olee_ros2_ws/install/ydlidar_sdk/share/YDLIDAR_SDK/doc/images/YDLidar.png
-- Installing: /home/olee/olee_ros2_ws/install/ydlidar_sdk/share/YDLIDAR_SDK/doc/images/sdk_init.png
-- Installing: /home/olee/olee_ros2_ws/install/ydlidar_sdk/share/YDLIDAR_SDK/doc/images/frame_intensity.png
-- Installing: /home/olee/olee_ros2_ws/install/ydlidar_sdk/share/YDLIDAR_SDK/doc/images/frame.png
-- Installing: /home/olee/olee_ros2_ws/install/ydlidar_sdk/share/YDLIDAR_SDK/doc/images/sequence.png
-- Installing: /home/olee/olee_ros2_ws/install/ydlidar_sdk/share/YDLIDAR_SDK/doc/images/YDLidar.jpg
-- Installing: /home/olee/olee_ros2_ws/install/ydlidar_sdk/share/YDLIDAR_SDK/doc/images/communication_mechanism.png
-- Installing: /home/olee/olee_ros2_ws/install/ydlidar_sdk/share/YDLIDAR_SDK/doc/Diagram.md
-- Installing: /home/olee/olee_ros2_ws/install/ydlidar_sdk/share/YDLIDAR_SDK/doc/README.md
-- Installing: /home/olee/olee_ros2_ws/install/ydlidar_sdk/share/YDLIDAR_SDK/doc/howto
-- Installing: /home/olee/olee_ros2_ws/install/ydlidar_sdk/share/YDLIDAR_SDK/doc/howto/images
-- Installing: /home/olee/olee_ros2_ws/install/ydlidar_sdk/share/YDLIDAR_SDK/doc/howto/images/ydlidar_lidar_monitor.png
-- Installing: /home/olee/olee_ros2_ws/install/ydlidar_sdk/share/YDLIDAR_SDK/doc/howto/images/csharp_library.png
-- Installing: /home/olee/olee_ros2_ws/install/ydlidar_sdk/share/YDLIDAR_SDK/doc/howto/images/ttyUSB1.png
-- Installing: /home/olee/olee_ros2_ws/install/ydlidar_sdk/share/YDLIDAR_SDK/doc/howto/images/csharp_exception.png
-- Installing: /home/olee/olee_ros2_ws/install/ydlidar_sdk/share/YDLIDAR_SDK/doc/howto/images/cpack.png
-- Installing: /home/olee/olee_ros2_ws/install/ydlidar_sdk/share/YDLIDAR_SDK/doc/howto/images/vscode
-- Installing: /home/olee/olee_ros2_ws/install/ydlidar_sdk/share/YDLIDAR_SDK/doc/howto/images/vscode/tasks.png
-- Installing: /home/olee/olee_ros2_ws/install/ydlidar_sdk/share/YDLIDAR_SDK/doc/howto/images/vscode/run_tasks.jpg
-- Installing: /home/olee/olee_ros2_ws/install/ydlidar_sdk/share/YDLIDAR_SDK/doc/howto/images/sdk_scanning.png
-- Installing: /home/olee/olee_ros2_ws/install/ydlidar_sdk/share/YDLIDAR_SDK/doc/howto/images/ttyUSB0.png
-- Installing: /home/olee/olee_ros2_ws/install/ydlidar_sdk/share/YDLIDAR_SDK/doc/howto/images/sdk_init.png
-- Installing: /home/olee/olee_ros2_ws/install/ydlidar_sdk/share/YDLIDAR_SDK/doc/howto/images/csharp_project.png
-- Installing: /home/olee/olee_ros2_ws/install/ydlidar_sdk/share/YDLIDAR_SDK/doc/howto/images/sequence.png
-- Installing: /home/olee/olee_ros2_ws/install/ydlidar_sdk/share/YDLIDAR_SDK/doc/howto/images/csharp_running.png
-- Installing: /home/olee/olee_ros2_ws/install/ydlidar_sdk/share/YDLIDAR_SDK/doc/howto/images/csharp_build.png
-- Installing: /home/olee/olee_ros2_ws/install/ydlidar_sdk/share/YDLIDAR_SDK/doc/howto/README.md
-- Installing: /home/olee/olee_ros2_ws/install/ydlidar_sdk/share/YDLIDAR_SDK/doc/howto/how_to_create_a_udev_rules.md
-- Installing: /home/olee/olee_ros2_ws/install/ydlidar_sdk/share/YDLIDAR_SDK/doc/howto/how_to_gerenrate_vs_project_by_cmake.md
-- Installing: /home/olee/olee_ros2_ws/install/ydlidar_sdk/share/YDLIDAR_SDK/doc/howto/how_to_create_a_pull.md
-- Installing: /home/olee/olee_ros2_ws/install/ydlidar_sdk/share/YDLIDAR_SDK/doc/howto/how_to_build_and_install.md
-- Installing: /home/olee/olee_ros2_ws/install/ydlidar_sdk/share/YDLIDAR_SDK/doc/howto/how_to_solve_slow_pull_from_cn.md
-- Installing: /home/olee/olee_ros2_ws/install/ydlidar_sdk/share/YDLIDAR_SDK/doc/howto/how_to_create_a_csharp_project.md
-- Installing: /home/olee/olee_ros2_ws/install/ydlidar_sdk/share/YDLIDAR_SDK/doc/howto/how_to_build_and_debug_using_vscode.md
-- Installing: /home/olee/olee_ros2_ws/install/ydlidar_sdk/share/YDLIDAR_SDK/doc/SDK.pdf
-- Installing: /home/olee/olee_ros2_ws/install/ydlidar_sdk/share/YDLIDAR_SDK/doc/YDLidar-SDK-Communication-Protocol.pdf
-- Installing: /home/olee/olee_ros2_ws/install/ydlidar_sdk/share/YDLIDAR_SDK/doc/YDLidar_SDK_Communication_Protocol.pdf
-- Installing: /home/olee/olee_ros2_ws/install/ydlidar_sdk/share/YDLIDAR_SDK/doc/Tutorials.md
-- Installing: /home/olee/olee_ros2_ws/install/ydlidar_sdk/share/YDLIDAR_SDK/doc/tutorials
-- Installing: /home/olee/olee_ros2_ws/install/ydlidar_sdk/share/YDLIDAR_SDK/doc/tutorials/examine_the_simple_lidar_tutorial.md
-- Installing: /home/olee/olee_ros2_ws/install/ydlidar_sdk/share/YDLIDAR_SDK/doc/tutorials/writing_lidar_tutorial_c.md
-- Installing: /home/olee/olee_ros2_ws/install/ydlidar_sdk/share/YDLIDAR_SDK/doc/tutorials/writing_lidar_network_adapter_tutorial_c++.md
-- Installing: /home/olee/olee_ros2_ws/install/ydlidar_sdk/share/YDLIDAR_SDK/doc/tutorials/writing_lidar_tutorial_python.md
-- Installing: /home/olee/olee_ros2_ws/install/ydlidar_sdk/share/YDLIDAR_SDK/doc/tutorials/writing_lidar_tutorial_c++.md
-- Installing: /home/olee/olee_ros2_ws/install/ydlidar_sdk/share/YDLIDAR_SDK/doc/quickstart
-- Installing: /home/olee/olee_ros2_ws/install/ydlidar_sdk/share/YDLIDAR_SDK/doc/quickstart/README.md
-- Installing: /home/olee/olee_ros2_ws/install/ydlidar_sdk/share/YDLIDAR_SDK/doc/quickstart/ydlidar_sdk_software_installation_guide.md
-- Installing: /home/olee/olee_ros2_ws/install/ydlidar_sdk/share/YDLIDAR_SDK/doc/YDLIDAR_SDK_API_for_Developers.md
-- Installing: /home/olee/olee_ros2_ws/install/ydlidar_sdk/share/YDLIDAR_SDK/doc/Dataset.md
-- Installing: /home/olee/olee_ros2_ws/install/ydlidar_sdk/share/YDLIDAR_SDK/doc/YDLidar-SDK-Communication-Protocol.md
-- Installing: /home/olee/olee_ros2_ws/install/ydlidar_sdk/startup/initenv.sh
-- Installing: /home/olee/olee_ros2_ws/install/ydlidar_sdk/bin/et_test
-- Installing: /home/olee/olee_ros2_ws/install/ydlidar_sdk/bin/gs_ota
-- Installing: /home/olee/olee_ros2_ws/install/ydlidar_sdk/bin/gs_restart
-- Installing: /home/olee/olee_ros2_ws/install/ydlidar_sdk/bin/gs_test
-- Installing: /home/olee/olee_ros2_ws/install/ydlidar_sdk/bin/gs_test2
-- Installing: /home/olee/olee_ros2_ws/install/ydlidar_sdk/bin/scl_test
-- Installing: /home/olee/olee_ros2_ws/install/ydlidar_sdk/bin/sdm18_test
-- Installing: /home/olee/olee_ros2_ws/install/ydlidar_sdk/bin/sdm_test
-- Installing: /home/olee/olee_ros2_ws/install/ydlidar_sdk/bin/tea_test
-- Installing: /home/olee/olee_ros2_ws/install/ydlidar_sdk/bin/tia_test
-- Installing: /home/olee/olee_ros2_ws/install/ydlidar_sdk/bin/tmini-sh_test
-- Installing: /home/olee/olee_ros2_ws/install/ydlidar_sdk/bin/tmini_test
-- Installing: /home/olee/olee_ros2_ws/install/ydlidar_sdk/bin/tof_test
-- Installing: /home/olee/olee_ros2_ws/install/ydlidar_sdk/bin/tri_and_gs_test
-- Installing: /home/olee/olee_ros2_ws/install/ydlidar_sdk/bin/tri_restart
-- Installing: /home/olee/olee_ros2_ws/install/ydlidar_sdk/bin/tri_test
-- Installing: /home/olee/olee_ros2_ws/install/ydlidar_sdk/bin/lidar_c_api_test
-- Installing: /home/olee/olee_ros2_ws/install/ydlidar_sdk/lib/python3/dist-packages/_ydlidar.so
-- Installing: /home/olee/olee_ros2_ws/install/ydlidar_sdk/lib/python3/dist-packages/ydlidar.py
-- Installing: /home/olee/olee_ros2_ws/install/ydlidar_sdk/bin/etlidar_test.py
-- Installing: /home/olee/olee_ros2_ws/install/ydlidar_sdk/bin/gs_test.py
-- Installing: /home/olee/olee_ros2_ws/install/ydlidar_sdk/bin/plot_tof_test.py
-- Installing: /home/olee/olee_ros2_ws/install/ydlidar_sdk/bin/plot_ydlidar_test.py
-- Installing: /home/olee/olee_ros2_ws/install/ydlidar_sdk/bin/tea_test.py
-- Installing: /home/olee/olee_ros2_ws/install/ydlidar_sdk/bin/test.py
-- Installing: /home/olee/olee_ros2_ws/install/ydlidar_sdk/bin/tminiplus_test.py
-- Installing: /home/olee/olee_ros2_ws/install/ydlidar_sdk/bin/tof_test.py
-- Installing: /home/olee/olee_ros2_ws/install/ydlidar_sdk/bin/tri_test.py
