[0.055s] DEBUG:colcon:Command line arguments: ['/usr/bin/colcon', 'build', '--packages-select', 'master_olee_controller']
[0.055s] DEBUG:colcon:Parsed command line arguments: Namespace(log_base=None, log_level=None, verb_name='build', build_base='build', install_base='install', merge_install=False, symlink_install=False, test_result_base=None, continue_on_error=False, executor='parallel', parallel_workers=12, event_handlers=None, ignore_user_meta=False, metas=['./colcon.meta'], base_paths=['.'], packages_ignore=None, packages_ignore_regex=None, paths=None, packages_up_to=None, packages_up_to_regex=None, packages_above=None, packages_above_and_dependencies=None, packages_above_depth=None, packages_select_by_dep=None, packages_skip_by_dep=None, packages_skip_up_to=None, packages_select_build_failed=False, packages_skip_build_finished=False, packages_select_test_failures=False, packages_skip_test_passed=False, packages_select=['master_olee_controller'], packages_skip=None, packages_select_regex=None, packages_skip_regex=None, packages_start=None, packages_end=None, allow_overriding=[], cmake_args=None, cmake_target=None, cmake_target_skip_unavailable=False, cmake_clean_cache=False, cmake_clean_first=False, cmake_force_configure=False, ament_cmake_args=None, catkin_cmake_args=None, catkin_skip_building_tests=False, verb_parser=<colcon_defaults.argument_parser.defaults.DefaultArgumentsDecorator object at 0x7ce45ef82590>, verb_extension=<colcon_core.verb.build.BuildVerb object at 0x7ce45ef81ff0>, main=<bound method BuildVerb.main of <colcon_core.verb.build.BuildVerb object at 0x7ce45ef81ff0>>)
[0.076s] Level 1:colcon.colcon_core.package_discovery:discover_packages(colcon_meta) check parameters
[0.076s] Level 1:colcon.colcon_core.package_discovery:discover_packages(recursive) check parameters
[0.076s] Level 1:colcon.colcon_core.package_discovery:discover_packages(ignore) check parameters
[0.076s] Level 1:colcon.colcon_core.package_discovery:discover_packages(path) check parameters
[0.076s] Level 1:colcon.colcon_core.package_discovery:discover_packages(colcon_meta) discover
[0.076s] Level 1:colcon.colcon_core.package_discovery:discover_packages(recursive) discover
[0.076s] INFO:colcon.colcon_core.package_discovery:Crawling recursively for packages in '/home/olee/olee_ros2_ws/src'
[0.076s] Level 1:colcon.colcon_core.package_identification:_identify(.) by extensions ['ignore', 'ignore_ament_install']
[0.076s] Level 1:colcon.colcon_core.package_identification:_identify(.) by extension 'ignore'
[0.076s] Level 1:colcon.colcon_core.package_identification:_identify(.) by extension 'ignore_ament_install'
[0.076s] Level 1:colcon.colcon_core.package_identification:_identify(.) by extensions ['colcon_pkg']
[0.076s] Level 1:colcon.colcon_core.package_identification:_identify(.) by extension 'colcon_pkg'
[0.076s] Level 1:colcon.colcon_core.package_identification:_identify(.) by extensions ['colcon_meta']
[0.076s] Level 1:colcon.colcon_core.package_identification:_identify(.) by extension 'colcon_meta'
[0.077s] Level 1:colcon.colcon_core.package_identification:_identify(.) by extensions ['ros']
[0.077s] Level 1:colcon.colcon_core.package_identification:_identify(.) by extension 'ros'
[0.085s] Level 1:colcon.colcon_core.package_identification:_identify(.) by extensions ['cmake', 'python']
[0.085s] Level 1:colcon.colcon_core.package_identification:_identify(.) by extension 'cmake'
[0.085s] Level 1:colcon.colcon_core.package_identification:_identify(.) by extension 'python'
[0.085s] Level 1:colcon.colcon_core.package_identification:_identify(.) by extensions ['python_setup_py']
[0.085s] Level 1:colcon.colcon_core.package_identification:_identify(.) by extension 'python_setup_py'
[0.085s] Level 1:colcon.colcon_core.package_identification:_identify(YDLidar-SDK-master) by extensions ['ignore', 'ignore_ament_install']
[0.085s] Level 1:colcon.colcon_core.package_identification:_identify(YDLidar-SDK-master) by extension 'ignore'
[0.085s] Level 1:colcon.colcon_core.package_identification:_identify(YDLidar-SDK-master) by extension 'ignore_ament_install'
[0.085s] Level 1:colcon.colcon_core.package_identification:_identify(YDLidar-SDK-master) by extensions ['colcon_pkg']
[0.085s] Level 1:colcon.colcon_core.package_identification:_identify(YDLidar-SDK-master) by extension 'colcon_pkg'
[0.085s] Level 1:colcon.colcon_core.package_identification:_identify(YDLidar-SDK-master) by extensions ['colcon_meta']
[0.085s] Level 1:colcon.colcon_core.package_identification:_identify(YDLidar-SDK-master) by extension 'colcon_meta'
[0.085s] Level 1:colcon.colcon_core.package_identification:_identify(YDLidar-SDK-master) by extensions ['ros']
[0.085s] Level 1:colcon.colcon_core.package_identification:_identify(YDLidar-SDK-master) by extension 'ros'
[0.085s] Level 1:colcon.colcon_core.package_identification:_identify(YDLidar-SDK-master) by extensions ['cmake', 'python']
[0.085s] Level 1:colcon.colcon_core.package_identification:_identify(YDLidar-SDK-master) by extension 'cmake'
[0.109s] Level 1:colcon.colcon_core.package_identification:_identify(YDLidar-SDK-master) by extension 'python'
[0.109s] DEBUG:colcon.colcon_core.package_identification:Package 'YDLidar-SDK-master' with type 'cmake' and name 'ydlidar_sdk'
[0.109s] Level 1:colcon.colcon_core.package_identification:_identify(build) by extensions ['ignore', 'ignore_ament_install']
[0.109s] Level 1:colcon.colcon_core.package_identification:_identify(build) by extension 'ignore'
[0.109s] Level 1:colcon.colcon_core.package_identification:_identify(build) ignored
[0.109s] Level 1:colcon.colcon_core.package_identification:_identify(install) by extensions ['ignore', 'ignore_ament_install']
[0.110s] Level 1:colcon.colcon_core.package_identification:_identify(install) by extension 'ignore'
[0.110s] Level 1:colcon.colcon_core.package_identification:_identify(install) ignored
[0.110s] Level 1:colcon.colcon_core.package_identification:_identify(log) by extensions ['ignore', 'ignore_ament_install']
[0.110s] Level 1:colcon.colcon_core.package_identification:_identify(log) by extension 'ignore'
[0.110s] Level 1:colcon.colcon_core.package_identification:_identify(log) ignored
[0.110s] Level 1:colcon.colcon_core.package_identification:_identify(master_olee_controller) by extensions ['ignore', 'ignore_ament_install']
[0.110s] Level 1:colcon.colcon_core.package_identification:_identify(master_olee_controller) by extension 'ignore'
[0.110s] Level 1:colcon.colcon_core.package_identification:_identify(master_olee_controller) by extension 'ignore_ament_install'
[0.110s] Level 1:colcon.colcon_core.package_identification:_identify(master_olee_controller) by extensions ['colcon_pkg']
[0.110s] Level 1:colcon.colcon_core.package_identification:_identify(master_olee_controller) by extension 'colcon_pkg'
[0.110s] Level 1:colcon.colcon_core.package_identification:_identify(master_olee_controller) by extensions ['colcon_meta']
[0.110s] Level 1:colcon.colcon_core.package_identification:_identify(master_olee_controller) by extension 'colcon_meta'
[0.110s] Level 1:colcon.colcon_core.package_identification:_identify(master_olee_controller) by extensions ['ros']
[0.110s] Level 1:colcon.colcon_core.package_identification:_identify(master_olee_controller) by extension 'ros'
[0.111s] DEBUG:colcon.colcon_core.package_identification:Package 'master_olee_controller' with type 'ros.ament_python' and name 'master_olee_controller'
[0.111s] Level 1:colcon.colcon_core.package_identification:_identify(rf2o_laser_odometry-ros2) by extensions ['ignore', 'ignore_ament_install']
[0.111s] Level 1:colcon.colcon_core.package_identification:_identify(rf2o_laser_odometry-ros2) by extension 'ignore'
[0.111s] Level 1:colcon.colcon_core.package_identification:_identify(rf2o_laser_odometry-ros2) by extension 'ignore_ament_install'
[0.111s] Level 1:colcon.colcon_core.package_identification:_identify(rf2o_laser_odometry-ros2) by extensions ['colcon_pkg']
[0.111s] Level 1:colcon.colcon_core.package_identification:_identify(rf2o_laser_odometry-ros2) by extension 'colcon_pkg'
[0.111s] Level 1:colcon.colcon_core.package_identification:_identify(rf2o_laser_odometry-ros2) by extensions ['colcon_meta']
[0.111s] Level 1:colcon.colcon_core.package_identification:_identify(rf2o_laser_odometry-ros2) by extension 'colcon_meta'
[0.111s] Level 1:colcon.colcon_core.package_identification:_identify(rf2o_laser_odometry-ros2) by extensions ['ros']
[0.111s] Level 1:colcon.colcon_core.package_identification:_identify(rf2o_laser_odometry-ros2) by extension 'ros'
[0.112s] DEBUG:colcon.colcon_core.package_identification:Package 'rf2o_laser_odometry-ros2' with type 'ros.ament_cmake' and name 'rf2o_laser_odometry'
[0.112s] Level 1:colcon.colcon_core.package_identification:_identify(scan_tools-ros2) by extensions ['ignore', 'ignore_ament_install']
[0.112s] Level 1:colcon.colcon_core.package_identification:_identify(scan_tools-ros2) by extension 'ignore'
[0.112s] Level 1:colcon.colcon_core.package_identification:_identify(scan_tools-ros2) by extension 'ignore_ament_install'
[0.112s] Level 1:colcon.colcon_core.package_identification:_identify(scan_tools-ros2) by extensions ['colcon_pkg']
[0.112s] Level 1:colcon.colcon_core.package_identification:_identify(scan_tools-ros2) by extension 'colcon_pkg'
[0.112s] Level 1:colcon.colcon_core.package_identification:_identify(scan_tools-ros2) by extensions ['colcon_meta']
[0.112s] Level 1:colcon.colcon_core.package_identification:_identify(scan_tools-ros2) by extension 'colcon_meta'
[0.112s] Level 1:colcon.colcon_core.package_identification:_identify(scan_tools-ros2) by extensions ['ros']
[0.112s] Level 1:colcon.colcon_core.package_identification:_identify(scan_tools-ros2) by extension 'ros'
[0.112s] Level 1:colcon.colcon_core.package_identification:_identify(scan_tools-ros2) by extensions ['cmake', 'python']
[0.112s] Level 1:colcon.colcon_core.package_identification:_identify(scan_tools-ros2) by extension 'cmake'
[0.112s] Level 1:colcon.colcon_core.package_identification:_identify(scan_tools-ros2) by extension 'python'
[0.112s] Level 1:colcon.colcon_core.package_identification:_identify(scan_tools-ros2) by extensions ['python_setup_py']
[0.112s] Level 1:colcon.colcon_core.package_identification:_identify(scan_tools-ros2) by extension 'python_setup_py'
[0.112s] Level 1:colcon.colcon_core.package_identification:_identify(scan_tools-ros2/laser_ortho_projector) by extensions ['ignore', 'ignore_ament_install']
[0.112s] Level 1:colcon.colcon_core.package_identification:_identify(scan_tools-ros2/laser_ortho_projector) by extension 'ignore'
[0.112s] Level 1:colcon.colcon_core.package_identification:_identify(scan_tools-ros2/laser_ortho_projector) by extension 'ignore_ament_install'
[0.112s] Level 1:colcon.colcon_core.package_identification:_identify(scan_tools-ros2/laser_ortho_projector) by extensions ['colcon_pkg']
[0.112s] Level 1:colcon.colcon_core.package_identification:_identify(scan_tools-ros2/laser_ortho_projector) by extension 'colcon_pkg'
[0.112s] Level 1:colcon.colcon_core.package_identification:_identify(scan_tools-ros2/laser_ortho_projector) by extensions ['colcon_meta']
[0.112s] Level 1:colcon.colcon_core.package_identification:_identify(scan_tools-ros2/laser_ortho_projector) by extension 'colcon_meta'
[0.112s] Level 1:colcon.colcon_core.package_identification:_identify(scan_tools-ros2/laser_ortho_projector) by extensions ['ros']
[0.112s] Level 1:colcon.colcon_core.package_identification:_identify(scan_tools-ros2/laser_ortho_projector) by extension 'ros'
[0.113s] DEBUG:colcon.colcon_core.package_identification:Package 'scan_tools-ros2/laser_ortho_projector' with type 'ros.catkin' and name 'laser_ortho_projector'
[0.113s] Level 1:colcon.colcon_core.package_identification:_identify(scan_tools-ros2/laser_scan_matcher) by extensions ['ignore', 'ignore_ament_install']
[0.113s] Level 1:colcon.colcon_core.package_identification:_identify(scan_tools-ros2/laser_scan_matcher) by extension 'ignore'
[0.113s] Level 1:colcon.colcon_core.package_identification:_identify(scan_tools-ros2/laser_scan_matcher) by extension 'ignore_ament_install'
[0.113s] Level 1:colcon.colcon_core.package_identification:_identify(scan_tools-ros2/laser_scan_matcher) by extensions ['colcon_pkg']
[0.113s] Level 1:colcon.colcon_core.package_identification:_identify(scan_tools-ros2/laser_scan_matcher) by extension 'colcon_pkg'
[0.113s] Level 1:colcon.colcon_core.package_identification:_identify(scan_tools-ros2/laser_scan_matcher) by extensions ['colcon_meta']
[0.113s] Level 1:colcon.colcon_core.package_identification:_identify(scan_tools-ros2/laser_scan_matcher) by extension 'colcon_meta'
[0.113s] Level 1:colcon.colcon_core.package_identification:_identify(scan_tools-ros2/laser_scan_matcher) by extensions ['ros']
[0.113s] Level 1:colcon.colcon_core.package_identification:_identify(scan_tools-ros2/laser_scan_matcher) by extension 'ros'
[0.114s] DEBUG:colcon.colcon_core.package_identification:Package 'scan_tools-ros2/laser_scan_matcher' with type 'ros.catkin' and name 'laser_scan_matcher'
[0.114s] Level 1:colcon.colcon_core.package_identification:_identify(scan_tools-ros2/laser_scan_sparsifier) by extensions ['ignore', 'ignore_ament_install']
[0.114s] Level 1:colcon.colcon_core.package_identification:_identify(scan_tools-ros2/laser_scan_sparsifier) by extension 'ignore'
[0.114s] Level 1:colcon.colcon_core.package_identification:_identify(scan_tools-ros2/laser_scan_sparsifier) by extension 'ignore_ament_install'
[0.114s] Level 1:colcon.colcon_core.package_identification:_identify(scan_tools-ros2/laser_scan_sparsifier) by extensions ['colcon_pkg']
[0.114s] Level 1:colcon.colcon_core.package_identification:_identify(scan_tools-ros2/laser_scan_sparsifier) by extension 'colcon_pkg'
[0.114s] Level 1:colcon.colcon_core.package_identification:_identify(scan_tools-ros2/laser_scan_sparsifier) by extensions ['colcon_meta']
[0.114s] Level 1:colcon.colcon_core.package_identification:_identify(scan_tools-ros2/laser_scan_sparsifier) by extension 'colcon_meta'
[0.114s] Level 1:colcon.colcon_core.package_identification:_identify(scan_tools-ros2/laser_scan_sparsifier) by extensions ['ros']
[0.114s] Level 1:colcon.colcon_core.package_identification:_identify(scan_tools-ros2/laser_scan_sparsifier) by extension 'ros'
[0.114s] DEBUG:colcon.colcon_core.package_identification:Package 'scan_tools-ros2/laser_scan_sparsifier' with type 'ros.catkin' and name 'laser_scan_sparsifier'
[0.114s] Level 1:colcon.colcon_core.package_identification:_identify(scan_tools-ros2/laser_scan_splitter) by extensions ['ignore', 'ignore_ament_install']
[0.114s] Level 1:colcon.colcon_core.package_identification:_identify(scan_tools-ros2/laser_scan_splitter) by extension 'ignore'
[0.114s] Level 1:colcon.colcon_core.package_identification:_identify(scan_tools-ros2/laser_scan_splitter) by extension 'ignore_ament_install'
[0.114s] Level 1:colcon.colcon_core.package_identification:_identify(scan_tools-ros2/laser_scan_splitter) by extensions ['colcon_pkg']
[0.114s] Level 1:colcon.colcon_core.package_identification:_identify(scan_tools-ros2/laser_scan_splitter) by extension 'colcon_pkg'
[0.114s] Level 1:colcon.colcon_core.package_identification:_identify(scan_tools-ros2/laser_scan_splitter) by extensions ['colcon_meta']
[0.114s] Level 1:colcon.colcon_core.package_identification:_identify(scan_tools-ros2/laser_scan_splitter) by extension 'colcon_meta'
[0.115s] Level 1:colcon.colcon_core.package_identification:_identify(scan_tools-ros2/laser_scan_splitter) by extensions ['ros']
[0.115s] Level 1:colcon.colcon_core.package_identification:_identify(scan_tools-ros2/laser_scan_splitter) by extension 'ros'
[0.115s] DEBUG:colcon.colcon_core.package_identification:Package 'scan_tools-ros2/laser_scan_splitter' with type 'ros.catkin' and name 'laser_scan_splitter'
[0.115s] Level 1:colcon.colcon_core.package_identification:_identify(scan_tools-ros2/ncd_parser) by extensions ['ignore', 'ignore_ament_install']
[0.115s] Level 1:colcon.colcon_core.package_identification:_identify(scan_tools-ros2/ncd_parser) by extension 'ignore'
[0.115s] Level 1:colcon.colcon_core.package_identification:_identify(scan_tools-ros2/ncd_parser) by extension 'ignore_ament_install'
[0.115s] Level 1:colcon.colcon_core.package_identification:_identify(scan_tools-ros2/ncd_parser) by extensions ['colcon_pkg']
[0.115s] Level 1:colcon.colcon_core.package_identification:_identify(scan_tools-ros2/ncd_parser) by extension 'colcon_pkg'
[0.115s] Level 1:colcon.colcon_core.package_identification:_identify(scan_tools-ros2/ncd_parser) by extensions ['colcon_meta']
[0.115s] Level 1:colcon.colcon_core.package_identification:_identify(scan_tools-ros2/ncd_parser) by extension 'colcon_meta'
[0.115s] Level 1:colcon.colcon_core.package_identification:_identify(scan_tools-ros2/ncd_parser) by extensions ['ros']
[0.115s] Level 1:colcon.colcon_core.package_identification:_identify(scan_tools-ros2/ncd_parser) by extension 'ros'
[0.115s] DEBUG:colcon.colcon_core.package_identification:Package 'scan_tools-ros2/ncd_parser' with type 'ros.catkin' and name 'ncd_parser'
[0.115s] Level 1:colcon.colcon_core.package_identification:_identify(scan_tools-ros2/polar_scan_matcher) by extensions ['ignore', 'ignore_ament_install']
[0.115s] Level 1:colcon.colcon_core.package_identification:_identify(scan_tools-ros2/polar_scan_matcher) by extension 'ignore'
[0.115s] Level 1:colcon.colcon_core.package_identification:_identify(scan_tools-ros2/polar_scan_matcher) by extension 'ignore_ament_install'
[0.115s] Level 1:colcon.colcon_core.package_identification:_identify(scan_tools-ros2/polar_scan_matcher) by extensions ['colcon_pkg']
[0.115s] Level 1:colcon.colcon_core.package_identification:_identify(scan_tools-ros2/polar_scan_matcher) by extension 'colcon_pkg'
[0.116s] Level 1:colcon.colcon_core.package_identification:_identify(scan_tools-ros2/polar_scan_matcher) by extensions ['colcon_meta']
[0.116s] Level 1:colcon.colcon_core.package_identification:_identify(scan_tools-ros2/polar_scan_matcher) by extension 'colcon_meta'
[0.116s] Level 1:colcon.colcon_core.package_identification:_identify(scan_tools-ros2/polar_scan_matcher) by extensions ['ros']
[0.116s] Level 1:colcon.colcon_core.package_identification:_identify(scan_tools-ros2/polar_scan_matcher) by extension 'ros'
[0.116s] DEBUG:colcon.colcon_core.package_identification:Package 'scan_tools-ros2/polar_scan_matcher' with type 'ros.catkin' and name 'polar_scan_matcher'
[0.116s] Level 1:colcon.colcon_core.package_identification:_identify(scan_tools-ros2/scan_to_cloud_converter) by extensions ['ignore', 'ignore_ament_install']
[0.116s] Level 1:colcon.colcon_core.package_identification:_identify(scan_tools-ros2/scan_to_cloud_converter) by extension 'ignore'
[0.116s] Level 1:colcon.colcon_core.package_identification:_identify(scan_tools-ros2/scan_to_cloud_converter) by extension 'ignore_ament_install'
[0.116s] Level 1:colcon.colcon_core.package_identification:_identify(scan_tools-ros2/scan_to_cloud_converter) by extensions ['colcon_pkg']
[0.116s] Level 1:colcon.colcon_core.package_identification:_identify(scan_tools-ros2/scan_to_cloud_converter) by extension 'colcon_pkg'
[0.116s] Level 1:colcon.colcon_core.package_identification:_identify(scan_tools-ros2/scan_to_cloud_converter) by extensions ['colcon_meta']
[0.116s] Level 1:colcon.colcon_core.package_identification:_identify(scan_tools-ros2/scan_to_cloud_converter) by extension 'colcon_meta'
[0.116s] Level 1:colcon.colcon_core.package_identification:_identify(scan_tools-ros2/scan_to_cloud_converter) by extensions ['ros']
[0.116s] Level 1:colcon.colcon_core.package_identification:_identify(scan_tools-ros2/scan_to_cloud_converter) by extension 'ros'
[0.116s] DEBUG:colcon.colcon_core.package_identification:Package 'scan_tools-ros2/scan_to_cloud_converter' with type 'ros.catkin' and name 'scan_to_cloud_converter'
[0.116s] Level 1:colcon.colcon_core.package_identification:_identify(scan_tools-ros2/scan_tools) by extensions ['ignore', 'ignore_ament_install']
[0.117s] Level 1:colcon.colcon_core.package_identification:_identify(scan_tools-ros2/scan_tools) by extension 'ignore'
[0.117s] Level 1:colcon.colcon_core.package_identification:_identify(scan_tools-ros2/scan_tools) by extension 'ignore_ament_install'
[0.117s] Level 1:colcon.colcon_core.package_identification:_identify(scan_tools-ros2/scan_tools) by extensions ['colcon_pkg']
[0.117s] Level 1:colcon.colcon_core.package_identification:_identify(scan_tools-ros2/scan_tools) by extension 'colcon_pkg'
[0.117s] Level 1:colcon.colcon_core.package_identification:_identify(scan_tools-ros2/scan_tools) by extensions ['colcon_meta']
[0.117s] Level 1:colcon.colcon_core.package_identification:_identify(scan_tools-ros2/scan_tools) by extension 'colcon_meta'
[0.117s] Level 1:colcon.colcon_core.package_identification:_identify(scan_tools-ros2/scan_tools) by extensions ['ros']
[0.117s] Level 1:colcon.colcon_core.package_identification:_identify(scan_tools-ros2/scan_tools) by extension 'ros'
[0.117s] DEBUG:colcon.colcon_core.package_identification:Package 'scan_tools-ros2/scan_tools' with type 'ros.catkin' and name 'scan_tools'
[0.117s] Level 1:colcon.colcon_core.package_identification:_identify(slam_toolbox-humble) by extensions ['ignore', 'ignore_ament_install']
[0.117s] Level 1:colcon.colcon_core.package_identification:_identify(slam_toolbox-humble) by extension 'ignore'
[0.117s] Level 1:colcon.colcon_core.package_identification:_identify(slam_toolbox-humble) by extension 'ignore_ament_install'
[0.117s] Level 1:colcon.colcon_core.package_identification:_identify(slam_toolbox-humble) by extensions ['colcon_pkg']
[0.117s] Level 1:colcon.colcon_core.package_identification:_identify(slam_toolbox-humble) by extension 'colcon_pkg'
[0.117s] Level 1:colcon.colcon_core.package_identification:_identify(slam_toolbox-humble) by extensions ['colcon_meta']
[0.117s] Level 1:colcon.colcon_core.package_identification:_identify(slam_toolbox-humble) by extension 'colcon_meta'
[0.117s] Level 1:colcon.colcon_core.package_identification:_identify(slam_toolbox-humble) by extensions ['ros']
[0.117s] Level 1:colcon.colcon_core.package_identification:_identify(slam_toolbox-humble) by extension 'ros'
[0.118s] DEBUG:colcon.colcon_core.package_identification:Package 'slam_toolbox-humble' with type 'ros.ament_cmake' and name 'slam_toolbox'
[0.118s] Level 1:colcon.colcon_core.package_identification:_identify(tflidar_ros-ros2) by extensions ['ignore', 'ignore_ament_install']
[0.118s] Level 1:colcon.colcon_core.package_identification:_identify(tflidar_ros-ros2) by extension 'ignore'
[0.118s] Level 1:colcon.colcon_core.package_identification:_identify(tflidar_ros-ros2) by extension 'ignore_ament_install'
[0.118s] Level 1:colcon.colcon_core.package_identification:_identify(tflidar_ros-ros2) by extensions ['colcon_pkg']
[0.118s] Level 1:colcon.colcon_core.package_identification:_identify(tflidar_ros-ros2) by extension 'colcon_pkg'
[0.118s] Level 1:colcon.colcon_core.package_identification:_identify(tflidar_ros-ros2) by extensions ['colcon_meta']
[0.118s] Level 1:colcon.colcon_core.package_identification:_identify(tflidar_ros-ros2) by extension 'colcon_meta'
[0.118s] Level 1:colcon.colcon_core.package_identification:_identify(tflidar_ros-ros2) by extensions ['ros']
[0.118s] Level 1:colcon.colcon_core.package_identification:_identify(tflidar_ros-ros2) by extension 'ros'
[0.119s] DEBUG:colcon.colcon_core.package_identification:Package 'tflidar_ros-ros2' with type 'ros.ament_cmake' and name 'tflidar_ros'
[0.119s] Level 1:colcon.colcon_core.package_identification:_identify(ydlidar_ros2_driver-humble) by extensions ['ignore', 'ignore_ament_install']
[0.119s] Level 1:colcon.colcon_core.package_identification:_identify(ydlidar_ros2_driver-humble) by extension 'ignore'
[0.119s] Level 1:colcon.colcon_core.package_identification:_identify(ydlidar_ros2_driver-humble) by extension 'ignore_ament_install'
[0.119s] Level 1:colcon.colcon_core.package_identification:_identify(ydlidar_ros2_driver-humble) by extensions ['colcon_pkg']
[0.119s] Level 1:colcon.colcon_core.package_identification:_identify(ydlidar_ros2_driver-humble) by extension 'colcon_pkg'
[0.119s] Level 1:colcon.colcon_core.package_identification:_identify(ydlidar_ros2_driver-humble) by extensions ['colcon_meta']
[0.119s] Level 1:colcon.colcon_core.package_identification:_identify(ydlidar_ros2_driver-humble) by extension 'colcon_meta'
[0.119s] Level 1:colcon.colcon_core.package_identification:_identify(ydlidar_ros2_driver-humble) by extensions ['ros']
[0.119s] Level 1:colcon.colcon_core.package_identification:_identify(ydlidar_ros2_driver-humble) by extension 'ros'
[0.119s] DEBUG:colcon.colcon_core.package_identification:Package 'ydlidar_ros2_driver-humble' with type 'ros.ament_cmake' and name 'ydlidar_ros2_driver'
[0.119s] Level 1:colcon.colcon_core.package_discovery:discover_packages(recursive) using defaults
[0.119s] Level 1:colcon.colcon_core.package_discovery:discover_packages(ignore) discover
[0.119s] Level 1:colcon.colcon_core.package_discovery:discover_packages(ignore) using defaults
[0.119s] Level 1:colcon.colcon_core.package_discovery:discover_packages(path) discover
[0.119s] Level 1:colcon.colcon_core.package_discovery:discover_packages(path) using defaults
[0.131s] INFO:colcon.colcon_core.package_selection:Skipping not selected package 'laser_ortho_projector' in 'scan_tools-ros2/laser_ortho_projector'
[0.131s] INFO:colcon.colcon_core.package_selection:Skipping not selected package 'laser_scan_matcher' in 'scan_tools-ros2/laser_scan_matcher'
[0.131s] INFO:colcon.colcon_core.package_selection:Skipping not selected package 'laser_scan_sparsifier' in 'scan_tools-ros2/laser_scan_sparsifier'
[0.131s] INFO:colcon.colcon_core.package_selection:Skipping not selected package 'laser_scan_splitter' in 'scan_tools-ros2/laser_scan_splitter'
[0.131s] INFO:colcon.colcon_core.package_selection:Skipping not selected package 'ncd_parser' in 'scan_tools-ros2/ncd_parser'
[0.131s] INFO:colcon.colcon_core.package_selection:Skipping not selected package 'polar_scan_matcher' in 'scan_tools-ros2/polar_scan_matcher'
[0.131s] INFO:colcon.colcon_core.package_selection:Skipping not selected package 'rf2o_laser_odometry' in 'rf2o_laser_odometry-ros2'
[0.131s] INFO:colcon.colcon_core.package_selection:Skipping not selected package 'scan_to_cloud_converter' in 'scan_tools-ros2/scan_to_cloud_converter'
[0.131s] INFO:colcon.colcon_core.package_selection:Skipping not selected package 'slam_toolbox' in 'slam_toolbox-humble'
[0.131s] INFO:colcon.colcon_core.package_selection:Skipping not selected package 'tflidar_ros' in 'tflidar_ros-ros2'
[0.131s] INFO:colcon.colcon_core.package_selection:Skipping not selected package 'ydlidar_ros2_driver' in 'ydlidar_ros2_driver-humble'
[0.131s] INFO:colcon.colcon_core.package_selection:Skipping not selected package 'ydlidar_sdk' in 'YDLidar-SDK-master'
[0.131s] INFO:colcon.colcon_core.package_selection:Skipping not selected package 'scan_tools' in 'scan_tools-ros2/scan_tools'
[0.131s] Level 1:colcon.colcon_core.package_discovery:discover_packages(prefix_path) check parameters
[0.131s] Level 1:colcon.colcon_core.package_discovery:discover_packages(prefix_path) discover
[0.132s] DEBUG:colcon.colcon_installed_package_information.package_discovery:Found 5 installed packages in /home/olee/olee_ros2_ws/install
[0.133s] DEBUG:colcon.colcon_installed_package_information.package_discovery:Found 9 installed packages in /home/olee/ros2_ws/install
[0.133s] DEBUG:colcon.colcon_installed_package_information.package_discovery:Found 274 installed packages in /opt/ros/humble
[0.134s] Level 1:colcon.colcon_core.package_discovery:discover_packages(prefix_path) using defaults
[0.152s] Level 5:colcon.colcon_core.verb:set package 'master_olee_controller' build argument 'cmake_args' from command line to 'None'
[0.152s] Level 5:colcon.colcon_core.verb:set package 'master_olee_controller' build argument 'cmake_target' from command line to 'None'
[0.152s] Level 5:colcon.colcon_core.verb:set package 'master_olee_controller' build argument 'cmake_target_skip_unavailable' from command line to 'False'
[0.152s] Level 5:colcon.colcon_core.verb:set package 'master_olee_controller' build argument 'cmake_clean_cache' from command line to 'False'
[0.152s] Level 5:colcon.colcon_core.verb:set package 'master_olee_controller' build argument 'cmake_clean_first' from command line to 'False'
[0.152s] Level 5:colcon.colcon_core.verb:set package 'master_olee_controller' build argument 'cmake_force_configure' from command line to 'False'
[0.152s] Level 5:colcon.colcon_core.verb:set package 'master_olee_controller' build argument 'ament_cmake_args' from command line to 'None'
[0.152s] Level 5:colcon.colcon_core.verb:set package 'master_olee_controller' build argument 'catkin_cmake_args' from command line to 'None'
[0.152s] Level 5:colcon.colcon_core.verb:set package 'master_olee_controller' build argument 'catkin_skip_building_tests' from command line to 'False'
[0.152s] DEBUG:colcon.colcon_core.verb:Building package 'master_olee_controller' with the following arguments: {'ament_cmake_args': None, 'build_base': '/home/olee/olee_ros2_ws/src/build/master_olee_controller', 'catkin_cmake_args': None, 'catkin_skip_building_tests': False, 'cmake_args': None, 'cmake_clean_cache': False, 'cmake_clean_first': False, 'cmake_force_configure': False, 'cmake_target': None, 'cmake_target_skip_unavailable': False, 'install_base': '/home/olee/olee_ros2_ws/src/install/master_olee_controller', 'merge_install': False, 'path': '/home/olee/olee_ros2_ws/src/master_olee_controller', 'symlink_install': False, 'test_result_base': None}
[0.152s] INFO:colcon.colcon_core.executor:Executing jobs using 'parallel' executor
[0.153s] DEBUG:colcon.colcon_parallel_executor.executor.parallel:run_until_complete
[0.153s] INFO:colcon.colcon_ros.task.ament_python.build:Building ROS package in '/home/olee/olee_ros2_ws/src/master_olee_controller' with build type 'ament_python'
[0.153s] Level 1:colcon.colcon_core.shell:create_environment_hook('master_olee_controller', 'ament_prefix_path')
[0.154s] INFO:colcon.colcon_core.plugin_system:Skipping extension 'colcon_core.shell.bat': Not used on non-Windows systems
[0.154s] INFO:colcon.colcon_core.shell:Creating environment hook '/home/olee/olee_ros2_ws/src/install/master_olee_controller/share/master_olee_controller/hook/ament_prefix_path.ps1'
[0.155s] INFO:colcon.colcon_core.shell:Creating environment descriptor '/home/olee/olee_ros2_ws/src/install/master_olee_controller/share/master_olee_controller/hook/ament_prefix_path.dsv'
[0.155s] INFO:colcon.colcon_core.shell:Creating environment hook '/home/olee/olee_ros2_ws/src/install/master_olee_controller/share/master_olee_controller/hook/ament_prefix_path.sh'
[0.155s] INFO:colcon.colcon_core.shell:Skip shell extension 'powershell' for command environment: Not usable outside of PowerShell
[0.155s] DEBUG:colcon.colcon_core.shell:Skip shell extension 'dsv' for command environment
[0.279s] INFO:colcon.colcon_core.task.python.build:Building Python package in '/home/olee/olee_ros2_ws/src/master_olee_controller'
[0.279s] INFO:colcon.colcon_core.shell:Skip shell extension 'powershell' for command environment: Not usable outside of PowerShell
[0.279s] DEBUG:colcon.colcon_core.shell:Skip shell extension 'dsv' for command environment
[0.576s] DEBUG:colcon.colcon_core.event_handler.log_command:Invoking command in '/home/olee/olee_ros2_ws/src/build/master_olee_controller': PYTHONPATH=/home/olee/olee_ros2_ws/src/build/master_olee_controller/prefix_override:/usr/lib/python3/dist-packages/colcon_core/task/python/colcon_distutils_commands:/home/olee/olee_ros2_ws/src/install/master_olee_controller/lib/python3.10/site-packages:${PYTHONPATH} /usr/bin/python3 -W ignore:setup.py install is deprecated -W ignore:easy_install command is deprecated setup.py develop --uninstall --editable --build-directory /home/olee/olee_ros2_ws/src/build/master_olee_controller/build
[0.899s] DEBUG:colcon.colcon_core.event_handler.log_command:Invoked command in '/home/olee/olee_ros2_ws/src/build/master_olee_controller' returned '0': PYTHONPATH=/home/olee/olee_ros2_ws/src/build/master_olee_controller/prefix_override:/usr/lib/python3/dist-packages/colcon_core/task/python/colcon_distutils_commands:/home/olee/olee_ros2_ws/src/install/master_olee_controller/lib/python3.10/site-packages:${PYTHONPATH} /usr/bin/python3 -W ignore:setup.py install is deprecated -W ignore:easy_install command is deprecated setup.py develop --uninstall --editable --build-directory /home/olee/olee_ros2_ws/src/build/master_olee_controller/build
[0.900s] DEBUG:colcon.colcon_core.event_handler.log_command:Invoking command in '/home/olee/olee_ros2_ws/src/master_olee_controller': PYTHONPATH=/home/olee/olee_ros2_ws/src/build/master_olee_controller/prefix_override:/usr/lib/python3/dist-packages/colcon_core/task/python/colcon_distutils_commands:/home/olee/olee_ros2_ws/src/install/master_olee_controller/lib/python3.10/site-packages:${PYTHONPATH} /usr/bin/python3 -W ignore:setup.py install is deprecated -W ignore:easy_install command is deprecated setup.py egg_info --egg-base ../build/master_olee_controller build --build-base /home/olee/olee_ros2_ws/src/build/master_olee_controller/build install --record /home/olee/olee_ros2_ws/src/build/master_olee_controller/install.log --single-version-externally-managed install_data --force
[1.155s] DEBUG:colcon.colcon_core.event_handler.log_command:Invoked command in '/home/olee/olee_ros2_ws/src/master_olee_controller' returned '0': PYTHONPATH=/home/olee/olee_ros2_ws/src/build/master_olee_controller/prefix_override:/usr/lib/python3/dist-packages/colcon_core/task/python/colcon_distutils_commands:/home/olee/olee_ros2_ws/src/install/master_olee_controller/lib/python3.10/site-packages:${PYTHONPATH} /usr/bin/python3 -W ignore:setup.py install is deprecated -W ignore:easy_install command is deprecated setup.py egg_info --egg-base ../build/master_olee_controller build --build-base /home/olee/olee_ros2_ws/src/build/master_olee_controller/build install --record /home/olee/olee_ros2_ws/src/build/master_olee_controller/install.log --single-version-externally-managed install_data --force
[1.157s] Level 1:colcon.colcon_core.environment:checking '/home/olee/olee_ros2_ws/src/install/master_olee_controller' for CMake module files
[1.157s] Level 1:colcon.colcon_core.environment:checking '/home/olee/olee_ros2_ws/src/install/master_olee_controller' for CMake config files
[1.159s] Level 1:colcon.colcon_core.environment:checking '/home/olee/olee_ros2_ws/src/install/master_olee_controller/lib'
[1.159s] Level 1:colcon.colcon_core.environment:checking '/home/olee/olee_ros2_ws/src/install/master_olee_controller/bin'
[1.160s] Level 1:colcon.colcon_core.environment:checking '/home/olee/olee_ros2_ws/src/install/master_olee_controller/lib/pkgconfig/master_olee_controller.pc'
[1.160s] Level 1:colcon.colcon_core.environment:checking '/home/olee/olee_ros2_ws/src/install/master_olee_controller/lib/python3.10/site-packages'
[1.160s] Level 1:colcon.colcon_core.shell:create_environment_hook('master_olee_controller', 'pythonpath')
[1.160s] INFO:colcon.colcon_core.shell:Creating environment hook '/home/olee/olee_ros2_ws/src/install/master_olee_controller/share/master_olee_controller/hook/pythonpath.ps1'
[1.161s] INFO:colcon.colcon_core.shell:Creating environment descriptor '/home/olee/olee_ros2_ws/src/install/master_olee_controller/share/master_olee_controller/hook/pythonpath.dsv'
[1.161s] INFO:colcon.colcon_core.shell:Creating environment hook '/home/olee/olee_ros2_ws/src/install/master_olee_controller/share/master_olee_controller/hook/pythonpath.sh'
[1.162s] Level 1:colcon.colcon_core.environment:checking '/home/olee/olee_ros2_ws/src/install/master_olee_controller/bin'
[1.162s] Level 1:colcon.colcon_core.environment:create_environment_scripts_only(master_olee_controller)
[1.162s] INFO:colcon.colcon_core.shell:Creating package script '/home/olee/olee_ros2_ws/src/install/master_olee_controller/share/master_olee_controller/package.ps1'
[1.163s] INFO:colcon.colcon_core.shell:Creating package descriptor '/home/olee/olee_ros2_ws/src/install/master_olee_controller/share/master_olee_controller/package.dsv'
[1.163s] INFO:colcon.colcon_core.shell:Creating package script '/home/olee/olee_ros2_ws/src/install/master_olee_controller/share/master_olee_controller/package.sh'
[1.164s] INFO:colcon.colcon_core.shell:Creating package script '/home/olee/olee_ros2_ws/src/install/master_olee_controller/share/master_olee_controller/package.bash'
[1.165s] INFO:colcon.colcon_core.shell:Creating package script '/home/olee/olee_ros2_ws/src/install/master_olee_controller/share/master_olee_controller/package.zsh'
[1.165s] Level 1:colcon.colcon_core.environment:create_file_with_runtime_dependencies(/home/olee/olee_ros2_ws/src/install/master_olee_controller/share/colcon-core/packages/master_olee_controller)
[1.166s] DEBUG:colcon.colcon_parallel_executor.executor.parallel:closing loop
[1.166s] DEBUG:colcon.colcon_parallel_executor.executor.parallel:loop closed
[1.166s] DEBUG:colcon.colcon_parallel_executor.executor.parallel:run_until_complete finished with '0'
[1.166s] DEBUG:colcon.colcon_core.event_reactor:joining thread
[1.169s] INFO:colcon.colcon_core.plugin_system:Skipping extension 'colcon_notification.desktop_notification.terminal_notifier': Not used on non-Darwin systems
[1.169s] INFO:colcon.colcon_core.plugin_system:Skipping extension 'colcon_notification.desktop_notification.win32': Not used on non-Windows systems
[1.169s] INFO:colcon.colcon_notification.desktop_notification:Sending desktop notification using 'notify2'
[1.185s] DEBUG:colcon.colcon_core.event_reactor:joined thread
[1.185s] INFO:colcon.colcon_core.shell:Creating prefix script '/home/olee/olee_ros2_ws/src/install/local_setup.ps1'
[1.187s] INFO:colcon.colcon_core.shell:Creating prefix util module '/home/olee/olee_ros2_ws/src/install/_local_setup_util_ps1.py'
[1.189s] INFO:colcon.colcon_core.shell:Creating prefix chain script '/home/olee/olee_ros2_ws/src/install/setup.ps1'
[1.191s] INFO:colcon.colcon_core.shell:Creating prefix script '/home/olee/olee_ros2_ws/src/install/local_setup.sh'
[1.191s] INFO:colcon.colcon_core.shell:Creating prefix util module '/home/olee/olee_ros2_ws/src/install/_local_setup_util_sh.py'
[1.192s] INFO:colcon.colcon_core.shell:Creating prefix chain script '/home/olee/olee_ros2_ws/src/install/setup.sh'
[1.193s] INFO:colcon.colcon_core.shell:Creating prefix script '/home/olee/olee_ros2_ws/src/install/local_setup.bash'
[1.193s] INFO:colcon.colcon_core.shell:Creating prefix chain script '/home/olee/olee_ros2_ws/src/install/setup.bash'
[1.194s] INFO:colcon.colcon_core.shell:Creating prefix script '/home/olee/olee_ros2_ws/src/install/local_setup.zsh'
[1.194s] INFO:colcon.colcon_core.shell:Creating prefix chain script '/home/olee/olee_ros2_ws/src/install/setup.zsh'
