[0.033s] Invoking command in '/home/olee/olee_ros2_ws/src/build/ncd_parser': /usr/bin/cmake /home/olee/olee_ros2_ws/src/scan_tools-ros2/ncd_parser -DCATKIN_INSTALL_INTO_PREFIX_ROOT=0 -DCATKIN_SYMLINK_INSTALL=ON -DCMAKE_INSTALL_PREFIX=/home/olee/olee_ros2_ws/src/install/ncd_parser
[0.241s] -- The C compiler identification is GNU 11.4.0
[0.241s] [0mCMake Deprecation Warning at CMakeLists.txt:1 (cmake_minimum_required):
[0.241s]   Compatibility with CMake < 2.8.12 will be removed from a future version of
[0.241s]   CMake.
[0.242s] 
[0.242s]   Update the VERSION argument <min> value or use a ...<max> suffix to tell
[0.242s]   CMake that the project does not need compatibility with older versions.
[0.242s] 
[0.242s] [0m
[0.246s] -- The CXX compiler identification is GNU 11.4.0
[0.253s] -- Detecting C compiler ABI info
[0.326s] -- Detecting C compiler ABI info - done
[0.347s] -- Check for working C compiler: /usr/bin/cc - skipped
[0.354s] -- Detecting C compile features
[0.354s] -- Detecting C compile features - done
[0.355s] -- Detecting CXX compiler ABI info
[0.438s] -- Detecting CXX compiler ABI info - done
[0.454s] -- Check for working CXX compiler: /usr/bin/c++ - skipped
[0.454s] -- Detecting CXX compile features
[0.454s] -- Detecting CXX compile features - done
[0.461s] [31mCMake Error at CMakeLists.txt:11 (find_package):
[0.461s]   By not providing "Findcatkin.cmake" in CMAKE_MODULE_PATH this project has
[0.461s]   asked CMake to find a package configuration file provided by "catkin", but
[0.461s]   CMake did not find one.
[0.461s] 
[0.461s]   Could not find a package configuration file provided by "catkin" with any
[0.461s]   of the following names:
[0.461s] 
[0.461s]     catkinConfig.cmake
[0.462s]     catkin-config.cmake
[0.462s] 
[0.462s]   Add the installation prefix of "catkin" to CMAKE_PREFIX_PATH or set
[0.462s]   "catkin_DIR" to a directory containing one of the above files.  If "catkin"
[0.462s]   provides a separate development package or SDK, be sure it has been
[0.462s]   installed.
[0.462s] 
[0.462s] [0m
[0.462s] -- Configuring incomplete, errors occurred!
[0.462s] See also "/home/olee/olee_ros2_ws/src/build/ncd_parser/CMakeFiles/CMakeOutput.log".
[0.536s] Invoked command in '/home/olee/olee_ros2_ws/src/build/ncd_parser' returned '1': /usr/bin/cmake /home/olee/olee_ros2_ws/src/scan_tools-ros2/ncd_parser -DCATKIN_INSTALL_INTO_PREFIX_ROOT=0 -DCATKIN_SYMLINK_INSTALL=ON -DCMAKE_INSTALL_PREFIX=/home/olee/olee_ros2_ws/src/install/ncd_parser
