[0.213s] Invoking command in '/home/olee/olee_ros2_ws/src/build/rf2o_laser_odometry': CMAKE_PREFIX_PATH=${CMAKE_PREFIX_PATH}:/home/olee/olee_ros2_ws/install/master_olee_controller:/opt/ros/humble /usr/bin/cmake --build /home/olee/olee_ros2_ws/src/build/rf2o_laser_odometry -- -j12 -l12
[0.270s] [35m[1mConsolidate compiler generated dependencies of target rf2o_laser_odometry_node[0m
[0.271s] [35m[1mConsolidate compiler generated dependencies of target rf2o_laser_odometry[0m
[0.335s] [ 40%] Built target rf2o_laser_odometry
[0.346s] [100%] Built target rf2o_laser_odometry_node
[0.367s] Invoked command in '/home/olee/olee_ros2_ws/src/build/rf2o_laser_odometry' returned '0': CMAKE_PREFIX_PATH=${CMAKE_PREFIX_PATH}:/home/olee/olee_ros2_ws/install/master_olee_controller:/opt/ros/humble /usr/bin/cmake --build /home/olee/olee_ros2_ws/src/build/rf2o_laser_odometry -- -j12 -l12
[0.374s] Invoking command in '/home/olee/olee_ros2_ws/src/build/rf2o_laser_odometry': CMAKE_PREFIX_PATH=${CMAKE_PREFIX_PATH}:/home/olee/olee_ros2_ws/install/master_olee_controller:/opt/ros/humble /usr/bin/cmake --install /home/olee/olee_ros2_ws/src/build/rf2o_laser_odometry
[0.445s] -- Install configuration: ""
[0.445s] -- Execute custom install script
[0.446s] -- Up-to-date symlink: /home/olee/olee_ros2_ws/src/install/rf2o_laser_odometry/lib/rf2o_laser_odometry/rf2o_laser_odometry_node
[0.446s] -- Up-to-date symlink: /home/olee/olee_ros2_ws/src/install/rf2o_laser_odometry/share/rf2o_laser_odometry/launch/rf2o_laser_odometry.launch.py
[0.446s] -- Up-to-date symlink: /home/olee/olee_ros2_ws/src/install/rf2o_laser_odometry/share/ament_index/resource_index/package_run_dependencies/rf2o_laser_odometry
[0.446s] -- Up-to-date symlink: /home/olee/olee_ros2_ws/src/install/rf2o_laser_odometry/share/ament_index/resource_index/parent_prefix_path/rf2o_laser_odometry
[0.446s] -- Up-to-date symlink: /home/olee/olee_ros2_ws/src/install/rf2o_laser_odometry/share/rf2o_laser_odometry/environment/ament_prefix_path.sh
[0.446s] -- Up-to-date symlink: /home/olee/olee_ros2_ws/src/install/rf2o_laser_odometry/share/rf2o_laser_odometry/environment/ament_prefix_path.dsv
[0.446s] -- Up-to-date symlink: /home/olee/olee_ros2_ws/src/install/rf2o_laser_odometry/share/rf2o_laser_odometry/environment/path.sh
[0.446s] -- Up-to-date symlink: /home/olee/olee_ros2_ws/src/install/rf2o_laser_odometry/share/rf2o_laser_odometry/environment/path.dsv
[0.446s] -- Up-to-date symlink: /home/olee/olee_ros2_ws/src/install/rf2o_laser_odometry/share/rf2o_laser_odometry/local_setup.bash
[0.446s] -- Up-to-date symlink: /home/olee/olee_ros2_ws/src/install/rf2o_laser_odometry/share/rf2o_laser_odometry/local_setup.sh
[0.446s] -- Up-to-date symlink: /home/olee/olee_ros2_ws/src/install/rf2o_laser_odometry/share/rf2o_laser_odometry/local_setup.zsh
[0.446s] -- Up-to-date symlink: /home/olee/olee_ros2_ws/src/install/rf2o_laser_odometry/share/rf2o_laser_odometry/local_setup.dsv
[0.446s] -- Symlinking: /home/olee/olee_ros2_ws/src/install/rf2o_laser_odometry/share/rf2o_laser_odometry/package.dsv
[0.446s] -- Up-to-date symlink: /home/olee/olee_ros2_ws/src/install/rf2o_laser_odometry/share/ament_index/resource_index/packages/rf2o_laser_odometry
[0.446s] -- Up-to-date symlink: /home/olee/olee_ros2_ws/src/install/rf2o_laser_odometry/share/rf2o_laser_odometry/cmake/rf2o_laser_odometryConfig.cmake
[0.446s] -- Up-to-date symlink: /home/olee/olee_ros2_ws/src/install/rf2o_laser_odometry/share/rf2o_laser_odometry/cmake/rf2o_laser_odometryConfig-version.cmake
[0.446s] -- Up-to-date symlink: /home/olee/olee_ros2_ws/src/install/rf2o_laser_odometry/share/rf2o_laser_odometry/package.xml
[0.459s] Invoked command in '/home/olee/olee_ros2_ws/src/build/rf2o_laser_odometry' returned '0': CMAKE_PREFIX_PATH=${CMAKE_PREFIX_PATH}:/home/olee/olee_ros2_ws/install/master_olee_controller:/opt/ros/humble /usr/bin/cmake --install /home/olee/olee_ros2_ws/src/build/rf2o_laser_odometry
