[0.796s] Invoking command in '/home/olee/olee_ros2_ws/src/build/master_olee_controller': PYTHONPATH=/home/olee/olee_ros2_ws/src/build/master_olee_controller/prefix_override:/usr/lib/python3/dist-packages/colcon_core/task/python/colcon_distutils_commands:/home/olee/olee_ros2_ws/src/install/master_olee_controller/lib/python3.10/site-packages:${PYTHONPATH} /usr/bin/python3 -W ignore:setup.py install is deprecated -W ignore:easy_install command is deprecated setup.py develop --uninstall --editable --build-directory /home/olee/olee_ros2_ws/src/build/master_olee_controller/build
[1.068s] running develop
[1.186s] Removing /home/olee/olee_ros2_ws/src/install/master_olee_controller/lib/python3.10/site-packages/master-olee-controller.egg-link (link to .)
[1.205s] Invoked command in '/home/olee/olee_ros2_ws/src/build/master_olee_controller' returned '0': PYTHONPATH=/home/olee/olee_ros2_ws/src/build/master_olee_controller/prefix_override:/usr/lib/python3/dist-packages/colcon_core/task/python/colcon_distutils_commands:/home/olee/olee_ros2_ws/src/install/master_olee_controller/lib/python3.10/site-packages:${PYTHONPATH} /usr/bin/python3 -W ignore:setup.py install is deprecated -W ignore:easy_install command is deprecated setup.py develop --uninstall --editable --build-directory /home/olee/olee_ros2_ws/src/build/master_olee_controller/build
[1.207s] Invoking command in '/home/olee/olee_ros2_ws/src/master_olee_controller': PYTHONPATH=/home/olee/olee_ros2_ws/src/build/master_olee_controller/prefix_override:/usr/lib/python3/dist-packages/colcon_core/task/python/colcon_distutils_commands:/home/olee/olee_ros2_ws/src/install/master_olee_controller/lib/python3.10/site-packages:${PYTHONPATH} /usr/bin/python3 -W ignore:setup.py install is deprecated -W ignore:easy_install command is deprecated setup.py egg_info --egg-base ../build/master_olee_controller build --build-base /home/olee/olee_ros2_ws/src/build/master_olee_controller/build install --record /home/olee/olee_ros2_ws/src/build/master_olee_controller/install.log --single-version-externally-managed install_data --force
[1.354s] running egg_info
[1.362s] writing ../build/master_olee_controller/master_olee_controller.egg-info/PKG-INFO
[1.363s] writing dependency_links to ../build/master_olee_controller/master_olee_controller.egg-info/dependency_links.txt
[1.363s] writing requirements to ../build/master_olee_controller/master_olee_controller.egg-info/requires.txt
[1.363s] writing top-level names to ../build/master_olee_controller/master_olee_controller.egg-info/top_level.txt
[1.380s] reading manifest file '../build/master_olee_controller/master_olee_controller.egg-info/SOURCES.txt'
[1.380s] writing manifest file '../build/master_olee_controller/master_olee_controller.egg-info/SOURCES.txt'
[1.381s] running build
[1.381s] running build_py
[1.381s] copying master_olee_controller/slam_launch.launch.py -> /home/olee/olee_ros2_ws/src/build/master_olee_controller/build/lib/master_olee_controller
[1.381s] copying master_olee_controller/__init__.py -> /home/olee/olee_ros2_ws/src/build/master_olee_controller/build/lib/master_olee_controller
[1.381s] running install
[1.384s] running install_lib
[1.393s] creating /home/olee/olee_ros2_ws/src/install/master_olee_controller/lib/python3.10/site-packages/master_olee_controller
[1.393s] copying /home/olee/olee_ros2_ws/src/build/master_olee_controller/build/lib/master_olee_controller/slam_launch.launch.py -> /home/olee/olee_ros2_ws/src/install/master_olee_controller/lib/python3.10/site-packages/master_olee_controller
[1.393s] copying /home/olee/olee_ros2_ws/src/build/master_olee_controller/build/lib/master_olee_controller/__init__.py -> /home/olee/olee_ros2_ws/src/install/master_olee_controller/lib/python3.10/site-packages/master_olee_controller
[1.393s] byte-compiling /home/olee/olee_ros2_ws/src/install/master_olee_controller/lib/python3.10/site-packages/master_olee_controller/slam_launch.launch.py to slam_launch.launch.cpython-310.pyc
[1.393s] byte-compiling /home/olee/olee_ros2_ws/src/install/master_olee_controller/lib/python3.10/site-packages/master_olee_controller/__init__.py to __init__.cpython-310.pyc
[1.394s] running install_data
[1.394s] copying resource/master_olee_controller -> /home/olee/olee_ros2_ws/src/install/master_olee_controller/share/ament_index/resource_index/packages
[1.394s] copying package.xml -> /home/olee/olee_ros2_ws/src/install/master_olee_controller/share/master_olee_controller
[1.394s] running install_egg_info
[1.404s] Copying ../build/master_olee_controller/master_olee_controller.egg-info to /home/olee/olee_ros2_ws/src/install/master_olee_controller/lib/python3.10/site-packages/master_olee_controller-0.0.0-py3.10.egg-info
[1.404s] running install_scripts
[1.482s] writing list of installed files to '/home/olee/olee_ros2_ws/src/build/master_olee_controller/install.log'
[1.504s] Invoked command in '/home/olee/olee_ros2_ws/src/master_olee_controller' returned '0': PYTHONPATH=/home/olee/olee_ros2_ws/src/build/master_olee_controller/prefix_override:/usr/lib/python3/dist-packages/colcon_core/task/python/colcon_distutils_commands:/home/olee/olee_ros2_ws/src/install/master_olee_controller/lib/python3.10/site-packages:${PYTHONPATH} /usr/bin/python3 -W ignore:setup.py install is deprecated -W ignore:easy_install command is deprecated setup.py egg_info --egg-base ../build/master_olee_controller build --build-base /home/olee/olee_ros2_ws/src/build/master_olee_controller/build install --record /home/olee/olee_ros2_ws/src/build/master_olee_controller/install.log --single-version-externally-managed install_data --force
