[0.020s] Invoking command in '/home/olee/olee_ros2_ws/src/build/csm': CMAKE_PREFIX_PATH=${CMAKE_PREFIX_PATH}:/home/olee/olee_ros2_ws/install/master_olee_controller:/opt/ros/humble /usr/bin/cmake /home/olee/olee_ros2_ws/src/csm-ros2_csm_eigen -DAMENT_CMAKE_SYMLINK_INSTALL=1 -DCMAKE_INSTALL_PREFIX=/home/olee/olee_ros2_ws/src/install/csm
[0.160s] -- The C compiler identification is GNU 11.4.0
[0.161s] -- The CXX compiler identification is GNU 11.4.0
[0.161s] -- Detecting C compiler ABI info
[0.171s] -- Detecting C compiler ABI info - done
[0.178s] -- Check for working C compiler: /usr/bin/cc - skipped
[0.179s] -- Detecting C compile features
[0.179s] -- Detecting C compile features - done
[0.182s] -- Detecting CXX compiler ABI info
[0.279s] -- Detecting CXX compiler ABI info - done
[0.287s] -- Check for working CXX compiler: /usr/bin/c++ - skipped
[0.287s] -- Detecting CXX compile features
[0.288s] -- Detecting CXX compile features - done
[0.291s] -- Found ament_cmake: 1.3.12 (/opt/ros/humble/share/ament_cmake/cmake)
[0.575s] -- Found Python3: /usr/bin/python3 (found version "3.10.12") found components: Interpreter 
[0.613s] -- Override CMake install command with custom implementation using symlinks instead of copying resources
[0.629s] -- Found rclcpp: 16.0.15 (/opt/ros/humble/share/rclcpp/cmake)
[0.654s] -- Found rosidl_generator_c: 3.1.7 (/opt/ros/humble/share/rosidl_generator_c/cmake)
[0.656s] -- Found rosidl_adapter: 3.1.7 (/opt/ros/humble/share/rosidl_adapter/cmake)
[0.661s] -- Found rosidl_generator_cpp: 3.1.7 (/opt/ros/humble/share/rosidl_generator_cpp/cmake)
[0.668s] -- Using all available rosidl_typesupport_c: rosidl_typesupport_fastrtps_c;rosidl_typesupport_introspection_c
[0.678s] -- Using all available rosidl_typesupport_cpp: rosidl_typesupport_fastrtps_cpp;rosidl_typesupport_introspection_cpp
[0.704s] -- Found rmw_implementation_cmake: 6.1.2 (/opt/ros/humble/share/rmw_implementation_cmake/cmake)
[0.706s] -- Found rmw_fastrtps_cpp: 6.2.9 (/opt/ros/humble/share/rmw_fastrtps_cpp/cmake)
[0.768s] -- Found OpenSSL: /usr/lib/x86_64-linux-gnu/libcrypto.so (found version "3.0.2")  
[0.791s] -- Found FastRTPS: /opt/ros/humble/include  
[0.823s] -- Using RMW implementation 'rmw_fastrtps_cpp' as default
[0.828s] -- Looking for pthread.h
[0.882s] -- Looking for pthread.h - found
[0.882s] -- Performing Test CMAKE_HAVE_LIBC_PTHREAD
[0.939s] -- Performing Test CMAKE_HAVE_LIBC_PTHREAD - Success
[0.940s] -- Found Threads: TRUE  
[1.026s] -- Configuring done
[1.030s] -- Generating done
[1.031s] -- Build files have been written to: /home/olee/olee_ros2_ws/src/build/csm
[1.046s] Invoked command in '/home/olee/olee_ros2_ws/src/build/csm' returned '0': CMAKE_PREFIX_PATH=${CMAKE_PREFIX_PATH}:/home/olee/olee_ros2_ws/install/master_olee_controller:/opt/ros/humble /usr/bin/cmake /home/olee/olee_ros2_ws/src/csm-ros2_csm_eigen -DAMENT_CMAKE_SYMLINK_INSTALL=1 -DCMAKE_INSTALL_PREFIX=/home/olee/olee_ros2_ws/src/install/csm
[1.047s] Invoking command in '/home/olee/olee_ros2_ws/src/build/csm': CMAKE_PREFIX_PATH=${CMAKE_PREFIX_PATH}:/home/olee/olee_ros2_ws/install/master_olee_controller:/opt/ros/humble /usr/bin/cmake --build /home/olee/olee_ros2_ws/src/build/csm -- -j12 -l12
[1.102s] [  8%] [32mBuilding CXX object CMakeFiles/csm.dir/src/csm/math_utils.cpp.o[0m
[1.102s] [  8%] [32mBuilding CXX object CMakeFiles/csm.dir/src/csm/laser_data.cpp.o[0m
[1.102s] [ 12%] [32mBuilding CXX object CMakeFiles/csm.dir/src/csm/math_utils_gsl.cpp.o[0m
[1.102s] [ 16%] [32mBuilding CXX object CMakeFiles/csm.dir/src/csm/utils.cpp.o[0m
[1.103s] [ 20%] [32mBuilding CXX object CMakeFiles/csm.dir/src/csm/logging.cpp.o[0m
[1.103s] [ 25%] [32mBuilding CXX object CMakeFiles/csm.dir/src/egsl/egsl_conversions.cpp.o[0m
[1.103s] [ 29%] [32mBuilding CXX object CMakeFiles/csm.dir/src/egsl/egsl.cpp.o[0m
[1.103s] [ 37%] [32mBuilding CXX object CMakeFiles/csm.dir/src/csm/orientation.cpp.o[0m
[1.103s] [ 37%] [32mBuilding CXX object CMakeFiles/csm.dir/src/csm/sm_options.cpp.o[0m
[1.103s] [ 41%] [32mBuilding CXX object CMakeFiles/csm.dir/src/csm/clustering.cpp.o[0m
[1.104s] [ 45%] [32mBuilding CXX object CMakeFiles/csm.dir/src/egsl/egsl_misc.cpp.o[0m
[1.108s] [ 50%] [32mBuilding CXX object CMakeFiles/csm.dir/src/egsl/egsl_ops.cpp.o[0m
[2.175s] [ 54%] [32mBuilding CXX object CMakeFiles/csm.dir/src/gpc/gpc.cpp.o[0m
[2.196s] [ 58%] [32mBuilding CXX object CMakeFiles/csm.dir/src/gpc/gpc_utils.cpp.o[0m
[2.211s] [ 62%] [32mBuilding CXX object CMakeFiles/csm.dir/src/icp/icp.cpp.o[0m
[2.234s] [ 66%] [32mBuilding CXX object CMakeFiles/csm.dir/src/icp/icp_corr_dumb.cpp.o[0m
[2.307s] [ 70%] [32mBuilding CXX object CMakeFiles/csm.dir/src/icp/icp_corr_tricks.cpp.o[0m
[2.327s] [ 75%] [32mBuilding CXX object CMakeFiles/csm.dir/src/icp/icp_covariance.cpp.o[0m
[2.330s] [ 79%] [32mBuilding CXX object CMakeFiles/csm.dir/src/icp/icp_debug.cpp.o[0m
[2.336s] [ 83%] [32mBuilding CXX object CMakeFiles/csm.dir/src/icp/icp_loop.cpp.o[0m
[2.343s] [ 87%] [32mBuilding CXX object CMakeFiles/csm.dir/src/options/options.cpp.o[0m
[2.343s] [ 91%] [32mBuilding CXX object CMakeFiles/csm.dir/src/icp/icp_outliers.cpp.o[0m
[2.373s] [ 95%] [32mBuilding CXX object CMakeFiles/csm.dir/src/options/options_interface.cpp.o[0m
[9.889s] [100%] [32m[1mLinking CXX shared library libcsm.so[0m
[10.157s] [100%] Built target csm
[10.174s] Invoked command in '/home/olee/olee_ros2_ws/src/build/csm' returned '0': CMAKE_PREFIX_PATH=${CMAKE_PREFIX_PATH}:/home/olee/olee_ros2_ws/install/master_olee_controller:/opt/ros/humble /usr/bin/cmake --build /home/olee/olee_ros2_ws/src/build/csm -- -j12 -l12
[10.177s] Invoking command in '/home/olee/olee_ros2_ws/src/build/csm': CMAKE_PREFIX_PATH=${CMAKE_PREFIX_PATH}:/home/olee/olee_ros2_ws/install/master_olee_controller:/opt/ros/humble /usr/bin/cmake --install /home/olee/olee_ros2_ws/src/build/csm
[10.186s] -- Install configuration: ""
[10.187s] -- Execute custom install script
[10.187s] -- Symlinking: /home/olee/olee_ros2_ws/src/install/csm/lib/libcsm.so
[10.199s] -- Symlinking: /home/olee/olee_ros2_ws/src/install/csm/include/..//include/csm/algos.h
[10.209s] -- Symlinking: /home/olee/olee_ros2_ws/src/install/csm/include/..//include/csm/csm.h
[10.220s] -- Symlinking: /home/olee/olee_ros2_ws/src/install/csm/include/..//include/csm/laser_data.h
[10.229s] -- Symlinking: /home/olee/olee_ros2_ws/src/install/csm/include/..//include/csm/laser_data_inline.h
[10.239s] -- Symlinking: /home/olee/olee_ros2_ws/src/install/csm/include/..//include/csm/restrict.h
[10.247s] -- Symlinking: /home/olee/olee_ros2_ws/src/install/csm/include/..//include/gsl_eigen/gsl_eigen.h
[10.257s] -- Symlinking: /home/olee/olee_ros2_ws/src/install/csm/share/csm/resource/csm
[10.267s] -- Symlinking: /home/olee/olee_ros2_ws/src/install/csm/include/../gsl_eigen/gsl_eigen.h
[10.277s] -- Symlinking: /home/olee/olee_ros2_ws/src/install/csm/share/csm/environment/library_path.sh
[10.287s] -- Symlinking: /home/olee/olee_ros2_ws/src/install/csm/share/csm/environment/library_path.dsv
[10.292s] -- Symlinking: /home/olee/olee_ros2_ws/src/install/csm/share/ament_index/resource_index/package_run_dependencies/csm
[10.300s] -- Symlinking: /home/olee/olee_ros2_ws/src/install/csm/share/ament_index/resource_index/parent_prefix_path/csm
[10.309s] -- Symlinking: /home/olee/olee_ros2_ws/src/install/csm/share/csm/environment/ament_prefix_path.sh
[10.319s] -- Symlinking: /home/olee/olee_ros2_ws/src/install/csm/share/csm/environment/ament_prefix_path.dsv
[10.328s] -- Symlinking: /home/olee/olee_ros2_ws/src/install/csm/share/csm/environment/path.sh
[10.338s] -- Symlinking: /home/olee/olee_ros2_ws/src/install/csm/share/csm/environment/path.dsv
[10.346s] -- Symlinking: /home/olee/olee_ros2_ws/src/install/csm/share/csm/local_setup.bash
[10.356s] -- Symlinking: /home/olee/olee_ros2_ws/src/install/csm/share/csm/local_setup.sh
[10.365s] -- Symlinking: /home/olee/olee_ros2_ws/src/install/csm/share/csm/local_setup.zsh
[10.376s] -- Symlinking: /home/olee/olee_ros2_ws/src/install/csm/share/csm/local_setup.dsv
[10.385s] -- Symlinking: /home/olee/olee_ros2_ws/src/install/csm/share/csm/package.dsv
[10.395s] -- Symlinking: /home/olee/olee_ros2_ws/src/install/csm/share/ament_index/resource_index/packages/csm
[10.404s] -- Symlinking: /home/olee/olee_ros2_ws/src/install/csm/share/csm/cmake/ament_cmake_export_dependencies-extras.cmake
[10.414s] -- Symlinking: /home/olee/olee_ros2_ws/src/install/csm/share/csm/cmake/ament_cmake_export_include_directories-extras.cmake
[10.421s] -- Symlinking: /home/olee/olee_ros2_ws/src/install/csm/share/csm/cmake/ament_cmake_export_libraries-extras.cmake
[10.430s] -- Symlinking: /home/olee/olee_ros2_ws/src/install/csm/share/csm/cmake/csmConfig.cmake
[10.440s] -- Symlinking: /home/olee/olee_ros2_ws/src/install/csm/share/csm/cmake/csmConfig-version.cmake
[10.449s] -- Symlinking: /home/olee/olee_ros2_ws/src/install/csm/share/csm/package.xml
[10.460s] Invoked command in '/home/olee/olee_ros2_ws/src/build/csm' returned '0': CMAKE_PREFIX_PATH=${CMAKE_PREFIX_PATH}:/home/olee/olee_ros2_ws/install/master_olee_controller:/opt/ros/humble /usr/bin/cmake --install /home/olee/olee_ros2_ws/src/build/csm
