[35m[1mScanning dependencies of target ydlidar_swig_compilation[0m
[  1%] [32mBuilding C object CMakeFiles/ydlidar_sdk.dir/core/json/cJSON.c.o[0m
[  3%] [32mBuilding CXX object CMakeFiles/ydlidar_sdk.dir/core/base/timer.cpp.o[0m
[  5%] [32mBuilding CXX object CMakeFiles/ydlidar_sdk.dir/core/common/ydlidar_def.cpp.o[0m
[  6%] [32mBuilding CXX object CMakeFiles/ydlidar_sdk.dir/core/serial/serial.cpp.o[0m
[  8%] [32mBuilding C object CMakeFiles/ydlidar_sdk.dir/core/serial/impl/unix/lock.c.o[0m
[ 10%] [32mBuilding CXX object CMakeFiles/ydlidar_sdk.dir/core/network/SimpleSocket.cpp.o[0m
[ 12%] [34m[1mSwig compile ydlidar_sdk.i for python[0m
[ 13%] [32mBuilding CXX object CMakeFiles/ydlidar_sdk.dir/core/network/ActiveSocket.cpp.o[0m
[ 15%] [32mBuilding CXX object CMakeFiles/ydlidar_sdk.dir/core/network/PassiveSocket.cpp.o[0m
[ 18%] [32mBuilding CXX object CMakeFiles/ydlidar_sdk.dir/core/serial/impl/unix/unix_serial.cpp.o[0m
[ 18%] [32mBuilding CXX object CMakeFiles/ydlidar_sdk.dir/core/serial/impl/unix/list_ports_linux.cpp.o[0m
[ 20%] [32mBuilding CXX object CMakeFiles/ydlidar_sdk.dir/src/CYdLidar.cpp.o[0m
[ 22%] [32mBuilding CXX object CMakeFiles/ydlidar_sdk.dir/src/DTSLidarDriver.cpp.o[0m
[ 24%] [32mBuilding CXX object CMakeFiles/ydlidar_sdk.dir/src/ETLidarDriver.cpp.o[0m
[ 25%] [32mBuilding CXX object CMakeFiles/ydlidar_sdk.dir/src/GSLidarDriver.cpp.o[0m
[ 27%] [32mBuilding CXX object CMakeFiles/ydlidar_sdk.dir/src/SDMLidarDriver.cpp.o[0m
[ 29%] [32mBuilding CXX object CMakeFiles/ydlidar_sdk.dir/src/TiaLidarDriver.cpp.o[0m
[ 31%] [32mBuilding CXX object CMakeFiles/ydlidar_sdk.dir/src/YDlidarDriver.cpp.o[0m
[ 32%] [32mBuilding CXX object CMakeFiles/ydlidar_sdk.dir/src/ydlidar_sdk.cpp.o[0m
[ 34%] [32mBuilding CXX object CMakeFiles/ydlidar_sdk.dir/src/filters/NoiseFilter.cpp.o[0m
[ 36%] [32mBuilding CXX object CMakeFiles/ydlidar_sdk.dir/src/filters/StrongLightFilter.cpp.o[0m
[ 36%] Built target ydlidar_swig_compilation
[ 37%] [32m[1mLinking CXX static library libydlidar_sdk.a[0m
[ 37%] Built target ydlidar_sdk
[ 39%] [32mBuilding CXX object examples/CMakeFiles/gs_restart.dir/gs_restart.cpp.o[0m
[ 41%] [32mBuilding CXX object examples/CMakeFiles/sdm_test.dir/sdm_test.cpp.o[0m
[ 44%] [32mBuilding CXX object examples/CMakeFiles/tea_test.dir/tea_test.cpp.o[0m
[ 46%] [32mBuilding CXX object examples/CMakeFiles/gs_test.dir/gs_test.cpp.o[0m
[ 46%] [32mBuilding CXX object examples/CMakeFiles/scl_test.dir/scl_test.cpp.o[0m
[ 48%] [32mBuilding CXX object examples/CMakeFiles/gs_ota.dir/gs_ota.cpp.o[0m
[ 50%] [32mBuilding CXX object examples/CMakeFiles/tmini-sh_test.dir/tmini-sh_test.cpp.o[0m
[ 51%] [32mBuilding CXX object examples/CMakeFiles/et_test.dir/et_test.cpp.o[0m
[ 53%] [32mBuilding CXX object examples/CMakeFiles/sdm18_test.dir/sdm18_test.cpp.o[0m
[ 56%] [32mBuilding CXX object examples/CMakeFiles/tmini_test.dir/tmini_test.cpp.o[0m
[ 56%] [32mBuilding CXX object examples/CMakeFiles/gs_test2.dir/gs_test2.cpp.o[0m
[ 58%] [32mBuilding CXX object examples/CMakeFiles/tia_test.dir/tia_test.cpp.o[0m
[ 60%] [32m[1mLinking CXX executable ../sdm18_test[0m
[ 62%] [32m[1mLinking CXX executable ../et_test[0m
[ 63%] [32m[1mLinking CXX executable ../tmini_test[0m
[ 65%] [32m[1mLinking CXX executable ../sdm_test[0m
[ 67%] [32m[1mLinking CXX executable ../tmini-sh_test[0m
[ 68%] [32m[1mLinking CXX executable ../tia_test[0m
[ 68%] Built target tmini_test
[ 68%] Built target sdm18_test
[ 68%] Built target et_test
[ 70%] [32m[1mLinking CXX executable ../scl_test[0m
[ 72%] [32mBuilding CXX object examples/CMakeFiles/tof_test.dir/tof_test.cpp.o[0m
[ 74%] [32mBuilding CXX object examples/CMakeFiles/tri_and_gs_test.dir/tri_and_gs_test.cpp.o[0m
[ 75%] [32mBuilding CXX object examples/CMakeFiles/tri_restart.dir/tri_restart.cpp.o[0m
[ 77%] [32m[1mLinking CXX executable ../gs_restart[0m
[ 77%] Built target sdm_test
[ 79%] [32m[1mLinking CXX executable ../tea_test[0m
[ 81%] [32m[1mLinking CXX executable ../gs_ota[0m
[ 82%] [32mBuilding CXX object examples/CMakeFiles/tri_test.dir/tri_test.cpp.o[0m
[ 84%] [32m[1mLinking CXX executable ../gs_test[0m
[ 84%] Built target tmini-sh_test
[ 84%] Built target tia_test
[ 86%] [32mBuilding C object examples/CMakeFiles/lidar_c_api_test.dir/lidar_c_api_test.c.o[0m
[ 86%] Built target scl_test
[ 87%] [32mBuilding CXX object python/CMakeFiles/_ydlidar.dir/CMakeFiles/_ydlidar.dir/ydlidar_sdkPYTHON_wrap.cxx.o[0m
[ 87%] Built target tea_test
[ 89%] [32m[1mLinking CXX executable ../lidar_c_api_test[0m
[ 89%] Built target gs_restart
[ 89%] Built target gs_ota
[ 89%] Built target gs_test
[ 89%] Built target lidar_c_api_test
[ 91%] [32m[1mLinking CXX executable ../gs_test2[0m
[ 93%] [32m[1mLinking CXX executable ../tri_restart[0m
[ 93%] Built target gs_test2
[ 94%] [32m[1mLinking CXX executable ../tri_and_gs_test[0m
[ 94%] Built target tri_restart
[ 96%] [32m[1mLinking CXX executable ../tof_test[0m
[ 96%] Built target tri_and_gs_test
[ 96%] Built target tof_test
[ 98%] [32m[1mLinking CXX executable ../tri_test[0m
[ 98%] Built target tri_test
[100%] [32m[1mLinking CXX shared module _ydlidar.so[0m
[100%] Built target _ydlidar
