-- Found ament_cmake: 1.3.12 (/opt/ros/humble/share/ament_cmake/cmake)
-- Override CMake install command with custom implementation using symlinks instead of copying resources
-- Found sensor_msgs: 4.9.0 (/opt/ros/humble/share/sensor_msgs/cmake)
-- Found rosidl_generator_c: 3.1.7 (/opt/ros/humble/share/rosidl_generator_c/cmake)
-- Found rosidl_adapter: 3.1.7 (/opt/ros/humble/share/rosidl_adapter/cmake)
-- Found rosidl_generator_cpp: 3.1.7 (/opt/ros/humble/share/rosidl_generator_cpp/cmake)
-- Using all available rosidl_typesupport_c: rosidl_typesupport_fastrtps_c;rosidl_typesupport_introspection_c
-- Using all available rosidl_typesupport_cpp: rosidl_typesupport_fastrtps_cpp;rosidl_typesupport_introspection_cpp
-- Found rclcpp: 16.0.15 (/opt/ros/humble/share/rclcpp/cmake)
-- Found rmw_implementation_cmake: 6.1.2 (/opt/ros/humble/share/rmw_implementation_cmake/cmake)
-- Found rmw_fastrtps_cpp: 6.2.9 (/opt/ros/humble/share/rmw_fastrtps_cpp/cmake)
-- Using RMW implementation 'rmw_fastrtps_cpp' as default
-- Found ament_lint_auto: 0.12.14 (/opt/ros/humble/share/ament_lint_auto/cmake)
-- Added test 'copyright' to check source files copyright and LICENSE
-- Added test 'cppcheck' to perform static code analysis on C / C++ code
-- Configured cppcheck include dirs: /home/olee/olee_ros2_ws/src/tflidar_ros-ros2/include
-- Configured cppcheck exclude dirs and/or files: 
-- Added test 'cpplint' to check C / C++ code against the Google style
-- Configured cpplint exclude dirs and/or files: 
-- Added test 'flake8' to check Python code syntax and style conventions
-- Added test 'lint_cmake' to check CMake code style
-- Added test 'pep257' to check Python code against some of the docstring style conventions in PEP 257
-- Added test 'uncrustify' to check C / C++ code style
-- Configured uncrustify additional arguments: 
-- Added test 'xmllint' to check XML markup files
-- Configuring done
-- Generating done
-- Build files have been written to: /home/olee/olee_ros2_ws/src/build/tflidar_ros
[35m[1mConsolidate compiler generated dependencies of target tflidar_ros_node[0m
[100%] Built target tflidar_ros_node
-- Install configuration: ""
-- Execute custom install script
-- Up-to-date symlink: /home/olee/olee_ros2_ws/src/install/tflidar_ros/lib/tflidar_ros/tflidar_ros_node
-- Up-to-date symlink: /home/olee/olee_ros2_ws/src/install/tflidar_ros/share/tflidar_ros/include/TFlidar.h
-- Up-to-date symlink: /home/olee/olee_ros2_ws/src/install/tflidar_ros/share/tflidar_ros/include/TFlidar_ros.h
-- Up-to-date symlink: /home/olee/olee_ros2_ws/src/install/tflidar_ros/share/tflidar_ros/launch/__pycache__/tflidar.launch.cpython-310.pyc
-- Up-to-date symlink: /home/olee/olee_ros2_ws/src/install/tflidar_ros/share/tflidar_ros/launch/tflidar.launch.py
-- Up-to-date symlink: /home/olee/olee_ros2_ws/src/install/tflidar_ros/share/tflidar_ros/src/TFlidar.cpp
-- Up-to-date symlink: /home/olee/olee_ros2_ws/src/install/tflidar_ros/share/tflidar_ros/src/TFlidar_ros_node.cpp
-- Up-to-date symlink: /home/olee/olee_ros2_ws/src/install/tflidar_ros/share/ament_index/resource_index/package_run_dependencies/tflidar_ros
-- Up-to-date symlink: /home/olee/olee_ros2_ws/src/install/tflidar_ros/share/ament_index/resource_index/parent_prefix_path/tflidar_ros
-- Up-to-date symlink: /home/olee/olee_ros2_ws/src/install/tflidar_ros/share/tflidar_ros/environment/ament_prefix_path.sh
-- Up-to-date symlink: /home/olee/olee_ros2_ws/src/install/tflidar_ros/share/tflidar_ros/environment/ament_prefix_path.dsv
-- Up-to-date symlink: /home/olee/olee_ros2_ws/src/install/tflidar_ros/share/tflidar_ros/environment/path.sh
-- Up-to-date symlink: /home/olee/olee_ros2_ws/src/install/tflidar_ros/share/tflidar_ros/environment/path.dsv
-- Up-to-date symlink: /home/olee/olee_ros2_ws/src/install/tflidar_ros/share/tflidar_ros/local_setup.bash
-- Up-to-date symlink: /home/olee/olee_ros2_ws/src/install/tflidar_ros/share/tflidar_ros/local_setup.sh
-- Up-to-date symlink: /home/olee/olee_ros2_ws/src/install/tflidar_ros/share/tflidar_ros/local_setup.zsh
-- Up-to-date symlink: /home/olee/olee_ros2_ws/src/install/tflidar_ros/share/tflidar_ros/local_setup.dsv
-- Symlinking: /home/olee/olee_ros2_ws/src/install/tflidar_ros/share/tflidar_ros/package.dsv
-- Up-to-date symlink: /home/olee/olee_ros2_ws/src/install/tflidar_ros/share/ament_index/resource_index/packages/tflidar_ros
-- Up-to-date symlink: /home/olee/olee_ros2_ws/src/install/tflidar_ros/share/tflidar_ros/cmake/tflidar_rosConfig.cmake
-- Up-to-date symlink: /home/olee/olee_ros2_ws/src/install/tflidar_ros/share/tflidar_ros/cmake/tflidar_rosConfig-version.cmake
-- Up-to-date symlink: /home/olee/olee_ros2_ws/src/install/tflidar_ros/share/tflidar_ros/package.xml
