[0.144s] Invoking command in '/home/olee/olee_ros2_ws/src/build/tflidar_ros': CMAKE_PREFIX_PATH=${CMAKE_PREFIX_PATH}:/home/olee/olee_ros2_ws/install/master_olee_controller:/opt/ros/humble /usr/bin/cmake --build /home/olee/olee_ros2_ws/src/build/tflidar_ros -- -j12 -l12
[0.191s] [100%] Built target tflidar_ros_node
[0.208s] Invoked command in '/home/olee/olee_ros2_ws/src/build/tflidar_ros' returned '0': CMAKE_PREFIX_PATH=${CMAKE_PREFIX_PATH}:/home/olee/olee_ros2_ws/install/master_olee_controller:/opt/ros/humble /usr/bin/cmake --build /home/olee/olee_ros2_ws/src/build/tflidar_ros -- -j12 -l12
[0.211s] Invoking command in '/home/olee/olee_ros2_ws/src/build/tflidar_ros': CMAKE_PREFIX_PATH=${CMAKE_PREFIX_PATH}:/home/olee/olee_ros2_ws/install/master_olee_controller:/opt/ros/humble /usr/bin/cmake --install /home/olee/olee_ros2_ws/src/build/tflidar_ros
[0.228s] -- Install configuration: ""
[0.228s] -- Execute custom install script
[0.228s] -- Up-to-date symlink: /home/olee/olee_ros2_ws/src/install/tflidar_ros/lib/tflidar_ros/tflidar_ros_node
[0.228s] -- Up-to-date symlink: /home/olee/olee_ros2_ws/src/install/tflidar_ros/share/tflidar_ros/include/TFlidar.h
[0.228s] -- Up-to-date symlink: /home/olee/olee_ros2_ws/src/install/tflidar_ros/share/tflidar_ros/include/TFlidar_ros.h
[0.228s] -- Up-to-date symlink: /home/olee/olee_ros2_ws/src/install/tflidar_ros/share/tflidar_ros/launch/__pycache__/tflidar.launch.cpython-310.pyc
[0.228s] -- Up-to-date symlink: /home/olee/olee_ros2_ws/src/install/tflidar_ros/share/tflidar_ros/launch/tflidar.launch.py
[0.228s] -- Up-to-date symlink: /home/olee/olee_ros2_ws/src/install/tflidar_ros/share/tflidar_ros/src/TFlidar.cpp
[0.228s] -- Up-to-date symlink: /home/olee/olee_ros2_ws/src/install/tflidar_ros/share/tflidar_ros/src/TFlidar_ros_node.cpp
[0.228s] -- Up-to-date symlink: /home/olee/olee_ros2_ws/src/install/tflidar_ros/share/ament_index/resource_index/package_run_dependencies/tflidar_ros
[0.228s] -- Up-to-date symlink: /home/olee/olee_ros2_ws/src/install/tflidar_ros/share/ament_index/resource_index/parent_prefix_path/tflidar_ros
[0.228s] -- Up-to-date symlink: /home/olee/olee_ros2_ws/src/install/tflidar_ros/share/tflidar_ros/environment/ament_prefix_path.sh
[0.232s] -- Up-to-date symlink: /home/olee/olee_ros2_ws/src/install/tflidar_ros/share/tflidar_ros/environment/ament_prefix_path.dsv
[0.232s] -- Up-to-date symlink: /home/olee/olee_ros2_ws/src/install/tflidar_ros/share/tflidar_ros/environment/path.sh
[0.232s] -- Up-to-date symlink: /home/olee/olee_ros2_ws/src/install/tflidar_ros/share/tflidar_ros/environment/path.dsv
[0.232s] -- Up-to-date symlink: /home/olee/olee_ros2_ws/src/install/tflidar_ros/share/tflidar_ros/local_setup.bash
[0.232s] -- Up-to-date symlink: /home/olee/olee_ros2_ws/src/install/tflidar_ros/share/tflidar_ros/local_setup.sh
[0.232s] -- Up-to-date symlink: /home/olee/olee_ros2_ws/src/install/tflidar_ros/share/tflidar_ros/local_setup.zsh
[0.233s] -- Up-to-date symlink: /home/olee/olee_ros2_ws/src/install/tflidar_ros/share/tflidar_ros/local_setup.dsv
[0.233s] -- Symlinking: /home/olee/olee_ros2_ws/src/install/tflidar_ros/share/tflidar_ros/package.dsv
[0.236s] -- Up-to-date symlink: /home/olee/olee_ros2_ws/src/install/tflidar_ros/share/ament_index/resource_index/packages/tflidar_ros
[0.237s] -- Up-to-date symlink: /home/olee/olee_ros2_ws/src/install/tflidar_ros/share/tflidar_ros/cmake/tflidar_rosConfig.cmake
[0.237s] -- Up-to-date symlink: /home/olee/olee_ros2_ws/src/install/tflidar_ros/share/tflidar_ros/cmake/tflidar_rosConfig-version.cmake
[0.237s] -- Up-to-date symlink: /home/olee/olee_ros2_ws/src/install/tflidar_ros/share/tflidar_ros/package.xml
[0.245s] Invoked command in '/home/olee/olee_ros2_ws/src/build/tflidar_ros' returned '0': CMAKE_PREFIX_PATH=${CMAKE_PREFIX_PATH}:/home/olee/olee_ros2_ws/install/master_olee_controller:/opt/ros/humble /usr/bin/cmake --install /home/olee/olee_ros2_ws/src/build/tflidar_ros
