[0.057s] DEBUG:colcon:Command line arguments: ['/usr/bin/colcon', 'build', '--symlink-install']
[0.057s] DEBUG:colcon:Parsed command line arguments: Namespace(log_base=None, log_level=None, verb_name='build', build_base='build', install_base='install', merge_install=False, symlink_install=True, test_result_base=None, continue_on_error=False, executor='parallel', parallel_workers=12, event_handlers=None, ignore_user_meta=False, metas=['./colcon.meta'], base_paths=['.'], packages_ignore=None, packages_ignore_regex=None, paths=None, packages_up_to=None, packages_up_to_regex=None, packages_above=None, packages_above_and_dependencies=None, packages_above_depth=None, packages_select_by_dep=None, packages_skip_by_dep=None, packages_skip_up_to=None, packages_select_build_failed=False, packages_skip_build_finished=False, packages_select_test_failures=False, packages_skip_test_passed=False, packages_select=None, packages_skip=None, packages_select_regex=None, packages_skip_regex=None, packages_start=None, packages_end=None, allow_overriding=[], cmake_args=None, cmake_target=None, cmake_target_skip_unavailable=False, cmake_clean_cache=False, cmake_clean_first=False, cmake_force_configure=False, ament_cmake_args=None, catkin_cmake_args=None, catkin_skip_building_tests=False, verb_parser=<colcon_defaults.argument_parser.defaults.DefaultArgumentsDecorator object at 0x7675b954e590>, verb_extension=<colcon_core.verb.build.BuildVerb object at 0x7675b954dff0>, main=<bound method BuildVerb.main of <colcon_core.verb.build.BuildVerb object at 0x7675b954dff0>>)
[0.079s] Level 1:colcon.colcon_core.package_discovery:discover_packages(colcon_meta) check parameters
[0.079s] Level 1:colcon.colcon_core.package_discovery:discover_packages(recursive) check parameters
[0.079s] Level 1:colcon.colcon_core.package_discovery:discover_packages(ignore) check parameters
[0.079s] Level 1:colcon.colcon_core.package_discovery:discover_packages(path) check parameters
[0.079s] Level 1:colcon.colcon_core.package_discovery:discover_packages(colcon_meta) discover
[0.079s] Level 1:colcon.colcon_core.package_discovery:discover_packages(recursive) discover
[0.079s] INFO:colcon.colcon_core.package_discovery:Crawling recursively for packages in '/home/olee/olee_ros2_ws/src'
[0.079s] Level 1:colcon.colcon_core.package_identification:_identify(.) by extensions ['ignore', 'ignore_ament_install']
[0.079s] Level 1:colcon.colcon_core.package_identification:_identify(.) by extension 'ignore'
[0.079s] Level 1:colcon.colcon_core.package_identification:_identify(.) by extension 'ignore_ament_install'
[0.079s] Level 1:colcon.colcon_core.package_identification:_identify(.) by extensions ['colcon_pkg']
[0.079s] Level 1:colcon.colcon_core.package_identification:_identify(.) by extension 'colcon_pkg'
[0.079s] Level 1:colcon.colcon_core.package_identification:_identify(.) by extensions ['colcon_meta']
[0.079s] Level 1:colcon.colcon_core.package_identification:_identify(.) by extension 'colcon_meta'
[0.079s] Level 1:colcon.colcon_core.package_identification:_identify(.) by extensions ['ros']
[0.079s] Level 1:colcon.colcon_core.package_identification:_identify(.) by extension 'ros'
[0.088s] Level 1:colcon.colcon_core.package_identification:_identify(.) by extensions ['cmake', 'python']
[0.088s] Level 1:colcon.colcon_core.package_identification:_identify(.) by extension 'cmake'
[0.088s] Level 1:colcon.colcon_core.package_identification:_identify(.) by extension 'python'
[0.088s] Level 1:colcon.colcon_core.package_identification:_identify(.) by extensions ['python_setup_py']
[0.088s] Level 1:colcon.colcon_core.package_identification:_identify(.) by extension 'python_setup_py'
[0.088s] Level 1:colcon.colcon_core.package_identification:_identify(YDLidar-SDK-master) by extensions ['ignore', 'ignore_ament_install']
[0.088s] Level 1:colcon.colcon_core.package_identification:_identify(YDLidar-SDK-master) by extension 'ignore'
[0.088s] Level 1:colcon.colcon_core.package_identification:_identify(YDLidar-SDK-master) by extension 'ignore_ament_install'
[0.088s] Level 1:colcon.colcon_core.package_identification:_identify(YDLidar-SDK-master) by extensions ['colcon_pkg']
[0.088s] Level 1:colcon.colcon_core.package_identification:_identify(YDLidar-SDK-master) by extension 'colcon_pkg'
[0.088s] Level 1:colcon.colcon_core.package_identification:_identify(YDLidar-SDK-master) by extensions ['colcon_meta']
[0.088s] Level 1:colcon.colcon_core.package_identification:_identify(YDLidar-SDK-master) by extension 'colcon_meta'
[0.088s] Level 1:colcon.colcon_core.package_identification:_identify(YDLidar-SDK-master) by extensions ['ros']
[0.088s] Level 1:colcon.colcon_core.package_identification:_identify(YDLidar-SDK-master) by extension 'ros'
[0.088s] Level 1:colcon.colcon_core.package_identification:_identify(YDLidar-SDK-master) by extensions ['cmake', 'python']
[0.088s] Level 1:colcon.colcon_core.package_identification:_identify(YDLidar-SDK-master) by extension 'cmake'
[0.113s] Level 1:colcon.colcon_core.package_identification:_identify(YDLidar-SDK-master) by extension 'python'
[0.113s] DEBUG:colcon.colcon_core.package_identification:Package 'YDLidar-SDK-master' with type 'cmake' and name 'ydlidar_sdk'
[0.113s] Level 1:colcon.colcon_core.package_identification:_identify(build) by extensions ['ignore', 'ignore_ament_install']
[0.113s] Level 1:colcon.colcon_core.package_identification:_identify(build) by extension 'ignore'
[0.113s] Level 1:colcon.colcon_core.package_identification:_identify(build) ignored
[0.113s] Level 1:colcon.colcon_core.package_identification:_identify(install) by extensions ['ignore', 'ignore_ament_install']
[0.113s] Level 1:colcon.colcon_core.package_identification:_identify(install) by extension 'ignore'
[0.113s] Level 1:colcon.colcon_core.package_identification:_identify(install) ignored
[0.113s] Level 1:colcon.colcon_core.package_identification:_identify(log) by extensions ['ignore', 'ignore_ament_install']
[0.113s] Level 1:colcon.colcon_core.package_identification:_identify(log) by extension 'ignore'
[0.113s] Level 1:colcon.colcon_core.package_identification:_identify(log) ignored
[0.113s] Level 1:colcon.colcon_core.package_identification:_identify(master_olee_controller) by extensions ['ignore', 'ignore_ament_install']
[0.114s] Level 1:colcon.colcon_core.package_identification:_identify(master_olee_controller) by extension 'ignore'
[0.114s] Level 1:colcon.colcon_core.package_identification:_identify(master_olee_controller) by extension 'ignore_ament_install'
[0.114s] Level 1:colcon.colcon_core.package_identification:_identify(master_olee_controller) by extensions ['colcon_pkg']
[0.114s] Level 1:colcon.colcon_core.package_identification:_identify(master_olee_controller) by extension 'colcon_pkg'
[0.114s] Level 1:colcon.colcon_core.package_identification:_identify(master_olee_controller) by extensions ['colcon_meta']
[0.114s] Level 1:colcon.colcon_core.package_identification:_identify(master_olee_controller) by extension 'colcon_meta'
[0.114s] Level 1:colcon.colcon_core.package_identification:_identify(master_olee_controller) by extensions ['ros']
[0.114s] Level 1:colcon.colcon_core.package_identification:_identify(master_olee_controller) by extension 'ros'
[0.115s] DEBUG:colcon.colcon_core.package_identification:Package 'master_olee_controller' with type 'ros.ament_python' and name 'master_olee_controller'
[0.115s] Level 1:colcon.colcon_core.package_identification:_identify(slam_toolbox-humble) by extensions ['ignore', 'ignore_ament_install']
[0.115s] Level 1:colcon.colcon_core.package_identification:_identify(slam_toolbox-humble) by extension 'ignore'
[0.115s] Level 1:colcon.colcon_core.package_identification:_identify(slam_toolbox-humble) by extension 'ignore_ament_install'
[0.115s] Level 1:colcon.colcon_core.package_identification:_identify(slam_toolbox-humble) by extensions ['colcon_pkg']
[0.115s] Level 1:colcon.colcon_core.package_identification:_identify(slam_toolbox-humble) by extension 'colcon_pkg'
[0.115s] Level 1:colcon.colcon_core.package_identification:_identify(slam_toolbox-humble) by extensions ['colcon_meta']
[0.115s] Level 1:colcon.colcon_core.package_identification:_identify(slam_toolbox-humble) by extension 'colcon_meta'
[0.115s] Level 1:colcon.colcon_core.package_identification:_identify(slam_toolbox-humble) by extensions ['ros']
[0.115s] Level 1:colcon.colcon_core.package_identification:_identify(slam_toolbox-humble) by extension 'ros'
[0.116s] DEBUG:colcon.colcon_core.package_identification:Package 'slam_toolbox-humble' with type 'ros.ament_cmake' and name 'slam_toolbox'
[0.116s] Level 1:colcon.colcon_core.package_identification:_identify(tflidar_ros-ros2) by extensions ['ignore', 'ignore_ament_install']
[0.116s] Level 1:colcon.colcon_core.package_identification:_identify(tflidar_ros-ros2) by extension 'ignore'
[0.116s] Level 1:colcon.colcon_core.package_identification:_identify(tflidar_ros-ros2) by extension 'ignore_ament_install'
[0.116s] Level 1:colcon.colcon_core.package_identification:_identify(tflidar_ros-ros2) by extensions ['colcon_pkg']
[0.116s] Level 1:colcon.colcon_core.package_identification:_identify(tflidar_ros-ros2) by extension 'colcon_pkg'
[0.116s] Level 1:colcon.colcon_core.package_identification:_identify(tflidar_ros-ros2) by extensions ['colcon_meta']
[0.116s] Level 1:colcon.colcon_core.package_identification:_identify(tflidar_ros-ros2) by extension 'colcon_meta'
[0.116s] Level 1:colcon.colcon_core.package_identification:_identify(tflidar_ros-ros2) by extensions ['ros']
[0.116s] Level 1:colcon.colcon_core.package_identification:_identify(tflidar_ros-ros2) by extension 'ros'
[0.117s] DEBUG:colcon.colcon_core.package_identification:Package 'tflidar_ros-ros2' with type 'ros.ament_cmake' and name 'tflidar_ros'
[0.117s] Level 1:colcon.colcon_core.package_identification:_identify(ydlidar_ros2_driver-humble) by extensions ['ignore', 'ignore_ament_install']
[0.117s] Level 1:colcon.colcon_core.package_identification:_identify(ydlidar_ros2_driver-humble) by extension 'ignore'
[0.117s] Level 1:colcon.colcon_core.package_identification:_identify(ydlidar_ros2_driver-humble) by extension 'ignore_ament_install'
[0.117s] Level 1:colcon.colcon_core.package_identification:_identify(ydlidar_ros2_driver-humble) by extensions ['colcon_pkg']
[0.117s] Level 1:colcon.colcon_core.package_identification:_identify(ydlidar_ros2_driver-humble) by extension 'colcon_pkg'
[0.117s] Level 1:colcon.colcon_core.package_identification:_identify(ydlidar_ros2_driver-humble) by extensions ['colcon_meta']
[0.117s] Level 1:colcon.colcon_core.package_identification:_identify(ydlidar_ros2_driver-humble) by extension 'colcon_meta'
[0.117s] Level 1:colcon.colcon_core.package_identification:_identify(ydlidar_ros2_driver-humble) by extensions ['ros']
[0.117s] Level 1:colcon.colcon_core.package_identification:_identify(ydlidar_ros2_driver-humble) by extension 'ros'
[0.117s] DEBUG:colcon.colcon_core.package_identification:Package 'ydlidar_ros2_driver-humble' with type 'ros.ament_cmake' and name 'ydlidar_ros2_driver'
[0.117s] Level 1:colcon.colcon_core.package_discovery:discover_packages(recursive) using defaults
[0.117s] Level 1:colcon.colcon_core.package_discovery:discover_packages(ignore) discover
[0.117s] Level 1:colcon.colcon_core.package_discovery:discover_packages(ignore) using defaults
[0.117s] Level 1:colcon.colcon_core.package_discovery:discover_packages(path) discover
[0.117s] Level 1:colcon.colcon_core.package_discovery:discover_packages(path) using defaults
[0.129s] Level 1:colcon.colcon_core.package_discovery:discover_packages(prefix_path) check parameters
[0.129s] Level 1:colcon.colcon_core.package_discovery:discover_packages(prefix_path) discover
[0.130s] DEBUG:colcon.colcon_installed_package_information.package_discovery:Found 4 installed packages in /home/olee/olee_ros2_ws/src/install
[0.130s] DEBUG:colcon.colcon_installed_package_information.package_discovery:Found 2 installed packages in /home/olee/olee_ros2_ws/install
[0.130s] DEBUG:colcon.colcon_installed_package_information.package_discovery:Found 9 installed packages in /home/olee/ros2_ws/install
[0.131s] DEBUG:colcon.colcon_installed_package_information.package_discovery:Found 274 installed packages in /opt/ros/humble
[0.131s] Level 1:colcon.colcon_core.package_discovery:discover_packages(prefix_path) using defaults
[0.150s] Level 5:colcon.colcon_core.verb:set package 'master_olee_controller' build argument 'cmake_args' from command line to 'None'
[0.150s] Level 5:colcon.colcon_core.verb:set package 'master_olee_controller' build argument 'cmake_target' from command line to 'None'
[0.150s] Level 5:colcon.colcon_core.verb:set package 'master_olee_controller' build argument 'cmake_target_skip_unavailable' from command line to 'False'
[0.150s] Level 5:colcon.colcon_core.verb:set package 'master_olee_controller' build argument 'cmake_clean_cache' from command line to 'False'
[0.150s] Level 5:colcon.colcon_core.verb:set package 'master_olee_controller' build argument 'cmake_clean_first' from command line to 'False'
[0.150s] Level 5:colcon.colcon_core.verb:set package 'master_olee_controller' build argument 'cmake_force_configure' from command line to 'False'
[0.150s] Level 5:colcon.colcon_core.verb:set package 'master_olee_controller' build argument 'ament_cmake_args' from command line to 'None'
[0.150s] Level 5:colcon.colcon_core.verb:set package 'master_olee_controller' build argument 'catkin_cmake_args' from command line to 'None'
[0.150s] Level 5:colcon.colcon_core.verb:set package 'master_olee_controller' build argument 'catkin_skip_building_tests' from command line to 'False'
[0.150s] DEBUG:colcon.colcon_core.verb:Building package 'master_olee_controller' with the following arguments: {'ament_cmake_args': None, 'build_base': '/home/olee/olee_ros2_ws/src/build/master_olee_controller', 'catkin_cmake_args': None, 'catkin_skip_building_tests': False, 'cmake_args': None, 'cmake_clean_cache': False, 'cmake_clean_first': False, 'cmake_force_configure': False, 'cmake_target': None, 'cmake_target_skip_unavailable': False, 'install_base': '/home/olee/olee_ros2_ws/src/install/master_olee_controller', 'merge_install': False, 'path': '/home/olee/olee_ros2_ws/src/master_olee_controller', 'symlink_install': True, 'test_result_base': None}
[0.150s] Level 5:colcon.colcon_core.verb:set package 'slam_toolbox' build argument 'cmake_args' from command line to 'None'
[0.150s] Level 5:colcon.colcon_core.verb:set package 'slam_toolbox' build argument 'cmake_target' from command line to 'None'
[0.150s] Level 5:colcon.colcon_core.verb:set package 'slam_toolbox' build argument 'cmake_target_skip_unavailable' from command line to 'False'
[0.150s] Level 5:colcon.colcon_core.verb:set package 'slam_toolbox' build argument 'cmake_clean_cache' from command line to 'False'
[0.150s] Level 5:colcon.colcon_core.verb:set package 'slam_toolbox' build argument 'cmake_clean_first' from command line to 'False'
[0.150s] Level 5:colcon.colcon_core.verb:set package 'slam_toolbox' build argument 'cmake_force_configure' from command line to 'False'
[0.150s] Level 5:colcon.colcon_core.verb:set package 'slam_toolbox' build argument 'ament_cmake_args' from command line to 'None'
[0.150s] Level 5:colcon.colcon_core.verb:set package 'slam_toolbox' build argument 'catkin_cmake_args' from command line to 'None'
[0.150s] Level 5:colcon.colcon_core.verb:set package 'slam_toolbox' build argument 'catkin_skip_building_tests' from command line to 'False'
[0.150s] DEBUG:colcon.colcon_core.verb:Building package 'slam_toolbox' with the following arguments: {'ament_cmake_args': None, 'build_base': '/home/olee/olee_ros2_ws/src/build/slam_toolbox', 'catkin_cmake_args': None, 'catkin_skip_building_tests': False, 'cmake_args': None, 'cmake_clean_cache': False, 'cmake_clean_first': False, 'cmake_force_configure': False, 'cmake_target': None, 'cmake_target_skip_unavailable': False, 'install_base': '/home/olee/olee_ros2_ws/src/install/slam_toolbox', 'merge_install': False, 'path': '/home/olee/olee_ros2_ws/src/slam_toolbox-humble', 'symlink_install': True, 'test_result_base': None}
[0.150s] Level 5:colcon.colcon_core.verb:set package 'tflidar_ros' build argument 'cmake_args' from command line to 'None'
[0.150s] Level 5:colcon.colcon_core.verb:set package 'tflidar_ros' build argument 'cmake_target' from command line to 'None'
[0.150s] Level 5:colcon.colcon_core.verb:set package 'tflidar_ros' build argument 'cmake_target_skip_unavailable' from command line to 'False'
[0.150s] Level 5:colcon.colcon_core.verb:set package 'tflidar_ros' build argument 'cmake_clean_cache' from command line to 'False'
[0.150s] Level 5:colcon.colcon_core.verb:set package 'tflidar_ros' build argument 'cmake_clean_first' from command line to 'False'
[0.150s] Level 5:colcon.colcon_core.verb:set package 'tflidar_ros' build argument 'cmake_force_configure' from command line to 'False'
[0.150s] Level 5:colcon.colcon_core.verb:set package 'tflidar_ros' build argument 'ament_cmake_args' from command line to 'None'
[0.150s] Level 5:colcon.colcon_core.verb:set package 'tflidar_ros' build argument 'catkin_cmake_args' from command line to 'None'
[0.150s] Level 5:colcon.colcon_core.verb:set package 'tflidar_ros' build argument 'catkin_skip_building_tests' from command line to 'False'
[0.150s] DEBUG:colcon.colcon_core.verb:Building package 'tflidar_ros' with the following arguments: {'ament_cmake_args': None, 'build_base': '/home/olee/olee_ros2_ws/src/build/tflidar_ros', 'catkin_cmake_args': None, 'catkin_skip_building_tests': False, 'cmake_args': None, 'cmake_clean_cache': False, 'cmake_clean_first': False, 'cmake_force_configure': False, 'cmake_target': None, 'cmake_target_skip_unavailable': False, 'install_base': '/home/olee/olee_ros2_ws/src/install/tflidar_ros', 'merge_install': False, 'path': '/home/olee/olee_ros2_ws/src/tflidar_ros-ros2', 'symlink_install': True, 'test_result_base': None}
[0.150s] Level 5:colcon.colcon_core.verb:set package 'ydlidar_ros2_driver' build argument 'cmake_args' from command line to 'None'
[0.150s] Level 5:colcon.colcon_core.verb:set package 'ydlidar_ros2_driver' build argument 'cmake_target' from command line to 'None'
[0.150s] Level 5:colcon.colcon_core.verb:set package 'ydlidar_ros2_driver' build argument 'cmake_target_skip_unavailable' from command line to 'False'
[0.150s] Level 5:colcon.colcon_core.verb:set package 'ydlidar_ros2_driver' build argument 'cmake_clean_cache' from command line to 'False'
[0.151s] Level 5:colcon.colcon_core.verb:set package 'ydlidar_ros2_driver' build argument 'cmake_clean_first' from command line to 'False'
[0.151s] Level 5:colcon.colcon_core.verb:set package 'ydlidar_ros2_driver' build argument 'cmake_force_configure' from command line to 'False'
[0.151s] Level 5:colcon.colcon_core.verb:set package 'ydlidar_ros2_driver' build argument 'ament_cmake_args' from command line to 'None'
[0.151s] Level 5:colcon.colcon_core.verb:set package 'ydlidar_ros2_driver' build argument 'catkin_cmake_args' from command line to 'None'
[0.151s] Level 5:colcon.colcon_core.verb:set package 'ydlidar_ros2_driver' build argument 'catkin_skip_building_tests' from command line to 'False'
[0.151s] DEBUG:colcon.colcon_core.verb:Building package 'ydlidar_ros2_driver' with the following arguments: {'ament_cmake_args': None, 'build_base': '/home/olee/olee_ros2_ws/src/build/ydlidar_ros2_driver', 'catkin_cmake_args': None, 'catkin_skip_building_tests': False, 'cmake_args': None, 'cmake_clean_cache': False, 'cmake_clean_first': False, 'cmake_force_configure': False, 'cmake_target': None, 'cmake_target_skip_unavailable': False, 'install_base': '/home/olee/olee_ros2_ws/src/install/ydlidar_ros2_driver', 'merge_install': False, 'path': '/home/olee/olee_ros2_ws/src/ydlidar_ros2_driver-humble', 'symlink_install': True, 'test_result_base': None}
[0.151s] Level 5:colcon.colcon_core.verb:set package 'ydlidar_sdk' build argument 'cmake_args' from command line to 'None'
[0.151s] Level 5:colcon.colcon_core.verb:set package 'ydlidar_sdk' build argument 'cmake_target' from command line to 'None'
[0.151s] Level 5:colcon.colcon_core.verb:set package 'ydlidar_sdk' build argument 'cmake_target_skip_unavailable' from command line to 'False'
[0.151s] Level 5:colcon.colcon_core.verb:set package 'ydlidar_sdk' build argument 'cmake_clean_cache' from command line to 'False'
[0.151s] Level 5:colcon.colcon_core.verb:set package 'ydlidar_sdk' build argument 'cmake_clean_first' from command line to 'False'
[0.151s] Level 5:colcon.colcon_core.verb:set package 'ydlidar_sdk' build argument 'cmake_force_configure' from command line to 'False'
[0.151s] Level 5:colcon.colcon_core.verb:set package 'ydlidar_sdk' build argument 'ament_cmake_args' from command line to 'None'
[0.151s] Level 5:colcon.colcon_core.verb:set package 'ydlidar_sdk' build argument 'catkin_cmake_args' from command line to 'None'
[0.151s] Level 5:colcon.colcon_core.verb:set package 'ydlidar_sdk' build argument 'catkin_skip_building_tests' from command line to 'False'
[0.151s] DEBUG:colcon.colcon_core.verb:Building package 'ydlidar_sdk' with the following arguments: {'ament_cmake_args': None, 'build_base': '/home/olee/olee_ros2_ws/src/build/ydlidar_sdk', 'catkin_cmake_args': None, 'catkin_skip_building_tests': False, 'cmake_args': None, 'cmake_clean_cache': False, 'cmake_clean_first': False, 'cmake_force_configure': False, 'cmake_target': None, 'cmake_target_skip_unavailable': False, 'install_base': '/home/olee/olee_ros2_ws/src/install/ydlidar_sdk', 'merge_install': False, 'path': '/home/olee/olee_ros2_ws/src/YDLidar-SDK-master', 'symlink_install': True, 'test_result_base': None}
[0.151s] INFO:colcon.colcon_core.executor:Executing jobs using 'parallel' executor
[0.152s] DEBUG:colcon.colcon_parallel_executor.executor.parallel:run_until_complete
[0.152s] INFO:colcon.colcon_ros.task.ament_python.build:Building ROS package in '/home/olee/olee_ros2_ws/src/master_olee_controller' with build type 'ament_python'
[0.152s] Level 1:colcon.colcon_core.shell:create_environment_hook('master_olee_controller', 'ament_prefix_path')
[0.153s] INFO:colcon.colcon_core.plugin_system:Skipping extension 'colcon_core.shell.bat': Not used on non-Windows systems
[0.153s] INFO:colcon.colcon_core.shell:Creating environment hook '/home/olee/olee_ros2_ws/src/install/master_olee_controller/share/master_olee_controller/hook/ament_prefix_path.ps1'
[0.154s] INFO:colcon.colcon_core.shell:Creating environment descriptor '/home/olee/olee_ros2_ws/src/install/master_olee_controller/share/master_olee_controller/hook/ament_prefix_path.dsv'
[0.154s] INFO:colcon.colcon_core.shell:Creating environment hook '/home/olee/olee_ros2_ws/src/install/master_olee_controller/share/master_olee_controller/hook/ament_prefix_path.sh'
[0.154s] INFO:colcon.colcon_core.shell:Skip shell extension 'powershell' for command environment: Not usable outside of PowerShell
[0.154s] DEBUG:colcon.colcon_core.shell:Skip shell extension 'dsv' for command environment
[0.156s] INFO:colcon.colcon_ros.task.ament_cmake.build:Building ROS package in '/home/olee/olee_ros2_ws/src/slam_toolbox-humble' with build type 'ament_cmake'
[0.156s] INFO:colcon.colcon_cmake.task.cmake.build:Building CMake package in '/home/olee/olee_ros2_ws/src/slam_toolbox-humble'
[0.156s] INFO:colcon.colcon_core.shell:Skip shell extension 'powershell' for command environment: Not usable outside of PowerShell
[0.156s] DEBUG:colcon.colcon_core.shell:Skip shell extension 'dsv' for command environment
[0.158s] INFO:colcon.colcon_ros.task.ament_cmake.build:Building ROS package in '/home/olee/olee_ros2_ws/src/tflidar_ros-ros2' with build type 'ament_cmake'
[0.158s] INFO:colcon.colcon_cmake.task.cmake.build:Building CMake package in '/home/olee/olee_ros2_ws/src/tflidar_ros-ros2'
[0.158s] INFO:colcon.colcon_core.shell:Skip shell extension 'powershell' for command environment: Not usable outside of PowerShell
[0.158s] DEBUG:colcon.colcon_core.shell:Skip shell extension 'dsv' for command environment
[0.160s] INFO:colcon.colcon_ros.task.ament_cmake.build:Building ROS package in '/home/olee/olee_ros2_ws/src/ydlidar_ros2_driver-humble' with build type 'ament_cmake'
[0.160s] INFO:colcon.colcon_cmake.task.cmake.build:Building CMake package in '/home/olee/olee_ros2_ws/src/ydlidar_ros2_driver-humble'
[0.160s] INFO:colcon.colcon_core.shell:Skip shell extension 'powershell' for command environment: Not usable outside of PowerShell
[0.160s] DEBUG:colcon.colcon_core.shell:Skip shell extension 'dsv' for command environment
[0.162s] INFO:colcon.colcon_cmake.task.cmake.build:Building CMake package in '/home/olee/olee_ros2_ws/src/YDLidar-SDK-master'
[0.162s] INFO:colcon.colcon_core.shell:Skip shell extension 'powershell' for command environment: Not usable outside of PowerShell
[0.162s] DEBUG:colcon.colcon_core.shell:Skip shell extension 'dsv' for command environment
[0.281s] INFO:colcon.colcon_core.task.python.build:Building Python package in '/home/olee/olee_ros2_ws/src/master_olee_controller'
[0.281s] INFO:colcon.colcon_core.shell:Skip shell extension 'powershell' for command environment: Not usable outside of PowerShell
[0.281s] DEBUG:colcon.colcon_core.shell:Skip shell extension 'dsv' for command environment
[0.286s] DEBUG:colcon.colcon_core.event_handler.log_command:Invoking command in '/home/olee/olee_ros2_ws/src/build/slam_toolbox': CMAKE_PREFIX_PATH=${CMAKE_PREFIX_PATH}:/home/olee/olee_ros2_ws/src/install/master_olee_controller:/home/olee/olee_ros2_ws/install/master_olee_controller:/opt/ros/humble /usr/bin/cmake /home/olee/olee_ros2_ws/src/slam_toolbox-humble -DAMENT_CMAKE_SYMLINK_INSTALL=1 -DCMAKE_INSTALL_PREFIX=/home/olee/olee_ros2_ws/src/install/slam_toolbox
[0.288s] DEBUG:colcon.colcon_core.event_handler.log_command:Invoking command in '/home/olee/olee_ros2_ws/src/build/tflidar_ros': CMAKE_PREFIX_PATH=${CMAKE_PREFIX_PATH}:/home/olee/olee_ros2_ws/src/install/master_olee_controller:/home/olee/olee_ros2_ws/install/master_olee_controller:/opt/ros/humble /usr/bin/cmake --build /home/olee/olee_ros2_ws/src/build/tflidar_ros -- -j12 -l12
[0.290s] DEBUG:colcon.colcon_core.event_handler.log_command:Invoking command in '/home/olee/olee_ros2_ws/src/build/ydlidar_ros2_driver': CMAKE_PREFIX_PATH=${CMAKE_PREFIX_PATH}:/home/olee/olee_ros2_ws/src/install/master_olee_controller:/home/olee/olee_ros2_ws/install/master_olee_controller:/opt/ros/humble /usr/bin/cmake --build /home/olee/olee_ros2_ws/src/build/ydlidar_ros2_driver -- -j12 -l12
[0.293s] DEBUG:colcon.colcon_core.event_handler.log_command:Invoking command in '/home/olee/olee_ros2_ws/src/build/ydlidar_sdk': /usr/bin/cmake --build /home/olee/olee_ros2_ws/src/build/ydlidar_sdk -- -j12 -l12
[0.338s] DEBUG:colcon.colcon_core.event_handler.log_command:Invoked command in '/home/olee/olee_ros2_ws/src/build/ydlidar_ros2_driver' returned '0': CMAKE_PREFIX_PATH=${CMAKE_PREFIX_PATH}:/home/olee/olee_ros2_ws/src/install/master_olee_controller:/home/olee/olee_ros2_ws/install/master_olee_controller:/opt/ros/humble /usr/bin/cmake --build /home/olee/olee_ros2_ws/src/build/ydlidar_ros2_driver -- -j12 -l12
[0.349s] DEBUG:colcon.colcon_core.event_handler.log_command:Invoking command in '/home/olee/olee_ros2_ws/src/build/ydlidar_ros2_driver': CMAKE_PREFIX_PATH=${CMAKE_PREFIX_PATH}:/home/olee/olee_ros2_ws/src/install/master_olee_controller:/home/olee/olee_ros2_ws/install/master_olee_controller:/opt/ros/humble /usr/bin/cmake --install /home/olee/olee_ros2_ws/src/build/ydlidar_ros2_driver
[0.351s] DEBUG:colcon.colcon_core.event_handler.log_command:Invoked command in '/home/olee/olee_ros2_ws/src/build/tflidar_ros' returned '0': CMAKE_PREFIX_PATH=${CMAKE_PREFIX_PATH}:/home/olee/olee_ros2_ws/src/install/master_olee_controller:/home/olee/olee_ros2_ws/install/master_olee_controller:/opt/ros/humble /usr/bin/cmake --build /home/olee/olee_ros2_ws/src/build/tflidar_ros -- -j12 -l12
[0.353s] DEBUG:colcon.colcon_core.event_handler.log_command:Invoking command in '/home/olee/olee_ros2_ws/src/build/tflidar_ros': CMAKE_PREFIX_PATH=${CMAKE_PREFIX_PATH}:/home/olee/olee_ros2_ws/src/install/master_olee_controller:/home/olee/olee_ros2_ws/install/master_olee_controller:/opt/ros/humble /usr/bin/cmake --install /home/olee/olee_ros2_ws/src/build/tflidar_ros
[0.369s] Level 1:colcon.colcon_core.environment:create_environment_scripts_only(tflidar_ros)
[0.373s] Level 1:colcon.colcon_core.environment:checking '/home/olee/olee_ros2_ws/src/install/tflidar_ros' for CMake module files
[0.373s] Level 1:colcon.colcon_core.environment:checking '/home/olee/olee_ros2_ws/src/install/tflidar_ros' for CMake config files
[0.374s] Level 1:colcon.colcon_core.shell:create_environment_hook('tflidar_ros', 'cmake_prefix_path')
[0.374s] INFO:colcon.colcon_core.shell:Creating environment hook '/home/olee/olee_ros2_ws/src/install/tflidar_ros/share/tflidar_ros/hook/cmake_prefix_path.ps1'
[0.375s] INFO:colcon.colcon_core.shell:Creating environment descriptor '/home/olee/olee_ros2_ws/src/install/tflidar_ros/share/tflidar_ros/hook/cmake_prefix_path.dsv'
[0.375s] DEBUG:colcon.colcon_core.event_handler.log_command:Invoked command in '/home/olee/olee_ros2_ws/src/build/tflidar_ros' returned '0': CMAKE_PREFIX_PATH=${CMAKE_PREFIX_PATH}:/home/olee/olee_ros2_ws/src/install/master_olee_controller:/home/olee/olee_ros2_ws/install/master_olee_controller:/opt/ros/humble /usr/bin/cmake --install /home/olee/olee_ros2_ws/src/build/tflidar_ros
[0.376s] INFO:colcon.colcon_core.shell:Creating environment hook '/home/olee/olee_ros2_ws/src/install/tflidar_ros/share/tflidar_ros/hook/cmake_prefix_path.sh'
[0.378s] Level 1:colcon.colcon_core.environment:checking '/home/olee/olee_ros2_ws/src/install/tflidar_ros/lib'
[0.378s] Level 1:colcon.colcon_core.environment:checking '/home/olee/olee_ros2_ws/src/install/tflidar_ros/bin'
[0.378s] Level 1:colcon.colcon_core.environment:checking '/home/olee/olee_ros2_ws/src/install/tflidar_ros/lib/pkgconfig/tflidar_ros.pc'
[0.378s] Level 1:colcon.colcon_core.environment:checking '/home/olee/olee_ros2_ws/src/install/tflidar_ros/lib/python3.10/site-packages'
[0.379s] Level 1:colcon.colcon_core.environment:checking '/home/olee/olee_ros2_ws/src/install/tflidar_ros/bin'
[0.379s] INFO:colcon.colcon_core.shell:Creating package script '/home/olee/olee_ros2_ws/src/install/tflidar_ros/share/tflidar_ros/package.ps1'
[0.380s] INFO:colcon.colcon_core.shell:Creating package descriptor '/home/olee/olee_ros2_ws/src/install/tflidar_ros/share/tflidar_ros/package.dsv'
[0.381s] INFO:colcon.colcon_core.shell:Creating package script '/home/olee/olee_ros2_ws/src/install/tflidar_ros/share/tflidar_ros/package.sh'
[0.382s] INFO:colcon.colcon_core.shell:Creating package script '/home/olee/olee_ros2_ws/src/install/tflidar_ros/share/tflidar_ros/package.bash'
[0.383s] INFO:colcon.colcon_core.shell:Creating package script '/home/olee/olee_ros2_ws/src/install/tflidar_ros/share/tflidar_ros/package.zsh'
[0.384s] Level 1:colcon.colcon_core.environment:create_file_with_runtime_dependencies(/home/olee/olee_ros2_ws/src/install/tflidar_ros/share/colcon-core/packages/tflidar_ros)
[0.385s] Level 1:colcon.colcon_core.environment:create_environment_scripts_only(tflidar_ros)
[0.385s] Level 1:colcon.colcon_core.environment:checking '/home/olee/olee_ros2_ws/src/install/tflidar_ros' for CMake module files
[0.386s] Level 1:colcon.colcon_core.environment:checking '/home/olee/olee_ros2_ws/src/install/tflidar_ros' for CMake config files
[0.387s] Level 1:colcon.colcon_core.shell:create_environment_hook('tflidar_ros', 'cmake_prefix_path')
[0.387s] INFO:colcon.colcon_core.shell:Creating environment hook '/home/olee/olee_ros2_ws/src/install/tflidar_ros/share/tflidar_ros/hook/cmake_prefix_path.ps1'
[0.388s] INFO:colcon.colcon_core.shell:Creating environment descriptor '/home/olee/olee_ros2_ws/src/install/tflidar_ros/share/tflidar_ros/hook/cmake_prefix_path.dsv'
[0.388s] INFO:colcon.colcon_core.shell:Creating environment hook '/home/olee/olee_ros2_ws/src/install/tflidar_ros/share/tflidar_ros/hook/cmake_prefix_path.sh'
[0.389s] Level 1:colcon.colcon_core.environment:checking '/home/olee/olee_ros2_ws/src/install/tflidar_ros/lib'
[0.389s] Level 1:colcon.colcon_core.environment:checking '/home/olee/olee_ros2_ws/src/install/tflidar_ros/bin'
[0.389s] Level 1:colcon.colcon_core.environment:checking '/home/olee/olee_ros2_ws/src/install/tflidar_ros/lib/pkgconfig/tflidar_ros.pc'
[0.390s] Level 1:colcon.colcon_core.environment:checking '/home/olee/olee_ros2_ws/src/install/tflidar_ros/lib/python3.10/site-packages'
[0.390s] Level 1:colcon.colcon_core.environment:checking '/home/olee/olee_ros2_ws/src/install/tflidar_ros/bin'
[0.390s] INFO:colcon.colcon_core.shell:Creating package script '/home/olee/olee_ros2_ws/src/install/tflidar_ros/share/tflidar_ros/package.ps1'
[0.391s] INFO:colcon.colcon_core.shell:Creating package descriptor '/home/olee/olee_ros2_ws/src/install/tflidar_ros/share/tflidar_ros/package.dsv'
[0.392s] INFO:colcon.colcon_core.shell:Creating package script '/home/olee/olee_ros2_ws/src/install/tflidar_ros/share/tflidar_ros/package.sh'
[0.392s] INFO:colcon.colcon_core.shell:Creating package script '/home/olee/olee_ros2_ws/src/install/tflidar_ros/share/tflidar_ros/package.bash'
[0.392s] INFO:colcon.colcon_core.shell:Creating package script '/home/olee/olee_ros2_ws/src/install/tflidar_ros/share/tflidar_ros/package.zsh'
[0.393s] Level 1:colcon.colcon_core.environment:create_file_with_runtime_dependencies(/home/olee/olee_ros2_ws/src/install/tflidar_ros/share/colcon-core/packages/tflidar_ros)
[0.393s] Level 1:colcon.colcon_core.environment:create_environment_scripts_only(ydlidar_ros2_driver)
[0.393s] Level 1:colcon.colcon_core.environment:checking '/home/olee/olee_ros2_ws/src/install/ydlidar_ros2_driver' for CMake module files
[0.394s] Level 1:colcon.colcon_core.environment:checking '/home/olee/olee_ros2_ws/src/install/ydlidar_ros2_driver' for CMake config files
[0.394s] DEBUG:colcon.colcon_core.event_handler.log_command:Invoked command in '/home/olee/olee_ros2_ws/src/build/ydlidar_ros2_driver' returned '0': CMAKE_PREFIX_PATH=${CMAKE_PREFIX_PATH}:/home/olee/olee_ros2_ws/src/install/master_olee_controller:/home/olee/olee_ros2_ws/install/master_olee_controller:/opt/ros/humble /usr/bin/cmake --install /home/olee/olee_ros2_ws/src/build/ydlidar_ros2_driver
[0.394s] Level 1:colcon.colcon_core.shell:create_environment_hook('ydlidar_ros2_driver', 'cmake_prefix_path')
[0.395s] INFO:colcon.colcon_core.shell:Creating environment hook '/home/olee/olee_ros2_ws/src/install/ydlidar_ros2_driver/share/ydlidar_ros2_driver/hook/cmake_prefix_path.ps1'
[0.395s] INFO:colcon.colcon_core.shell:Creating environment descriptor '/home/olee/olee_ros2_ws/src/install/ydlidar_ros2_driver/share/ydlidar_ros2_driver/hook/cmake_prefix_path.dsv'
[0.395s] INFO:colcon.colcon_core.shell:Creating environment hook '/home/olee/olee_ros2_ws/src/install/ydlidar_ros2_driver/share/ydlidar_ros2_driver/hook/cmake_prefix_path.sh'
[0.395s] Level 1:colcon.colcon_core.environment:checking '/home/olee/olee_ros2_ws/src/install/ydlidar_ros2_driver/lib'
[0.395s] Level 1:colcon.colcon_core.environment:checking '/home/olee/olee_ros2_ws/src/install/ydlidar_ros2_driver/bin'
[0.395s] Level 1:colcon.colcon_core.environment:checking '/home/olee/olee_ros2_ws/src/install/ydlidar_ros2_driver/lib/pkgconfig/ydlidar_ros2_driver.pc'
[0.396s] Level 1:colcon.colcon_core.environment:checking '/home/olee/olee_ros2_ws/src/install/ydlidar_ros2_driver/lib/python3.10/site-packages'
[0.396s] Level 1:colcon.colcon_core.environment:checking '/home/olee/olee_ros2_ws/src/install/ydlidar_ros2_driver/bin'
[0.396s] INFO:colcon.colcon_core.shell:Creating package script '/home/olee/olee_ros2_ws/src/install/ydlidar_ros2_driver/share/ydlidar_ros2_driver/package.ps1'
[0.396s] INFO:colcon.colcon_core.shell:Creating package descriptor '/home/olee/olee_ros2_ws/src/install/ydlidar_ros2_driver/share/ydlidar_ros2_driver/package.dsv'
[0.397s] INFO:colcon.colcon_core.shell:Creating package script '/home/olee/olee_ros2_ws/src/install/ydlidar_ros2_driver/share/ydlidar_ros2_driver/package.sh'
[0.397s] INFO:colcon.colcon_core.shell:Creating package script '/home/olee/olee_ros2_ws/src/install/ydlidar_ros2_driver/share/ydlidar_ros2_driver/package.bash'
[0.397s] INFO:colcon.colcon_core.shell:Creating package script '/home/olee/olee_ros2_ws/src/install/ydlidar_ros2_driver/share/ydlidar_ros2_driver/package.zsh'
[0.397s] Level 1:colcon.colcon_core.environment:create_file_with_runtime_dependencies(/home/olee/olee_ros2_ws/src/install/ydlidar_ros2_driver/share/colcon-core/packages/ydlidar_ros2_driver)
[0.397s] Level 1:colcon.colcon_core.environment:create_environment_scripts_only(ydlidar_ros2_driver)
[0.398s] Level 1:colcon.colcon_core.environment:checking '/home/olee/olee_ros2_ws/src/install/ydlidar_ros2_driver' for CMake module files
[0.398s] Level 1:colcon.colcon_core.environment:checking '/home/olee/olee_ros2_ws/src/install/ydlidar_ros2_driver' for CMake config files
[0.398s] Level 1:colcon.colcon_core.shell:create_environment_hook('ydlidar_ros2_driver', 'cmake_prefix_path')
[0.398s] INFO:colcon.colcon_core.shell:Creating environment hook '/home/olee/olee_ros2_ws/src/install/ydlidar_ros2_driver/share/ydlidar_ros2_driver/hook/cmake_prefix_path.ps1'
[0.398s] INFO:colcon.colcon_core.shell:Creating environment descriptor '/home/olee/olee_ros2_ws/src/install/ydlidar_ros2_driver/share/ydlidar_ros2_driver/hook/cmake_prefix_path.dsv'
[0.399s] INFO:colcon.colcon_core.shell:Creating environment hook '/home/olee/olee_ros2_ws/src/install/ydlidar_ros2_driver/share/ydlidar_ros2_driver/hook/cmake_prefix_path.sh'
[0.399s] Level 1:colcon.colcon_core.environment:checking '/home/olee/olee_ros2_ws/src/install/ydlidar_ros2_driver/lib'
[0.399s] Level 1:colcon.colcon_core.environment:checking '/home/olee/olee_ros2_ws/src/install/ydlidar_ros2_driver/bin'
[0.399s] Level 1:colcon.colcon_core.environment:checking '/home/olee/olee_ros2_ws/src/install/ydlidar_ros2_driver/lib/pkgconfig/ydlidar_ros2_driver.pc'
[0.399s] Level 1:colcon.colcon_core.environment:checking '/home/olee/olee_ros2_ws/src/install/ydlidar_ros2_driver/lib/python3.10/site-packages'
[0.399s] Level 1:colcon.colcon_core.environment:checking '/home/olee/olee_ros2_ws/src/install/ydlidar_ros2_driver/bin'
[0.399s] INFO:colcon.colcon_core.shell:Creating package script '/home/olee/olee_ros2_ws/src/install/ydlidar_ros2_driver/share/ydlidar_ros2_driver/package.ps1'
[0.400s] INFO:colcon.colcon_core.shell:Creating package descriptor '/home/olee/olee_ros2_ws/src/install/ydlidar_ros2_driver/share/ydlidar_ros2_driver/package.dsv'
[0.400s] INFO:colcon.colcon_core.shell:Creating package script '/home/olee/olee_ros2_ws/src/install/ydlidar_ros2_driver/share/ydlidar_ros2_driver/package.sh'
[0.400s] INFO:colcon.colcon_core.shell:Creating package script '/home/olee/olee_ros2_ws/src/install/ydlidar_ros2_driver/share/ydlidar_ros2_driver/package.bash'
[0.400s] INFO:colcon.colcon_core.shell:Creating package script '/home/olee/olee_ros2_ws/src/install/ydlidar_ros2_driver/share/ydlidar_ros2_driver/package.zsh'
[0.401s] Level 1:colcon.colcon_core.environment:create_file_with_runtime_dependencies(/home/olee/olee_ros2_ws/src/install/ydlidar_ros2_driver/share/colcon-core/packages/ydlidar_ros2_driver)
[0.406s] DEBUG:colcon.colcon_core.event_handler.log_command:Invoked command in '/home/olee/olee_ros2_ws/src/build/ydlidar_sdk' returned '0': /usr/bin/cmake --build /home/olee/olee_ros2_ws/src/build/ydlidar_sdk -- -j12 -l12
[0.407s] DEBUG:colcon.colcon_core.event_handler.log_command:Invoking command in '/home/olee/olee_ros2_ws/src/build/ydlidar_sdk': /usr/bin/cmake --install /home/olee/olee_ros2_ws/src/build/ydlidar_sdk
[0.425s] Level 1:colcon.colcon_core.environment:create_environment_scripts_only(ydlidar_sdk)
[0.426s] Level 1:colcon.colcon_core.environment:checking '/home/olee/olee_ros2_ws/src/install/ydlidar_sdk' for CMake module files
[0.426s] DEBUG:colcon.colcon_core.event_handler.log_command:Invoked command in '/home/olee/olee_ros2_ws/src/build/ydlidar_sdk' returned '0': /usr/bin/cmake --install /home/olee/olee_ros2_ws/src/build/ydlidar_sdk
[0.427s] Level 1:colcon.colcon_core.environment:checking '/home/olee/olee_ros2_ws/src/install/ydlidar_sdk' for CMake config files
[0.427s] Level 1:colcon.colcon_core.shell:create_environment_hook('ydlidar_sdk', 'cmake_prefix_path')
[0.428s] INFO:colcon.colcon_core.shell:Creating environment hook '/home/olee/olee_ros2_ws/src/install/ydlidar_sdk/share/ydlidar_sdk/hook/cmake_prefix_path.ps1'
[0.428s] INFO:colcon.colcon_core.shell:Creating environment descriptor '/home/olee/olee_ros2_ws/src/install/ydlidar_sdk/share/ydlidar_sdk/hook/cmake_prefix_path.dsv'
[0.428s] INFO:colcon.colcon_core.shell:Creating environment hook '/home/olee/olee_ros2_ws/src/install/ydlidar_sdk/share/ydlidar_sdk/hook/cmake_prefix_path.sh'
[0.429s] Level 1:colcon.colcon_core.environment:checking '/home/olee/olee_ros2_ws/src/install/ydlidar_sdk/lib'
[0.429s] Level 1:colcon.colcon_core.environment:checking '/home/olee/olee_ros2_ws/src/install/ydlidar_sdk/bin'
[0.429s] Level 1:colcon.colcon_core.shell:create_environment_hook('ydlidar_sdk', 'path')
[0.430s] INFO:colcon.colcon_core.shell:Creating environment hook '/home/olee/olee_ros2_ws/src/install/ydlidar_sdk/share/ydlidar_sdk/hook/path.ps1'
[0.430s] INFO:colcon.colcon_core.shell:Creating environment descriptor '/home/olee/olee_ros2_ws/src/install/ydlidar_sdk/share/ydlidar_sdk/hook/path.dsv'
[0.430s] INFO:colcon.colcon_core.shell:Creating environment hook '/home/olee/olee_ros2_ws/src/install/ydlidar_sdk/share/ydlidar_sdk/hook/path.sh'
[0.431s] Level 1:colcon.colcon_core.environment:checking '/home/olee/olee_ros2_ws/src/install/ydlidar_sdk/lib/pkgconfig/ydlidar_sdk.pc'
[0.431s] Level 1:colcon.colcon_core.environment:checking '/home/olee/olee_ros2_ws/src/install/ydlidar_sdk/lib/python3.10/site-packages'
[0.432s] Level 1:colcon.colcon_core.environment:checking '/home/olee/olee_ros2_ws/src/install/ydlidar_sdk/bin'
[0.432s] Level 1:colcon.colcon_core.shell:create_environment_hook('ydlidar_sdk', 'pythonscriptspath')
[0.432s] INFO:colcon.colcon_core.shell:Creating environment hook '/home/olee/olee_ros2_ws/src/install/ydlidar_sdk/share/ydlidar_sdk/hook/pythonscriptspath.ps1'
[0.432s] INFO:colcon.colcon_core.shell:Creating environment descriptor '/home/olee/olee_ros2_ws/src/install/ydlidar_sdk/share/ydlidar_sdk/hook/pythonscriptspath.dsv'
[0.433s] INFO:colcon.colcon_core.shell:Creating environment hook '/home/olee/olee_ros2_ws/src/install/ydlidar_sdk/share/ydlidar_sdk/hook/pythonscriptspath.sh'
[0.433s] INFO:colcon.colcon_core.shell:Creating package script '/home/olee/olee_ros2_ws/src/install/ydlidar_sdk/share/ydlidar_sdk/package.ps1'
[0.434s] INFO:colcon.colcon_core.shell:Creating package descriptor '/home/olee/olee_ros2_ws/src/install/ydlidar_sdk/share/ydlidar_sdk/package.dsv'
[0.434s] INFO:colcon.colcon_core.shell:Creating package script '/home/olee/olee_ros2_ws/src/install/ydlidar_sdk/share/ydlidar_sdk/package.sh'
[0.434s] INFO:colcon.colcon_core.shell:Creating package script '/home/olee/olee_ros2_ws/src/install/ydlidar_sdk/share/ydlidar_sdk/package.bash'
[0.434s] INFO:colcon.colcon_core.shell:Creating package script '/home/olee/olee_ros2_ws/src/install/ydlidar_sdk/share/ydlidar_sdk/package.zsh'
[0.434s] Level 1:colcon.colcon_core.environment:create_file_with_runtime_dependencies(/home/olee/olee_ros2_ws/src/install/ydlidar_sdk/share/colcon-core/packages/ydlidar_sdk)
[0.701s] DEBUG:colcon.colcon_core.event_handler.log_command:Invoking command in '/home/olee/olee_ros2_ws/src/build/master_olee_controller': PYTHONPATH=/home/olee/olee_ros2_ws/src/build/master_olee_controller/prefix_override:/usr/lib/python3/dist-packages/colcon_core/task/python/colcon_distutils_commands:/home/olee/olee_ros2_ws/src/install/master_olee_controller/lib/python3.10/site-packages:${PYTHONPATH} /usr/bin/python3 -W ignore:setup.py install is deprecated -W ignore:easy_install command is deprecated setup.py develop --editable --build-directory /home/olee/olee_ros2_ws/src/build/master_olee_controller/build --no-deps symlink_data
[1.061s] Level 1:colcon.colcon_core.shell:create_environment_hook('master_olee_controller', 'pythonpath_develop')
[1.061s] INFO:colcon.colcon_core.shell:Creating environment hook '/home/olee/olee_ros2_ws/src/build/master_olee_controller/share/master_olee_controller/hook/pythonpath_develop.ps1'
[1.062s] DEBUG:colcon.colcon_core.event_handler.log_command:Invoked command in '/home/olee/olee_ros2_ws/src/build/master_olee_controller' returned '0': PYTHONPATH=/home/olee/olee_ros2_ws/src/build/master_olee_controller/prefix_override:/usr/lib/python3/dist-packages/colcon_core/task/python/colcon_distutils_commands:/home/olee/olee_ros2_ws/src/install/master_olee_controller/lib/python3.10/site-packages:${PYTHONPATH} /usr/bin/python3 -W ignore:setup.py install is deprecated -W ignore:easy_install command is deprecated setup.py develop --editable --build-directory /home/olee/olee_ros2_ws/src/build/master_olee_controller/build --no-deps symlink_data
[1.062s] INFO:colcon.colcon_core.shell:Creating environment descriptor '/home/olee/olee_ros2_ws/src/build/master_olee_controller/share/master_olee_controller/hook/pythonpath_develop.dsv'
[1.062s] INFO:colcon.colcon_core.shell:Creating environment hook '/home/olee/olee_ros2_ws/src/build/master_olee_controller/share/master_olee_controller/hook/pythonpath_develop.sh'
[1.063s] Level 1:colcon.colcon_core.environment:checking '/home/olee/olee_ros2_ws/src/install/master_olee_controller' for CMake module files
[1.063s] Level 1:colcon.colcon_core.environment:checking '/home/olee/olee_ros2_ws/src/install/master_olee_controller' for CMake config files
[1.064s] Level 1:colcon.colcon_core.environment:checking '/home/olee/olee_ros2_ws/src/install/master_olee_controller/lib'
[1.064s] Level 1:colcon.colcon_core.environment:checking '/home/olee/olee_ros2_ws/src/install/master_olee_controller/bin'
[1.064s] Level 1:colcon.colcon_core.environment:checking '/home/olee/olee_ros2_ws/src/install/master_olee_controller/lib/pkgconfig/master_olee_controller.pc'
[1.064s] Level 1:colcon.colcon_core.environment:checking '/home/olee/olee_ros2_ws/src/install/master_olee_controller/lib/python3.10/site-packages'
[1.064s] Level 1:colcon.colcon_core.shell:create_environment_hook('master_olee_controller', 'pythonpath')
[1.064s] INFO:colcon.colcon_core.shell:Creating environment hook '/home/olee/olee_ros2_ws/src/install/master_olee_controller/share/master_olee_controller/hook/pythonpath.ps1'
[1.065s] INFO:colcon.colcon_core.shell:Creating environment descriptor '/home/olee/olee_ros2_ws/src/install/master_olee_controller/share/master_olee_controller/hook/pythonpath.dsv'
[1.065s] INFO:colcon.colcon_core.shell:Creating environment hook '/home/olee/olee_ros2_ws/src/install/master_olee_controller/share/master_olee_controller/hook/pythonpath.sh'
[1.066s] Level 1:colcon.colcon_core.environment:checking '/home/olee/olee_ros2_ws/src/install/master_olee_controller/bin'
[1.066s] Level 1:colcon.colcon_core.environment:create_environment_scripts_only(master_olee_controller)
[1.066s] INFO:colcon.colcon_core.shell:Creating package script '/home/olee/olee_ros2_ws/src/install/master_olee_controller/share/master_olee_controller/package.ps1'
[1.067s] INFO:colcon.colcon_core.shell:Creating package descriptor '/home/olee/olee_ros2_ws/src/install/master_olee_controller/share/master_olee_controller/package.dsv'
[1.067s] INFO:colcon.colcon_core.shell:Creating package script '/home/olee/olee_ros2_ws/src/install/master_olee_controller/share/master_olee_controller/package.sh'
[1.068s] INFO:colcon.colcon_core.shell:Creating package script '/home/olee/olee_ros2_ws/src/install/master_olee_controller/share/master_olee_controller/package.bash'
[1.068s] INFO:colcon.colcon_core.shell:Creating package script '/home/olee/olee_ros2_ws/src/install/master_olee_controller/share/master_olee_controller/package.zsh'
[1.068s] Level 1:colcon.colcon_core.environment:create_file_with_runtime_dependencies(/home/olee/olee_ros2_ws/src/install/master_olee_controller/share/colcon-core/packages/master_olee_controller)
[3.628s] DEBUG:colcon.colcon_core.event_handler.log_command:Invoked command in '/home/olee/olee_ros2_ws/src/build/slam_toolbox' returned '0': CMAKE_PREFIX_PATH=${CMAKE_PREFIX_PATH}:/home/olee/olee_ros2_ws/src/install/master_olee_controller:/home/olee/olee_ros2_ws/install/master_olee_controller:/opt/ros/humble /usr/bin/cmake /home/olee/olee_ros2_ws/src/slam_toolbox-humble -DAMENT_CMAKE_SYMLINK_INSTALL=1 -DCMAKE_INSTALL_PREFIX=/home/olee/olee_ros2_ws/src/install/slam_toolbox
[3.630s] DEBUG:colcon.colcon_core.event_handler.log_command:Invoking command in '/home/olee/olee_ros2_ws/src/build/slam_toolbox': CMAKE_PREFIX_PATH=${CMAKE_PREFIX_PATH}:/home/olee/olee_ros2_ws/src/install/master_olee_controller:/home/olee/olee_ros2_ws/install/master_olee_controller:/opt/ros/humble /usr/bin/cmake --build /home/olee/olee_ros2_ws/src/build/slam_toolbox -- -j12 -l12
[99.984s] DEBUG:colcon.colcon_core.event_handler.log_command:Invoked command in '/home/olee/olee_ros2_ws/src/build/slam_toolbox' returned '0': CMAKE_PREFIX_PATH=${CMAKE_PREFIX_PATH}:/home/olee/olee_ros2_ws/src/install/master_olee_controller:/home/olee/olee_ros2_ws/install/master_olee_controller:/opt/ros/humble /usr/bin/cmake --build /home/olee/olee_ros2_ws/src/build/slam_toolbox -- -j12 -l12
[99.987s] DEBUG:colcon.colcon_core.event_handler.log_command:Invoking command in '/home/olee/olee_ros2_ws/src/build/slam_toolbox': CMAKE_PREFIX_PATH=${CMAKE_PREFIX_PATH}:/home/olee/olee_ros2_ws/src/install/master_olee_controller:/home/olee/olee_ros2_ws/install/master_olee_controller:/opt/ros/humble /usr/bin/cmake --install /home/olee/olee_ros2_ws/src/build/slam_toolbox
[102.796s] Level 1:colcon.colcon_core.environment:create_environment_scripts_only(slam_toolbox)
[102.797s] Level 1:colcon.colcon_core.environment:checking '/home/olee/olee_ros2_ws/src/install/slam_toolbox' for CMake module files
[102.798s] DEBUG:colcon.colcon_core.event_handler.log_command:Invoked command in '/home/olee/olee_ros2_ws/src/build/slam_toolbox' returned '0': CMAKE_PREFIX_PATH=${CMAKE_PREFIX_PATH}:/home/olee/olee_ros2_ws/src/install/master_olee_controller:/home/olee/olee_ros2_ws/install/master_olee_controller:/opt/ros/humble /usr/bin/cmake --install /home/olee/olee_ros2_ws/src/build/slam_toolbox
[102.798s] Level 1:colcon.colcon_core.environment:checking '/home/olee/olee_ros2_ws/src/install/slam_toolbox' for CMake config files
[102.799s] Level 1:colcon.colcon_core.shell:create_environment_hook('slam_toolbox', 'cmake_prefix_path')
[102.799s] INFO:colcon.colcon_core.shell:Creating environment hook '/home/olee/olee_ros2_ws/src/install/slam_toolbox/share/slam_toolbox/hook/cmake_prefix_path.ps1'
[102.800s] INFO:colcon.colcon_core.shell:Creating environment descriptor '/home/olee/olee_ros2_ws/src/install/slam_toolbox/share/slam_toolbox/hook/cmake_prefix_path.dsv'
[102.801s] INFO:colcon.colcon_core.shell:Creating environment hook '/home/olee/olee_ros2_ws/src/install/slam_toolbox/share/slam_toolbox/hook/cmake_prefix_path.sh'
[102.802s] Level 1:colcon.colcon_core.environment:checking '/home/olee/olee_ros2_ws/src/install/slam_toolbox/lib'
[102.802s] Level 1:colcon.colcon_core.shell:create_environment_hook('slam_toolbox', 'ld_library_path_lib')
[102.802s] INFO:colcon.colcon_core.shell:Creating environment hook '/home/olee/olee_ros2_ws/src/install/slam_toolbox/share/slam_toolbox/hook/ld_library_path_lib.ps1'
[102.802s] INFO:colcon.colcon_core.shell:Creating environment descriptor '/home/olee/olee_ros2_ws/src/install/slam_toolbox/share/slam_toolbox/hook/ld_library_path_lib.dsv'
[102.803s] INFO:colcon.colcon_core.shell:Creating environment hook '/home/olee/olee_ros2_ws/src/install/slam_toolbox/share/slam_toolbox/hook/ld_library_path_lib.sh'
[102.803s] Level 1:colcon.colcon_core.environment:checking '/home/olee/olee_ros2_ws/src/install/slam_toolbox/bin'
[102.803s] Level 1:colcon.colcon_core.environment:checking '/home/olee/olee_ros2_ws/src/install/slam_toolbox/lib/pkgconfig/slam_toolbox.pc'
[102.804s] Level 1:colcon.colcon_core.environment:checking '/home/olee/olee_ros2_ws/src/install/slam_toolbox/lib/python3.10/site-packages'
[102.804s] Level 1:colcon.colcon_core.environment:checking '/home/olee/olee_ros2_ws/src/install/slam_toolbox/bin'
[102.804s] INFO:colcon.colcon_core.shell:Creating package script '/home/olee/olee_ros2_ws/src/install/slam_toolbox/share/slam_toolbox/package.ps1'
[102.805s] INFO:colcon.colcon_core.shell:Creating package descriptor '/home/olee/olee_ros2_ws/src/install/slam_toolbox/share/slam_toolbox/package.dsv'
[102.805s] INFO:colcon.colcon_core.shell:Creating package script '/home/olee/olee_ros2_ws/src/install/slam_toolbox/share/slam_toolbox/package.sh'
[102.806s] INFO:colcon.colcon_core.shell:Creating package script '/home/olee/olee_ros2_ws/src/install/slam_toolbox/share/slam_toolbox/package.bash'
[102.806s] INFO:colcon.colcon_core.shell:Creating package script '/home/olee/olee_ros2_ws/src/install/slam_toolbox/share/slam_toolbox/package.zsh'
[102.806s] Level 1:colcon.colcon_core.environment:create_file_with_runtime_dependencies(/home/olee/olee_ros2_ws/src/install/slam_toolbox/share/colcon-core/packages/slam_toolbox)
[102.806s] Level 1:colcon.colcon_core.environment:create_environment_scripts_only(slam_toolbox)
[102.807s] Level 1:colcon.colcon_core.environment:checking '/home/olee/olee_ros2_ws/src/install/slam_toolbox' for CMake module files
[102.807s] Level 1:colcon.colcon_core.environment:checking '/home/olee/olee_ros2_ws/src/install/slam_toolbox' for CMake config files
[102.807s] Level 1:colcon.colcon_core.shell:create_environment_hook('slam_toolbox', 'cmake_prefix_path')
[102.807s] INFO:colcon.colcon_core.shell:Creating environment hook '/home/olee/olee_ros2_ws/src/install/slam_toolbox/share/slam_toolbox/hook/cmake_prefix_path.ps1'
[102.808s] INFO:colcon.colcon_core.shell:Creating environment descriptor '/home/olee/olee_ros2_ws/src/install/slam_toolbox/share/slam_toolbox/hook/cmake_prefix_path.dsv'
[102.808s] INFO:colcon.colcon_core.shell:Creating environment hook '/home/olee/olee_ros2_ws/src/install/slam_toolbox/share/slam_toolbox/hook/cmake_prefix_path.sh'
[102.808s] Level 1:colcon.colcon_core.environment:checking '/home/olee/olee_ros2_ws/src/install/slam_toolbox/lib'
[102.808s] Level 1:colcon.colcon_core.shell:create_environment_hook('slam_toolbox', 'ld_library_path_lib')
[102.808s] INFO:colcon.colcon_core.shell:Creating environment hook '/home/olee/olee_ros2_ws/src/install/slam_toolbox/share/slam_toolbox/hook/ld_library_path_lib.ps1'
[102.808s] INFO:colcon.colcon_core.shell:Creating environment descriptor '/home/olee/olee_ros2_ws/src/install/slam_toolbox/share/slam_toolbox/hook/ld_library_path_lib.dsv'
[102.809s] INFO:colcon.colcon_core.shell:Creating environment hook '/home/olee/olee_ros2_ws/src/install/slam_toolbox/share/slam_toolbox/hook/ld_library_path_lib.sh'
[102.809s] Level 1:colcon.colcon_core.environment:checking '/home/olee/olee_ros2_ws/src/install/slam_toolbox/bin'
[102.809s] Level 1:colcon.colcon_core.environment:checking '/home/olee/olee_ros2_ws/src/install/slam_toolbox/lib/pkgconfig/slam_toolbox.pc'
[102.809s] Level 1:colcon.colcon_core.environment:checking '/home/olee/olee_ros2_ws/src/install/slam_toolbox/lib/python3.10/site-packages'
[102.809s] Level 1:colcon.colcon_core.environment:checking '/home/olee/olee_ros2_ws/src/install/slam_toolbox/bin'
[102.809s] INFO:colcon.colcon_core.shell:Creating package script '/home/olee/olee_ros2_ws/src/install/slam_toolbox/share/slam_toolbox/package.ps1'
[102.810s] INFO:colcon.colcon_core.shell:Creating package descriptor '/home/olee/olee_ros2_ws/src/install/slam_toolbox/share/slam_toolbox/package.dsv'
[102.810s] INFO:colcon.colcon_core.shell:Creating package script '/home/olee/olee_ros2_ws/src/install/slam_toolbox/share/slam_toolbox/package.sh'
[102.811s] INFO:colcon.colcon_core.shell:Creating package script '/home/olee/olee_ros2_ws/src/install/slam_toolbox/share/slam_toolbox/package.bash'
[102.811s] INFO:colcon.colcon_core.shell:Creating package script '/home/olee/olee_ros2_ws/src/install/slam_toolbox/share/slam_toolbox/package.zsh'
[102.811s] Level 1:colcon.colcon_core.environment:create_file_with_runtime_dependencies(/home/olee/olee_ros2_ws/src/install/slam_toolbox/share/colcon-core/packages/slam_toolbox)
[102.811s] DEBUG:colcon.colcon_parallel_executor.executor.parallel:closing loop
[102.811s] DEBUG:colcon.colcon_parallel_executor.executor.parallel:loop closed
[102.811s] DEBUG:colcon.colcon_parallel_executor.executor.parallel:run_until_complete finished with '0'
[102.811s] DEBUG:colcon.colcon_core.event_reactor:joining thread
[102.816s] INFO:colcon.colcon_core.plugin_system:Skipping extension 'colcon_notification.desktop_notification.terminal_notifier': Not used on non-Darwin systems
[102.816s] INFO:colcon.colcon_core.plugin_system:Skipping extension 'colcon_notification.desktop_notification.win32': Not used on non-Windows systems
[102.816s] INFO:colcon.colcon_notification.desktop_notification:Sending desktop notification using 'notify2'
[102.827s] DEBUG:colcon.colcon_core.event_reactor:joined thread
[102.828s] INFO:colcon.colcon_core.shell:Creating prefix script '/home/olee/olee_ros2_ws/src/install/local_setup.ps1'
[102.828s] INFO:colcon.colcon_core.shell:Creating prefix util module '/home/olee/olee_ros2_ws/src/install/_local_setup_util_ps1.py'
[102.829s] INFO:colcon.colcon_core.shell:Creating prefix chain script '/home/olee/olee_ros2_ws/src/install/setup.ps1'
[102.831s] INFO:colcon.colcon_core.shell:Creating prefix script '/home/olee/olee_ros2_ws/src/install/local_setup.sh'
[102.831s] INFO:colcon.colcon_core.shell:Creating prefix util module '/home/olee/olee_ros2_ws/src/install/_local_setup_util_sh.py'
[102.832s] INFO:colcon.colcon_core.shell:Creating prefix chain script '/home/olee/olee_ros2_ws/src/install/setup.sh'
[102.833s] INFO:colcon.colcon_core.shell:Creating prefix script '/home/olee/olee_ros2_ws/src/install/local_setup.bash'
[102.833s] INFO:colcon.colcon_core.shell:Creating prefix chain script '/home/olee/olee_ros2_ws/src/install/setup.bash'
[102.834s] INFO:colcon.colcon_core.shell:Creating prefix script '/home/olee/olee_ros2_ws/src/install/local_setup.zsh'
[102.834s] INFO:colcon.colcon_core.shell:Creating prefix chain script '/home/olee/olee_ros2_ws/src/install/setup.zsh'
