[0.129s] Invoking command in '/home/olee/olee_ros2_ws/src/build/slam_toolbox': CMAKE_PREFIX_PATH=${CMAKE_PREFIX_PATH}:/home/olee/olee_ros2_ws/src/install/master_olee_controller:/home/olee/olee_ros2_ws/install/master_olee_controller:/opt/ros/humble /usr/bin/cmake /home/olee/olee_ros2_ws/src/slam_toolbox-humble -DAMENT_CMAKE_SYMLINK_INSTALL=1 -DCMAKE_INSTALL_PREFIX=/home/olee/olee_ros2_ws/src/install/slam_toolbox
[0.168s] -- The C compiler identification is GNU 11.4.0
[0.228s] -- The CXX compiler identification is GNU 11.4.0
[0.230s] -- Detecting C compiler ABI info
[0.287s] -- Detecting C compiler ABI info - done
[0.294s] -- Check for working C compiler: /usr/bin/cc - skipped
[0.294s] -- Detecting C compile features
[0.294s] -- Detecting C compile features - done
[0.296s] -- Detecting CXX compiler ABI info
[0.359s] -- Detecting CXX compiler ABI info - done
[0.365s] -- Check for working CXX compiler: /usr/bin/c++ - skipped
[0.365s] -- Detecting CXX compile features
[0.365s] -- Detecting CXX compile features - done
[0.367s] -- Found ament_cmake: 1.3.12 (/opt/ros/humble/share/ament_cmake/cmake)
[0.605s] -- Found Python3: /usr/bin/python3 (found version "3.10.12") found components: Interpreter 
[0.648s] -- Override CMake install command with custom implementation using symlinks instead of copying resources
[0.666s] -- Found message_filters: 4.3.11 (/opt/ros/humble/share/message_filters/cmake)
[0.695s] -- Found rosidl_generator_c: 3.1.7 (/opt/ros/humble/share/rosidl_generator_c/cmake)
[0.698s] -- Found rosidl_adapter: 3.1.7 (/opt/ros/humble/share/rosidl_adapter/cmake)
[0.703s] -- Found rosidl_generator_cpp: 3.1.7 (/opt/ros/humble/share/rosidl_generator_cpp/cmake)
[0.710s] -- Using all available rosidl_typesupport_c: rosidl_typesupport_fastrtps_c;rosidl_typesupport_introspection_c
[0.720s] -- Using all available rosidl_typesupport_cpp: rosidl_typesupport_fastrtps_cpp;rosidl_typesupport_introspection_cpp
[0.746s] -- Found rmw_implementation_cmake: 6.1.2 (/opt/ros/humble/share/rmw_implementation_cmake/cmake)
[0.748s] -- Found rmw_fastrtps_cpp: 6.2.9 (/opt/ros/humble/share/rmw_fastrtps_cpp/cmake)
[0.811s] -- Found OpenSSL: /usr/lib/x86_64-linux-gnu/libcrypto.so (found version "3.0.2")  
[0.831s] -- Found FastRTPS: /opt/ros/humble/include  
[0.865s] -- Using RMW implementation 'rmw_fastrtps_cpp' as default
[0.871s] -- Looking for pthread.h
[0.924s] -- Looking for pthread.h - found
[0.924s] -- Performing Test CMAKE_HAVE_LIBC_PTHREAD
[1.001s] -- Performing Test CMAKE_HAVE_LIBC_PTHREAD - Success
[1.002s] -- Found Threads: TRUE  
[1.045s] -- Found nav_msgs: 4.9.0 (/opt/ros/humble/share/nav_msgs/cmake)
[1.065s] -- Found sensor_msgs: 4.9.0 (/opt/ros/humble/share/sensor_msgs/cmake)
[1.076s] -- Found tf2: 0.25.16 (/opt/ros/humble/share/tf2/cmake)
[1.094s] -- Found tf2_ros: 0.25.16 (/opt/ros/humble/share/tf2_ros/cmake)
[1.156s] -- Found visualization_msgs: 4.9.0 (/opt/ros/humble/share/visualization_msgs/cmake)
[1.168s] -- Found pluginlib: 5.1.2 (/opt/ros/humble/share/pluginlib/cmake)
[1.177s] -- Found tf2_geometry_msgs: 0.25.16 (/opt/ros/humble/share/tf2_geometry_msgs/cmake)
[1.186s] -- Found eigen3_cmake_module: 0.1.1 (/opt/ros/humble/share/eigen3_cmake_module/cmake)
[1.187s] -- Found Eigen3: TRUE (found version "3.4.0") 
[1.187s] -- Ensuring Eigen3 include directory is part of orocos-kdl CMake target
[1.189s] -- Found tf2_sensor_msgs: 0.25.16 (/opt/ros/humble/share/tf2_sensor_msgs/cmake)
[1.192s] -- Found std_srvs: 4.9.0 (/opt/ros/humble/share/std_srvs/cmake)
[1.197s] -- Found rosidl_default_generators: 1.2.0 (/opt/ros/humble/share/rosidl_default_generators/cmake)
[1.202s] -- Found rviz_common: 11.2.22 (/opt/ros/humble/share/rviz_common/cmake)
[1.215s] -- Setting assimp_DIR to: '/opt/ros/humble/share/rviz_assimp_vendor/cmake/../../../opt/rviz_assimp_vendor/lib/cmake/assimp-4.1'
[1.218s] -- Setting OGRE_DIR to: '/opt/ros/humble/share/rviz_ogre_vendor/cmake/../../../opt/rviz_ogre_vendor/lib/OGRE/cmake'
[1.219s] -- Found OGRE
[1.219s] --   static     : OFF
[1.219s] --   components : HLMS;MeshLodGenerator;Overlay;Paging;Property;RTShaderSystem;Terrain;Volume
[1.219s] --   plugins    : Plugin_BSPSceneManager;Plugin_OctreeSceneManager;Plugin_PCZSceneManager;Plugin_ParticleFX;RenderSystem_GL;RenderSystem_GL3Plus;Codec_STBI
[1.219s] --   media      : /opt/ros/humble/opt/rviz_ogre_vendor/share/OGRE/Media
[1.219s] -- OGRE_LIBRARIES: OgreHLMS;OgreMeshLodGenerator;OgreOverlay;OgrePaging;OgreProperty;OgreRTShaderSystem;OgreTerrain;OgreVolume;OgreMain
[1.219s] -- OGRE_LIBRARY_DIRS: /opt/ros/humble/opt/rviz_ogre_vendor/lib
[1.219s] -- OGRE_PLUGINS: Plugin_BSPSceneManager;Plugin_OctreeSceneManager;Plugin_PCZSceneManager;Plugin_ParticleFX;RenderSystem_GL;RenderSystem_GL3Plus;Codec_STBI
[1.219s] -- OGRE_PLUGIN_DIR: /opt/ros/humble/opt/rviz_ogre_vendor/lib/OGRE
[1.220s] -- rviz_ogre_vendor::OgreOverlay for IMPORTED_LOCATION_RELEASE: /opt/ros/humble/opt/rviz_ogre_vendor/lib/libOgreOverlay.so
[1.220s] -- rviz_ogre_vendor::OgreOverlay for IMPORTED_LOCATION_DEBUG: /opt/ros/humble/opt/rviz_ogre_vendor/lib/libOgreOverlay.so
[1.220s] -- rviz_ogre_vendor::OgreMain for IMPORTED_LOCATION_RELEASE: /opt/ros/humble/opt/rviz_ogre_vendor/lib/libOgreMain.so
[1.220s] -- rviz_ogre_vendor::OgreMain for IMPORTED_LOCATION_DEBUG: /opt/ros/humble/opt/rviz_ogre_vendor/lib/libOgreMain.so
[1.232s] -- Found ZLIB: /usr/lib/x86_64-linux-gnu/libz.so (found version "1.2.11") 
[1.236s] -- Found OpenGL: /usr/lib/x86_64-linux-gnu/libOpenGL.so   
[1.321s] -- Found X11: /usr/include   
[1.321s] -- Looking for XOpenDisplay in /usr/lib/x86_64-linux-gnu/libX11.so;/usr/lib/x86_64-linux-gnu/libXext.so
[1.408s] -- Looking for XOpenDisplay in /usr/lib/x86_64-linux-gnu/libX11.so;/usr/lib/x86_64-linux-gnu/libXext.so - found
[1.408s] -- Looking for gethostbyname
[1.480s] -- Looking for gethostbyname - found
[1.481s] -- Looking for connect
[1.567s] -- Looking for connect - found
[1.567s] -- Looking for remove
[1.654s] -- Looking for remove - found
[1.654s] -- Looking for shmat
[1.727s] -- Looking for shmat - found
[1.727s] -- Looking for IceConnectionNumber in ICE
[1.799s] -- Looking for IceConnectionNumber in ICE - found
[1.908s] -- library: /usr/lib/x86_64-linux-gnu/libcurl.so
[1.932s] -- Found rviz_default_plugins: 11.2.22 (/opt/ros/humble/share/rviz_default_plugins/cmake)
[1.976s] -- Found Boost: /usr/lib/x86_64-linux-gnu/cmake/Boost-1.74.0/BoostConfig.cmake (found version "1.74.0") found components: system serialization filesystem thread 
[1.981s] -- Found PkgConfig: /usr/bin/pkg-config (found version "0.29.2") 
[1.987s] -- Found CHOLMOD: /usr/include/suitesparse  
[1.988s] -- Found CSparse: /usr/include/suitesparse  
[2.009s] -- Looking for sgemm_
[2.075s] -- Looking for sgemm_ - not found
[2.112s] -- Looking for sgemm_
[2.189s] -- Looking for sgemm_ - found
[2.190s] -- Found BLAS: /usr/lib/x86_64-linux-gnu/libblas.so  
[2.192s] -- Looking for cheev_
[2.267s] -- Looking for cheev_ - not found
[2.279s] -- Looking for cheev_
[2.322s] -- Looking for cheev_ - not found
[2.323s] -- Looking for cheev_
[2.411s] -- Looking for cheev_ - found
[2.412s] -- Found LAPACK: /usr/lib/x86_64-linux-gnu/liblapack.so;/usr/lib/x86_64-linux-gnu/libblas.so  
[2.418s] -- Found required Ceres dependency: Eigen version 3.4.0 in /usr/include/eigen3
[2.424s] -- Found required Ceres dependency: glog
[2.425s] -- Found required Ceres dependency: gflags
[2.425s] -- Found Ceres version: 2.0.0 installed in: /usr with components: [EigenSparse, SparseLinearAlgebraLibrary, LAPACK, SuiteSparse, CXSparse, SchurSpecializations, Multithreading]
[2.676s] -- Found ament_cmake_ros: 0.10.0 (/opt/ros/humble/share/ament_cmake_ros/cmake)
[2.986s] -- Using all available rosidl_typesupport_c: rosidl_typesupport_fastrtps_c;rosidl_typesupport_introspection_c
[3.124s] -- Using all available rosidl_typesupport_cpp: rosidl_typesupport_fastrtps_cpp;rosidl_typesupport_introspection_cpp
[3.148s] -- Found PythonInterp: /usr/bin/python3 (found suitable version "3.10.12", minimum required is "3.6") 
[3.150s] -- Found python_cmake_module: 0.10.0 (/opt/ros/humble/share/python_cmake_module/cmake)
[3.177s] -- Found PythonLibs: /usr/lib/x86_64-linux-gnu/libpython3.10.so (found suitable version "3.10.12", minimum required is "3.5") 
[3.177s] -- Using PYTHON_EXECUTABLE: /usr/bin/python3
[3.178s] -- Using PYTHON_INCLUDE_DIRS: /usr/include/python3.10
[3.178s] -- Using PYTHON_LIBRARIES: /usr/lib/x86_64-linux-gnu/libpython3.10.so
[3.199s] -- Found PythonExtra: .so  
[3.284s] -- Configuring done
[3.424s] -- Generating done
[3.460s] -- Build files have been written to: /home/olee/olee_ros2_ws/src/build/slam_toolbox
[3.472s] Invoked command in '/home/olee/olee_ros2_ws/src/build/slam_toolbox' returned '0': CMAKE_PREFIX_PATH=${CMAKE_PREFIX_PATH}:/home/olee/olee_ros2_ws/src/install/master_olee_controller:/home/olee/olee_ros2_ws/install/master_olee_controller:/opt/ros/humble /usr/bin/cmake /home/olee/olee_ros2_ws/src/slam_toolbox-humble -DAMENT_CMAKE_SYMLINK_INSTALL=1 -DCMAKE_INSTALL_PREFIX=/home/olee/olee_ros2_ws/src/install/slam_toolbox
[3.473s] Invoking command in '/home/olee/olee_ros2_ws/src/build/slam_toolbox': CMAKE_PREFIX_PATH=${CMAKE_PREFIX_PATH}:/home/olee/olee_ros2_ws/src/install/master_olee_controller:/home/olee/olee_ros2_ws/install/master_olee_controller:/opt/ros/humble /usr/bin/cmake --build /home/olee/olee_ros2_ws/src/build/slam_toolbox -- -j12 -l12
[3.521s] [  1%] [34m[1mGenerating C code for ROS interfaces[0m
[3.527s] [  2%] [32mBuilding CXX object lib/karto_sdk/CMakeFiles/kartoSlamToolbox.dir/src/Mapper.cpp.o[0m
[3.529s] [  2%] [32mBuilding CXX object lib/karto_sdk/CMakeFiles/kartoSlamToolbox.dir/src/Karto.cpp.o[0m
[3.530s] [  3%] [34m[1mGenerating C++ code for ROS interfaces[0m
[3.537s] [  3%] Built target ament_cmake_python_symlink_slam_toolbox
[3.681s] running egg_info
[3.681s] creating slam_toolbox.egg-info
[3.690s] writing slam_toolbox.egg-info/PKG-INFO
[3.690s] writing dependency_links to slam_toolbox.egg-info/dependency_links.txt
[3.690s] writing top-level names to slam_toolbox.egg-info/top_level.txt
[3.690s] writing manifest file 'slam_toolbox.egg-info/SOURCES.txt'
[3.717s] reading manifest file 'slam_toolbox.egg-info/SOURCES.txt'
[3.717s] writing manifest file 'slam_toolbox.egg-info/SOURCES.txt'
[3.738s] [  3%] Built target ament_cmake_python_build_slam_toolbox_egg
[4.139s] [  3%] Built target slam_toolbox__cpp
[4.147s] [  3%] [34m[1mGenerating C++ type support dispatch for ROS interfaces[0m
[4.149s] [  5%] [34m[1mGenerating C++ introspection for ROS interfaces[0m
[4.149s] [  5%] [34m[1mGenerating C++ type support for eProsima Fast-RTPS[0m
[4.254s] [  7%] [32mBuilding C object CMakeFiles/slam_toolbox__rosidl_generator_c.dir/rosidl_generator_c/slam_toolbox/srv/detail/save_map__functions.c.o[0m
[4.254s] [  7%] [32mBuilding C object CMakeFiles/slam_toolbox__rosidl_generator_c.dir/rosidl_generator_c/slam_toolbox/srv/detail/toggle_interactive__functions.c.o[0m
[4.254s] [  7%] [32mBuilding C object CMakeFiles/slam_toolbox__rosidl_generator_c.dir/rosidl_generator_c/slam_toolbox/srv/detail/clear_queue__functions.c.o[0m
[4.254s] [  9%] [32mBuilding C object CMakeFiles/slam_toolbox__rosidl_generator_c.dir/rosidl_generator_c/slam_toolbox/srv/detail/pause__functions.c.o[0m
[4.254s] [  8%] [32mBuilding C object CMakeFiles/slam_toolbox__rosidl_generator_c.dir/rosidl_generator_c/slam_toolbox/srv/detail/clear__functions.c.o[0m
[4.254s] [  9%] [32mBuilding C object CMakeFiles/slam_toolbox__rosidl_generator_c.dir/rosidl_generator_c/slam_toolbox/srv/detail/loop_closure__functions.c.o[0m
[4.255s] [ 10%] [32mBuilding C object CMakeFiles/slam_toolbox__rosidl_generator_c.dir/rosidl_generator_c/slam_toolbox/srv/detail/merge_maps__functions.c.o[0m
[4.380s] [ 10%] [32mBuilding C object CMakeFiles/slam_toolbox__rosidl_generator_c.dir/rosidl_generator_c/slam_toolbox/srv/detail/deserialize_pose_graph__functions.c.o[0m
[4.380s] [ 11%] [32mBuilding C object CMakeFiles/slam_toolbox__rosidl_generator_c.dir/rosidl_generator_c/slam_toolbox/srv/detail/add_submap__functions.c.o[0m
[4.388s] [ 12%] [32mBuilding C object CMakeFiles/slam_toolbox__rosidl_generator_c.dir/rosidl_generator_c/slam_toolbox/srv/detail/serialize_pose_graph__functions.c.o[0m
[4.528s] [ 13%] [32m[1mLinking C shared library libslam_toolbox__rosidl_generator_c.so[0m
[4.568s] [ 13%] Built target slam_toolbox__rosidl_generator_c
[4.579s] [ 15%] [34m[1mGenerating C type support for eProsima Fast-RTPS[0m
[4.579s] [ 15%] [34m[1mGenerating C introspection for ROS interfaces[0m
[4.579s] [ 15%] [34m[1mGenerating C type support dispatch for ROS interfaces[0m
[4.671s] [ 17%] [32mBuilding CXX object CMakeFiles/slam_toolbox__rosidl_typesupport_introspection_cpp.dir/rosidl_typesupport_introspection_cpp/slam_toolbox/srv/detail/clear_queue__type_support.cpp.o[0m
[4.671s] [ 17%] [32mBuilding CXX object CMakeFiles/slam_toolbox__rosidl_typesupport_introspection_cpp.dir/rosidl_typesupport_introspection_cpp/slam_toolbox/srv/detail/toggle_interactive__type_support.cpp.o[0m
[4.671s] [ 17%] [32mBuilding CXX object CMakeFiles/slam_toolbox__rosidl_typesupport_introspection_cpp.dir/rosidl_typesupport_introspection_cpp/slam_toolbox/srv/detail/pause__type_support.cpp.o[0m
[4.671s] [ 17%] [32mBuilding CXX object CMakeFiles/slam_toolbox__rosidl_typesupport_introspection_cpp.dir/rosidl_typesupport_introspection_cpp/slam_toolbox/srv/detail/clear__type_support.cpp.o[0m
[4.671s] [ 18%] [32mBuilding CXX object CMakeFiles/slam_toolbox__rosidl_typesupport_introspection_cpp.dir/rosidl_typesupport_introspection_cpp/slam_toolbox/srv/detail/save_map__type_support.cpp.o[0m
[4.832s] [ 19%] [32mBuilding CXX object CMakeFiles/slam_toolbox__rosidl_typesupport_cpp.dir/rosidl_typesupport_cpp/slam_toolbox/srv/pause__type_support.cpp.o[0m
[5.071s] [ 20%] [32mBuilding CXX object CMakeFiles/slam_toolbox__rosidl_typesupport_introspection_cpp.dir/rosidl_typesupport_introspection_cpp/slam_toolbox/srv/detail/loop_closure__type_support.cpp.o[0m
[5.087s] [ 21%] [32mBuilding CXX object CMakeFiles/slam_toolbox__rosidl_typesupport_introspection_cpp.dir/rosidl_typesupport_introspection_cpp/slam_toolbox/srv/detail/merge_maps__type_support.cpp.o[0m
[5.100s] [ 22%] [32mBuilding CXX object CMakeFiles/slam_toolbox__rosidl_typesupport_fastrtps_cpp.dir/rosidl_typesupport_fastrtps_cpp/slam_toolbox/srv/detail/dds_fastrtps/pause__type_support.cpp.o[0m
[5.127s] [ 23%] [32mBuilding CXX object CMakeFiles/slam_toolbox__rosidl_typesupport_cpp.dir/rosidl_typesupport_cpp/slam_toolbox/srv/clear_queue__type_support.cpp.o[0m
[5.132s] [ 23%] [32mBuilding CXX object CMakeFiles/slam_toolbox__rosidl_typesupport_fastrtps_cpp.dir/rosidl_typesupport_fastrtps_cpp/slam_toolbox/srv/detail/dds_fastrtps/clear_queue__type_support.cpp.o[0m
[5.152s] [ 24%] [32mBuilding CXX object CMakeFiles/slam_toolbox__rosidl_typesupport_cpp.dir/rosidl_typesupport_cpp/slam_toolbox/srv/toggle_interactive__type_support.cpp.o[0m
[5.162s] [ 25%] [32mBuilding CXX object CMakeFiles/slam_toolbox__rosidl_typesupport_fastrtps_cpp.dir/rosidl_typesupport_fastrtps_cpp/slam_toolbox/srv/detail/dds_fastrtps/toggle_interactive__type_support.cpp.o[0m
[5.295s] [ 26%] [32mBuilding CXX object CMakeFiles/slam_toolbox__rosidl_typesupport_c.dir/rosidl_typesupport_c/slam_toolbox/srv/pause__type_support.cpp.o[0m
[5.342s] [ 27%] [32mBuilding CXX object CMakeFiles/slam_toolbox__rosidl_typesupport_c.dir/rosidl_typesupport_c/slam_toolbox/srv/clear_queue__type_support.cpp.o[0m
[5.379s] [ 28%] [32mBuilding CXX object CMakeFiles/slam_toolbox__rosidl_typesupport_c.dir/rosidl_typesupport_c/slam_toolbox/srv/toggle_interactive__type_support.cpp.o[0m
[5.432s] [ 28%] [32mBuilding CXX object CMakeFiles/slam_toolbox__rosidl_typesupport_c.dir/rosidl_typesupport_c/slam_toolbox/srv/clear__type_support.cpp.o[0m
[5.476s] [ 29%] [32mBuilding CXX object CMakeFiles/slam_toolbox__rosidl_typesupport_c.dir/rosidl_typesupport_c/slam_toolbox/srv/save_map__type_support.cpp.o[0m
[5.480s] [ 29%] [32mBuilding CXX object CMakeFiles/slam_toolbox__rosidl_typesupport_introspection_cpp.dir/rosidl_typesupport_introspection_cpp/slam_toolbox/srv/detail/add_submap__type_support.cpp.o[0m
[5.491s] [ 29%] [32mBuilding CXX object CMakeFiles/slam_toolbox__rosidl_typesupport_cpp.dir/rosidl_typesupport_cpp/slam_toolbox/srv/clear__type_support.cpp.o[0m
[5.524s] [ 30%] [32mBuilding CXX object CMakeFiles/slam_toolbox__rosidl_typesupport_c.dir/rosidl_typesupport_c/slam_toolbox/srv/loop_closure__type_support.cpp.o[0m
[5.566s] [ 32%] [32mBuilding CXX object CMakeFiles/slam_toolbox__rosidl_typesupport_cpp.dir/rosidl_typesupport_cpp/slam_toolbox/srv/save_map__type_support.cpp.o[0m
[5.566s] [ 32%] [32mBuilding CXX object CMakeFiles/slam_toolbox__rosidl_typesupport_fastrtps_cpp.dir/rosidl_typesupport_fastrtps_cpp/slam_toolbox/srv/detail/dds_fastrtps/clear__type_support.cpp.o[0m
[5.573s] [ 32%] [32mBuilding CXX object CMakeFiles/slam_toolbox__rosidl_typesupport_c.dir/rosidl_typesupport_c/slam_toolbox/srv/merge_maps__type_support.cpp.o[0m
[5.598s] [ 33%] [32mBuilding CXX object CMakeFiles/slam_toolbox__rosidl_typesupport_c.dir/rosidl_typesupport_c/slam_toolbox/srv/add_submap__type_support.cpp.o[0m
[5.617s] [ 34%] [32mBuilding CXX object CMakeFiles/slam_toolbox__rosidl_typesupport_cpp.dir/rosidl_typesupport_cpp/slam_toolbox/srv/loop_closure__type_support.cpp.o[0m
[5.625s] [ 34%] [32mBuilding CXX object CMakeFiles/slam_toolbox__rosidl_typesupport_cpp.dir/rosidl_typesupport_cpp/slam_toolbox/srv/merge_maps__type_support.cpp.o[0m
[5.633s] [ 35%] [32mBuilding CXX object CMakeFiles/slam_toolbox__rosidl_typesupport_c.dir/rosidl_typesupport_c/slam_toolbox/srv/deserialize_pose_graph__type_support.cpp.o[0m
[5.649s] [ 35%] [32mBuilding C object CMakeFiles/slam_toolbox__rosidl_typesupport_introspection_c.dir/rosidl_typesupport_introspection_c/slam_toolbox/srv/detail/pause__type_support.c.o[0m
[5.652s] [ 36%] [32mBuilding CXX object CMakeFiles/slam_toolbox__rosidl_typesupport_cpp.dir/rosidl_typesupport_cpp/slam_toolbox/srv/add_submap__type_support.cpp.o[0m
[5.661s] [ 37%] [32mBuilding CXX object CMakeFiles/slam_toolbox__rosidl_typesupport_fastrtps_c.dir/rosidl_typesupport_fastrtps_c/slam_toolbox/srv/detail/pause__type_support_c.cpp.o[0m
[5.683s] [ 38%] [32mBuilding CXX object CMakeFiles/slam_toolbox__rosidl_typesupport_c.dir/rosidl_typesupport_c/slam_toolbox/srv/serialize_pose_graph__type_support.cpp.o[0m
[5.700s] [ 39%] [32mBuilding C object CMakeFiles/slam_toolbox__rosidl_typesupport_introspection_c.dir/rosidl_typesupport_introspection_c/slam_toolbox/srv/detail/clear_queue__type_support.c.o[0m
[5.718s] [ 39%] [32m[1mLinking CXX shared library libslam_toolbox__rosidl_typesupport_c.so[0m
[5.756s] [ 40%] [32mBuilding C object CMakeFiles/slam_toolbox__rosidl_typesupport_introspection_c.dir/rosidl_typesupport_introspection_c/slam_toolbox/srv/detail/toggle_interactive__type_support.c.o[0m
[5.797s] [ 40%] Built target slam_toolbox__rosidl_typesupport_c
[5.806s] [ 41%] [32mBuilding CXX object CMakeFiles/slam_toolbox__rosidl_typesupport_cpp.dir/rosidl_typesupport_cpp/slam_toolbox/srv/deserialize_pose_graph__type_support.cpp.o[0m
[5.809s] [ 41%] [32mBuilding C object CMakeFiles/slam_toolbox__rosidl_typesupport_introspection_c.dir/rosidl_typesupport_introspection_c/slam_toolbox/srv/detail/clear__type_support.c.o[0m
[5.859s] [ 42%] [32mBuilding C object CMakeFiles/slam_toolbox__rosidl_typesupport_introspection_c.dir/rosidl_typesupport_introspection_c/slam_toolbox/srv/detail/save_map__type_support.c.o[0m
[5.865s] [ 42%] [32mBuilding CXX object CMakeFiles/slam_toolbox__rosidl_typesupport_fastrtps_c.dir/rosidl_typesupport_fastrtps_c/slam_toolbox/srv/detail/clear_queue__type_support_c.cpp.o[0m
[5.895s] [ 43%] [32mBuilding CXX object CMakeFiles/slam_toolbox__rosidl_typesupport_introspection_cpp.dir/rosidl_typesupport_introspection_cpp/slam_toolbox/srv/detail/deserialize_pose_graph__type_support.cpp.o[0m
[5.907s] [ 44%] [32mBuilding C object CMakeFiles/slam_toolbox__rosidl_typesupport_introspection_c.dir/rosidl_typesupport_introspection_c/slam_toolbox/srv/detail/loop_closure__type_support.c.o[0m
[5.933s] [ 45%] [32mBuilding CXX object CMakeFiles/slam_toolbox__rosidl_typesupport_fastrtps_c.dir/rosidl_typesupport_fastrtps_c/slam_toolbox/srv/detail/toggle_interactive__type_support_c.cpp.o[0m
[5.956s] [ 47%] [32mBuilding CXX object CMakeFiles/slam_toolbox__rosidl_typesupport_fastrtps_cpp.dir/rosidl_typesupport_fastrtps_cpp/slam_toolbox/srv/detail/dds_fastrtps/save_map__type_support.cpp.o[0m
[5.956s] [ 47%] [32mBuilding C object CMakeFiles/slam_toolbox__rosidl_typesupport_introspection_c.dir/rosidl_typesupport_introspection_c/slam_toolbox/srv/detail/merge_maps__type_support.c.o[0m
[5.971s] [ 47%] [32mBuilding CXX object CMakeFiles/slam_toolbox__rosidl_typesupport_fastrtps_cpp.dir/rosidl_typesupport_fastrtps_cpp/slam_toolbox/srv/detail/dds_fastrtps/loop_closure__type_support.cpp.o[0m
[5.996s] [ 48%] [32mBuilding CXX object CMakeFiles/slam_toolbox__rosidl_typesupport_fastrtps_c.dir/rosidl_typesupport_fastrtps_c/slam_toolbox/srv/detail/clear__type_support_c.cpp.o[0m
[6.008s] [ 48%] [32mBuilding C object CMakeFiles/slam_toolbox__rosidl_typesupport_introspection_c.dir/rosidl_typesupport_introspection_c/slam_toolbox/srv/detail/add_submap__type_support.c.o[0m
[6.048s] [ 49%] [32mBuilding CXX object CMakeFiles/slam_toolbox__rosidl_typesupport_fastrtps_cpp.dir/rosidl_typesupport_fastrtps_cpp/slam_toolbox/srv/detail/dds_fastrtps/merge_maps__type_support.cpp.o[0m
[6.060s] [ 50%] [32mBuilding C object CMakeFiles/slam_toolbox__rosidl_typesupport_introspection_c.dir/rosidl_typesupport_introspection_c/slam_toolbox/srv/detail/deserialize_pose_graph__type_support.c.o[0m
[6.105s] [ 51%] [32mBuilding CXX object CMakeFiles/slam_toolbox__rosidl_typesupport_introspection_cpp.dir/rosidl_typesupport_introspection_cpp/slam_toolbox/srv/detail/serialize_pose_graph__type_support.cpp.o[0m
[6.111s] [ 52%] [32mBuilding C object CMakeFiles/slam_toolbox__rosidl_typesupport_introspection_c.dir/rosidl_typesupport_introspection_c/slam_toolbox/srv/detail/serialize_pose_graph__type_support.c.o[0m
[6.125s] [ 53%] [32mBuilding CXX object CMakeFiles/slam_toolbox__rosidl_typesupport_cpp.dir/rosidl_typesupport_cpp/slam_toolbox/srv/serialize_pose_graph__type_support.cpp.o[0m
[6.166s] [ 53%] [32m[1mLinking C shared library libslam_toolbox__rosidl_typesupport_introspection_c.so[0m
[6.206s] [ 53%] Built target slam_toolbox__rosidl_typesupport_introspection_c
[6.215s] [ 54%] [32mBuilding CXX object CMakeFiles/slam_toolbox__rosidl_typesupport_fastrtps_cpp.dir/rosidl_typesupport_fastrtps_cpp/slam_toolbox/srv/detail/dds_fastrtps/add_submap__type_support.cpp.o[0m
[6.301s] [ 54%] [32mBuilding CXX object CMakeFiles/slam_toolbox__rosidl_typesupport_fastrtps_cpp.dir/rosidl_typesupport_fastrtps_cpp/slam_toolbox/srv/detail/dds_fastrtps/deserialize_pose_graph__type_support.cpp.o[0m
[6.394s] [ 55%] [32mBuilding CXX object CMakeFiles/slam_toolbox__rosidl_typesupport_fastrtps_cpp.dir/rosidl_typesupport_fastrtps_cpp/slam_toolbox/srv/detail/dds_fastrtps/serialize_pose_graph__type_support.cpp.o[0m
[6.404s] [ 56%] [32mBuilding CXX object CMakeFiles/slam_toolbox__rosidl_typesupport_fastrtps_c.dir/rosidl_typesupport_fastrtps_c/slam_toolbox/srv/detail/save_map__type_support_c.cpp.o[0m
[6.455s] [ 56%] [32m[1mLinking CXX shared library libslam_toolbox__rosidl_typesupport_cpp.so[0m
[6.461s] [ 56%] [32mBuilding CXX object CMakeFiles/slam_toolbox__rosidl_typesupport_fastrtps_c.dir/rosidl_typesupport_fastrtps_c/slam_toolbox/srv/detail/loop_closure__type_support_c.cpp.o[0m
[6.488s] [ 57%] [32mBuilding CXX object CMakeFiles/slam_toolbox__rosidl_typesupport_fastrtps_c.dir/rosidl_typesupport_fastrtps_c/slam_toolbox/srv/detail/merge_maps__type_support_c.cpp.o[0m
[6.490s] [ 58%] [32mBuilding CXX object CMakeFiles/slam_toolbox__rosidl_typesupport_fastrtps_c.dir/rosidl_typesupport_fastrtps_c/slam_toolbox/srv/detail/add_submap__type_support_c.cpp.o[0m
[6.502s] [ 58%] Built target slam_toolbox__rosidl_typesupport_cpp
[6.509s] [ 58%] [32mBuilding CXX object CMakeFiles/slam_toolbox__rosidl_typesupport_fastrtps_c.dir/rosidl_typesupport_fastrtps_c/slam_toolbox/srv/detail/deserialize_pose_graph__type_support_c.cpp.o[0m
[6.591s] [ 59%] [32mBuilding CXX object CMakeFiles/slam_toolbox__rosidl_typesupport_fastrtps_c.dir/rosidl_typesupport_fastrtps_c/slam_toolbox/srv/detail/serialize_pose_graph__type_support_c.cpp.o[0m
[6.629s] [ 59%] [32m[1mLinking CXX shared library libslam_toolbox__rosidl_typesupport_introspection_cpp.so[0m
[6.727s] [ 59%] Built target slam_toolbox__rosidl_typesupport_introspection_cpp
[6.734s] [ 59%] [34m[1mGenerating rviz_plugin/moc_slam_toolbox_rviz_plugin.cpp[0m
[6.771s] [ 60%] [32mBuilding CXX object CMakeFiles/SlamToolboxPlugin.dir/rviz_plugin/slam_toolbox_rviz_plugin.cpp.o[0m
[6.775s] [ 61%] [32mBuilding CXX object CMakeFiles/SlamToolboxPlugin.dir/rviz_plugin/moc_slam_toolbox_rviz_plugin.cpp.o[0m
[6.932s] [ 62%] [32m[1mLinking CXX shared library libslam_toolbox__rosidl_typesupport_fastrtps_cpp.so[0m
[7.002s] [ 62%] Built target slam_toolbox__rosidl_typesupport_fastrtps_cpp
[7.048s] [ 63%] [32m[1mLinking CXX shared library libslam_toolbox__rosidl_typesupport_fastrtps_c.so[0m
[7.106s] [ 63%] Built target slam_toolbox__rosidl_typesupport_fastrtps_c
[7.123s] [ 63%] Built target slam_toolbox
[7.143s] [ 63%] [34m[1mGenerating Python code for ROS interfaces[0m
[8.792s] [ 63%] Built target slam_toolbox__py
[8.810s] [ 64%] [32mBuilding C object CMakeFiles/slam_toolbox__rosidl_generator_py.dir/rosidl_generator_py/slam_toolbox/srv/_toggle_interactive_s.c.o[0m
[8.810s] [ 66%] [32mBuilding C object CMakeFiles/slam_toolbox__rosidl_generator_py.dir/rosidl_generator_py/slam_toolbox/srv/_merge_maps_s.c.o[0m
[8.810s] [ 66%] [32mBuilding C object CMakeFiles/slam_toolbox__rosidl_generator_py.dir/rosidl_generator_py/slam_toolbox/srv/_clear_queue_s.c.o[0m
[8.810s] [ 66%] [32mBuilding C object CMakeFiles/slam_toolbox__rosidl_generator_py.dir/rosidl_generator_py/slam_toolbox/srv/_pause_s.c.o[0m
[8.810s] [ 67%] [32mBuilding C object CMakeFiles/slam_toolbox__rosidl_generator_py.dir/rosidl_generator_py/slam_toolbox/srv/_clear_s.c.o[0m
[8.810s] [ 68%] [32mBuilding C object CMakeFiles/slam_toolbox__rosidl_generator_py.dir/rosidl_generator_py/slam_toolbox/srv/_save_map_s.c.o[0m
[8.810s] [ 68%] [32mBuilding C object CMakeFiles/slam_toolbox__rosidl_generator_py.dir/rosidl_generator_py/slam_toolbox/srv/_loop_closure_s.c.o[0m
[8.811s] [ 69%] [32mBuilding C object CMakeFiles/slam_toolbox__rosidl_generator_py.dir/rosidl_generator_py/slam_toolbox/srv/_add_submap_s.c.o[0m
[8.986s] [ 70%] [32mBuilding C object CMakeFiles/slam_toolbox__rosidl_generator_py.dir/rosidl_generator_py/slam_toolbox/srv/_serialize_pose_graph_s.c.o[0m
[8.986s] [ 70%] [32mBuilding C object CMakeFiles/slam_toolbox__rosidl_generator_py.dir/rosidl_generator_py/slam_toolbox/srv/_deserialize_pose_graph_s.c.o[0m
[9.135s] [ 71%] [32m[1mLinking C shared library rosidl_generator_py/slam_toolbox/libslam_toolbox__rosidl_generator_py.so[0m
[9.182s] [ 71%] Built target slam_toolbox__rosidl_generator_py
[9.203s] [ 74%] [32mBuilding C object CMakeFiles/slam_toolbox__rosidl_typesupport_fastrtps_c__pyext.dir/rosidl_generator_py/slam_toolbox/_slam_toolbox_s.ep.rosidl_typesupport_fastrtps_c.c.o[0m
[9.203s] [ 74%] [32mBuilding C object CMakeFiles/slam_toolbox__rosidl_typesupport_introspection_c__pyext.dir/rosidl_generator_py/slam_toolbox/_slam_toolbox_s.ep.rosidl_typesupport_introspection_c.c.o[0m
[9.203s] [ 74%] [32mBuilding C object CMakeFiles/slam_toolbox__rosidl_typesupport_c__pyext.dir/rosidl_generator_py/slam_toolbox/_slam_toolbox_s.ep.rosidl_typesupport_c.c.o[0m
[9.599s] [ 75%] [32m[1mLinking C shared library rosidl_generator_py/slam_toolbox/slam_toolbox_s__rosidl_typesupport_fastrtps_c.cpython-310-x86_64-linux-gnu.so[0m
[9.599s] [ 75%] [32m[1mLinking C shared library rosidl_generator_py/slam_toolbox/slam_toolbox_s__rosidl_typesupport_c.cpython-310-x86_64-linux-gnu.so[0m
[9.620s] [ 76%] [32m[1mLinking C shared library rosidl_generator_py/slam_toolbox/slam_toolbox_s__rosidl_typesupport_introspection_c.cpython-310-x86_64-linux-gnu.so[0m
[9.653s] [ 76%] Built target slam_toolbox__rosidl_typesupport_fastrtps_c__pyext
[9.653s] [ 76%] Built target slam_toolbox__rosidl_typesupport_c__pyext
[9.674s] [ 76%] Built target slam_toolbox__rosidl_typesupport_introspection_c__pyext
[19.816s] [ 77%] [32m[1mLinking CXX shared library libkartoSlamToolbox.so[0m
[20.071s] [ 77%] Built target kartoSlamToolbox
[20.087s] [ 78%] [32mBuilding CXX object CMakeFiles/ceres_solver_plugin.dir/solvers/ceres_solver.cpp.o[0m
[20.088s] [ 79%] [32mBuilding CXX object CMakeFiles/toolbox_common.dir/src/laser_utils.cpp.o[0m
[20.089s] [ 80%] [32mBuilding CXX object CMakeFiles/toolbox_common.dir/src/map_saver.cpp.o[0m
[20.089s] [ 80%] [32mBuilding CXX object CMakeFiles/toolbox_common.dir/src/loop_closure_assistant.cpp.o[0m
[20.089s] [ 81%] [32mBuilding CXX object CMakeFiles/toolbox_common.dir/src/slam_toolbox_common.cpp.o[0m
[20.089s] [ 82%] [32mBuilding CXX object CMakeFiles/toolbox_common.dir/src/slam_mapper.cpp.o[0m
[23.798s] [ 82%] [32m[1mLinking CXX shared library libSlamToolboxPlugin.so[0m
[26.163s] [ 82%] Built target SlamToolboxPlugin
[37.324s] [ 83%] [32m[1mLinking CXX shared library libceres_solver_plugin.so[0m
[37.698s] [ 83%] Built target ceres_solver_plugin
[50.082s] [ 84%] [32m[1mLinking CXX shared library libtoolbox_common.so[0m
[50.565s] [ 84%] Built target toolbox_common
[50.590s] [ 85%] [32mBuilding CXX object CMakeFiles/merge_maps_kinematic.dir/src/merge_maps_kinematic.cpp.o[0m
[50.594s] [ 85%] [32mBuilding CXX object CMakeFiles/localization_slam_toolbox.dir/src/slam_toolbox_localization.cpp.o[0m
[50.596s] [ 86%] [32mBuilding CXX object CMakeFiles/sync_slam_toolbox.dir/src/slam_toolbox_sync.cpp.o[0m
[50.597s] [ 87%] [32mBuilding CXX object CMakeFiles/lifelong_slam_toolbox.dir/src/experimental/slam_toolbox_lifelong.cpp.o[0m
[50.599s] [ 88%] [32mBuilding CXX object CMakeFiles/async_slam_toolbox.dir/src/slam_toolbox_async.cpp.o[0m
[62.547s] [ 89%] [32m[1mLinking CXX shared library libasync_slam_toolbox.so[0m
[63.250s] [ 89%] Built target async_slam_toolbox
[63.288s] [ 90%] [32mBuilding CXX object CMakeFiles/async_slam_toolbox_node.dir/src/slam_toolbox_async_node.cpp.o[0m
[66.574s] [ 91%] [32m[1mLinking CXX executable merge_maps_kinematic[0m
[67.353s] [ 91%] Built target merge_maps_kinematic
[69.380s] [ 91%] [32m[1mLinking CXX shared library liblifelong_slam_toolbox.so[0m
[70.026s] [ 91%] Built target lifelong_slam_toolbox
[70.063s] [ 92%] [32mBuilding CXX object CMakeFiles/lifelong_slam_toolbox_node.dir/src/experimental/slam_toolbox_lifelong_node.cpp.o[0m
[70.462s] [ 93%] [32m[1mLinking CXX shared library liblocalization_slam_toolbox.so[0m
[70.828s] [ 94%] [32m[1mLinking CXX shared library libsync_slam_toolbox.so[0m
[71.214s] [ 94%] Built target localization_slam_toolbox
[71.253s] [ 95%] [32mBuilding CXX object CMakeFiles/map_and_localization_slam_toolbox.dir/src/experimental/slam_toolbox_map_and_localization.cpp.o[0m
[71.254s] [ 95%] [32mBuilding CXX object CMakeFiles/localization_slam_toolbox_node.dir/src/slam_toolbox_localization_node.cpp.o[0m
[71.520s] [ 95%] Built target sync_slam_toolbox
[71.558s] [ 96%] [32mBuilding CXX object CMakeFiles/sync_slam_toolbox_node.dir/src/slam_toolbox_sync_node.cpp.o[0m
[76.055s] [ 96%] [32m[1mLinking CXX executable async_slam_toolbox_node[0m
[76.684s] [ 96%] Built target async_slam_toolbox_node
[81.854s] [ 97%] [32m[1mLinking CXX executable lifelong_slam_toolbox_node[0m
[82.185s] [ 97%] Built target lifelong_slam_toolbox_node
[85.225s] [ 97%] [32m[1mLinking CXX executable sync_slam_toolbox_node[0m
[85.312s] [ 98%] [32m[1mLinking CXX executable localization_slam_toolbox_node[0m
[85.540s] [ 98%] Built target sync_slam_toolbox_node
[85.696s] [ 98%] Built target localization_slam_toolbox_node
[91.091s] [ 99%] [32m[1mLinking CXX shared library libmap_and_localization_slam_toolbox.so[0m
[91.470s] [ 99%] Built target map_and_localization_slam_toolbox
[91.513s] [100%] [32mBuilding CXX object CMakeFiles/map_and_localization_slam_toolbox_node.dir/src/experimental/slam_toolbox_map_and_localization_node.cpp.o[0m
[99.525s] [100%] [32m[1mLinking CXX executable map_and_localization_slam_toolbox_node[0m
[99.816s] [100%] Built target map_and_localization_slam_toolbox_node
[99.828s] Invoked command in '/home/olee/olee_ros2_ws/src/build/slam_toolbox' returned '0': CMAKE_PREFIX_PATH=${CMAKE_PREFIX_PATH}:/home/olee/olee_ros2_ws/src/install/master_olee_controller:/home/olee/olee_ros2_ws/install/master_olee_controller:/opt/ros/humble /usr/bin/cmake --build /home/olee/olee_ros2_ws/src/build/slam_toolbox -- -j12 -l12
[99.830s] Invoking command in '/home/olee/olee_ros2_ws/src/build/slam_toolbox': CMAKE_PREFIX_PATH=${CMAKE_PREFIX_PATH}:/home/olee/olee_ros2_ws/src/install/master_olee_controller:/home/olee/olee_ros2_ws/install/master_olee_controller:/opt/ros/humble /usr/bin/cmake --install /home/olee/olee_ros2_ws/src/build/slam_toolbox
[99.837s] -- Install configuration: "Release"
[99.837s] -- Execute custom install script
[99.838s] -- Symlinking: /home/olee/olee_ros2_ws/src/install/slam_toolbox/include//karto_sdk/Karto.h
[99.846s] -- Symlinking: /home/olee/olee_ros2_ws/src/install/slam_toolbox/include//karto_sdk/Macros.h
[99.856s] -- Symlinking: /home/olee/olee_ros2_ws/src/install/slam_toolbox/include//karto_sdk/Mapper.h
[99.866s] -- Symlinking: /home/olee/olee_ros2_ws/src/install/slam_toolbox/include//karto_sdk/Math.h
[99.876s] -- Symlinking: /home/olee/olee_ros2_ws/src/install/slam_toolbox/include//karto_sdk/Types.h
[99.885s] -- Symlinking: /home/olee/olee_ros2_ws/src/install/slam_toolbox/include//karto_sdk/nanoflann.hpp
[99.896s] -- Symlinking: /home/olee/olee_ros2_ws/src/install/slam_toolbox/include//karto_sdk/nanoflann_adaptors.h
[99.908s] -- Symlinking: /home/olee/olee_ros2_ws/src/install/slam_toolbox/share/ament_index/resource_index/rosidl_interfaces/slam_toolbox
[99.918s] -- Symlinking: /home/olee/olee_ros2_ws/src/install/slam_toolbox/include/slam_toolbox/slam_toolbox/msg/rosidl_generator_c__visibility_control.h
[99.929s] -- Symlinking: /home/olee/olee_ros2_ws/src/install/slam_toolbox/include/slam_toolbox/slam_toolbox/srv/add_submap.h
[99.937s] -- Symlinking: /home/olee/olee_ros2_ws/src/install/slam_toolbox/include/slam_toolbox/slam_toolbox/srv/clear.h
[99.947s] -- Symlinking: /home/olee/olee_ros2_ws/src/install/slam_toolbox/include/slam_toolbox/slam_toolbox/srv/clear_queue.h
[99.956s] -- Symlinking: /home/olee/olee_ros2_ws/src/install/slam_toolbox/include/slam_toolbox/slam_toolbox/srv/deserialize_pose_graph.h
[99.963s] -- Symlinking: /home/olee/olee_ros2_ws/src/install/slam_toolbox/include/slam_toolbox/slam_toolbox/srv/detail/add_submap__functions.h
[99.970s] -- Symlinking: /home/olee/olee_ros2_ws/src/install/slam_toolbox/include/slam_toolbox/slam_toolbox/srv/detail/add_submap__struct.h
[99.978s] -- Symlinking: /home/olee/olee_ros2_ws/src/install/slam_toolbox/include/slam_toolbox/slam_toolbox/srv/detail/add_submap__type_support.h
[99.988s] -- Symlinking: /home/olee/olee_ros2_ws/src/install/slam_toolbox/include/slam_toolbox/slam_toolbox/srv/detail/clear__functions.h
[99.996s] -- Symlinking: /home/olee/olee_ros2_ws/src/install/slam_toolbox/include/slam_toolbox/slam_toolbox/srv/detail/clear__struct.h
[100.004s] -- Symlinking: /home/olee/olee_ros2_ws/src/install/slam_toolbox/include/slam_toolbox/slam_toolbox/srv/detail/clear__type_support.h
[100.015s] -- Symlinking: /home/olee/olee_ros2_ws/src/install/slam_toolbox/include/slam_toolbox/slam_toolbox/srv/detail/clear_queue__functions.h
[100.026s] -- Symlinking: /home/olee/olee_ros2_ws/src/install/slam_toolbox/include/slam_toolbox/slam_toolbox/srv/detail/clear_queue__struct.h
[100.036s] -- Symlinking: /home/olee/olee_ros2_ws/src/install/slam_toolbox/include/slam_toolbox/slam_toolbox/srv/detail/clear_queue__type_support.h
[100.045s] -- Symlinking: /home/olee/olee_ros2_ws/src/install/slam_toolbox/include/slam_toolbox/slam_toolbox/srv/detail/deserialize_pose_graph__functions.h
[100.052s] -- Symlinking: /home/olee/olee_ros2_ws/src/install/slam_toolbox/include/slam_toolbox/slam_toolbox/srv/detail/deserialize_pose_graph__struct.h
[100.061s] -- Symlinking: /home/olee/olee_ros2_ws/src/install/slam_toolbox/include/slam_toolbox/slam_toolbox/srv/detail/deserialize_pose_graph__type_support.h
[100.070s] -- Symlinking: /home/olee/olee_ros2_ws/src/install/slam_toolbox/include/slam_toolbox/slam_toolbox/srv/detail/loop_closure__functions.h
[100.078s] -- Symlinking: /home/olee/olee_ros2_ws/src/install/slam_toolbox/include/slam_toolbox/slam_toolbox/srv/detail/loop_closure__struct.h
[100.088s] -- Symlinking: /home/olee/olee_ros2_ws/src/install/slam_toolbox/include/slam_toolbox/slam_toolbox/srv/detail/loop_closure__type_support.h
[100.094s] -- Symlinking: /home/olee/olee_ros2_ws/src/install/slam_toolbox/include/slam_toolbox/slam_toolbox/srv/detail/merge_maps__functions.h
[100.104s] -- Symlinking: /home/olee/olee_ros2_ws/src/install/slam_toolbox/include/slam_toolbox/slam_toolbox/srv/detail/merge_maps__struct.h
[100.111s] -- Symlinking: /home/olee/olee_ros2_ws/src/install/slam_toolbox/include/slam_toolbox/slam_toolbox/srv/detail/merge_maps__type_support.h
[100.118s] -- Symlinking: /home/olee/olee_ros2_ws/src/install/slam_toolbox/include/slam_toolbox/slam_toolbox/srv/detail/pause__functions.h
[100.128s] -- Symlinking: /home/olee/olee_ros2_ws/src/install/slam_toolbox/include/slam_toolbox/slam_toolbox/srv/detail/pause__struct.h
[100.138s] -- Symlinking: /home/olee/olee_ros2_ws/src/install/slam_toolbox/include/slam_toolbox/slam_toolbox/srv/detail/pause__type_support.h
[100.146s] -- Symlinking: /home/olee/olee_ros2_ws/src/install/slam_toolbox/include/slam_toolbox/slam_toolbox/srv/detail/save_map__functions.h
[100.152s] -- Symlinking: /home/olee/olee_ros2_ws/src/install/slam_toolbox/include/slam_toolbox/slam_toolbox/srv/detail/save_map__struct.h
[100.162s] -- Symlinking: /home/olee/olee_ros2_ws/src/install/slam_toolbox/include/slam_toolbox/slam_toolbox/srv/detail/save_map__type_support.h
[100.172s] -- Symlinking: /home/olee/olee_ros2_ws/src/install/slam_toolbox/include/slam_toolbox/slam_toolbox/srv/detail/serialize_pose_graph__functions.h
[100.181s] -- Symlinking: /home/olee/olee_ros2_ws/src/install/slam_toolbox/include/slam_toolbox/slam_toolbox/srv/detail/serialize_pose_graph__struct.h
[100.188s] -- Symlinking: /home/olee/olee_ros2_ws/src/install/slam_toolbox/include/slam_toolbox/slam_toolbox/srv/detail/serialize_pose_graph__type_support.h
[100.197s] -- Symlinking: /home/olee/olee_ros2_ws/src/install/slam_toolbox/include/slam_toolbox/slam_toolbox/srv/detail/toggle_interactive__functions.h
[100.207s] -- Symlinking: /home/olee/olee_ros2_ws/src/install/slam_toolbox/include/slam_toolbox/slam_toolbox/srv/detail/toggle_interactive__struct.h
[100.213s] -- Symlinking: /home/olee/olee_ros2_ws/src/install/slam_toolbox/include/slam_toolbox/slam_toolbox/srv/detail/toggle_interactive__type_support.h
[100.220s] -- Symlinking: /home/olee/olee_ros2_ws/src/install/slam_toolbox/include/slam_toolbox/slam_toolbox/srv/loop_closure.h
[100.229s] -- Symlinking: /home/olee/olee_ros2_ws/src/install/slam_toolbox/include/slam_toolbox/slam_toolbox/srv/merge_maps.h
[100.235s] -- Symlinking: /home/olee/olee_ros2_ws/src/install/slam_toolbox/include/slam_toolbox/slam_toolbox/srv/pause.h
[100.245s] -- Symlinking: /home/olee/olee_ros2_ws/src/install/slam_toolbox/include/slam_toolbox/slam_toolbox/srv/save_map.h
[100.256s] -- Symlinking: /home/olee/olee_ros2_ws/src/install/slam_toolbox/include/slam_toolbox/slam_toolbox/srv/serialize_pose_graph.h
[100.264s] -- Symlinking: /home/olee/olee_ros2_ws/src/install/slam_toolbox/include/slam_toolbox/slam_toolbox/srv/toggle_interactive.h
[100.275s] -- Symlinking: /home/olee/olee_ros2_ws/src/install/slam_toolbox/share/slam_toolbox/environment/library_path.sh
[100.283s] -- Symlinking: /home/olee/olee_ros2_ws/src/install/slam_toolbox/share/slam_toolbox/environment/library_path.dsv
[100.290s] -- Symlinking: /home/olee/olee_ros2_ws/src/install/slam_toolbox/include/slam_toolbox/slam_toolbox/msg/rosidl_typesupport_fastrtps_c__visibility_control.h
[100.300s] -- Symlinking: /home/olee/olee_ros2_ws/src/install/slam_toolbox/include/slam_toolbox/slam_toolbox/srv/detail/add_submap__rosidl_typesupport_fastrtps_c.h
[100.308s] -- Symlinking: /home/olee/olee_ros2_ws/src/install/slam_toolbox/include/slam_toolbox/slam_toolbox/srv/detail/clear__rosidl_typesupport_fastrtps_c.h
[100.318s] -- Symlinking: /home/olee/olee_ros2_ws/src/install/slam_toolbox/include/slam_toolbox/slam_toolbox/srv/detail/clear_queue__rosidl_typesupport_fastrtps_c.h
[100.328s] -- Symlinking: /home/olee/olee_ros2_ws/src/install/slam_toolbox/include/slam_toolbox/slam_toolbox/srv/detail/deserialize_pose_graph__rosidl_typesupport_fastrtps_c.h
[100.337s] -- Symlinking: /home/olee/olee_ros2_ws/src/install/slam_toolbox/include/slam_toolbox/slam_toolbox/srv/detail/loop_closure__rosidl_typesupport_fastrtps_c.h
[100.347s] -- Symlinking: /home/olee/olee_ros2_ws/src/install/slam_toolbox/include/slam_toolbox/slam_toolbox/srv/detail/merge_maps__rosidl_typesupport_fastrtps_c.h
[100.356s] -- Symlinking: /home/olee/olee_ros2_ws/src/install/slam_toolbox/include/slam_toolbox/slam_toolbox/srv/detail/pause__rosidl_typesupport_fastrtps_c.h
[100.365s] -- Symlinking: /home/olee/olee_ros2_ws/src/install/slam_toolbox/include/slam_toolbox/slam_toolbox/srv/detail/save_map__rosidl_typesupport_fastrtps_c.h
[100.374s] -- Symlinking: /home/olee/olee_ros2_ws/src/install/slam_toolbox/include/slam_toolbox/slam_toolbox/srv/detail/serialize_pose_graph__rosidl_typesupport_fastrtps_c.h
[100.384s] -- Symlinking: /home/olee/olee_ros2_ws/src/install/slam_toolbox/include/slam_toolbox/slam_toolbox/srv/detail/toggle_interactive__rosidl_typesupport_fastrtps_c.h
[100.393s] -- Symlinking: /home/olee/olee_ros2_ws/src/install/slam_toolbox/include/slam_toolbox/slam_toolbox/msg/rosidl_generator_cpp__visibility_control.hpp
[100.402s] -- Symlinking: /home/olee/olee_ros2_ws/src/install/slam_toolbox/include/slam_toolbox/slam_toolbox/srv/add_submap.hpp
[100.409s] -- Symlinking: /home/olee/olee_ros2_ws/src/install/slam_toolbox/include/slam_toolbox/slam_toolbox/srv/clear.hpp
[100.419s] -- Symlinking: /home/olee/olee_ros2_ws/src/install/slam_toolbox/include/slam_toolbox/slam_toolbox/srv/clear_queue.hpp
[100.428s] -- Symlinking: /home/olee/olee_ros2_ws/src/install/slam_toolbox/include/slam_toolbox/slam_toolbox/srv/deserialize_pose_graph.hpp
[100.437s] -- Symlinking: /home/olee/olee_ros2_ws/src/install/slam_toolbox/include/slam_toolbox/slam_toolbox/srv/detail/add_submap__builder.hpp
[100.446s] -- Symlinking: /home/olee/olee_ros2_ws/src/install/slam_toolbox/include/slam_toolbox/slam_toolbox/srv/detail/add_submap__struct.hpp
[100.455s] -- Symlinking: /home/olee/olee_ros2_ws/src/install/slam_toolbox/include/slam_toolbox/slam_toolbox/srv/detail/add_submap__traits.hpp
[100.465s] -- Symlinking: /home/olee/olee_ros2_ws/src/install/slam_toolbox/include/slam_toolbox/slam_toolbox/srv/detail/add_submap__type_support.hpp
[100.473s] -- Symlinking: /home/olee/olee_ros2_ws/src/install/slam_toolbox/include/slam_toolbox/slam_toolbox/srv/detail/clear__builder.hpp
[100.481s] -- Symlinking: /home/olee/olee_ros2_ws/src/install/slam_toolbox/include/slam_toolbox/slam_toolbox/srv/detail/clear__struct.hpp
[100.492s] -- Symlinking: /home/olee/olee_ros2_ws/src/install/slam_toolbox/include/slam_toolbox/slam_toolbox/srv/detail/clear__traits.hpp
[100.503s] -- Symlinking: /home/olee/olee_ros2_ws/src/install/slam_toolbox/include/slam_toolbox/slam_toolbox/srv/detail/clear__type_support.hpp
[100.514s] -- Symlinking: /home/olee/olee_ros2_ws/src/install/slam_toolbox/include/slam_toolbox/slam_toolbox/srv/detail/clear_queue__builder.hpp
[100.523s] -- Symlinking: /home/olee/olee_ros2_ws/src/install/slam_toolbox/include/slam_toolbox/slam_toolbox/srv/detail/clear_queue__struct.hpp
[100.533s] -- Symlinking: /home/olee/olee_ros2_ws/src/install/slam_toolbox/include/slam_toolbox/slam_toolbox/srv/detail/clear_queue__traits.hpp
[100.555s] -- Symlinking: /home/olee/olee_ros2_ws/src/install/slam_toolbox/include/slam_toolbox/slam_toolbox/srv/detail/clear_queue__type_support.hpp
[100.569s] -- Symlinking: /home/olee/olee_ros2_ws/src/install/slam_toolbox/include/slam_toolbox/slam_toolbox/srv/detail/deserialize_pose_graph__builder.hpp
[100.580s] -- Symlinking: /home/olee/olee_ros2_ws/src/install/slam_toolbox/include/slam_toolbox/slam_toolbox/srv/detail/deserialize_pose_graph__struct.hpp
[100.591s] -- Symlinking: /home/olee/olee_ros2_ws/src/install/slam_toolbox/include/slam_toolbox/slam_toolbox/srv/detail/deserialize_pose_graph__traits.hpp
[100.601s] -- Symlinking: /home/olee/olee_ros2_ws/src/install/slam_toolbox/include/slam_toolbox/slam_toolbox/srv/detail/deserialize_pose_graph__type_support.hpp
[100.612s] -- Symlinking: /home/olee/olee_ros2_ws/src/install/slam_toolbox/include/slam_toolbox/slam_toolbox/srv/detail/loop_closure__builder.hpp
[100.622s] -- Symlinking: /home/olee/olee_ros2_ws/src/install/slam_toolbox/include/slam_toolbox/slam_toolbox/srv/detail/loop_closure__struct.hpp
[100.631s] -- Symlinking: /home/olee/olee_ros2_ws/src/install/slam_toolbox/include/slam_toolbox/slam_toolbox/srv/detail/loop_closure__traits.hpp
[100.642s] -- Symlinking: /home/olee/olee_ros2_ws/src/install/slam_toolbox/include/slam_toolbox/slam_toolbox/srv/detail/loop_closure__type_support.hpp
[100.653s] -- Symlinking: /home/olee/olee_ros2_ws/src/install/slam_toolbox/include/slam_toolbox/slam_toolbox/srv/detail/merge_maps__builder.hpp
[100.663s] -- Symlinking: /home/olee/olee_ros2_ws/src/install/slam_toolbox/include/slam_toolbox/slam_toolbox/srv/detail/merge_maps__struct.hpp
[100.673s] -- Symlinking: /home/olee/olee_ros2_ws/src/install/slam_toolbox/include/slam_toolbox/slam_toolbox/srv/detail/merge_maps__traits.hpp
[100.682s] -- Symlinking: /home/olee/olee_ros2_ws/src/install/slam_toolbox/include/slam_toolbox/slam_toolbox/srv/detail/merge_maps__type_support.hpp
[100.693s] -- Symlinking: /home/olee/olee_ros2_ws/src/install/slam_toolbox/include/slam_toolbox/slam_toolbox/srv/detail/pause__builder.hpp
[100.705s] -- Symlinking: /home/olee/olee_ros2_ws/src/install/slam_toolbox/include/slam_toolbox/slam_toolbox/srv/detail/pause__struct.hpp
[100.715s] -- Symlinking: /home/olee/olee_ros2_ws/src/install/slam_toolbox/include/slam_toolbox/slam_toolbox/srv/detail/pause__traits.hpp
[100.726s] -- Symlinking: /home/olee/olee_ros2_ws/src/install/slam_toolbox/include/slam_toolbox/slam_toolbox/srv/detail/pause__type_support.hpp
[100.736s] -- Symlinking: /home/olee/olee_ros2_ws/src/install/slam_toolbox/include/slam_toolbox/slam_toolbox/srv/detail/save_map__builder.hpp
[100.744s] -- Symlinking: /home/olee/olee_ros2_ws/src/install/slam_toolbox/include/slam_toolbox/slam_toolbox/srv/detail/save_map__struct.hpp
[100.753s] -- Symlinking: /home/olee/olee_ros2_ws/src/install/slam_toolbox/include/slam_toolbox/slam_toolbox/srv/detail/save_map__traits.hpp
[100.763s] -- Symlinking: /home/olee/olee_ros2_ws/src/install/slam_toolbox/include/slam_toolbox/slam_toolbox/srv/detail/save_map__type_support.hpp
[100.768s] -- Symlinking: /home/olee/olee_ros2_ws/src/install/slam_toolbox/include/slam_toolbox/slam_toolbox/srv/detail/serialize_pose_graph__builder.hpp
[100.777s] -- Symlinking: /home/olee/olee_ros2_ws/src/install/slam_toolbox/include/slam_toolbox/slam_toolbox/srv/detail/serialize_pose_graph__struct.hpp
[100.785s] -- Symlinking: /home/olee/olee_ros2_ws/src/install/slam_toolbox/include/slam_toolbox/slam_toolbox/srv/detail/serialize_pose_graph__traits.hpp
[100.792s] -- Symlinking: /home/olee/olee_ros2_ws/src/install/slam_toolbox/include/slam_toolbox/slam_toolbox/srv/detail/serialize_pose_graph__type_support.hpp
[100.799s] -- Symlinking: /home/olee/olee_ros2_ws/src/install/slam_toolbox/include/slam_toolbox/slam_toolbox/srv/detail/toggle_interactive__builder.hpp
[100.809s] -- Symlinking: /home/olee/olee_ros2_ws/src/install/slam_toolbox/include/slam_toolbox/slam_toolbox/srv/detail/toggle_interactive__struct.hpp
[100.816s] -- Symlinking: /home/olee/olee_ros2_ws/src/install/slam_toolbox/include/slam_toolbox/slam_toolbox/srv/detail/toggle_interactive__traits.hpp
[100.827s] -- Symlinking: /home/olee/olee_ros2_ws/src/install/slam_toolbox/include/slam_toolbox/slam_toolbox/srv/detail/toggle_interactive__type_support.hpp
[100.839s] -- Symlinking: /home/olee/olee_ros2_ws/src/install/slam_toolbox/include/slam_toolbox/slam_toolbox/srv/loop_closure.hpp
[100.849s] -- Symlinking: /home/olee/olee_ros2_ws/src/install/slam_toolbox/include/slam_toolbox/slam_toolbox/srv/merge_maps.hpp
[100.858s] -- Symlinking: /home/olee/olee_ros2_ws/src/install/slam_toolbox/include/slam_toolbox/slam_toolbox/srv/pause.hpp
[100.867s] -- Symlinking: /home/olee/olee_ros2_ws/src/install/slam_toolbox/include/slam_toolbox/slam_toolbox/srv/save_map.hpp
[100.875s] -- Symlinking: /home/olee/olee_ros2_ws/src/install/slam_toolbox/include/slam_toolbox/slam_toolbox/srv/serialize_pose_graph.hpp
[100.882s] -- Symlinking: /home/olee/olee_ros2_ws/src/install/slam_toolbox/include/slam_toolbox/slam_toolbox/srv/toggle_interactive.hpp
[100.895s] -- Symlinking: /home/olee/olee_ros2_ws/src/install/slam_toolbox/include/slam_toolbox/slam_toolbox/msg/rosidl_typesupport_fastrtps_cpp__visibility_control.h
[100.906s] -- Symlinking: /home/olee/olee_ros2_ws/src/install/slam_toolbox/include/slam_toolbox/slam_toolbox/srv/detail/add_submap__rosidl_typesupport_fastrtps_cpp.hpp
[100.917s] -- Symlinking: /home/olee/olee_ros2_ws/src/install/slam_toolbox/include/slam_toolbox/slam_toolbox/srv/detail/clear__rosidl_typesupport_fastrtps_cpp.hpp
[100.928s] -- Symlinking: /home/olee/olee_ros2_ws/src/install/slam_toolbox/include/slam_toolbox/slam_toolbox/srv/detail/clear_queue__rosidl_typesupport_fastrtps_cpp.hpp
[100.939s] -- Symlinking: /home/olee/olee_ros2_ws/src/install/slam_toolbox/include/slam_toolbox/slam_toolbox/srv/detail/deserialize_pose_graph__rosidl_typesupport_fastrtps_cpp.hpp
[100.946s] -- Symlinking: /home/olee/olee_ros2_ws/src/install/slam_toolbox/include/slam_toolbox/slam_toolbox/srv/detail/loop_closure__rosidl_typesupport_fastrtps_cpp.hpp
[100.956s] -- Symlinking: /home/olee/olee_ros2_ws/src/install/slam_toolbox/include/slam_toolbox/slam_toolbox/srv/detail/merge_maps__rosidl_typesupport_fastrtps_cpp.hpp
[100.966s] -- Symlinking: /home/olee/olee_ros2_ws/src/install/slam_toolbox/include/slam_toolbox/slam_toolbox/srv/detail/pause__rosidl_typesupport_fastrtps_cpp.hpp
[100.975s] -- Symlinking: /home/olee/olee_ros2_ws/src/install/slam_toolbox/include/slam_toolbox/slam_toolbox/srv/detail/save_map__rosidl_typesupport_fastrtps_cpp.hpp
[100.986s] -- Symlinking: /home/olee/olee_ros2_ws/src/install/slam_toolbox/include/slam_toolbox/slam_toolbox/srv/detail/serialize_pose_graph__rosidl_typesupport_fastrtps_cpp.hpp
[100.994s] -- Symlinking: /home/olee/olee_ros2_ws/src/install/slam_toolbox/include/slam_toolbox/slam_toolbox/srv/detail/toggle_interactive__rosidl_typesupport_fastrtps_cpp.hpp
[101.004s] -- Symlinking: /home/olee/olee_ros2_ws/src/install/slam_toolbox/include/slam_toolbox/slam_toolbox/msg/rosidl_typesupport_introspection_c__visibility_control.h
[101.014s] -- Symlinking: /home/olee/olee_ros2_ws/src/install/slam_toolbox/include/slam_toolbox/slam_toolbox/srv/detail/add_submap__rosidl_typesupport_introspection_c.h
[101.022s] -- Symlinking: /home/olee/olee_ros2_ws/src/install/slam_toolbox/include/slam_toolbox/slam_toolbox/srv/detail/clear__rosidl_typesupport_introspection_c.h
[101.032s] -- Symlinking: /home/olee/olee_ros2_ws/src/install/slam_toolbox/include/slam_toolbox/slam_toolbox/srv/detail/clear_queue__rosidl_typesupport_introspection_c.h
[101.041s] -- Symlinking: /home/olee/olee_ros2_ws/src/install/slam_toolbox/include/slam_toolbox/slam_toolbox/srv/detail/deserialize_pose_graph__rosidl_typesupport_introspection_c.h
[101.051s] -- Symlinking: /home/olee/olee_ros2_ws/src/install/slam_toolbox/include/slam_toolbox/slam_toolbox/srv/detail/loop_closure__rosidl_typesupport_introspection_c.h
[101.060s] -- Symlinking: /home/olee/olee_ros2_ws/src/install/slam_toolbox/include/slam_toolbox/slam_toolbox/srv/detail/merge_maps__rosidl_typesupport_introspection_c.h
[101.070s] -- Symlinking: /home/olee/olee_ros2_ws/src/install/slam_toolbox/include/slam_toolbox/slam_toolbox/srv/detail/pause__rosidl_typesupport_introspection_c.h
[101.080s] -- Symlinking: /home/olee/olee_ros2_ws/src/install/slam_toolbox/include/slam_toolbox/slam_toolbox/srv/detail/save_map__rosidl_typesupport_introspection_c.h
[101.091s] -- Symlinking: /home/olee/olee_ros2_ws/src/install/slam_toolbox/include/slam_toolbox/slam_toolbox/srv/detail/serialize_pose_graph__rosidl_typesupport_introspection_c.h
[101.103s] -- Symlinking: /home/olee/olee_ros2_ws/src/install/slam_toolbox/include/slam_toolbox/slam_toolbox/srv/detail/toggle_interactive__rosidl_typesupport_introspection_c.h
[101.113s] -- Symlinking: /home/olee/olee_ros2_ws/src/install/slam_toolbox/include/slam_toolbox/slam_toolbox/srv/detail/add_submap__rosidl_typesupport_introspection_cpp.hpp
[101.122s] -- Symlinking: /home/olee/olee_ros2_ws/src/install/slam_toolbox/include/slam_toolbox/slam_toolbox/srv/detail/clear__rosidl_typesupport_introspection_cpp.hpp
[101.130s] -- Symlinking: /home/olee/olee_ros2_ws/src/install/slam_toolbox/include/slam_toolbox/slam_toolbox/srv/detail/clear_queue__rosidl_typesupport_introspection_cpp.hpp
[101.141s] -- Symlinking: /home/olee/olee_ros2_ws/src/install/slam_toolbox/include/slam_toolbox/slam_toolbox/srv/detail/deserialize_pose_graph__rosidl_typesupport_introspection_cpp.hpp
[101.151s] -- Symlinking: /home/olee/olee_ros2_ws/src/install/slam_toolbox/include/slam_toolbox/slam_toolbox/srv/detail/loop_closure__rosidl_typesupport_introspection_cpp.hpp
[101.160s] -- Symlinking: /home/olee/olee_ros2_ws/src/install/slam_toolbox/include/slam_toolbox/slam_toolbox/srv/detail/merge_maps__rosidl_typesupport_introspection_cpp.hpp
[101.170s] -- Symlinking: /home/olee/olee_ros2_ws/src/install/slam_toolbox/include/slam_toolbox/slam_toolbox/srv/detail/pause__rosidl_typesupport_introspection_cpp.hpp
[101.180s] -- Symlinking: /home/olee/olee_ros2_ws/src/install/slam_toolbox/include/slam_toolbox/slam_toolbox/srv/detail/save_map__rosidl_typesupport_introspection_cpp.hpp
[101.191s] -- Symlinking: /home/olee/olee_ros2_ws/src/install/slam_toolbox/include/slam_toolbox/slam_toolbox/srv/detail/serialize_pose_graph__rosidl_typesupport_introspection_cpp.hpp
[101.203s] -- Symlinking: /home/olee/olee_ros2_ws/src/install/slam_toolbox/include/slam_toolbox/slam_toolbox/srv/detail/toggle_interactive__rosidl_typesupport_introspection_cpp.hpp
[101.214s] -- Symlinking: /home/olee/olee_ros2_ws/src/install/slam_toolbox/share/slam_toolbox/environment/pythonpath.sh
[101.222s] -- Symlinking: /home/olee/olee_ros2_ws/src/install/slam_toolbox/share/slam_toolbox/environment/pythonpath.dsv
[101.232s] -- Symlinking: /home/olee/olee_ros2_ws/src/install/slam_toolbox/local/lib/python3.10/dist-packages/slam_toolbox-2.6.10-py3.10.egg-info/PKG-INFO
[101.242s] -- Symlinking: /home/olee/olee_ros2_ws/src/install/slam_toolbox/local/lib/python3.10/dist-packages/slam_toolbox-2.6.10-py3.10.egg-info/SOURCES.txt
[101.252s] -- Symlinking: /home/olee/olee_ros2_ws/src/install/slam_toolbox/local/lib/python3.10/dist-packages/slam_toolbox-2.6.10-py3.10.egg-info/dependency_links.txt
[101.261s] -- Symlinking: /home/olee/olee_ros2_ws/src/install/slam_toolbox/local/lib/python3.10/dist-packages/slam_toolbox-2.6.10-py3.10.egg-info/top_level.txt
[101.270s] -- Symlinking: /home/olee/olee_ros2_ws/src/install/slam_toolbox/local/lib/python3.10/dist-packages/slam_toolbox/__init__.py
[101.280s] -- Symlinking: /home/olee/olee_ros2_ws/src/install/slam_toolbox/local/lib/python3.10/dist-packages/slam_toolbox/_slam_toolbox_s.ep.rosidl_typesupport_c.c
[101.290s] -- Symlinking: /home/olee/olee_ros2_ws/src/install/slam_toolbox/local/lib/python3.10/dist-packages/slam_toolbox/_slam_toolbox_s.ep.rosidl_typesupport_fastrtps_c.c
[101.303s] -- Symlinking: /home/olee/olee_ros2_ws/src/install/slam_toolbox/local/lib/python3.10/dist-packages/slam_toolbox/_slam_toolbox_s.ep.rosidl_typesupport_introspection_c.c
[101.311s] -- Symlinking: /home/olee/olee_ros2_ws/src/install/slam_toolbox/local/lib/python3.10/dist-packages/slam_toolbox/libslam_toolbox__rosidl_generator_py.so
[101.320s] -- Symlinking: /home/olee/olee_ros2_ws/src/install/slam_toolbox/local/lib/python3.10/dist-packages/slam_toolbox/slam_toolbox_s__rosidl_typesupport_c.cpython-310-x86_64-linux-gnu.so
[101.329s] -- Symlinking: /home/olee/olee_ros2_ws/src/install/slam_toolbox/local/lib/python3.10/dist-packages/slam_toolbox/slam_toolbox_s__rosidl_typesupport_fastrtps_c.cpython-310-x86_64-linux-gnu.so
[101.339s] -- Symlinking: /home/olee/olee_ros2_ws/src/install/slam_toolbox/local/lib/python3.10/dist-packages/slam_toolbox/slam_toolbox_s__rosidl_typesupport_introspection_c.cpython-310-x86_64-linux-gnu.so
[101.350s] -- Symlinking: /home/olee/olee_ros2_ws/src/install/slam_toolbox/local/lib/python3.10/dist-packages/slam_toolbox/srv/__init__.py
[101.356s] -- Symlinking: /home/olee/olee_ros2_ws/src/install/slam_toolbox/local/lib/python3.10/dist-packages/slam_toolbox/srv/_add_submap.py
[101.364s] -- Symlinking: /home/olee/olee_ros2_ws/src/install/slam_toolbox/local/lib/python3.10/dist-packages/slam_toolbox/srv/_add_submap_s.c
[101.371s] -- Symlinking: /home/olee/olee_ros2_ws/src/install/slam_toolbox/local/lib/python3.10/dist-packages/slam_toolbox/srv/_clear.py
[101.376s] -- Symlinking: /home/olee/olee_ros2_ws/src/install/slam_toolbox/local/lib/python3.10/dist-packages/slam_toolbox/srv/_clear_queue.py
[101.383s] -- Symlinking: /home/olee/olee_ros2_ws/src/install/slam_toolbox/local/lib/python3.10/dist-packages/slam_toolbox/srv/_clear_queue_s.c
[101.393s] -- Symlinking: /home/olee/olee_ros2_ws/src/install/slam_toolbox/local/lib/python3.10/dist-packages/slam_toolbox/srv/_clear_s.c
[101.402s] -- Symlinking: /home/olee/olee_ros2_ws/src/install/slam_toolbox/local/lib/python3.10/dist-packages/slam_toolbox/srv/_deserialize_pose_graph.py
[101.411s] -- Symlinking: /home/olee/olee_ros2_ws/src/install/slam_toolbox/local/lib/python3.10/dist-packages/slam_toolbox/srv/_deserialize_pose_graph_s.c
[101.418s] -- Symlinking: /home/olee/olee_ros2_ws/src/install/slam_toolbox/local/lib/python3.10/dist-packages/slam_toolbox/srv/_loop_closure.py
[101.427s] -- Symlinking: /home/olee/olee_ros2_ws/src/install/slam_toolbox/local/lib/python3.10/dist-packages/slam_toolbox/srv/_loop_closure_s.c
[101.436s] -- Symlinking: /home/olee/olee_ros2_ws/src/install/slam_toolbox/local/lib/python3.10/dist-packages/slam_toolbox/srv/_merge_maps.py
[101.444s] -- Symlinking: /home/olee/olee_ros2_ws/src/install/slam_toolbox/local/lib/python3.10/dist-packages/slam_toolbox/srv/_merge_maps_s.c
[101.452s] -- Symlinking: /home/olee/olee_ros2_ws/src/install/slam_toolbox/local/lib/python3.10/dist-packages/slam_toolbox/srv/_pause.py
[101.460s] -- Symlinking: /home/olee/olee_ros2_ws/src/install/slam_toolbox/local/lib/python3.10/dist-packages/slam_toolbox/srv/_pause_s.c
[101.469s] -- Symlinking: /home/olee/olee_ros2_ws/src/install/slam_toolbox/local/lib/python3.10/dist-packages/slam_toolbox/srv/_save_map.py
[101.477s] -- Symlinking: /home/olee/olee_ros2_ws/src/install/slam_toolbox/local/lib/python3.10/dist-packages/slam_toolbox/srv/_save_map_s.c
[101.489s] -- Symlinking: /home/olee/olee_ros2_ws/src/install/slam_toolbox/local/lib/python3.10/dist-packages/slam_toolbox/srv/_serialize_pose_graph.py
[101.502s] -- Symlinking: /home/olee/olee_ros2_ws/src/install/slam_toolbox/local/lib/python3.10/dist-packages/slam_toolbox/srv/_serialize_pose_graph_s.c
[101.512s] -- Symlinking: /home/olee/olee_ros2_ws/src/install/slam_toolbox/local/lib/python3.10/dist-packages/slam_toolbox/srv/_toggle_interactive.py
[101.522s] -- Symlinking: /home/olee/olee_ros2_ws/src/install/slam_toolbox/local/lib/python3.10/dist-packages/slam_toolbox/srv/_toggle_interactive_s.c
[101.531s] -- Up-to-date symlink: /home/olee/olee_ros2_ws/src/install/slam_toolbox/local/lib/python3.10/dist-packages/slam_toolbox/slam_toolbox_s__rosidl_typesupport_fastrtps_c.cpython-310-x86_64-linux-gnu.so
[101.531s] -- Up-to-date symlink: /home/olee/olee_ros2_ws/src/install/slam_toolbox/local/lib/python3.10/dist-packages/slam_toolbox/slam_toolbox_s__rosidl_typesupport_introspection_c.cpython-310-x86_64-linux-gnu.so
[101.531s] -- Up-to-date symlink: /home/olee/olee_ros2_ws/src/install/slam_toolbox/local/lib/python3.10/dist-packages/slam_toolbox/slam_toolbox_s__rosidl_typesupport_c.cpython-310-x86_64-linux-gnu.so
[101.532s] -- Symlinking: /home/olee/olee_ros2_ws/src/install/slam_toolbox/share/slam_toolbox/srv/Pause.idl
[101.541s] -- Symlinking: /home/olee/olee_ros2_ws/src/install/slam_toolbox/share/slam_toolbox/srv/ClearQueue.idl
[101.551s] -- Symlinking: /home/olee/olee_ros2_ws/src/install/slam_toolbox/share/slam_toolbox/srv/ToggleInteractive.idl
[101.561s] -- Symlinking: /home/olee/olee_ros2_ws/src/install/slam_toolbox/share/slam_toolbox/srv/Clear.idl
[101.571s] -- Symlinking: /home/olee/olee_ros2_ws/src/install/slam_toolbox/share/slam_toolbox/srv/SaveMap.idl
[101.580s] -- Symlinking: /home/olee/olee_ros2_ws/src/install/slam_toolbox/share/slam_toolbox/srv/LoopClosure.idl
[101.593s] -- Symlinking: /home/olee/olee_ros2_ws/src/install/slam_toolbox/share/slam_toolbox/srv/MergeMaps.idl
[101.603s] -- Symlinking: /home/olee/olee_ros2_ws/src/install/slam_toolbox/share/slam_toolbox/srv/AddSubmap.idl
[101.612s] -- Symlinking: /home/olee/olee_ros2_ws/src/install/slam_toolbox/share/slam_toolbox/srv/DeserializePoseGraph.idl
[101.620s] -- Symlinking: /home/olee/olee_ros2_ws/src/install/slam_toolbox/share/slam_toolbox/srv/SerializePoseGraph.idl
[101.633s] -- Symlinking: /home/olee/olee_ros2_ws/src/install/slam_toolbox/share/slam_toolbox/srv/Pause.srv
[101.643s] -- Symlinking: /home/olee/olee_ros2_ws/src/install/slam_toolbox/share/slam_toolbox/srv/Pause_Request.msg
[101.652s] -- Symlinking: /home/olee/olee_ros2_ws/src/install/slam_toolbox/share/slam_toolbox/srv/Pause_Response.msg
[101.662s] -- Symlinking: /home/olee/olee_ros2_ws/src/install/slam_toolbox/share/slam_toolbox/srv/ClearQueue.srv
[101.672s] -- Symlinking: /home/olee/olee_ros2_ws/src/install/slam_toolbox/share/slam_toolbox/srv/ClearQueue_Request.msg
[101.683s] -- Symlinking: /home/olee/olee_ros2_ws/src/install/slam_toolbox/share/slam_toolbox/srv/ClearQueue_Response.msg
[101.694s] -- Symlinking: /home/olee/olee_ros2_ws/src/install/slam_toolbox/share/slam_toolbox/srv/ToggleInteractive.srv
[101.702s] -- Symlinking: /home/olee/olee_ros2_ws/src/install/slam_toolbox/share/slam_toolbox/srv/ToggleInteractive_Request.msg
[101.712s] -- Symlinking: /home/olee/olee_ros2_ws/src/install/slam_toolbox/share/slam_toolbox/srv/ToggleInteractive_Response.msg
[101.721s] -- Symlinking: /home/olee/olee_ros2_ws/src/install/slam_toolbox/share/slam_toolbox/srv/Clear.srv
[101.731s] -- Symlinking: /home/olee/olee_ros2_ws/src/install/slam_toolbox/share/slam_toolbox/srv/Clear_Request.msg
[101.741s] -- Symlinking: /home/olee/olee_ros2_ws/src/install/slam_toolbox/share/slam_toolbox/srv/Clear_Response.msg
[101.752s] -- Symlinking: /home/olee/olee_ros2_ws/src/install/slam_toolbox/share/slam_toolbox/srv/SaveMap.srv
[101.760s] -- Symlinking: /home/olee/olee_ros2_ws/src/install/slam_toolbox/share/slam_toolbox/srv/SaveMap_Request.msg
[101.766s] -- Symlinking: /home/olee/olee_ros2_ws/src/install/slam_toolbox/share/slam_toolbox/srv/SaveMap_Response.msg
[101.773s] -- Symlinking: /home/olee/olee_ros2_ws/src/install/slam_toolbox/share/slam_toolbox/srv/LoopClosure.srv
[101.782s] -- Symlinking: /home/olee/olee_ros2_ws/src/install/slam_toolbox/share/slam_toolbox/srv/LoopClosure_Request.msg
[101.795s] -- Symlinking: /home/olee/olee_ros2_ws/src/install/slam_toolbox/share/slam_toolbox/srv/LoopClosure_Response.msg
[101.805s] -- Symlinking: /home/olee/olee_ros2_ws/src/install/slam_toolbox/share/slam_toolbox/srv/MergeMaps.srv
[101.818s] -- Symlinking: /home/olee/olee_ros2_ws/src/install/slam_toolbox/share/slam_toolbox/srv/MergeMaps_Request.msg
[101.828s] -- Symlinking: /home/olee/olee_ros2_ws/src/install/slam_toolbox/share/slam_toolbox/srv/MergeMaps_Response.msg
[101.837s] -- Symlinking: /home/olee/olee_ros2_ws/src/install/slam_toolbox/share/slam_toolbox/srv/AddSubmap.srv
[101.847s] -- Symlinking: /home/olee/olee_ros2_ws/src/install/slam_toolbox/share/slam_toolbox/srv/AddSubmap_Request.msg
[101.857s] -- Symlinking: /home/olee/olee_ros2_ws/src/install/slam_toolbox/share/slam_toolbox/srv/AddSubmap_Response.msg
[101.867s] -- Symlinking: /home/olee/olee_ros2_ws/src/install/slam_toolbox/share/slam_toolbox/srv/DeserializePoseGraph.srv
[101.877s] -- Symlinking: /home/olee/olee_ros2_ws/src/install/slam_toolbox/share/slam_toolbox/srv/DeserializePoseGraph_Request.msg
[101.885s] -- Symlinking: /home/olee/olee_ros2_ws/src/install/slam_toolbox/share/slam_toolbox/srv/DeserializePoseGraph_Response.msg
[101.895s] -- Symlinking: /home/olee/olee_ros2_ws/src/install/slam_toolbox/share/slam_toolbox/srv/SerializePoseGraph.srv
[101.903s] -- Symlinking: /home/olee/olee_ros2_ws/src/install/slam_toolbox/share/slam_toolbox/srv/SerializePoseGraph_Request.msg
[101.913s] -- Symlinking: /home/olee/olee_ros2_ws/src/install/slam_toolbox/share/slam_toolbox/srv/SerializePoseGraph_Response.msg
[101.920s] -- Symlinking: /home/olee/olee_ros2_ws/src/install/slam_toolbox/share/slam_toolbox//rviz_plugins.xml
[101.929s] -- Symlinking: /home/olee/olee_ros2_ws/src/install/slam_toolbox/share/slam_toolbox//solver_plugins.xml
[101.939s] -- Symlinking: /home/olee/olee_ros2_ws/src/install/slam_toolbox/lib/slam_toolbox/async_slam_toolbox_node
[101.948s] -- Symlinking: /home/olee/olee_ros2_ws/src/install/slam_toolbox/lib/slam_toolbox/sync_slam_toolbox_node
[101.958s] -- Symlinking: /home/olee/olee_ros2_ws/src/install/slam_toolbox/lib/slam_toolbox/localization_slam_toolbox_node
[101.965s] -- Symlinking: /home/olee/olee_ros2_ws/src/install/slam_toolbox/lib/slam_toolbox/map_and_localization_slam_toolbox_node
[101.972s] -- Symlinking: /home/olee/olee_ros2_ws/src/install/slam_toolbox/lib/slam_toolbox/merge_maps_kinematic
[101.982s] -- Symlinking: /home/olee/olee_ros2_ws/src/install/slam_toolbox/lib/libtoolbox_common.so
[101.991s] -- Symlinking: /home/olee/olee_ros2_ws/src/install/slam_toolbox/lib/libSlamToolboxPlugin.so
[101.999s] -- Symlinking: /home/olee/olee_ros2_ws/src/install/slam_toolbox/lib/libceres_solver_plugin.so
[102.008s] -- Symlinking: /home/olee/olee_ros2_ws/src/install/slam_toolbox/lib/libasync_slam_toolbox.so
[102.017s] -- Symlinking: /home/olee/olee_ros2_ws/src/install/slam_toolbox/lib/libsync_slam_toolbox.so
[102.023s] -- Symlinking: /home/olee/olee_ros2_ws/src/install/slam_toolbox/lib/liblocalization_slam_toolbox.so
[102.033s] -- Symlinking: /home/olee/olee_ros2_ws/src/install/slam_toolbox/lib/liblifelong_slam_toolbox.so
[102.041s] -- Symlinking: /home/olee/olee_ros2_ws/src/install/slam_toolbox/lib/libmap_and_localization_slam_toolbox.so
[102.047s] -- Symlinking: /home/olee/olee_ros2_ws/src/install/slam_toolbox/lib/libkartoSlamToolbox.so
[102.056s] -- Symlinking: /home/olee/olee_ros2_ws/src/install/slam_toolbox/include/slam_toolbox/experimental/slam_toolbox_lifelong.hpp
[102.065s] -- Symlinking: /home/olee/olee_ros2_ws/src/install/slam_toolbox/include/slam_toolbox/experimental/slam_toolbox_map_and_localization.hpp
[102.071s] -- Symlinking: /home/olee/olee_ros2_ws/src/install/slam_toolbox/include/slam_toolbox/get_pose_helper.hpp
[102.080s] -- Symlinking: /home/olee/olee_ros2_ws/src/install/slam_toolbox/include/slam_toolbox/laser_utils.hpp
[102.091s] -- Symlinking: /home/olee/olee_ros2_ws/src/install/slam_toolbox/include/slam_toolbox/loop_closure_assistant.hpp
[102.099s] -- Symlinking: /home/olee/olee_ros2_ws/src/install/slam_toolbox/include/slam_toolbox/map_saver.hpp
[102.105s] -- Symlinking: /home/olee/olee_ros2_ws/src/install/slam_toolbox/include/slam_toolbox/merge_maps_kinematic.hpp
[102.113s] -- Symlinking: /home/olee/olee_ros2_ws/src/install/slam_toolbox/include/slam_toolbox/serialization.hpp
[102.122s] -- Symlinking: /home/olee/olee_ros2_ws/src/install/slam_toolbox/include/slam_toolbox/slam_mapper.hpp
[102.132s] -- Symlinking: /home/olee/olee_ros2_ws/src/install/slam_toolbox/include/slam_toolbox/slam_toolbox_async.hpp
[102.142s] -- Symlinking: /home/olee/olee_ros2_ws/src/install/slam_toolbox/include/slam_toolbox/slam_toolbox_common.hpp
[102.151s] -- Symlinking: /home/olee/olee_ros2_ws/src/install/slam_toolbox/include/slam_toolbox/slam_toolbox_localization.hpp
[102.161s] -- Symlinking: /home/olee/olee_ros2_ws/src/install/slam_toolbox/include/slam_toolbox/slam_toolbox_sync.hpp
[102.170s] -- Symlinking: /home/olee/olee_ros2_ws/src/install/slam_toolbox/include/slam_toolbox/snap_utils.hpp
[102.178s] -- Symlinking: /home/olee/olee_ros2_ws/src/install/slam_toolbox/include/slam_toolbox/toolbox_msgs.hpp
[102.189s] -- Symlinking: /home/olee/olee_ros2_ws/src/install/slam_toolbox/include/slam_toolbox/toolbox_types.hpp
[102.200s] -- Symlinking: /home/olee/olee_ros2_ws/src/install/slam_toolbox/include/slam_toolbox/visualization_utils.hpp
[102.210s] -- Symlinking: /home/olee/olee_ros2_ws/src/install/slam_toolbox/share/slam_toolbox/launch/localization_launch.py
[102.216s] -- Symlinking: /home/olee/olee_ros2_ws/src/install/slam_toolbox/share/slam_toolbox/launch/merge_maps_kinematic_launch.py
[102.223s] -- Symlinking: /home/olee/olee_ros2_ws/src/install/slam_toolbox/share/slam_toolbox/launch/offline_launch.py
[102.234s] -- Symlinking: /home/olee/olee_ros2_ws/src/install/slam_toolbox/share/slam_toolbox/launch/online_async_launch.py
[102.242s] -- Symlinking: /home/olee/olee_ros2_ws/src/install/slam_toolbox/share/slam_toolbox/launch/online_sync_launch.py
[102.265s] -- Symlinking: /home/olee/olee_ros2_ws/src/install/slam_toolbox/share/slam_toolbox/config/mapper_params_lifelong.yaml
[102.276s] -- Symlinking: /home/olee/olee_ros2_ws/src/install/slam_toolbox/share/slam_toolbox/config/mapper_params_localization.yaml
[102.287s] -- Symlinking: /home/olee/olee_ros2_ws/src/install/slam_toolbox/share/slam_toolbox/config/mapper_params_offline.yaml
[102.297s] -- Symlinking: /home/olee/olee_ros2_ws/src/install/slam_toolbox/share/slam_toolbox/config/mapper_params_online_async.yaml
[102.308s] -- Symlinking: /home/olee/olee_ros2_ws/src/install/slam_toolbox/share/slam_toolbox/config/mapper_params_online_sync.yaml
[102.319s] -- Symlinking: /home/olee/olee_ros2_ws/src/install/slam_toolbox/share/slam_toolbox/config/slam_toolbox_default.rviz
[102.328s] -- Symlinking: /home/olee/olee_ros2_ws/src/install/slam_toolbox/share/solver_plugins.xml
[102.337s] -- Symlinking: /home/olee/olee_ros2_ws/src/install/slam_toolbox/share/rviz_plugins.xml
[102.347s] -- Symlinking: /home/olee/olee_ros2_ws/src/install/slam_toolbox/share/ament_index/resource_index/package_run_dependencies/slam_toolbox
[102.357s] -- Symlinking: /home/olee/olee_ros2_ws/src/install/slam_toolbox/share/ament_index/resource_index/parent_prefix_path/slam_toolbox
[102.368s] -- Symlinking: /home/olee/olee_ros2_ws/src/install/slam_toolbox/share/slam_toolbox/environment/ament_prefix_path.sh
[102.378s] -- Symlinking: /home/olee/olee_ros2_ws/src/install/slam_toolbox/share/slam_toolbox/environment/ament_prefix_path.dsv
[102.387s] -- Symlinking: /home/olee/olee_ros2_ws/src/install/slam_toolbox/share/slam_toolbox/environment/path.sh
[102.394s] -- Symlinking: /home/olee/olee_ros2_ws/src/install/slam_toolbox/share/slam_toolbox/environment/path.dsv
[102.401s] -- Symlinking: /home/olee/olee_ros2_ws/src/install/slam_toolbox/share/slam_toolbox/local_setup.bash
[102.409s] -- Symlinking: /home/olee/olee_ros2_ws/src/install/slam_toolbox/share/slam_toolbox/local_setup.sh
[102.419s] -- Symlinking: /home/olee/olee_ros2_ws/src/install/slam_toolbox/share/slam_toolbox/local_setup.zsh
[102.428s] -- Symlinking: /home/olee/olee_ros2_ws/src/install/slam_toolbox/share/slam_toolbox/local_setup.dsv
[102.438s] -- Symlinking: /home/olee/olee_ros2_ws/src/install/slam_toolbox/share/slam_toolbox/package.dsv
[102.447s] -- Symlinking: /home/olee/olee_ros2_ws/src/install/slam_toolbox/share/ament_index/resource_index/packages/slam_toolbox
[102.454s] -- Symlinking: /home/olee/olee_ros2_ws/src/install/slam_toolbox/share/ament_index/resource_index/rviz_common__pluginlib__plugin/slam_toolbox
[102.460s] -- Symlinking: /home/olee/olee_ros2_ws/src/install/slam_toolbox/share/ament_index/resource_index/slam_toolbox__pluginlib__plugin/slam_toolbox
[102.467s] -- Symlinking: /home/olee/olee_ros2_ws/src/install/slam_toolbox/share/ament_index/resource_index/rclcpp_components/slam_toolbox
[102.476s] -- Symlinking: /home/olee/olee_ros2_ws/src/install/slam_toolbox/share/slam_toolbox/cmake/rosidl_cmake-extras.cmake
[102.486s] -- Symlinking: /home/olee/olee_ros2_ws/src/install/slam_toolbox/share/slam_toolbox/cmake/ament_cmake_export_dependencies-extras.cmake
[102.496s] -- Symlinking: /home/olee/olee_ros2_ws/src/install/slam_toolbox/share/slam_toolbox/cmake/ament_cmake_export_include_directories-extras.cmake
[102.506s] -- Symlinking: /home/olee/olee_ros2_ws/src/install/slam_toolbox/share/slam_toolbox/cmake/ament_cmake_export_libraries-extras.cmake
[102.517s] -- Symlinking: /home/olee/olee_ros2_ws/src/install/slam_toolbox/share/slam_toolbox/cmake/ament_cmake_export_targets-extras.cmake
[102.527s] -- Symlinking: /home/olee/olee_ros2_ws/src/install/slam_toolbox/share/slam_toolbox/cmake/rosidl_cmake_export_typesupport_targets-extras.cmake
[102.536s] -- Symlinking: /home/olee/olee_ros2_ws/src/install/slam_toolbox/share/slam_toolbox/cmake/rosidl_cmake_export_typesupport_libraries-extras.cmake
[102.542s] -- Symlinking: /home/olee/olee_ros2_ws/src/install/slam_toolbox/share/slam_toolbox/cmake/slam_toolboxConfig.cmake
[102.549s] -- Symlinking: /home/olee/olee_ros2_ws/src/install/slam_toolbox/share/slam_toolbox/cmake/slam_toolboxConfig-version.cmake
[102.555s] -- Symlinking: /home/olee/olee_ros2_ws/src/install/slam_toolbox/share/slam_toolbox/package.xml
[102.564s] -- Installing: /home/olee/olee_ros2_ws/src/install/slam_toolbox/lib/libslam_toolbox__rosidl_generator_c.so
[102.564s] -- Set runtime path of "/home/olee/olee_ros2_ws/src/install/slam_toolbox/lib/libslam_toolbox__rosidl_generator_c.so" to ""
[102.564s] -- Installing: /home/olee/olee_ros2_ws/src/install/slam_toolbox/lib/libslam_toolbox__rosidl_typesupport_fastrtps_c.so
[102.564s] -- Set runtime path of "/home/olee/olee_ros2_ws/src/install/slam_toolbox/lib/libslam_toolbox__rosidl_typesupport_fastrtps_c.so" to ""
[102.565s] -- Installing: /home/olee/olee_ros2_ws/src/install/slam_toolbox/lib/libslam_toolbox__rosidl_typesupport_fastrtps_cpp.so
[102.565s] -- Set runtime path of "/home/olee/olee_ros2_ws/src/install/slam_toolbox/lib/libslam_toolbox__rosidl_typesupport_fastrtps_cpp.so" to ""
[102.565s] -- Installing: /home/olee/olee_ros2_ws/src/install/slam_toolbox/lib/libslam_toolbox__rosidl_typesupport_introspection_c.so
[102.565s] -- Set runtime path of "/home/olee/olee_ros2_ws/src/install/slam_toolbox/lib/libslam_toolbox__rosidl_typesupport_introspection_c.so" to ""
[102.566s] -- Installing: /home/olee/olee_ros2_ws/src/install/slam_toolbox/lib/libslam_toolbox__rosidl_typesupport_c.so
[102.566s] -- Set runtime path of "/home/olee/olee_ros2_ws/src/install/slam_toolbox/lib/libslam_toolbox__rosidl_typesupport_c.so" to ""
[102.566s] -- Installing: /home/olee/olee_ros2_ws/src/install/slam_toolbox/lib/libslam_toolbox__rosidl_typesupport_introspection_cpp.so
[102.566s] -- Set runtime path of "/home/olee/olee_ros2_ws/src/install/slam_toolbox/lib/libslam_toolbox__rosidl_typesupport_introspection_cpp.so" to ""
[102.566s] -- Installing: /home/olee/olee_ros2_ws/src/install/slam_toolbox/lib/libslam_toolbox__rosidl_typesupport_cpp.so
[102.566s] -- Set runtime path of "/home/olee/olee_ros2_ws/src/install/slam_toolbox/lib/libslam_toolbox__rosidl_typesupport_cpp.so" to ""
[102.633s] Listing '/home/olee/olee_ros2_ws/src/install/slam_toolbox/local/lib/python3.10/dist-packages/slam_toolbox'...
[102.633s] Compiling '/home/olee/olee_ros2_ws/src/install/slam_toolbox/local/lib/python3.10/dist-packages/slam_toolbox/__init__.py'...
[102.633s] Listing '/home/olee/olee_ros2_ws/src/install/slam_toolbox/local/lib/python3.10/dist-packages/slam_toolbox/srv'...
[102.633s] Compiling '/home/olee/olee_ros2_ws/src/install/slam_toolbox/local/lib/python3.10/dist-packages/slam_toolbox/srv/__init__.py'...
[102.633s] Compiling '/home/olee/olee_ros2_ws/src/install/slam_toolbox/local/lib/python3.10/dist-packages/slam_toolbox/srv/_add_submap.py'...
[102.633s] Compiling '/home/olee/olee_ros2_ws/src/install/slam_toolbox/local/lib/python3.10/dist-packages/slam_toolbox/srv/_clear.py'...
[102.633s] Compiling '/home/olee/olee_ros2_ws/src/install/slam_toolbox/local/lib/python3.10/dist-packages/slam_toolbox/srv/_clear_queue.py'...
[102.633s] Compiling '/home/olee/olee_ros2_ws/src/install/slam_toolbox/local/lib/python3.10/dist-packages/slam_toolbox/srv/_deserialize_pose_graph.py'...
[102.633s] Compiling '/home/olee/olee_ros2_ws/src/install/slam_toolbox/local/lib/python3.10/dist-packages/slam_toolbox/srv/_loop_closure.py'...
[102.633s] Compiling '/home/olee/olee_ros2_ws/src/install/slam_toolbox/local/lib/python3.10/dist-packages/slam_toolbox/srv/_merge_maps.py'...
[102.634s] Compiling '/home/olee/olee_ros2_ws/src/install/slam_toolbox/local/lib/python3.10/dist-packages/slam_toolbox/srv/_pause.py'...
[102.634s] Compiling '/home/olee/olee_ros2_ws/src/install/slam_toolbox/local/lib/python3.10/dist-packages/slam_toolbox/srv/_save_map.py'...
[102.634s] Compiling '/home/olee/olee_ros2_ws/src/install/slam_toolbox/local/lib/python3.10/dist-packages/slam_toolbox/srv/_serialize_pose_graph.py'...
[102.634s] Compiling '/home/olee/olee_ros2_ws/src/install/slam_toolbox/local/lib/python3.10/dist-packages/slam_toolbox/srv/_toggle_interactive.py'...
[102.636s] -- Installing: /home/olee/olee_ros2_ws/src/install/slam_toolbox/lib/libslam_toolbox__rosidl_generator_py.so
[102.636s] -- Set runtime path of "/home/olee/olee_ros2_ws/src/install/slam_toolbox/lib/libslam_toolbox__rosidl_generator_py.so" to ""
[102.636s] -- Installing: /home/olee/olee_ros2_ws/src/install/slam_toolbox/share/slam_toolbox/cmake/export_slam_toolbox__rosidl_generator_cExport.cmake
[102.636s] -- Installing: /home/olee/olee_ros2_ws/src/install/slam_toolbox/share/slam_toolbox/cmake/export_slam_toolbox__rosidl_generator_cExport-release.cmake
[102.637s] -- Installing: /home/olee/olee_ros2_ws/src/install/slam_toolbox/share/slam_toolbox/cmake/export_slam_toolbox__rosidl_typesupport_fastrtps_cExport.cmake
[102.637s] -- Installing: /home/olee/olee_ros2_ws/src/install/slam_toolbox/share/slam_toolbox/cmake/export_slam_toolbox__rosidl_typesupport_fastrtps_cExport-release.cmake
[102.638s] -- Installing: /home/olee/olee_ros2_ws/src/install/slam_toolbox/share/slam_toolbox/cmake/export_slam_toolbox__rosidl_generator_cppExport.cmake
[102.638s] -- Installing: /home/olee/olee_ros2_ws/src/install/slam_toolbox/share/slam_toolbox/cmake/export_slam_toolbox__rosidl_typesupport_fastrtps_cppExport.cmake
[102.638s] -- Installing: /home/olee/olee_ros2_ws/src/install/slam_toolbox/share/slam_toolbox/cmake/export_slam_toolbox__rosidl_typesupport_fastrtps_cppExport-release.cmake
[102.638s] -- Installing: /home/olee/olee_ros2_ws/src/install/slam_toolbox/share/slam_toolbox/cmake/slam_toolbox__rosidl_typesupport_introspection_cExport.cmake
[102.638s] -- Installing: /home/olee/olee_ros2_ws/src/install/slam_toolbox/share/slam_toolbox/cmake/slam_toolbox__rosidl_typesupport_introspection_cExport-release.cmake
[102.638s] -- Installing: /home/olee/olee_ros2_ws/src/install/slam_toolbox/share/slam_toolbox/cmake/slam_toolbox__rosidl_typesupport_cExport.cmake
[102.638s] -- Installing: /home/olee/olee_ros2_ws/src/install/slam_toolbox/share/slam_toolbox/cmake/slam_toolbox__rosidl_typesupport_cExport-release.cmake
[102.638s] -- Installing: /home/olee/olee_ros2_ws/src/install/slam_toolbox/share/slam_toolbox/cmake/slam_toolbox__rosidl_typesupport_introspection_cppExport.cmake
[102.638s] -- Installing: /home/olee/olee_ros2_ws/src/install/slam_toolbox/share/slam_toolbox/cmake/slam_toolbox__rosidl_typesupport_introspection_cppExport-release.cmake
[102.639s] -- Installing: /home/olee/olee_ros2_ws/src/install/slam_toolbox/share/slam_toolbox/cmake/slam_toolbox__rosidl_typesupport_cppExport.cmake
[102.639s] -- Installing: /home/olee/olee_ros2_ws/src/install/slam_toolbox/share/slam_toolbox/cmake/slam_toolbox__rosidl_typesupport_cppExport-release.cmake
[102.639s] -- Installing: /home/olee/olee_ros2_ws/src/install/slam_toolbox/share/slam_toolbox/cmake/export_slam_toolbox__rosidl_generator_pyExport.cmake
[102.639s] -- Installing: /home/olee/olee_ros2_ws/src/install/slam_toolbox/share/slam_toolbox/cmake/export_slam_toolbox__rosidl_generator_pyExport-release.cmake
[102.639s] -- Installing: /home/olee/olee_ros2_ws/src/install/slam_toolbox/share/slam_toolbox/cmake/SlamToolboxPluginExport.cmake
[102.639s] -- Installing: /home/olee/olee_ros2_ws/src/install/slam_toolbox/share/slam_toolbox/cmake/SlamToolboxPluginExport-release.cmake
[102.641s] Invoked command in '/home/olee/olee_ros2_ws/src/build/slam_toolbox' returned '0': CMAKE_PREFIX_PATH=${CMAKE_PREFIX_PATH}:/home/olee/olee_ros2_ws/src/install/master_olee_controller:/home/olee/olee_ros2_ws/install/master_olee_controller:/opt/ros/humble /usr/bin/cmake --install /home/olee/olee_ros2_ws/src/build/slam_toolbox
