[0.136s] Invoking command in '/home/olee/olee_ros2_ws/src/build/ydlidar_ros2_driver': CMAKE_PREFIX_PATH=${CMAKE_PREFIX_PATH}:/opt/ros/humble /usr/bin/cmake /home/olee/olee_ros2_ws/src/ydlidar_ros2_driver-humble -DAMENT_CMAKE_SYMLINK_INSTALL=1 -DCMAKE_INSTALL_PREFIX=/home/olee/olee_ros2_ws/src/install/ydlidar_ros2_driver
[0.158s] [31mCMake Error at CMakeLists.txt:15 (find_package):
[0.158s]   By not providing "Findament_cmake.cmake" in CMAKE_MODULE_PATH this project
[0.158s]   has asked CMake to find a package configuration file provided by
[0.158s]   "ament_cmake", but CMake did not find one.
[0.158s] 
[0.158s]   Could not find a package configuration file provided by "ament_cmake" with
[0.158s]   any of the following names:
[0.158s] 
[0.158s]     ament_cmakeConfig.cmake
[0.159s]     ament_cmake-config.cmake
[0.159s] 
[0.159s]   Add the installation prefix of "ament_cmake" to CMAKE_PREFIX_PATH or set
[0.159s]   "ament_cmake_DIR" to a directory containing one of the above files.  If
[0.159s]   "ament_cmake" provides a separate development package or SDK, be sure it
[0.159s]   has been installed.
[0.159s] 
[0.159s] [0m
[0.159s] -- Configuring incomplete, errors occurred!
[0.159s] See also "/home/olee/olee_ros2_ws/src/build/ydlidar_ros2_driver/CMakeFiles/CMakeOutput.log".
[0.160s] Invoked command in '/home/olee/olee_ros2_ws/src/build/ydlidar_ros2_driver' returned '1': CMAKE_PREFIX_PATH=${CMAKE_PREFIX_PATH}:/opt/ros/humble /usr/bin/cmake /home/olee/olee_ros2_ws/src/ydlidar_ros2_driver-humble -DAMENT_CMAKE_SYMLINK_INSTALL=1 -DCMAKE_INSTALL_PREFIX=/home/olee/olee_ros2_ws/src/install/ydlidar_ros2_driver
