[0.158s] Invoking command in '/home/olee/olee_ros2_ws/build/slam_toolbox': CMAKE_PREFIX_PATH=${CMAKE_PREFIX_PATH}:/home/olee/olee_ros2_ws/install/master_olee_controller:/opt/ros/humble /usr/bin/cmake /home/olee/olee_ros2_ws/src/slam_toolbox-humble -DAMENT_CMAKE_SYMLINK_INSTALL=1 -DCMAKE_INSTALL_PREFIX=/home/olee/olee_ros2_ws/install/slam_toolbox
[0.255s] -- The C compiler identification is GNU 11.4.0
[0.408s] -- The CXX compiler identification is GNU 11.4.0
[0.420s] -- Detecting C compiler ABI info
[0.542s] -- Detecting C compiler ABI info - done
[0.570s] -- Check for working C compiler: /usr/bin/cc - skipped
[0.570s] -- Detecting C compile features
[0.570s] -- Detecting C compile features - done
[0.576s] -- Detecting CXX compiler ABI info
[0.763s] -- Detecting CXX compiler ABI info - done
[0.785s] -- Check for working CXX compiler: /usr/bin/c++ - skipped
[0.785s] -- Detecting CXX compile features
[0.789s] -- Detecting CXX compile features - done
[0.789s] -- Found ament_cmake: 1.3.12 (/opt/ros/humble/share/ament_cmake/cmake)
[1.467s] -- Found Python3: /usr/bin/python3 (found version "3.10.12") found components: Interpreter 
[1.547s] -- Override CMake install command with custom implementation using symlinks instead of copying resources
[1.567s] -- Found message_filters: 4.3.11 (/opt/ros/humble/share/message_filters/cmake)
[1.615s] -- Found rosidl_generator_c: 3.1.7 (/opt/ros/humble/share/rosidl_generator_c/cmake)
[1.621s] -- Found rosidl_adapter: 3.1.7 (/opt/ros/humble/share/rosidl_adapter/cmake)
[1.627s] -- Found rosidl_generator_cpp: 3.1.7 (/opt/ros/humble/share/rosidl_generator_cpp/cmake)
[1.635s] -- Using all available rosidl_typesupport_c: rosidl_typesupport_fastrtps_c;rosidl_typesupport_introspection_c
[1.646s] -- Using all available rosidl_typesupport_cpp: rosidl_typesupport_fastrtps_cpp;rosidl_typesupport_introspection_cpp
[1.674s] -- Found rmw_implementation_cmake: 6.1.2 (/opt/ros/humble/share/rmw_implementation_cmake/cmake)
[1.676s] -- Found rmw_fastrtps_cpp: 6.2.9 (/opt/ros/humble/share/rmw_fastrtps_cpp/cmake)
[1.748s] -- Found OpenSSL: /usr/lib/x86_64-linux-gnu/libcrypto.so (found version "3.0.2")  
[1.774s] -- Found FastRTPS: /opt/ros/humble/include  
[1.812s] -- Using RMW implementation 'rmw_fastrtps_cpp' as default
[1.817s] -- Looking for pthread.h
[1.879s] -- Looking for pthread.h - found
[1.879s] -- Performing Test CMAKE_HAVE_LIBC_PTHREAD
[1.954s] -- Performing Test CMAKE_HAVE_LIBC_PTHREAD - Success
[1.955s] -- Found Threads: TRUE  
[2.025s] -- Found nav_msgs: 4.9.0 (/opt/ros/humble/share/nav_msgs/cmake)
[2.137s] -- Found sensor_msgs: 4.9.0 (/opt/ros/humble/share/sensor_msgs/cmake)
[2.195s] -- Found tf2: 0.25.16 (/opt/ros/humble/share/tf2/cmake)
[2.220s] -- Found tf2_ros: 0.25.16 (/opt/ros/humble/share/tf2_ros/cmake)
[2.472s] -- Found visualization_msgs: 4.9.0 (/opt/ros/humble/share/visualization_msgs/cmake)
[2.527s] -- Found pluginlib: 5.1.2 (/opt/ros/humble/share/pluginlib/cmake)
[2.573s] -- Found tf2_geometry_msgs: 0.25.16 (/opt/ros/humble/share/tf2_geometry_msgs/cmake)
[2.604s] -- Found eigen3_cmake_module: 0.1.1 (/opt/ros/humble/share/eigen3_cmake_module/cmake)
[2.605s] -- Found Eigen3: TRUE (found version "3.4.0") 
[2.605s] -- Ensuring Eigen3 include directory is part of orocos-kdl CMake target
[2.609s] -- Found tf2_sensor_msgs: 0.25.16 (/opt/ros/humble/share/tf2_sensor_msgs/cmake)
[2.623s] -- Found std_srvs: 4.9.0 (/opt/ros/humble/share/std_srvs/cmake)
[2.647s] -- Found rosidl_default_generators: 1.2.0 (/opt/ros/humble/share/rosidl_default_generators/cmake)
[2.671s] -- Found rviz_common: 11.2.22 (/opt/ros/humble/share/rviz_common/cmake)
[2.713s] -- Setting assimp_DIR to: '/opt/ros/humble/share/rviz_assimp_vendor/cmake/../../../opt/rviz_assimp_vendor/lib/cmake/assimp-4.1'
[2.725s] -- Setting OGRE_DIR to: '/opt/ros/humble/share/rviz_ogre_vendor/cmake/../../../opt/rviz_ogre_vendor/lib/OGRE/cmake'
[2.729s] -- Found OGRE
[2.729s] --   static     : OFF
[2.730s] --   components : HLMS;MeshLodGenerator;Overlay;Paging;Property;RTShaderSystem;Terrain;Volume
[2.730s] --   plugins    : Plugin_BSPSceneManager;Plugin_OctreeSceneManager;Plugin_PCZSceneManager;Plugin_ParticleFX;RenderSystem_GL;RenderSystem_GL3Plus;Codec_STBI
[2.730s] --   media      : /opt/ros/humble/opt/rviz_ogre_vendor/share/OGRE/Media
[2.730s] -- OGRE_LIBRARIES: OgreHLMS;OgreMeshLodGenerator;OgreOverlay;OgrePaging;OgreProperty;OgreRTShaderSystem;OgreTerrain;OgreVolume;OgreMain
[2.730s] -- OGRE_LIBRARY_DIRS: /opt/ros/humble/opt/rviz_ogre_vendor/lib
[2.730s] -- OGRE_PLUGINS: Plugin_BSPSceneManager;Plugin_OctreeSceneManager;Plugin_PCZSceneManager;Plugin_ParticleFX;RenderSystem_GL;RenderSystem_GL3Plus;Codec_STBI
[2.730s] -- OGRE_PLUGIN_DIR: /opt/ros/humble/opt/rviz_ogre_vendor/lib/OGRE
[2.730s] -- rviz_ogre_vendor::OgreOverlay for IMPORTED_LOCATION_RELEASE: /opt/ros/humble/opt/rviz_ogre_vendor/lib/libOgreOverlay.so
[2.730s] -- rviz_ogre_vendor::OgreOverlay for IMPORTED_LOCATION_DEBUG: /opt/ros/humble/opt/rviz_ogre_vendor/lib/libOgreOverlay.so
[2.730s] -- rviz_ogre_vendor::OgreMain for IMPORTED_LOCATION_RELEASE: /opt/ros/humble/opt/rviz_ogre_vendor/lib/libOgreMain.so
[2.731s] -- rviz_ogre_vendor::OgreMain for IMPORTED_LOCATION_DEBUG: /opt/ros/humble/opt/rviz_ogre_vendor/lib/libOgreMain.so
[2.797s] -- Found ZLIB: /usr/lib/x86_64-linux-gnu/libz.so (found version "1.2.11") 
[2.820s] -- Found OpenGL: /usr/lib/x86_64-linux-gnu/libOpenGL.so   
[3.064s] -- Found X11: /usr/include   
[3.067s] -- Looking for XOpenDisplay in /usr/lib/x86_64-linux-gnu/libX11.so;/usr/lib/x86_64-linux-gnu/libXext.so
[3.247s] -- Looking for XOpenDisplay in /usr/lib/x86_64-linux-gnu/libX11.so;/usr/lib/x86_64-linux-gnu/libXext.so - found
[3.248s] -- Looking for gethostbyname
[3.413s] -- Looking for gethostbyname - found
[3.413s] -- Looking for connect
[3.516s] -- Looking for connect - found
[3.516s] -- Looking for remove
[3.588s] -- Looking for remove - found
[3.588s] -- Looking for shmat
[3.660s] -- Looking for shmat - found
[3.660s] -- Looking for IceConnectionNumber in ICE
[3.722s] -- Looking for IceConnectionNumber in ICE - found
[3.821s] -- library: /usr/lib/x86_64-linux-gnu/libcurl.so
[3.855s] -- Found rviz_default_plugins: 11.2.22 (/opt/ros/humble/share/rviz_default_plugins/cmake)
[3.960s] -- Found Boost: /usr/lib/x86_64-linux-gnu/cmake/Boost-1.74.0/BoostConfig.cmake (found version "1.74.0") found components: system serialization filesystem thread 
[3.972s] -- Found PkgConfig: /usr/bin/pkg-config (found version "0.29.2") 
[3.982s] -- Found CHOLMOD: /usr/include/suitesparse  
[3.985s] -- Found CSparse: /usr/include/suitesparse  
[4.041s] -- Looking for sgemm_
[4.122s] -- Looking for sgemm_ - not found
[4.182s] -- Looking for sgemm_
[4.263s] -- Looking for sgemm_ - found
[4.264s] -- Found BLAS: /usr/lib/x86_64-linux-gnu/libblas.so  
[4.266s] -- Looking for cheev_
[4.350s] -- Looking for cheev_ - not found
[4.365s] -- Looking for cheev_
[4.431s] -- Looking for cheev_ - not found
[4.432s] -- Looking for cheev_
[4.528s] -- Looking for cheev_ - found
[4.528s] -- Found LAPACK: /usr/lib/x86_64-linux-gnu/liblapack.so;/usr/lib/x86_64-linux-gnu/libblas.so  
[4.536s] -- Found required Ceres dependency: Eigen version 3.4.0 in /usr/include/eigen3
[4.542s] -- Found required Ceres dependency: glog
[4.543s] -- Found required Ceres dependency: gflags
[4.544s] -- Found Ceres version: 2.0.0 installed in: /usr with components: [EigenSparse, SparseLinearAlgebraLibrary, LAPACK, SuiteSparse, CXSparse, SchurSpecializations, Multithreading]
[5.052s] -- Found ament_cmake_ros: 0.10.0 (/opt/ros/humble/share/ament_cmake_ros/cmake)
[5.754s] -- Using all available rosidl_typesupport_c: rosidl_typesupport_fastrtps_c;rosidl_typesupport_introspection_c
[5.991s] -- Using all available rosidl_typesupport_cpp: rosidl_typesupport_fastrtps_cpp;rosidl_typesupport_introspection_cpp
[6.038s] -- Found PythonInterp: /usr/bin/python3 (found suitable version "3.10.12", minimum required is "3.6") 
[6.042s] -- Found python_cmake_module: 0.10.0 (/opt/ros/humble/share/python_cmake_module/cmake)
[6.076s] -- Found PythonLibs: /usr/lib/x86_64-linux-gnu/libpython3.10.so (found suitable version "3.10.12", minimum required is "3.5") 
[6.076s] -- Using PYTHON_EXECUTABLE: /usr/bin/python3
[6.076s] -- Using PYTHON_INCLUDE_DIRS: /usr/include/python3.10
[6.077s] -- Using PYTHON_LIBRARIES: /usr/lib/x86_64-linux-gnu/libpython3.10.so
[6.101s] -- Found PythonExtra: .so  
[6.217s] -- Configuring done
[6.397s] -- Generating done
[6.438s] -- Build files have been written to: /home/olee/olee_ros2_ws/build/slam_toolbox
[6.454s] Invoked command in '/home/olee/olee_ros2_ws/build/slam_toolbox' returned '0': CMAKE_PREFIX_PATH=${CMAKE_PREFIX_PATH}:/home/olee/olee_ros2_ws/install/master_olee_controller:/opt/ros/humble /usr/bin/cmake /home/olee/olee_ros2_ws/src/slam_toolbox-humble -DAMENT_CMAKE_SYMLINK_INSTALL=1 -DCMAKE_INSTALL_PREFIX=/home/olee/olee_ros2_ws/install/slam_toolbox
[6.456s] Invoking command in '/home/olee/olee_ros2_ws/build/slam_toolbox': CMAKE_PREFIX_PATH=${CMAKE_PREFIX_PATH}:/home/olee/olee_ros2_ws/install/master_olee_controller:/opt/ros/humble /usr/bin/cmake --build /home/olee/olee_ros2_ws/build/slam_toolbox -- -j12 -l12
[6.504s] [  1%] [34m[1mGenerating C code for ROS interfaces[0m
[6.509s] [  1%] [32mBuilding CXX object lib/karto_sdk/CMakeFiles/kartoSlamToolbox.dir/src/Karto.cpp.o[0m
[6.512s] [  2%] [32mBuilding CXX object lib/karto_sdk/CMakeFiles/kartoSlamToolbox.dir/src/Mapper.cpp.o[0m
[6.515s] [  3%] [34m[1mGenerating C++ code for ROS interfaces[0m
[6.530s] [  3%] Built target ament_cmake_python_symlink_slam_toolbox
[6.814s] running egg_info
[6.815s] creating slam_toolbox.egg-info
[6.838s] writing slam_toolbox.egg-info/PKG-INFO
[6.838s] writing dependency_links to slam_toolbox.egg-info/dependency_links.txt
[6.839s] writing top-level names to slam_toolbox.egg-info/top_level.txt
[6.839s] writing manifest file 'slam_toolbox.egg-info/SOURCES.txt'
[6.906s] reading manifest file 'slam_toolbox.egg-info/SOURCES.txt'
[6.906s] writing manifest file 'slam_toolbox.egg-info/SOURCES.txt'
[6.945s] [  3%] Built target ament_cmake_python_build_slam_toolbox_egg
[7.711s] [  4%] [32mBuilding C object CMakeFiles/slam_toolbox__rosidl_generator_c.dir/rosidl_generator_c/slam_toolbox/srv/detail/pause__functions.c.o[0m
[7.719s] [  4%] [32mBuilding C object CMakeFiles/slam_toolbox__rosidl_generator_c.dir/rosidl_generator_c/slam_toolbox/srv/detail/clear_queue__functions.c.o[0m
[7.721s] [  5%] [32mBuilding C object CMakeFiles/slam_toolbox__rosidl_generator_c.dir/rosidl_generator_c/slam_toolbox/srv/detail/toggle_interactive__functions.c.o[0m
[7.728s] [  6%] [32mBuilding C object CMakeFiles/slam_toolbox__rosidl_generator_c.dir/rosidl_generator_c/slam_toolbox/srv/detail/clear__functions.c.o[0m
[7.732s] [  7%] [32mBuilding C object CMakeFiles/slam_toolbox__rosidl_generator_c.dir/rosidl_generator_c/slam_toolbox/srv/detail/save_map__functions.c.o[0m
[7.736s] [  8%] [32mBuilding C object CMakeFiles/slam_toolbox__rosidl_generator_c.dir/rosidl_generator_c/slam_toolbox/srv/detail/loop_closure__functions.c.o[0m
[7.736s] [  8%] [32mBuilding C object CMakeFiles/slam_toolbox__rosidl_generator_c.dir/rosidl_generator_c/slam_toolbox/srv/detail/merge_maps__functions.c.o[0m
[7.753s] [  9%] [32mBuilding C object CMakeFiles/slam_toolbox__rosidl_generator_c.dir/rosidl_generator_c/slam_toolbox/srv/detail/add_submap__functions.c.o[0m
[7.834s] [  9%] [32mBuilding C object CMakeFiles/slam_toolbox__rosidl_generator_c.dir/rosidl_generator_c/slam_toolbox/srv/detail/deserialize_pose_graph__functions.c.o[0m
[7.844s] [  9%] Built target slam_toolbox__cpp
[7.865s] [ 10%] [32mBuilding C object CMakeFiles/slam_toolbox__rosidl_generator_c.dir/rosidl_generator_c/slam_toolbox/srv/detail/serialize_pose_graph__functions.c.o[0m
[7.880s] [ 10%] [34m[1mGenerating C++ type support dispatch for ROS interfaces[0m
[7.891s] [ 11%] [34m[1mGenerating C++ type support for eProsima Fast-RTPS[0m
[7.896s] [ 12%] [34m[1mGenerating C++ introspection for ROS interfaces[0m
[8.051s] [ 13%] [32m[1mLinking C shared library libslam_toolbox__rosidl_generator_c.so[0m
[8.099s] [ 13%] Built target slam_toolbox__rosidl_generator_c
[8.109s] [ 13%] [34m[1mGenerating C type support dispatch for ROS interfaces[0m
[8.110s] [ 14%] [34m[1mGenerating C introspection for ROS interfaces[0m
[8.112s] [ 15%] [34m[1mGenerating C type support for eProsima Fast-RTPS[0m
[8.551s] [ 16%] [32mBuilding CXX object CMakeFiles/slam_toolbox__rosidl_typesupport_cpp.dir/rosidl_typesupport_cpp/slam_toolbox/srv/clear_queue__type_support.cpp.o[0m
[8.551s] [ 18%] [32mBuilding CXX object CMakeFiles/slam_toolbox__rosidl_typesupport_cpp.dir/rosidl_typesupport_cpp/slam_toolbox/srv/toggle_interactive__type_support.cpp.o[0m
[8.552s] [ 18%] [32mBuilding CXX object CMakeFiles/slam_toolbox__rosidl_typesupport_cpp.dir/rosidl_typesupport_cpp/slam_toolbox/srv/pause__type_support.cpp.o[0m
[8.553s] [ 19%] [32mBuilding CXX object CMakeFiles/slam_toolbox__rosidl_typesupport_cpp.dir/rosidl_typesupport_cpp/slam_toolbox/srv/save_map__type_support.cpp.o[0m
[8.556s] [ 19%] [32mBuilding CXX object CMakeFiles/slam_toolbox__rosidl_typesupport_cpp.dir/rosidl_typesupport_cpp/slam_toolbox/srv/clear__type_support.cpp.o[0m
[8.897s] [ 20%] [32mBuilding CXX object CMakeFiles/slam_toolbox__rosidl_typesupport_cpp.dir/rosidl_typesupport_cpp/slam_toolbox/srv/loop_closure__type_support.cpp.o[0m
[8.926s] [ 21%] [32mBuilding CXX object CMakeFiles/slam_toolbox__rosidl_typesupport_c.dir/rosidl_typesupport_c/slam_toolbox/srv/pause__type_support.cpp.o[0m
[8.932s] [ 21%] [32mBuilding CXX object CMakeFiles/slam_toolbox__rosidl_typesupport_cpp.dir/rosidl_typesupport_cpp/slam_toolbox/srv/merge_maps__type_support.cpp.o[0m
[8.974s] [ 22%] [32mBuilding CXX object CMakeFiles/slam_toolbox__rosidl_typesupport_cpp.dir/rosidl_typesupport_cpp/slam_toolbox/srv/add_submap__type_support.cpp.o[0m
[8.981s] [ 23%] [32mBuilding CXX object CMakeFiles/slam_toolbox__rosidl_typesupport_c.dir/rosidl_typesupport_c/slam_toolbox/srv/clear_queue__type_support.cpp.o[0m
[9.024s] [ 23%] [32mBuilding C object CMakeFiles/slam_toolbox__rosidl_typesupport_introspection_c.dir/rosidl_typesupport_introspection_c/slam_toolbox/srv/detail/pause__type_support.c.o[0m
[9.031s] [ 24%] [32mBuilding CXX object CMakeFiles/slam_toolbox__rosidl_typesupport_c.dir/rosidl_typesupport_c/slam_toolbox/srv/toggle_interactive__type_support.cpp.o[0m
[9.070s] [ 24%] [32mBuilding CXX object CMakeFiles/slam_toolbox__rosidl_typesupport_c.dir/rosidl_typesupport_c/slam_toolbox/srv/clear__type_support.cpp.o[0m
[9.076s] [ 24%] [32mBuilding CXX object CMakeFiles/slam_toolbox__rosidl_typesupport_introspection_cpp.dir/rosidl_typesupport_introspection_cpp/slam_toolbox/srv/detail/pause__type_support.cpp.o[0m
[9.079s] [ 25%] [32mBuilding C object CMakeFiles/slam_toolbox__rosidl_typesupport_introspection_c.dir/rosidl_typesupport_introspection_c/slam_toolbox/srv/detail/clear_queue__type_support.c.o[0m
[9.098s] [ 26%] [32mBuilding CXX object CMakeFiles/slam_toolbox__rosidl_typesupport_introspection_cpp.dir/rosidl_typesupport_introspection_cpp/slam_toolbox/srv/detail/clear_queue__type_support.cpp.o[0m
[9.136s] [ 27%] [32mBuilding CXX object CMakeFiles/slam_toolbox__rosidl_typesupport_c.dir/rosidl_typesupport_c/slam_toolbox/srv/save_map__type_support.cpp.o[0m
[9.174s] [ 28%] [32mBuilding CXX object CMakeFiles/slam_toolbox__rosidl_typesupport_c.dir/rosidl_typesupport_c/slam_toolbox/srv/loop_closure__type_support.cpp.o[0m
[9.188s] [ 29%] [32mBuilding C object CMakeFiles/slam_toolbox__rosidl_typesupport_introspection_c.dir/rosidl_typesupport_introspection_c/slam_toolbox/srv/detail/toggle_interactive__type_support.c.o[0m
[9.195s] [ 29%] [32mBuilding CXX object CMakeFiles/slam_toolbox__rosidl_typesupport_c.dir/rosidl_typesupport_c/slam_toolbox/srv/merge_maps__type_support.cpp.o[0m
[9.218s] [ 30%] [32mBuilding CXX object CMakeFiles/slam_toolbox__rosidl_typesupport_introspection_cpp.dir/rosidl_typesupport_introspection_cpp/slam_toolbox/srv/detail/toggle_interactive__type_support.cpp.o[0m
[9.249s] [ 30%] [32mBuilding CXX object CMakeFiles/slam_toolbox__rosidl_typesupport_introspection_cpp.dir/rosidl_typesupport_introspection_cpp/slam_toolbox/srv/detail/clear__type_support.cpp.o[0m
[9.255s] [ 31%] [32mBuilding CXX object CMakeFiles/slam_toolbox__rosidl_typesupport_c.dir/rosidl_typesupport_c/slam_toolbox/srv/add_submap__type_support.cpp.o[0m
[9.268s] [ 31%] [32mBuilding C object CMakeFiles/slam_toolbox__rosidl_typesupport_introspection_c.dir/rosidl_typesupport_introspection_c/slam_toolbox/srv/detail/clear__type_support.c.o[0m
[9.280s] [ 32%] [32mBuilding CXX object CMakeFiles/slam_toolbox__rosidl_typesupport_fastrtps_cpp.dir/rosidl_typesupport_fastrtps_cpp/slam_toolbox/srv/detail/dds_fastrtps/pause__type_support.cpp.o[0m
[9.300s] [ 33%] [32mBuilding CXX object CMakeFiles/slam_toolbox__rosidl_typesupport_c.dir/rosidl_typesupport_c/slam_toolbox/srv/deserialize_pose_graph__type_support.cpp.o[0m
[9.329s] [ 34%] [32mBuilding CXX object CMakeFiles/slam_toolbox__rosidl_typesupport_cpp.dir/rosidl_typesupport_cpp/slam_toolbox/srv/deserialize_pose_graph__type_support.cpp.o[0m
[9.330s] [ 34%] [32mBuilding CXX object CMakeFiles/slam_toolbox__rosidl_typesupport_fastrtps_cpp.dir/rosidl_typesupport_fastrtps_cpp/slam_toolbox/srv/detail/dds_fastrtps/clear_queue__type_support.cpp.o[0m
[9.351s] [ 35%] [32mBuilding CXX object CMakeFiles/slam_toolbox__rosidl_typesupport_c.dir/rosidl_typesupport_c/slam_toolbox/srv/serialize_pose_graph__type_support.cpp.o[0m
[9.354s] [ 36%] [32mBuilding C object CMakeFiles/slam_toolbox__rosidl_typesupport_introspection_c.dir/rosidl_typesupport_introspection_c/slam_toolbox/srv/detail/save_map__type_support.c.o[0m
[9.415s] [ 36%] [32m[1mLinking CXX shared library libslam_toolbox__rosidl_typesupport_c.so[0m
[9.455s] [ 37%] [32mBuilding C object CMakeFiles/slam_toolbox__rosidl_typesupport_introspection_c.dir/rosidl_typesupport_introspection_c/slam_toolbox/srv/detail/loop_closure__type_support.c.o[0m
[9.514s] [ 37%] Built target slam_toolbox__rosidl_typesupport_c
[9.532s] [ 38%] [32mBuilding C object CMakeFiles/slam_toolbox__rosidl_typesupport_introspection_c.dir/rosidl_typesupport_introspection_c/slam_toolbox/srv/detail/merge_maps__type_support.c.o[0m
[9.547s] [ 39%] [32mBuilding CXX object CMakeFiles/slam_toolbox__rosidl_typesupport_introspection_cpp.dir/rosidl_typesupport_introspection_cpp/slam_toolbox/srv/detail/save_map__type_support.cpp.o[0m
[9.599s] [ 40%] [32mBuilding CXX object CMakeFiles/slam_toolbox__rosidl_typesupport_fastrtps_c.dir/rosidl_typesupport_fastrtps_c/slam_toolbox/srv/detail/pause__type_support_c.cpp.o[0m
[9.632s] [ 40%] [32mBuilding C object CMakeFiles/slam_toolbox__rosidl_typesupport_introspection_c.dir/rosidl_typesupport_introspection_c/slam_toolbox/srv/detail/add_submap__type_support.c.o[0m
[9.675s] [ 41%] [32mBuilding C object CMakeFiles/slam_toolbox__rosidl_typesupport_introspection_c.dir/rosidl_typesupport_introspection_c/slam_toolbox/srv/detail/deserialize_pose_graph__type_support.c.o[0m
[9.678s] [ 42%] [32mBuilding CXX object CMakeFiles/slam_toolbox__rosidl_typesupport_cpp.dir/rosidl_typesupport_cpp/slam_toolbox/srv/serialize_pose_graph__type_support.cpp.o[0m
[9.737s] [ 43%] [32mBuilding CXX object CMakeFiles/slam_toolbox__rosidl_typesupport_introspection_cpp.dir/rosidl_typesupport_introspection_cpp/slam_toolbox/srv/detail/loop_closure__type_support.cpp.o[0m
[9.760s] [ 44%] [32mBuilding CXX object CMakeFiles/slam_toolbox__rosidl_typesupport_introspection_cpp.dir/rosidl_typesupport_introspection_cpp/slam_toolbox/srv/detail/merge_maps__type_support.cpp.o[0m
[9.781s] [ 45%] [32mBuilding C object CMakeFiles/slam_toolbox__rosidl_typesupport_introspection_c.dir/rosidl_typesupport_introspection_c/slam_toolbox/srv/detail/serialize_pose_graph__type_support.c.o[0m
[9.798s] [ 46%] [32mBuilding CXX object CMakeFiles/slam_toolbox__rosidl_typesupport_fastrtps_cpp.dir/rosidl_typesupport_fastrtps_cpp/slam_toolbox/srv/detail/dds_fastrtps/toggle_interactive__type_support.cpp.o[0m
[9.897s] [ 46%] [32m[1mLinking C shared library libslam_toolbox__rosidl_typesupport_introspection_c.so[0m
[9.912s] [ 46%] [32mBuilding CXX object CMakeFiles/slam_toolbox__rosidl_typesupport_introspection_cpp.dir/rosidl_typesupport_introspection_cpp/slam_toolbox/srv/detail/add_submap__type_support.cpp.o[0m
[9.952s] [ 46%] [32mBuilding CXX object CMakeFiles/slam_toolbox__rosidl_typesupport_fastrtps_c.dir/rosidl_typesupport_fastrtps_c/slam_toolbox/srv/detail/clear_queue__type_support_c.cpp.o[0m
[9.985s] [ 46%] Built target slam_toolbox__rosidl_typesupport_introspection_c
[10.006s] [ 47%] [32mBuilding CXX object CMakeFiles/slam_toolbox__rosidl_typesupport_fastrtps_cpp.dir/rosidl_typesupport_fastrtps_cpp/slam_toolbox/srv/detail/dds_fastrtps/clear__type_support.cpp.o[0m
[10.044s] [ 48%] [32mBuilding CXX object CMakeFiles/slam_toolbox__rosidl_typesupport_fastrtps_cpp.dir/rosidl_typesupport_fastrtps_cpp/slam_toolbox/srv/detail/dds_fastrtps/save_map__type_support.cpp.o[0m
[10.135s] [ 49%] [32mBuilding CXX object CMakeFiles/slam_toolbox__rosidl_typesupport_fastrtps_c.dir/rosidl_typesupport_fastrtps_c/slam_toolbox/srv/detail/toggle_interactive__type_support_c.cpp.o[0m
[10.189s] [ 50%] [32mBuilding CXX object CMakeFiles/slam_toolbox__rosidl_typesupport_fastrtps_c.dir/rosidl_typesupport_fastrtps_c/slam_toolbox/srv/detail/clear__type_support_c.cpp.o[0m
[10.246s] [ 51%] [32mBuilding CXX object CMakeFiles/slam_toolbox__rosidl_typesupport_introspection_cpp.dir/rosidl_typesupport_introspection_cpp/slam_toolbox/srv/detail/deserialize_pose_graph__type_support.cpp.o[0m
[10.279s] [ 51%] [32m[1mLinking CXX shared library libslam_toolbox__rosidl_typesupport_cpp.so[0m
[10.385s] [ 51%] Built target slam_toolbox__rosidl_typesupport_cpp
[10.399s] [ 51%] [32mBuilding CXX object CMakeFiles/slam_toolbox__rosidl_typesupport_fastrtps_cpp.dir/rosidl_typesupport_fastrtps_cpp/slam_toolbox/srv/detail/dds_fastrtps/loop_closure__type_support.cpp.o[0m
[10.412s] [ 52%] [32mBuilding CXX object CMakeFiles/slam_toolbox__rosidl_typesupport_introspection_cpp.dir/rosidl_typesupport_introspection_cpp/slam_toolbox/srv/detail/serialize_pose_graph__type_support.cpp.o[0m
[10.424s] [ 53%] [32mBuilding CXX object CMakeFiles/slam_toolbox__rosidl_typesupport_fastrtps_cpp.dir/rosidl_typesupport_fastrtps_cpp/slam_toolbox/srv/detail/dds_fastrtps/add_submap__type_support.cpp.o[0m
[10.428s] [ 54%] [32mBuilding CXX object CMakeFiles/slam_toolbox__rosidl_typesupport_fastrtps_cpp.dir/rosidl_typesupport_fastrtps_cpp/slam_toolbox/srv/detail/dds_fastrtps/merge_maps__type_support.cpp.o[0m
[10.553s] [ 55%] [32mBuilding CXX object CMakeFiles/slam_toolbox__rosidl_typesupport_fastrtps_c.dir/rosidl_typesupport_fastrtps_c/slam_toolbox/srv/detail/save_map__type_support_c.cpp.o[0m
[10.603s] [ 55%] [34m[1mGenerating rviz_plugin/moc_slam_toolbox_rviz_plugin.cpp[0m
[10.627s] [ 56%] [32mBuilding CXX object CMakeFiles/SlamToolboxPlugin.dir/rviz_plugin/slam_toolbox_rviz_plugin.cpp.o[0m
[10.645s] [ 56%] [32mBuilding CXX object CMakeFiles/slam_toolbox__rosidl_typesupport_fastrtps_c.dir/rosidl_typesupport_fastrtps_c/slam_toolbox/srv/detail/loop_closure__type_support_c.cpp.o[0m
[10.673s] [ 57%] [32mBuilding CXX object CMakeFiles/slam_toolbox__rosidl_typesupport_fastrtps_c.dir/rosidl_typesupport_fastrtps_c/slam_toolbox/srv/detail/merge_maps__type_support_c.cpp.o[0m
[10.866s] [ 58%] [32mBuilding CXX object CMakeFiles/slam_toolbox__rosidl_typesupport_fastrtps_c.dir/rosidl_typesupport_fastrtps_c/slam_toolbox/srv/detail/add_submap__type_support_c.cpp.o[0m
[10.872s] [ 59%] [32mBuilding CXX object CMakeFiles/SlamToolboxPlugin.dir/rviz_plugin/moc_slam_toolbox_rviz_plugin.cpp.o[0m
[10.881s] [ 59%] [32mBuilding CXX object CMakeFiles/slam_toolbox__rosidl_typesupport_fastrtps_c.dir/rosidl_typesupport_fastrtps_c/slam_toolbox/srv/detail/deserialize_pose_graph__type_support_c.cpp.o[0m
[11.082s] [ 59%] [32m[1mLinking CXX shared library libslam_toolbox__rosidl_typesupport_introspection_cpp.so[0m
[11.132s] [ 60%] [32mBuilding CXX object CMakeFiles/slam_toolbox__rosidl_typesupport_fastrtps_c.dir/rosidl_typesupport_fastrtps_c/slam_toolbox/srv/detail/serialize_pose_graph__type_support_c.cpp.o[0m
[11.138s] [ 60%] [32mBuilding CXX object CMakeFiles/slam_toolbox__rosidl_typesupport_fastrtps_cpp.dir/rosidl_typesupport_fastrtps_cpp/slam_toolbox/srv/detail/dds_fastrtps/deserialize_pose_graph__type_support.cpp.o[0m
[11.199s] [ 60%] Built target slam_toolbox__rosidl_typesupport_introspection_cpp
[11.210s] [ 61%] [32mBuilding CXX object CMakeFiles/slam_toolbox__rosidl_typesupport_fastrtps_cpp.dir/rosidl_typesupport_fastrtps_cpp/slam_toolbox/srv/detail/dds_fastrtps/serialize_pose_graph__type_support.cpp.o[0m
[11.590s] [ 62%] [32m[1mLinking CXX shared library libslam_toolbox__rosidl_typesupport_fastrtps_c.so[0m
[11.702s] [ 62%] Built target slam_toolbox__rosidl_typesupport_fastrtps_c
[11.831s] [ 63%] [32m[1mLinking CXX shared library libslam_toolbox__rosidl_typesupport_fastrtps_cpp.so[0m
[11.912s] [ 63%] Built target slam_toolbox__rosidl_typesupport_fastrtps_cpp
[11.936s] [ 63%] Built target slam_toolbox
[11.962s] [ 63%] [34m[1mGenerating Python code for ROS interfaces[0m
[14.002s] [ 63%] Built target slam_toolbox__py
[14.027s] [ 64%] [32mBuilding C object CMakeFiles/slam_toolbox__rosidl_generator_py.dir/rosidl_generator_py/slam_toolbox/srv/_clear_s.c.o[0m
[14.028s] [ 65%] [32mBuilding C object CMakeFiles/slam_toolbox__rosidl_generator_py.dir/rosidl_generator_py/slam_toolbox/srv/_loop_closure_s.c.o[0m
[14.028s] [ 66%] [32mBuilding C object CMakeFiles/slam_toolbox__rosidl_generator_py.dir/rosidl_generator_py/slam_toolbox/srv/_save_map_s.c.o[0m
[14.028s] [ 66%] [32mBuilding C object CMakeFiles/slam_toolbox__rosidl_generator_py.dir/rosidl_generator_py/slam_toolbox/srv/_toggle_interactive_s.c.o[0m
[14.028s] [ 66%] [32mBuilding C object CMakeFiles/slam_toolbox__rosidl_generator_py.dir/rosidl_generator_py/slam_toolbox/srv/_clear_queue_s.c.o[0m
[14.030s] [ 67%] [32mBuilding C object CMakeFiles/slam_toolbox__rosidl_generator_py.dir/rosidl_generator_py/slam_toolbox/srv/_merge_maps_s.c.o[0m
[14.033s] [ 68%] [32mBuilding C object CMakeFiles/slam_toolbox__rosidl_generator_py.dir/rosidl_generator_py/slam_toolbox/srv/_pause_s.c.o[0m
[14.036s] [ 69%] [32mBuilding C object CMakeFiles/slam_toolbox__rosidl_generator_py.dir/rosidl_generator_py/slam_toolbox/srv/_add_submap_s.c.o[0m
[14.201s] [ 69%] [32mBuilding C object CMakeFiles/slam_toolbox__rosidl_generator_py.dir/rosidl_generator_py/slam_toolbox/srv/_deserialize_pose_graph_s.c.o[0m
[14.201s] [ 70%] [32mBuilding C object CMakeFiles/slam_toolbox__rosidl_generator_py.dir/rosidl_generator_py/slam_toolbox/srv/_serialize_pose_graph_s.c.o[0m
[14.377s] [ 71%] [32m[1mLinking C shared library rosidl_generator_py/slam_toolbox/libslam_toolbox__rosidl_generator_py.so[0m
[14.432s] [ 71%] Built target slam_toolbox__rosidl_generator_py
[14.452s] [ 72%] [32mBuilding C object CMakeFiles/slam_toolbox__rosidl_typesupport_c__pyext.dir/rosidl_generator_py/slam_toolbox/_slam_toolbox_s.ep.rosidl_typesupport_c.c.o[0m
[14.455s] [ 74%] [32mBuilding C object CMakeFiles/slam_toolbox__rosidl_typesupport_introspection_c__pyext.dir/rosidl_generator_py/slam_toolbox/_slam_toolbox_s.ep.rosidl_typesupport_introspection_c.c.o[0m
[14.455s] [ 74%] [32mBuilding C object CMakeFiles/slam_toolbox__rosidl_typesupport_fastrtps_c__pyext.dir/rosidl_generator_py/slam_toolbox/_slam_toolbox_s.ep.rosidl_typesupport_fastrtps_c.c.o[0m
[14.737s] [ 75%] [32m[1mLinking C shared library rosidl_generator_py/slam_toolbox/slam_toolbox_s__rosidl_typesupport_introspection_c.cpython-310-x86_64-linux-gnu.so[0m
[14.796s] [ 75%] Built target slam_toolbox__rosidl_typesupport_introspection_c__pyext
[14.843s] [ 76%] [32m[1mLinking C shared library rosidl_generator_py/slam_toolbox/slam_toolbox_s__rosidl_typesupport_c.cpython-310-x86_64-linux-gnu.so[0m
[14.903s] [ 76%] Built target slam_toolbox__rosidl_typesupport_c__pyext
[14.916s] [ 76%] [32m[1mLinking C shared library rosidl_generator_py/slam_toolbox/slam_toolbox_s__rosidl_typesupport_fastrtps_c.cpython-310-x86_64-linux-gnu.so[0m
[14.974s] [ 76%] Built target slam_toolbox__rosidl_typesupport_fastrtps_c__pyext
[23.428s] [ 77%] [32m[1mLinking CXX shared library libkartoSlamToolbox.so[0m
[23.682s] [ 77%] Built target kartoSlamToolbox
[23.700s] [ 78%] [32mBuilding CXX object CMakeFiles/ceres_solver_plugin.dir/solvers/ceres_solver.cpp.o[0m
[23.707s] [ 81%] [32mBuilding CXX object CMakeFiles/toolbox_common.dir/src/map_saver.cpp.o[0m
[23.707s] [ 81%] [32mBuilding CXX object CMakeFiles/toolbox_common.dir/src/laser_utils.cpp.o[0m
[23.707s] [ 81%] [32mBuilding CXX object CMakeFiles/toolbox_common.dir/src/slam_toolbox_common.cpp.o[0m
[23.707s] [ 81%] [32mBuilding CXX object CMakeFiles/toolbox_common.dir/src/loop_closure_assistant.cpp.o[0m
[23.707s] [ 82%] [32mBuilding CXX object CMakeFiles/toolbox_common.dir/src/slam_mapper.cpp.o[0m
[30.261s] [ 82%] [32m[1mLinking CXX shared library libSlamToolboxPlugin.so[0m
[32.811s] [ 82%] Built target SlamToolboxPlugin
[45.240s] [ 83%] [32m[1mLinking CXX shared library libceres_solver_plugin.so[0m
[45.623s] [ 83%] Built target ceres_solver_plugin
[56.226s] [ 84%] [32m[1mLinking CXX shared library libtoolbox_common.so[0m
[56.686s] [ 84%] Built target toolbox_common
[56.701s] [ 85%] [32mBuilding CXX object CMakeFiles/async_slam_toolbox.dir/src/slam_toolbox_async.cpp.o[0m
[56.706s] [ 86%] [32mBuilding CXX object CMakeFiles/merge_maps_kinematic.dir/src/merge_maps_kinematic.cpp.o[0m
[56.706s] [ 87%] [32mBuilding CXX object CMakeFiles/lifelong_slam_toolbox.dir/src/experimental/slam_toolbox_lifelong.cpp.o[0m
[56.709s] [ 87%] [32mBuilding CXX object CMakeFiles/localization_slam_toolbox.dir/src/slam_toolbox_localization.cpp.o[0m
[56.709s] [ 88%] [32mBuilding CXX object CMakeFiles/sync_slam_toolbox.dir/src/slam_toolbox_sync.cpp.o[0m
[66.951s] [ 89%] [32m[1mLinking CXX shared library libasync_slam_toolbox.so[0m
[67.479s] [ 89%] Built target async_slam_toolbox
[67.506s] [ 90%] [32mBuilding CXX object CMakeFiles/async_slam_toolbox_node.dir/src/slam_toolbox_async_node.cpp.o[0m
[73.663s] [ 91%] [32m[1mLinking CXX shared library libsync_slam_toolbox.so[0m
[74.157s] [ 91%] Built target sync_slam_toolbox
[74.185s] [ 92%] [32mBuilding CXX object CMakeFiles/sync_slam_toolbox_node.dir/src/slam_toolbox_sync_node.cpp.o[0m
[75.482s] [ 93%] [32m[1mLinking CXX shared library liblocalization_slam_toolbox.so[0m
[76.172s] [ 93%] Built target localization_slam_toolbox
[76.201s] [ 94%] [32mBuilding CXX object CMakeFiles/map_and_localization_slam_toolbox.dir/src/experimental/slam_toolbox_map_and_localization.cpp.o[0m
[76.201s] [ 94%] [32mBuilding CXX object CMakeFiles/localization_slam_toolbox_node.dir/src/slam_toolbox_localization_node.cpp.o[0m
[76.224s] [ 95%] [32m[1mLinking CXX executable merge_maps_kinematic[0m
[77.003s] [ 95%] Built target merge_maps_kinematic
[77.364s] [ 95%] [32m[1mLinking CXX shared library liblifelong_slam_toolbox.so[0m
[78.130s] [ 95%] Built target lifelong_slam_toolbox
[78.158s] [ 96%] [32mBuilding CXX object CMakeFiles/lifelong_slam_toolbox_node.dir/src/experimental/slam_toolbox_lifelong_node.cpp.o[0m
[84.518s] [ 96%] [32m[1mLinking CXX executable async_slam_toolbox_node[0m
[85.071s] [ 96%] Built target async_slam_toolbox_node
[86.823s] [ 96%] [32m[1mLinking CXX executable sync_slam_toolbox_node[0m
[87.348s] [ 96%] Built target sync_slam_toolbox_node
[90.288s] [ 97%] [32m[1mLinking CXX executable localization_slam_toolbox_node[0m
[90.689s] [ 97%] Built target localization_slam_toolbox_node
[94.057s] [ 98%] [32m[1mLinking CXX executable lifelong_slam_toolbox_node[0m
[94.329s] [ 98%] Built target lifelong_slam_toolbox_node
[94.560s] [ 99%] [32m[1mLinking CXX shared library libmap_and_localization_slam_toolbox.so[0m
[94.920s] [ 99%] Built target map_and_localization_slam_toolbox
[94.942s] [100%] [32mBuilding CXX object CMakeFiles/map_and_localization_slam_toolbox_node.dir/src/experimental/slam_toolbox_map_and_localization_node.cpp.o[0m
[102.859s] [100%] [32m[1mLinking CXX executable map_and_localization_slam_toolbox_node[0m
[103.124s] [100%] Built target map_and_localization_slam_toolbox_node
[103.143s] Invoked command in '/home/olee/olee_ros2_ws/build/slam_toolbox' returned '0': CMAKE_PREFIX_PATH=${CMAKE_PREFIX_PATH}:/home/olee/olee_ros2_ws/install/master_olee_controller:/opt/ros/humble /usr/bin/cmake --build /home/olee/olee_ros2_ws/build/slam_toolbox -- -j12 -l12
[103.147s] Invoking command in '/home/olee/olee_ros2_ws/build/slam_toolbox': CMAKE_PREFIX_PATH=${CMAKE_PREFIX_PATH}:/home/olee/olee_ros2_ws/install/master_olee_controller:/opt/ros/humble /usr/bin/cmake --install /home/olee/olee_ros2_ws/build/slam_toolbox
[103.156s] -- Install configuration: "Release"
[103.157s] -- Execute custom install script
[103.158s] -- Symlinking: /home/olee/olee_ros2_ws/install/slam_toolbox/include//karto_sdk/Karto.h
[103.166s] -- Symlinking: /home/olee/olee_ros2_ws/install/slam_toolbox/include//karto_sdk/Macros.h
[103.177s] -- Symlinking: /home/olee/olee_ros2_ws/install/slam_toolbox/include//karto_sdk/Mapper.h
[103.186s] -- Symlinking: /home/olee/olee_ros2_ws/install/slam_toolbox/include//karto_sdk/Math.h
[103.195s] -- Symlinking: /home/olee/olee_ros2_ws/install/slam_toolbox/include//karto_sdk/Types.h
[103.203s] -- Symlinking: /home/olee/olee_ros2_ws/install/slam_toolbox/include//karto_sdk/nanoflann.hpp
[103.213s] -- Symlinking: /home/olee/olee_ros2_ws/install/slam_toolbox/include//karto_sdk/nanoflann_adaptors.h
[103.223s] -- Symlinking: /home/olee/olee_ros2_ws/install/slam_toolbox/share/ament_index/resource_index/rosidl_interfaces/slam_toolbox
[103.233s] -- Symlinking: /home/olee/olee_ros2_ws/install/slam_toolbox/include/slam_toolbox/slam_toolbox/msg/rosidl_generator_c__visibility_control.h
[103.239s] -- Symlinking: /home/olee/olee_ros2_ws/install/slam_toolbox/include/slam_toolbox/slam_toolbox/srv/add_submap.h
[103.249s] -- Symlinking: /home/olee/olee_ros2_ws/install/slam_toolbox/include/slam_toolbox/slam_toolbox/srv/clear.h
[103.259s] -- Symlinking: /home/olee/olee_ros2_ws/install/slam_toolbox/include/slam_toolbox/slam_toolbox/srv/clear_queue.h
[103.268s] -- Symlinking: /home/olee/olee_ros2_ws/install/slam_toolbox/include/slam_toolbox/slam_toolbox/srv/deserialize_pose_graph.h
[103.277s] -- Symlinking: /home/olee/olee_ros2_ws/install/slam_toolbox/include/slam_toolbox/slam_toolbox/srv/detail/add_submap__functions.h
[103.285s] -- Symlinking: /home/olee/olee_ros2_ws/install/slam_toolbox/include/slam_toolbox/slam_toolbox/srv/detail/add_submap__struct.h
[103.293s] -- Symlinking: /home/olee/olee_ros2_ws/install/slam_toolbox/include/slam_toolbox/slam_toolbox/srv/detail/add_submap__type_support.h
[103.302s] -- Symlinking: /home/olee/olee_ros2_ws/install/slam_toolbox/include/slam_toolbox/slam_toolbox/srv/detail/clear__functions.h
[103.311s] -- Symlinking: /home/olee/olee_ros2_ws/install/slam_toolbox/include/slam_toolbox/slam_toolbox/srv/detail/clear__struct.h
[103.320s] -- Symlinking: /home/olee/olee_ros2_ws/install/slam_toolbox/include/slam_toolbox/slam_toolbox/srv/detail/clear__type_support.h
[103.331s] -- Symlinking: /home/olee/olee_ros2_ws/install/slam_toolbox/include/slam_toolbox/slam_toolbox/srv/detail/clear_queue__functions.h
[103.340s] -- Symlinking: /home/olee/olee_ros2_ws/install/slam_toolbox/include/slam_toolbox/slam_toolbox/srv/detail/clear_queue__struct.h
[103.347s] -- Symlinking: /home/olee/olee_ros2_ws/install/slam_toolbox/include/slam_toolbox/slam_toolbox/srv/detail/clear_queue__type_support.h
[103.355s] -- Symlinking: /home/olee/olee_ros2_ws/install/slam_toolbox/include/slam_toolbox/slam_toolbox/srv/detail/deserialize_pose_graph__functions.h
[103.365s] -- Symlinking: /home/olee/olee_ros2_ws/install/slam_toolbox/include/slam_toolbox/slam_toolbox/srv/detail/deserialize_pose_graph__struct.h
[103.374s] -- Symlinking: /home/olee/olee_ros2_ws/install/slam_toolbox/include/slam_toolbox/slam_toolbox/srv/detail/deserialize_pose_graph__type_support.h
[103.381s] -- Symlinking: /home/olee/olee_ros2_ws/install/slam_toolbox/include/slam_toolbox/slam_toolbox/srv/detail/loop_closure__functions.h
[103.391s] -- Symlinking: /home/olee/olee_ros2_ws/install/slam_toolbox/include/slam_toolbox/slam_toolbox/srv/detail/loop_closure__struct.h
[103.401s] -- Symlinking: /home/olee/olee_ros2_ws/install/slam_toolbox/include/slam_toolbox/slam_toolbox/srv/detail/loop_closure__type_support.h
[103.407s] -- Symlinking: /home/olee/olee_ros2_ws/install/slam_toolbox/include/slam_toolbox/slam_toolbox/srv/detail/merge_maps__functions.h
[103.417s] -- Symlinking: /home/olee/olee_ros2_ws/install/slam_toolbox/include/slam_toolbox/slam_toolbox/srv/detail/merge_maps__struct.h
[103.427s] -- Symlinking: /home/olee/olee_ros2_ws/install/slam_toolbox/include/slam_toolbox/slam_toolbox/srv/detail/merge_maps__type_support.h
[103.438s] -- Symlinking: /home/olee/olee_ros2_ws/install/slam_toolbox/include/slam_toolbox/slam_toolbox/srv/detail/pause__functions.h
[103.447s] -- Symlinking: /home/olee/olee_ros2_ws/install/slam_toolbox/include/slam_toolbox/slam_toolbox/srv/detail/pause__struct.h
[103.457s] -- Symlinking: /home/olee/olee_ros2_ws/install/slam_toolbox/include/slam_toolbox/slam_toolbox/srv/detail/pause__type_support.h
[103.467s] -- Symlinking: /home/olee/olee_ros2_ws/install/slam_toolbox/include/slam_toolbox/slam_toolbox/srv/detail/save_map__functions.h
[103.478s] -- Symlinking: /home/olee/olee_ros2_ws/install/slam_toolbox/include/slam_toolbox/slam_toolbox/srv/detail/save_map__struct.h
[103.488s] -- Symlinking: /home/olee/olee_ros2_ws/install/slam_toolbox/include/slam_toolbox/slam_toolbox/srv/detail/save_map__type_support.h
[103.497s] -- Symlinking: /home/olee/olee_ros2_ws/install/slam_toolbox/include/slam_toolbox/slam_toolbox/srv/detail/serialize_pose_graph__functions.h
[103.506s] -- Symlinking: /home/olee/olee_ros2_ws/install/slam_toolbox/include/slam_toolbox/slam_toolbox/srv/detail/serialize_pose_graph__struct.h
[103.515s] -- Symlinking: /home/olee/olee_ros2_ws/install/slam_toolbox/include/slam_toolbox/slam_toolbox/srv/detail/serialize_pose_graph__type_support.h
[103.521s] -- Symlinking: /home/olee/olee_ros2_ws/install/slam_toolbox/include/slam_toolbox/slam_toolbox/srv/detail/toggle_interactive__functions.h
[103.528s] -- Symlinking: /home/olee/olee_ros2_ws/install/slam_toolbox/include/slam_toolbox/slam_toolbox/srv/detail/toggle_interactive__struct.h
[103.538s] -- Symlinking: /home/olee/olee_ros2_ws/install/slam_toolbox/include/slam_toolbox/slam_toolbox/srv/detail/toggle_interactive__type_support.h
[103.546s] -- Symlinking: /home/olee/olee_ros2_ws/install/slam_toolbox/include/slam_toolbox/slam_toolbox/srv/loop_closure.h
[103.553s] -- Symlinking: /home/olee/olee_ros2_ws/install/slam_toolbox/include/slam_toolbox/slam_toolbox/srv/merge_maps.h
[103.564s] -- Symlinking: /home/olee/olee_ros2_ws/install/slam_toolbox/include/slam_toolbox/slam_toolbox/srv/pause.h
[103.573s] -- Symlinking: /home/olee/olee_ros2_ws/install/slam_toolbox/include/slam_toolbox/slam_toolbox/srv/save_map.h
[103.582s] -- Symlinking: /home/olee/olee_ros2_ws/install/slam_toolbox/include/slam_toolbox/slam_toolbox/srv/serialize_pose_graph.h
[103.591s] -- Symlinking: /home/olee/olee_ros2_ws/install/slam_toolbox/include/slam_toolbox/slam_toolbox/srv/toggle_interactive.h
[103.601s] -- Symlinking: /home/olee/olee_ros2_ws/install/slam_toolbox/share/slam_toolbox/environment/library_path.sh
[103.612s] -- Symlinking: /home/olee/olee_ros2_ws/install/slam_toolbox/share/slam_toolbox/environment/library_path.dsv
[103.624s] -- Symlinking: /home/olee/olee_ros2_ws/install/slam_toolbox/include/slam_toolbox/slam_toolbox/msg/rosidl_typesupport_fastrtps_c__visibility_control.h
[103.633s] -- Symlinking: /home/olee/olee_ros2_ws/install/slam_toolbox/include/slam_toolbox/slam_toolbox/srv/detail/add_submap__rosidl_typesupport_fastrtps_c.h
[103.643s] -- Symlinking: /home/olee/olee_ros2_ws/install/slam_toolbox/include/slam_toolbox/slam_toolbox/srv/detail/clear__rosidl_typesupport_fastrtps_c.h
[103.652s] -- Symlinking: /home/olee/olee_ros2_ws/install/slam_toolbox/include/slam_toolbox/slam_toolbox/srv/detail/clear_queue__rosidl_typesupport_fastrtps_c.h
[103.661s] -- Symlinking: /home/olee/olee_ros2_ws/install/slam_toolbox/include/slam_toolbox/slam_toolbox/srv/detail/deserialize_pose_graph__rosidl_typesupport_fastrtps_c.h
[103.669s] -- Symlinking: /home/olee/olee_ros2_ws/install/slam_toolbox/include/slam_toolbox/slam_toolbox/srv/detail/loop_closure__rosidl_typesupport_fastrtps_c.h
[103.678s] -- Symlinking: /home/olee/olee_ros2_ws/install/slam_toolbox/include/slam_toolbox/slam_toolbox/srv/detail/merge_maps__rosidl_typesupport_fastrtps_c.h
[103.687s] -- Symlinking: /home/olee/olee_ros2_ws/install/slam_toolbox/include/slam_toolbox/slam_toolbox/srv/detail/pause__rosidl_typesupport_fastrtps_c.h
[103.697s] -- Symlinking: /home/olee/olee_ros2_ws/install/slam_toolbox/include/slam_toolbox/slam_toolbox/srv/detail/save_map__rosidl_typesupport_fastrtps_c.h
[103.707s] -- Symlinking: /home/olee/olee_ros2_ws/install/slam_toolbox/include/slam_toolbox/slam_toolbox/srv/detail/serialize_pose_graph__rosidl_typesupport_fastrtps_c.h
[103.716s] -- Symlinking: /home/olee/olee_ros2_ws/install/slam_toolbox/include/slam_toolbox/slam_toolbox/srv/detail/toggle_interactive__rosidl_typesupport_fastrtps_c.h
[103.725s] -- Symlinking: /home/olee/olee_ros2_ws/install/slam_toolbox/include/slam_toolbox/slam_toolbox/msg/rosidl_generator_cpp__visibility_control.hpp
[103.734s] -- Symlinking: /home/olee/olee_ros2_ws/install/slam_toolbox/include/slam_toolbox/slam_toolbox/srv/add_submap.hpp
[103.741s] -- Symlinking: /home/olee/olee_ros2_ws/install/slam_toolbox/include/slam_toolbox/slam_toolbox/srv/clear.hpp
[103.751s] -- Symlinking: /home/olee/olee_ros2_ws/install/slam_toolbox/include/slam_toolbox/slam_toolbox/srv/clear_queue.hpp
[103.761s] -- Symlinking: /home/olee/olee_ros2_ws/install/slam_toolbox/include/slam_toolbox/slam_toolbox/srv/deserialize_pose_graph.hpp
[103.770s] -- Symlinking: /home/olee/olee_ros2_ws/install/slam_toolbox/include/slam_toolbox/slam_toolbox/srv/detail/add_submap__builder.hpp
[103.779s] -- Symlinking: /home/olee/olee_ros2_ws/install/slam_toolbox/include/slam_toolbox/slam_toolbox/srv/detail/add_submap__struct.hpp
[103.788s] -- Symlinking: /home/olee/olee_ros2_ws/install/slam_toolbox/include/slam_toolbox/slam_toolbox/srv/detail/add_submap__traits.hpp
[103.797s] -- Symlinking: /home/olee/olee_ros2_ws/install/slam_toolbox/include/slam_toolbox/slam_toolbox/srv/detail/add_submap__type_support.hpp
[103.807s] -- Symlinking: /home/olee/olee_ros2_ws/install/slam_toolbox/include/slam_toolbox/slam_toolbox/srv/detail/clear__builder.hpp
[103.814s] -- Symlinking: /home/olee/olee_ros2_ws/install/slam_toolbox/include/slam_toolbox/slam_toolbox/srv/detail/clear__struct.hpp
[103.823s] -- Symlinking: /home/olee/olee_ros2_ws/install/slam_toolbox/include/slam_toolbox/slam_toolbox/srv/detail/clear__traits.hpp
[103.831s] -- Symlinking: /home/olee/olee_ros2_ws/install/slam_toolbox/include/slam_toolbox/slam_toolbox/srv/detail/clear__type_support.hpp
[103.840s] -- Symlinking: /home/olee/olee_ros2_ws/install/slam_toolbox/include/slam_toolbox/slam_toolbox/srv/detail/clear_queue__builder.hpp
[103.847s] -- Symlinking: /home/olee/olee_ros2_ws/install/slam_toolbox/include/slam_toolbox/slam_toolbox/srv/detail/clear_queue__struct.hpp
[103.852s] -- Symlinking: /home/olee/olee_ros2_ws/install/slam_toolbox/include/slam_toolbox/slam_toolbox/srv/detail/clear_queue__traits.hpp
[103.858s] -- Symlinking: /home/olee/olee_ros2_ws/install/slam_toolbox/include/slam_toolbox/slam_toolbox/srv/detail/clear_queue__type_support.hpp
[103.866s] -- Symlinking: /home/olee/olee_ros2_ws/install/slam_toolbox/include/slam_toolbox/slam_toolbox/srv/detail/deserialize_pose_graph__builder.hpp
[103.873s] -- Symlinking: /home/olee/olee_ros2_ws/install/slam_toolbox/include/slam_toolbox/slam_toolbox/srv/detail/deserialize_pose_graph__struct.hpp
[103.883s] -- Symlinking: /home/olee/olee_ros2_ws/install/slam_toolbox/include/slam_toolbox/slam_toolbox/srv/detail/deserialize_pose_graph__traits.hpp
[103.893s] -- Symlinking: /home/olee/olee_ros2_ws/install/slam_toolbox/include/slam_toolbox/slam_toolbox/srv/detail/deserialize_pose_graph__type_support.hpp
[103.900s] -- Symlinking: /home/olee/olee_ros2_ws/install/slam_toolbox/include/slam_toolbox/slam_toolbox/srv/detail/loop_closure__builder.hpp
[103.910s] -- Symlinking: /home/olee/olee_ros2_ws/install/slam_toolbox/include/slam_toolbox/slam_toolbox/srv/detail/loop_closure__struct.hpp
[103.920s] -- Symlinking: /home/olee/olee_ros2_ws/install/slam_toolbox/include/slam_toolbox/slam_toolbox/srv/detail/loop_closure__traits.hpp
[103.928s] -- Symlinking: /home/olee/olee_ros2_ws/install/slam_toolbox/include/slam_toolbox/slam_toolbox/srv/detail/loop_closure__type_support.hpp
[103.939s] -- Symlinking: /home/olee/olee_ros2_ws/install/slam_toolbox/include/slam_toolbox/slam_toolbox/srv/detail/merge_maps__builder.hpp
[103.948s] -- Symlinking: /home/olee/olee_ros2_ws/install/slam_toolbox/include/slam_toolbox/slam_toolbox/srv/detail/merge_maps__struct.hpp
[103.959s] -- Symlinking: /home/olee/olee_ros2_ws/install/slam_toolbox/include/slam_toolbox/slam_toolbox/srv/detail/merge_maps__traits.hpp
[103.970s] -- Symlinking: /home/olee/olee_ros2_ws/install/slam_toolbox/include/slam_toolbox/slam_toolbox/srv/detail/merge_maps__type_support.hpp
[103.979s] -- Symlinking: /home/olee/olee_ros2_ws/install/slam_toolbox/include/slam_toolbox/slam_toolbox/srv/detail/pause__builder.hpp
[103.990s] -- Symlinking: /home/olee/olee_ros2_ws/install/slam_toolbox/include/slam_toolbox/slam_toolbox/srv/detail/pause__struct.hpp
[103.999s] -- Symlinking: /home/olee/olee_ros2_ws/install/slam_toolbox/include/slam_toolbox/slam_toolbox/srv/detail/pause__traits.hpp
[104.010s] -- Symlinking: /home/olee/olee_ros2_ws/install/slam_toolbox/include/slam_toolbox/slam_toolbox/srv/detail/pause__type_support.hpp
[104.020s] -- Symlinking: /home/olee/olee_ros2_ws/install/slam_toolbox/include/slam_toolbox/slam_toolbox/srv/detail/save_map__builder.hpp
[104.030s] -- Symlinking: /home/olee/olee_ros2_ws/install/slam_toolbox/include/slam_toolbox/slam_toolbox/srv/detail/save_map__struct.hpp
[104.040s] -- Symlinking: /home/olee/olee_ros2_ws/install/slam_toolbox/include/slam_toolbox/slam_toolbox/srv/detail/save_map__traits.hpp
[104.051s] -- Symlinking: /home/olee/olee_ros2_ws/install/slam_toolbox/include/slam_toolbox/slam_toolbox/srv/detail/save_map__type_support.hpp
[104.060s] -- Symlinking: /home/olee/olee_ros2_ws/install/slam_toolbox/include/slam_toolbox/slam_toolbox/srv/detail/serialize_pose_graph__builder.hpp
[104.068s] -- Symlinking: /home/olee/olee_ros2_ws/install/slam_toolbox/include/slam_toolbox/slam_toolbox/srv/detail/serialize_pose_graph__struct.hpp
[104.079s] -- Symlinking: /home/olee/olee_ros2_ws/install/slam_toolbox/include/slam_toolbox/slam_toolbox/srv/detail/serialize_pose_graph__traits.hpp
[104.088s] -- Symlinking: /home/olee/olee_ros2_ws/install/slam_toolbox/include/slam_toolbox/slam_toolbox/srv/detail/serialize_pose_graph__type_support.hpp
[104.099s] -- Symlinking: /home/olee/olee_ros2_ws/install/slam_toolbox/include/slam_toolbox/slam_toolbox/srv/detail/toggle_interactive__builder.hpp
[104.109s] -- Symlinking: /home/olee/olee_ros2_ws/install/slam_toolbox/include/slam_toolbox/slam_toolbox/srv/detail/toggle_interactive__struct.hpp
[104.120s] -- Symlinking: /home/olee/olee_ros2_ws/install/slam_toolbox/include/slam_toolbox/slam_toolbox/srv/detail/toggle_interactive__traits.hpp
[104.132s] -- Symlinking: /home/olee/olee_ros2_ws/install/slam_toolbox/include/slam_toolbox/slam_toolbox/srv/detail/toggle_interactive__type_support.hpp
[104.145s] -- Symlinking: /home/olee/olee_ros2_ws/install/slam_toolbox/include/slam_toolbox/slam_toolbox/srv/loop_closure.hpp
[104.157s] -- Symlinking: /home/olee/olee_ros2_ws/install/slam_toolbox/include/slam_toolbox/slam_toolbox/srv/merge_maps.hpp
[104.166s] -- Symlinking: /home/olee/olee_ros2_ws/install/slam_toolbox/include/slam_toolbox/slam_toolbox/srv/pause.hpp
[104.176s] -- Symlinking: /home/olee/olee_ros2_ws/install/slam_toolbox/include/slam_toolbox/slam_toolbox/srv/save_map.hpp
[104.186s] -- Symlinking: /home/olee/olee_ros2_ws/install/slam_toolbox/include/slam_toolbox/slam_toolbox/srv/serialize_pose_graph.hpp
[104.196s] -- Symlinking: /home/olee/olee_ros2_ws/install/slam_toolbox/include/slam_toolbox/slam_toolbox/srv/toggle_interactive.hpp
[104.210s] -- Symlinking: /home/olee/olee_ros2_ws/install/slam_toolbox/include/slam_toolbox/slam_toolbox/msg/rosidl_typesupport_fastrtps_cpp__visibility_control.h
[104.221s] -- Symlinking: /home/olee/olee_ros2_ws/install/slam_toolbox/include/slam_toolbox/slam_toolbox/srv/detail/add_submap__rosidl_typesupport_fastrtps_cpp.hpp
[104.232s] -- Symlinking: /home/olee/olee_ros2_ws/install/slam_toolbox/include/slam_toolbox/slam_toolbox/srv/detail/clear__rosidl_typesupport_fastrtps_cpp.hpp
[104.238s] -- Symlinking: /home/olee/olee_ros2_ws/install/slam_toolbox/include/slam_toolbox/slam_toolbox/srv/detail/clear_queue__rosidl_typesupport_fastrtps_cpp.hpp
[104.249s] -- Symlinking: /home/olee/olee_ros2_ws/install/slam_toolbox/include/slam_toolbox/slam_toolbox/srv/detail/deserialize_pose_graph__rosidl_typesupport_fastrtps_cpp.hpp
[104.259s] -- Symlinking: /home/olee/olee_ros2_ws/install/slam_toolbox/include/slam_toolbox/slam_toolbox/srv/detail/loop_closure__rosidl_typesupport_fastrtps_cpp.hpp
[104.268s] -- Symlinking: /home/olee/olee_ros2_ws/install/slam_toolbox/include/slam_toolbox/slam_toolbox/srv/detail/merge_maps__rosidl_typesupport_fastrtps_cpp.hpp
[104.279s] -- Symlinking: /home/olee/olee_ros2_ws/install/slam_toolbox/include/slam_toolbox/slam_toolbox/srv/detail/pause__rosidl_typesupport_fastrtps_cpp.hpp
[104.289s] -- Symlinking: /home/olee/olee_ros2_ws/install/slam_toolbox/include/slam_toolbox/slam_toolbox/srv/detail/save_map__rosidl_typesupport_fastrtps_cpp.hpp
[104.298s] -- Symlinking: /home/olee/olee_ros2_ws/install/slam_toolbox/include/slam_toolbox/slam_toolbox/srv/detail/serialize_pose_graph__rosidl_typesupport_fastrtps_cpp.hpp
[104.309s] -- Symlinking: /home/olee/olee_ros2_ws/install/slam_toolbox/include/slam_toolbox/slam_toolbox/srv/detail/toggle_interactive__rosidl_typesupport_fastrtps_cpp.hpp
[104.319s] -- Symlinking: /home/olee/olee_ros2_ws/install/slam_toolbox/include/slam_toolbox/slam_toolbox/msg/rosidl_typesupport_introspection_c__visibility_control.h
[104.329s] -- Symlinking: /home/olee/olee_ros2_ws/install/slam_toolbox/include/slam_toolbox/slam_toolbox/srv/detail/add_submap__rosidl_typesupport_introspection_c.h
[104.338s] -- Symlinking: /home/olee/olee_ros2_ws/install/slam_toolbox/include/slam_toolbox/slam_toolbox/srv/detail/clear__rosidl_typesupport_introspection_c.h
[104.346s] -- Symlinking: /home/olee/olee_ros2_ws/install/slam_toolbox/include/slam_toolbox/slam_toolbox/srv/detail/clear_queue__rosidl_typesupport_introspection_c.h
[104.353s] -- Symlinking: /home/olee/olee_ros2_ws/install/slam_toolbox/include/slam_toolbox/slam_toolbox/srv/detail/deserialize_pose_graph__rosidl_typesupport_introspection_c.h
[104.375s] -- Symlinking: /home/olee/olee_ros2_ws/install/slam_toolbox/include/slam_toolbox/slam_toolbox/srv/detail/loop_closure__rosidl_typesupport_introspection_c.h
[104.388s] -- Symlinking: /home/olee/olee_ros2_ws/install/slam_toolbox/include/slam_toolbox/slam_toolbox/srv/detail/merge_maps__rosidl_typesupport_introspection_c.h
[104.398s] -- Symlinking: /home/olee/olee_ros2_ws/install/slam_toolbox/include/slam_toolbox/slam_toolbox/srv/detail/pause__rosidl_typesupport_introspection_c.h
[104.405s] -- Symlinking: /home/olee/olee_ros2_ws/install/slam_toolbox/include/slam_toolbox/slam_toolbox/srv/detail/save_map__rosidl_typesupport_introspection_c.h
[104.415s] -- Symlinking: /home/olee/olee_ros2_ws/install/slam_toolbox/include/slam_toolbox/slam_toolbox/srv/detail/serialize_pose_graph__rosidl_typesupport_introspection_c.h
[104.425s] -- Symlinking: /home/olee/olee_ros2_ws/install/slam_toolbox/include/slam_toolbox/slam_toolbox/srv/detail/toggle_interactive__rosidl_typesupport_introspection_c.h
[104.436s] -- Symlinking: /home/olee/olee_ros2_ws/install/slam_toolbox/include/slam_toolbox/slam_toolbox/srv/detail/add_submap__rosidl_typesupport_introspection_cpp.hpp
[104.445s] -- Symlinking: /home/olee/olee_ros2_ws/install/slam_toolbox/include/slam_toolbox/slam_toolbox/srv/detail/clear__rosidl_typesupport_introspection_cpp.hpp
[104.455s] -- Symlinking: /home/olee/olee_ros2_ws/install/slam_toolbox/include/slam_toolbox/slam_toolbox/srv/detail/clear_queue__rosidl_typesupport_introspection_cpp.hpp
[104.464s] -- Symlinking: /home/olee/olee_ros2_ws/install/slam_toolbox/include/slam_toolbox/slam_toolbox/srv/detail/deserialize_pose_graph__rosidl_typesupport_introspection_cpp.hpp
[104.474s] -- Symlinking: /home/olee/olee_ros2_ws/install/slam_toolbox/include/slam_toolbox/slam_toolbox/srv/detail/loop_closure__rosidl_typesupport_introspection_cpp.hpp
[104.484s] -- Symlinking: /home/olee/olee_ros2_ws/install/slam_toolbox/include/slam_toolbox/slam_toolbox/srv/detail/merge_maps__rosidl_typesupport_introspection_cpp.hpp
[104.494s] -- Symlinking: /home/olee/olee_ros2_ws/install/slam_toolbox/include/slam_toolbox/slam_toolbox/srv/detail/pause__rosidl_typesupport_introspection_cpp.hpp
[104.502s] -- Symlinking: /home/olee/olee_ros2_ws/install/slam_toolbox/include/slam_toolbox/slam_toolbox/srv/detail/save_map__rosidl_typesupport_introspection_cpp.hpp
[104.512s] -- Symlinking: /home/olee/olee_ros2_ws/install/slam_toolbox/include/slam_toolbox/slam_toolbox/srv/detail/serialize_pose_graph__rosidl_typesupport_introspection_cpp.hpp
[104.523s] -- Symlinking: /home/olee/olee_ros2_ws/install/slam_toolbox/include/slam_toolbox/slam_toolbox/srv/detail/toggle_interactive__rosidl_typesupport_introspection_cpp.hpp
[104.533s] -- Symlinking: /home/olee/olee_ros2_ws/install/slam_toolbox/share/slam_toolbox/environment/pythonpath.sh
[104.543s] -- Symlinking: /home/olee/olee_ros2_ws/install/slam_toolbox/share/slam_toolbox/environment/pythonpath.dsv
[104.551s] -- Symlinking: /home/olee/olee_ros2_ws/install/slam_toolbox/local/lib/python3.10/dist-packages/slam_toolbox-2.6.10-py3.10.egg-info/PKG-INFO
[104.560s] -- Symlinking: /home/olee/olee_ros2_ws/install/slam_toolbox/local/lib/python3.10/dist-packages/slam_toolbox-2.6.10-py3.10.egg-info/SOURCES.txt
[104.565s] -- Symlinking: /home/olee/olee_ros2_ws/install/slam_toolbox/local/lib/python3.10/dist-packages/slam_toolbox-2.6.10-py3.10.egg-info/dependency_links.txt
[104.571s] -- Symlinking: /home/olee/olee_ros2_ws/install/slam_toolbox/local/lib/python3.10/dist-packages/slam_toolbox-2.6.10-py3.10.egg-info/top_level.txt
[104.579s] -- Symlinking: /home/olee/olee_ros2_ws/install/slam_toolbox/local/lib/python3.10/dist-packages/slam_toolbox/__init__.py
[104.589s] -- Symlinking: /home/olee/olee_ros2_ws/install/slam_toolbox/local/lib/python3.10/dist-packages/slam_toolbox/_slam_toolbox_s.ep.rosidl_typesupport_c.c
[104.599s] -- Symlinking: /home/olee/olee_ros2_ws/install/slam_toolbox/local/lib/python3.10/dist-packages/slam_toolbox/_slam_toolbox_s.ep.rosidl_typesupport_fastrtps_c.c
[104.610s] -- Symlinking: /home/olee/olee_ros2_ws/install/slam_toolbox/local/lib/python3.10/dist-packages/slam_toolbox/_slam_toolbox_s.ep.rosidl_typesupport_introspection_c.c
[104.622s] -- Symlinking: /home/olee/olee_ros2_ws/install/slam_toolbox/local/lib/python3.10/dist-packages/slam_toolbox/libslam_toolbox__rosidl_generator_py.so
[104.632s] -- Symlinking: /home/olee/olee_ros2_ws/install/slam_toolbox/local/lib/python3.10/dist-packages/slam_toolbox/slam_toolbox_s__rosidl_typesupport_c.cpython-310-x86_64-linux-gnu.so
[104.642s] -- Symlinking: /home/olee/olee_ros2_ws/install/slam_toolbox/local/lib/python3.10/dist-packages/slam_toolbox/slam_toolbox_s__rosidl_typesupport_fastrtps_c.cpython-310-x86_64-linux-gnu.so
[104.653s] -- Symlinking: /home/olee/olee_ros2_ws/install/slam_toolbox/local/lib/python3.10/dist-packages/slam_toolbox/slam_toolbox_s__rosidl_typesupport_introspection_c.cpython-310-x86_64-linux-gnu.so
[104.664s] -- Symlinking: /home/olee/olee_ros2_ws/install/slam_toolbox/local/lib/python3.10/dist-packages/slam_toolbox/srv/__init__.py
[104.675s] -- Symlinking: /home/olee/olee_ros2_ws/install/slam_toolbox/local/lib/python3.10/dist-packages/slam_toolbox/srv/_add_submap.py
[104.687s] -- Symlinking: /home/olee/olee_ros2_ws/install/slam_toolbox/local/lib/python3.10/dist-packages/slam_toolbox/srv/_add_submap_s.c
[104.694s] -- Symlinking: /home/olee/olee_ros2_ws/install/slam_toolbox/local/lib/python3.10/dist-packages/slam_toolbox/srv/_clear.py
[104.703s] -- Symlinking: /home/olee/olee_ros2_ws/install/slam_toolbox/local/lib/python3.10/dist-packages/slam_toolbox/srv/_clear_queue.py
[104.714s] -- Symlinking: /home/olee/olee_ros2_ws/install/slam_toolbox/local/lib/python3.10/dist-packages/slam_toolbox/srv/_clear_queue_s.c
[104.725s] -- Symlinking: /home/olee/olee_ros2_ws/install/slam_toolbox/local/lib/python3.10/dist-packages/slam_toolbox/srv/_clear_s.c
[104.734s] -- Symlinking: /home/olee/olee_ros2_ws/install/slam_toolbox/local/lib/python3.10/dist-packages/slam_toolbox/srv/_deserialize_pose_graph.py
[104.744s] -- Symlinking: /home/olee/olee_ros2_ws/install/slam_toolbox/local/lib/python3.10/dist-packages/slam_toolbox/srv/_deserialize_pose_graph_s.c
[104.756s] -- Symlinking: /home/olee/olee_ros2_ws/install/slam_toolbox/local/lib/python3.10/dist-packages/slam_toolbox/srv/_loop_closure.py
[104.767s] -- Symlinking: /home/olee/olee_ros2_ws/install/slam_toolbox/local/lib/python3.10/dist-packages/slam_toolbox/srv/_loop_closure_s.c
[104.779s] -- Symlinking: /home/olee/olee_ros2_ws/install/slam_toolbox/local/lib/python3.10/dist-packages/slam_toolbox/srv/_merge_maps.py
[104.788s] -- Symlinking: /home/olee/olee_ros2_ws/install/slam_toolbox/local/lib/python3.10/dist-packages/slam_toolbox/srv/_merge_maps_s.c
[104.796s] -- Symlinking: /home/olee/olee_ros2_ws/install/slam_toolbox/local/lib/python3.10/dist-packages/slam_toolbox/srv/_pause.py
[104.805s] -- Symlinking: /home/olee/olee_ros2_ws/install/slam_toolbox/local/lib/python3.10/dist-packages/slam_toolbox/srv/_pause_s.c
[104.816s] -- Symlinking: /home/olee/olee_ros2_ws/install/slam_toolbox/local/lib/python3.10/dist-packages/slam_toolbox/srv/_save_map.py
[104.827s] -- Symlinking: /home/olee/olee_ros2_ws/install/slam_toolbox/local/lib/python3.10/dist-packages/slam_toolbox/srv/_save_map_s.c
[104.837s] -- Symlinking: /home/olee/olee_ros2_ws/install/slam_toolbox/local/lib/python3.10/dist-packages/slam_toolbox/srv/_serialize_pose_graph.py
[104.844s] -- Symlinking: /home/olee/olee_ros2_ws/install/slam_toolbox/local/lib/python3.10/dist-packages/slam_toolbox/srv/_serialize_pose_graph_s.c
[104.851s] -- Symlinking: /home/olee/olee_ros2_ws/install/slam_toolbox/local/lib/python3.10/dist-packages/slam_toolbox/srv/_toggle_interactive.py
[104.859s] -- Symlinking: /home/olee/olee_ros2_ws/install/slam_toolbox/local/lib/python3.10/dist-packages/slam_toolbox/srv/_toggle_interactive_s.c
[104.869s] -- Up-to-date symlink: /home/olee/olee_ros2_ws/install/slam_toolbox/local/lib/python3.10/dist-packages/slam_toolbox/slam_toolbox_s__rosidl_typesupport_fastrtps_c.cpython-310-x86_64-linux-gnu.so
[104.870s] -- Up-to-date symlink: /home/olee/olee_ros2_ws/install/slam_toolbox/local/lib/python3.10/dist-packages/slam_toolbox/slam_toolbox_s__rosidl_typesupport_introspection_c.cpython-310-x86_64-linux-gnu.so
[104.870s] -- Up-to-date symlink: /home/olee/olee_ros2_ws/install/slam_toolbox/local/lib/python3.10/dist-packages/slam_toolbox/slam_toolbox_s__rosidl_typesupport_c.cpython-310-x86_64-linux-gnu.so
[104.870s] -- Symlinking: /home/olee/olee_ros2_ws/install/slam_toolbox/share/slam_toolbox/srv/Pause.idl
[104.880s] -- Symlinking: /home/olee/olee_ros2_ws/install/slam_toolbox/share/slam_toolbox/srv/ClearQueue.idl
[104.890s] -- Symlinking: /home/olee/olee_ros2_ws/install/slam_toolbox/share/slam_toolbox/srv/ToggleInteractive.idl
[104.899s] -- Symlinking: /home/olee/olee_ros2_ws/install/slam_toolbox/share/slam_toolbox/srv/Clear.idl
[104.910s] -- Symlinking: /home/olee/olee_ros2_ws/install/slam_toolbox/share/slam_toolbox/srv/SaveMap.idl
[104.920s] -- Symlinking: /home/olee/olee_ros2_ws/install/slam_toolbox/share/slam_toolbox/srv/LoopClosure.idl
[104.930s] -- Symlinking: /home/olee/olee_ros2_ws/install/slam_toolbox/share/slam_toolbox/srv/MergeMaps.idl
[104.940s] -- Symlinking: /home/olee/olee_ros2_ws/install/slam_toolbox/share/slam_toolbox/srv/AddSubmap.idl
[104.951s] -- Symlinking: /home/olee/olee_ros2_ws/install/slam_toolbox/share/slam_toolbox/srv/DeserializePoseGraph.idl
[104.961s] -- Symlinking: /home/olee/olee_ros2_ws/install/slam_toolbox/share/slam_toolbox/srv/SerializePoseGraph.idl
[104.969s] -- Symlinking: /home/olee/olee_ros2_ws/install/slam_toolbox/share/slam_toolbox/srv/Pause.srv
[104.977s] -- Symlinking: /home/olee/olee_ros2_ws/install/slam_toolbox/share/slam_toolbox/srv/Pause_Request.msg
[104.988s] -- Symlinking: /home/olee/olee_ros2_ws/install/slam_toolbox/share/slam_toolbox/srv/Pause_Response.msg
[104.999s] -- Symlinking: /home/olee/olee_ros2_ws/install/slam_toolbox/share/slam_toolbox/srv/ClearQueue.srv
[105.011s] -- Symlinking: /home/olee/olee_ros2_ws/install/slam_toolbox/share/slam_toolbox/srv/ClearQueue_Request.msg
[105.022s] -- Symlinking: /home/olee/olee_ros2_ws/install/slam_toolbox/share/slam_toolbox/srv/ClearQueue_Response.msg
[105.034s] -- Symlinking: /home/olee/olee_ros2_ws/install/slam_toolbox/share/slam_toolbox/srv/ToggleInteractive.srv
[105.043s] -- Symlinking: /home/olee/olee_ros2_ws/install/slam_toolbox/share/slam_toolbox/srv/ToggleInteractive_Request.msg
[105.053s] -- Symlinking: /home/olee/olee_ros2_ws/install/slam_toolbox/share/slam_toolbox/srv/ToggleInteractive_Response.msg
[105.065s] -- Symlinking: /home/olee/olee_ros2_ws/install/slam_toolbox/share/slam_toolbox/srv/Clear.srv
[105.075s] -- Symlinking: /home/olee/olee_ros2_ws/install/slam_toolbox/share/slam_toolbox/srv/Clear_Request.msg
[105.085s] -- Symlinking: /home/olee/olee_ros2_ws/install/slam_toolbox/share/slam_toolbox/srv/Clear_Response.msg
[105.094s] -- Symlinking: /home/olee/olee_ros2_ws/install/slam_toolbox/share/slam_toolbox/srv/SaveMap.srv
[105.102s] -- Symlinking: /home/olee/olee_ros2_ws/install/slam_toolbox/share/slam_toolbox/srv/SaveMap_Request.msg
[105.112s] -- Symlinking: /home/olee/olee_ros2_ws/install/slam_toolbox/share/slam_toolbox/srv/SaveMap_Response.msg
[105.122s] -- Symlinking: /home/olee/olee_ros2_ws/install/slam_toolbox/share/slam_toolbox/srv/LoopClosure.srv
[105.132s] -- Symlinking: /home/olee/olee_ros2_ws/install/slam_toolbox/share/slam_toolbox/srv/LoopClosure_Request.msg
[105.140s] -- Symlinking: /home/olee/olee_ros2_ws/install/slam_toolbox/share/slam_toolbox/srv/LoopClosure_Response.msg
[105.151s] -- Symlinking: /home/olee/olee_ros2_ws/install/slam_toolbox/share/slam_toolbox/srv/MergeMaps.srv
[105.162s] -- Symlinking: /home/olee/olee_ros2_ws/install/slam_toolbox/share/slam_toolbox/srv/MergeMaps_Request.msg
[105.171s] -- Symlinking: /home/olee/olee_ros2_ws/install/slam_toolbox/share/slam_toolbox/srv/MergeMaps_Response.msg
[105.182s] -- Symlinking: /home/olee/olee_ros2_ws/install/slam_toolbox/share/slam_toolbox/srv/AddSubmap.srv
[105.191s] -- Symlinking: /home/olee/olee_ros2_ws/install/slam_toolbox/share/slam_toolbox/srv/AddSubmap_Request.msg
[105.201s] -- Symlinking: /home/olee/olee_ros2_ws/install/slam_toolbox/share/slam_toolbox/srv/AddSubmap_Response.msg
[105.212s] -- Symlinking: /home/olee/olee_ros2_ws/install/slam_toolbox/share/slam_toolbox/srv/DeserializePoseGraph.srv
[105.221s] -- Symlinking: /home/olee/olee_ros2_ws/install/slam_toolbox/share/slam_toolbox/srv/DeserializePoseGraph_Request.msg
[105.231s] -- Symlinking: /home/olee/olee_ros2_ws/install/slam_toolbox/share/slam_toolbox/srv/DeserializePoseGraph_Response.msg
[105.240s] -- Symlinking: /home/olee/olee_ros2_ws/install/slam_toolbox/share/slam_toolbox/srv/SerializePoseGraph.srv
[105.251s] -- Symlinking: /home/olee/olee_ros2_ws/install/slam_toolbox/share/slam_toolbox/srv/SerializePoseGraph_Request.msg
[105.262s] -- Symlinking: /home/olee/olee_ros2_ws/install/slam_toolbox/share/slam_toolbox/srv/SerializePoseGraph_Response.msg
[105.273s] -- Symlinking: /home/olee/olee_ros2_ws/install/slam_toolbox/share/slam_toolbox//rviz_plugins.xml
[105.285s] -- Symlinking: /home/olee/olee_ros2_ws/install/slam_toolbox/share/slam_toolbox//solver_plugins.xml
[105.298s] -- Symlinking: /home/olee/olee_ros2_ws/install/slam_toolbox/lib/slam_toolbox/async_slam_toolbox_node
[105.307s] -- Symlinking: /home/olee/olee_ros2_ws/install/slam_toolbox/lib/slam_toolbox/sync_slam_toolbox_node
[105.319s] -- Symlinking: /home/olee/olee_ros2_ws/install/slam_toolbox/lib/slam_toolbox/localization_slam_toolbox_node
[105.330s] -- Symlinking: /home/olee/olee_ros2_ws/install/slam_toolbox/lib/slam_toolbox/map_and_localization_slam_toolbox_node
[105.342s] -- Symlinking: /home/olee/olee_ros2_ws/install/slam_toolbox/lib/slam_toolbox/merge_maps_kinematic
[105.353s] -- Symlinking: /home/olee/olee_ros2_ws/install/slam_toolbox/lib/libtoolbox_common.so
[105.364s] -- Symlinking: /home/olee/olee_ros2_ws/install/slam_toolbox/lib/libSlamToolboxPlugin.so
[105.375s] -- Symlinking: /home/olee/olee_ros2_ws/install/slam_toolbox/lib/libceres_solver_plugin.so
[105.386s] -- Symlinking: /home/olee/olee_ros2_ws/install/slam_toolbox/lib/libasync_slam_toolbox.so
[105.397s] -- Symlinking: /home/olee/olee_ros2_ws/install/slam_toolbox/lib/libsync_slam_toolbox.so
[105.408s] -- Symlinking: /home/olee/olee_ros2_ws/install/slam_toolbox/lib/liblocalization_slam_toolbox.so
[105.418s] -- Symlinking: /home/olee/olee_ros2_ws/install/slam_toolbox/lib/liblifelong_slam_toolbox.so
[105.431s] -- Symlinking: /home/olee/olee_ros2_ws/install/slam_toolbox/lib/libmap_and_localization_slam_toolbox.so
[105.439s] -- Symlinking: /home/olee/olee_ros2_ws/install/slam_toolbox/lib/libkartoSlamToolbox.so
[105.462s] -- Symlinking: /home/olee/olee_ros2_ws/install/slam_toolbox/include/slam_toolbox/experimental/slam_toolbox_lifelong.hpp
[105.476s] -- Symlinking: /home/olee/olee_ros2_ws/install/slam_toolbox/include/slam_toolbox/experimental/slam_toolbox_map_and_localization.hpp
[105.488s] -- Symlinking: /home/olee/olee_ros2_ws/install/slam_toolbox/include/slam_toolbox/get_pose_helper.hpp
[105.499s] -- Symlinking: /home/olee/olee_ros2_ws/install/slam_toolbox/include/slam_toolbox/laser_utils.hpp
[105.507s] -- Symlinking: /home/olee/olee_ros2_ws/install/slam_toolbox/include/slam_toolbox/loop_closure_assistant.hpp
[105.518s] -- Symlinking: /home/olee/olee_ros2_ws/install/slam_toolbox/include/slam_toolbox/map_saver.hpp
[105.531s] -- Symlinking: /home/olee/olee_ros2_ws/install/slam_toolbox/include/slam_toolbox/merge_maps_kinematic.hpp
[105.541s] -- Symlinking: /home/olee/olee_ros2_ws/install/slam_toolbox/include/slam_toolbox/serialization.hpp
[105.550s] -- Symlinking: /home/olee/olee_ros2_ws/install/slam_toolbox/include/slam_toolbox/slam_mapper.hpp
[105.561s] -- Symlinking: /home/olee/olee_ros2_ws/install/slam_toolbox/include/slam_toolbox/slam_toolbox_async.hpp
[105.571s] -- Symlinking: /home/olee/olee_ros2_ws/install/slam_toolbox/include/slam_toolbox/slam_toolbox_common.hpp
[105.582s] -- Symlinking: /home/olee/olee_ros2_ws/install/slam_toolbox/include/slam_toolbox/slam_toolbox_localization.hpp
[105.593s] -- Symlinking: /home/olee/olee_ros2_ws/install/slam_toolbox/include/slam_toolbox/slam_toolbox_sync.hpp
[105.603s] -- Symlinking: /home/olee/olee_ros2_ws/install/slam_toolbox/include/slam_toolbox/snap_utils.hpp
[105.613s] -- Symlinking: /home/olee/olee_ros2_ws/install/slam_toolbox/include/slam_toolbox/toolbox_msgs.hpp
[105.626s] -- Symlinking: /home/olee/olee_ros2_ws/install/slam_toolbox/include/slam_toolbox/toolbox_types.hpp
[105.632s] -- Symlinking: /home/olee/olee_ros2_ws/install/slam_toolbox/include/slam_toolbox/visualization_utils.hpp
[105.655s] -- Symlinking: /home/olee/olee_ros2_ws/install/slam_toolbox/share/slam_toolbox/launch/localization_launch.py
[105.667s] -- Symlinking: /home/olee/olee_ros2_ws/install/slam_toolbox/share/slam_toolbox/launch/merge_maps_kinematic_launch.py
[105.676s] -- Symlinking: /home/olee/olee_ros2_ws/install/slam_toolbox/share/slam_toolbox/launch/offline_launch.py
[105.685s] -- Symlinking: /home/olee/olee_ros2_ws/install/slam_toolbox/share/slam_toolbox/launch/online_async_launch.py
[105.694s] -- Symlinking: /home/olee/olee_ros2_ws/install/slam_toolbox/share/slam_toolbox/launch/online_sync_launch.py
[105.705s] -- Symlinking: /home/olee/olee_ros2_ws/install/slam_toolbox/share/slam_toolbox/config/mapper_params_lifelong.yaml
[105.715s] -- Symlinking: /home/olee/olee_ros2_ws/install/slam_toolbox/share/slam_toolbox/config/mapper_params_localization.yaml
[105.723s] -- Symlinking: /home/olee/olee_ros2_ws/install/slam_toolbox/share/slam_toolbox/config/mapper_params_offline.yaml
[105.732s] -- Symlinking: /home/olee/olee_ros2_ws/install/slam_toolbox/share/slam_toolbox/config/mapper_params_online_async.yaml
[105.745s] -- Symlinking: /home/olee/olee_ros2_ws/install/slam_toolbox/share/slam_toolbox/config/mapper_params_online_sync.yaml
[105.754s] -- Symlinking: /home/olee/olee_ros2_ws/install/slam_toolbox/share/slam_toolbox/config/slam_toolbox_default.rviz
[105.760s] -- Symlinking: /home/olee/olee_ros2_ws/install/slam_toolbox/share/solver_plugins.xml
[105.770s] -- Symlinking: /home/olee/olee_ros2_ws/install/slam_toolbox/share/rviz_plugins.xml
[105.781s] -- Symlinking: /home/olee/olee_ros2_ws/install/slam_toolbox/share/ament_index/resource_index/package_run_dependencies/slam_toolbox
[105.793s] -- Symlinking: /home/olee/olee_ros2_ws/install/slam_toolbox/share/ament_index/resource_index/parent_prefix_path/slam_toolbox
[105.805s] -- Symlinking: /home/olee/olee_ros2_ws/install/slam_toolbox/share/slam_toolbox/environment/ament_prefix_path.sh
[105.816s] -- Symlinking: /home/olee/olee_ros2_ws/install/slam_toolbox/share/slam_toolbox/environment/ament_prefix_path.dsv
[105.827s] -- Symlinking: /home/olee/olee_ros2_ws/install/slam_toolbox/share/slam_toolbox/environment/path.sh
[105.834s] -- Symlinking: /home/olee/olee_ros2_ws/install/slam_toolbox/share/slam_toolbox/environment/path.dsv
[105.841s] -- Symlinking: /home/olee/olee_ros2_ws/install/slam_toolbox/share/slam_toolbox/local_setup.bash
[105.850s] -- Symlinking: /home/olee/olee_ros2_ws/install/slam_toolbox/share/slam_toolbox/local_setup.sh
[105.858s] -- Symlinking: /home/olee/olee_ros2_ws/install/slam_toolbox/share/slam_toolbox/local_setup.zsh
[105.866s] -- Symlinking: /home/olee/olee_ros2_ws/install/slam_toolbox/share/slam_toolbox/local_setup.dsv
[105.875s] -- Symlinking: /home/olee/olee_ros2_ws/install/slam_toolbox/share/slam_toolbox/package.dsv
[105.883s] -- Symlinking: /home/olee/olee_ros2_ws/install/slam_toolbox/share/ament_index/resource_index/packages/slam_toolbox
[105.889s] -- Symlinking: /home/olee/olee_ros2_ws/install/slam_toolbox/share/ament_index/resource_index/rviz_common__pluginlib__plugin/slam_toolbox
[105.896s] -- Symlinking: /home/olee/olee_ros2_ws/install/slam_toolbox/share/ament_index/resource_index/slam_toolbox__pluginlib__plugin/slam_toolbox
[105.905s] -- Symlinking: /home/olee/olee_ros2_ws/install/slam_toolbox/share/ament_index/resource_index/rclcpp_components/slam_toolbox
[105.916s] -- Symlinking: /home/olee/olee_ros2_ws/install/slam_toolbox/share/slam_toolbox/cmake/rosidl_cmake-extras.cmake
[105.924s] -- Symlinking: /home/olee/olee_ros2_ws/install/slam_toolbox/share/slam_toolbox/cmake/ament_cmake_export_dependencies-extras.cmake
[105.934s] -- Symlinking: /home/olee/olee_ros2_ws/install/slam_toolbox/share/slam_toolbox/cmake/ament_cmake_export_include_directories-extras.cmake
[105.943s] -- Symlinking: /home/olee/olee_ros2_ws/install/slam_toolbox/share/slam_toolbox/cmake/ament_cmake_export_libraries-extras.cmake
[105.954s] -- Symlinking: /home/olee/olee_ros2_ws/install/slam_toolbox/share/slam_toolbox/cmake/ament_cmake_export_targets-extras.cmake
[105.963s] -- Symlinking: /home/olee/olee_ros2_ws/install/slam_toolbox/share/slam_toolbox/cmake/rosidl_cmake_export_typesupport_targets-extras.cmake
[105.971s] -- Symlinking: /home/olee/olee_ros2_ws/install/slam_toolbox/share/slam_toolbox/cmake/rosidl_cmake_export_typesupport_libraries-extras.cmake
[105.982s] -- Symlinking: /home/olee/olee_ros2_ws/install/slam_toolbox/share/slam_toolbox/cmake/slam_toolboxConfig.cmake
[105.994s] -- Symlinking: /home/olee/olee_ros2_ws/install/slam_toolbox/share/slam_toolbox/cmake/slam_toolboxConfig-version.cmake
[106.008s] -- Symlinking: /home/olee/olee_ros2_ws/install/slam_toolbox/share/slam_toolbox/package.xml
[106.021s] -- Installing: /home/olee/olee_ros2_ws/install/slam_toolbox/lib/libslam_toolbox__rosidl_generator_c.so
[106.022s] -- Set runtime path of "/home/olee/olee_ros2_ws/install/slam_toolbox/lib/libslam_toolbox__rosidl_generator_c.so" to ""
[106.022s] -- Installing: /home/olee/olee_ros2_ws/install/slam_toolbox/lib/libslam_toolbox__rosidl_typesupport_fastrtps_c.so
[106.022s] -- Set runtime path of "/home/olee/olee_ros2_ws/install/slam_toolbox/lib/libslam_toolbox__rosidl_typesupport_fastrtps_c.so" to ""
[106.023s] -- Installing: /home/olee/olee_ros2_ws/install/slam_toolbox/lib/libslam_toolbox__rosidl_typesupport_fastrtps_cpp.so
[106.023s] -- Set runtime path of "/home/olee/olee_ros2_ws/install/slam_toolbox/lib/libslam_toolbox__rosidl_typesupport_fastrtps_cpp.so" to ""
[106.023s] -- Installing: /home/olee/olee_ros2_ws/install/slam_toolbox/lib/libslam_toolbox__rosidl_typesupport_introspection_c.so
[106.023s] -- Set runtime path of "/home/olee/olee_ros2_ws/install/slam_toolbox/lib/libslam_toolbox__rosidl_typesupport_introspection_c.so" to ""
[106.023s] -- Installing: /home/olee/olee_ros2_ws/install/slam_toolbox/lib/libslam_toolbox__rosidl_typesupport_c.so
[106.023s] -- Set runtime path of "/home/olee/olee_ros2_ws/install/slam_toolbox/lib/libslam_toolbox__rosidl_typesupport_c.so" to ""
[106.024s] -- Installing: /home/olee/olee_ros2_ws/install/slam_toolbox/lib/libslam_toolbox__rosidl_typesupport_introspection_cpp.so
[106.024s] -- Set runtime path of "/home/olee/olee_ros2_ws/install/slam_toolbox/lib/libslam_toolbox__rosidl_typesupport_introspection_cpp.so" to ""
[106.024s] -- Installing: /home/olee/olee_ros2_ws/install/slam_toolbox/lib/libslam_toolbox__rosidl_typesupport_cpp.so
[106.024s] -- Set runtime path of "/home/olee/olee_ros2_ws/install/slam_toolbox/lib/libslam_toolbox__rosidl_typesupport_cpp.so" to ""
[106.067s] Listing '/home/olee/olee_ros2_ws/install/slam_toolbox/local/lib/python3.10/dist-packages/slam_toolbox'...
[106.067s] Compiling '/home/olee/olee_ros2_ws/install/slam_toolbox/local/lib/python3.10/dist-packages/slam_toolbox/__init__.py'...
[106.067s] Listing '/home/olee/olee_ros2_ws/install/slam_toolbox/local/lib/python3.10/dist-packages/slam_toolbox/srv'...
[106.067s] Compiling '/home/olee/olee_ros2_ws/install/slam_toolbox/local/lib/python3.10/dist-packages/slam_toolbox/srv/__init__.py'...
[106.067s] Compiling '/home/olee/olee_ros2_ws/install/slam_toolbox/local/lib/python3.10/dist-packages/slam_toolbox/srv/_add_submap.py'...
[106.067s] Compiling '/home/olee/olee_ros2_ws/install/slam_toolbox/local/lib/python3.10/dist-packages/slam_toolbox/srv/_clear.py'...
[106.067s] Compiling '/home/olee/olee_ros2_ws/install/slam_toolbox/local/lib/python3.10/dist-packages/slam_toolbox/srv/_clear_queue.py'...
[106.067s] Compiling '/home/olee/olee_ros2_ws/install/slam_toolbox/local/lib/python3.10/dist-packages/slam_toolbox/srv/_deserialize_pose_graph.py'...
[106.067s] Compiling '/home/olee/olee_ros2_ws/install/slam_toolbox/local/lib/python3.10/dist-packages/slam_toolbox/srv/_loop_closure.py'...
[106.067s] Compiling '/home/olee/olee_ros2_ws/install/slam_toolbox/local/lib/python3.10/dist-packages/slam_toolbox/srv/_merge_maps.py'...
[106.067s] Compiling '/home/olee/olee_ros2_ws/install/slam_toolbox/local/lib/python3.10/dist-packages/slam_toolbox/srv/_pause.py'...
[106.067s] Compiling '/home/olee/olee_ros2_ws/install/slam_toolbox/local/lib/python3.10/dist-packages/slam_toolbox/srv/_save_map.py'...
[106.067s] Compiling '/home/olee/olee_ros2_ws/install/slam_toolbox/local/lib/python3.10/dist-packages/slam_toolbox/srv/_serialize_pose_graph.py'...
[106.067s] Compiling '/home/olee/olee_ros2_ws/install/slam_toolbox/local/lib/python3.10/dist-packages/slam_toolbox/srv/_toggle_interactive.py'...
[106.070s] -- Installing: /home/olee/olee_ros2_ws/install/slam_toolbox/lib/libslam_toolbox__rosidl_generator_py.so
[106.070s] -- Set runtime path of "/home/olee/olee_ros2_ws/install/slam_toolbox/lib/libslam_toolbox__rosidl_generator_py.so" to ""
[106.070s] -- Installing: /home/olee/olee_ros2_ws/install/slam_toolbox/share/slam_toolbox/cmake/export_slam_toolbox__rosidl_generator_cExport.cmake
[106.071s] -- Installing: /home/olee/olee_ros2_ws/install/slam_toolbox/share/slam_toolbox/cmake/export_slam_toolbox__rosidl_generator_cExport-release.cmake
[106.071s] -- Installing: /home/olee/olee_ros2_ws/install/slam_toolbox/share/slam_toolbox/cmake/export_slam_toolbox__rosidl_typesupport_fastrtps_cExport.cmake
[106.071s] -- Installing: /home/olee/olee_ros2_ws/install/slam_toolbox/share/slam_toolbox/cmake/export_slam_toolbox__rosidl_typesupport_fastrtps_cExport-release.cmake
[106.071s] -- Installing: /home/olee/olee_ros2_ws/install/slam_toolbox/share/slam_toolbox/cmake/export_slam_toolbox__rosidl_generator_cppExport.cmake
[106.071s] -- Installing: /home/olee/olee_ros2_ws/install/slam_toolbox/share/slam_toolbox/cmake/export_slam_toolbox__rosidl_typesupport_fastrtps_cppExport.cmake
[106.071s] -- Installing: /home/olee/olee_ros2_ws/install/slam_toolbox/share/slam_toolbox/cmake/export_slam_toolbox__rosidl_typesupport_fastrtps_cppExport-release.cmake
[106.071s] -- Installing: /home/olee/olee_ros2_ws/install/slam_toolbox/share/slam_toolbox/cmake/slam_toolbox__rosidl_typesupport_introspection_cExport.cmake
[106.071s] -- Installing: /home/olee/olee_ros2_ws/install/slam_toolbox/share/slam_toolbox/cmake/slam_toolbox__rosidl_typesupport_introspection_cExport-release.cmake
[106.071s] -- Installing: /home/olee/olee_ros2_ws/install/slam_toolbox/share/slam_toolbox/cmake/slam_toolbox__rosidl_typesupport_cExport.cmake
[106.071s] -- Installing: /home/olee/olee_ros2_ws/install/slam_toolbox/share/slam_toolbox/cmake/slam_toolbox__rosidl_typesupport_cExport-release.cmake
[106.071s] -- Installing: /home/olee/olee_ros2_ws/install/slam_toolbox/share/slam_toolbox/cmake/slam_toolbox__rosidl_typesupport_introspection_cppExport.cmake
[106.071s] -- Installing: /home/olee/olee_ros2_ws/install/slam_toolbox/share/slam_toolbox/cmake/slam_toolbox__rosidl_typesupport_introspection_cppExport-release.cmake
[106.071s] -- Installing: /home/olee/olee_ros2_ws/install/slam_toolbox/share/slam_toolbox/cmake/slam_toolbox__rosidl_typesupport_cppExport.cmake
[106.071s] -- Installing: /home/olee/olee_ros2_ws/install/slam_toolbox/share/slam_toolbox/cmake/slam_toolbox__rosidl_typesupport_cppExport-release.cmake
[106.071s] -- Installing: /home/olee/olee_ros2_ws/install/slam_toolbox/share/slam_toolbox/cmake/export_slam_toolbox__rosidl_generator_pyExport.cmake
[106.071s] -- Installing: /home/olee/olee_ros2_ws/install/slam_toolbox/share/slam_toolbox/cmake/export_slam_toolbox__rosidl_generator_pyExport-release.cmake
[106.071s] -- Installing: /home/olee/olee_ros2_ws/install/slam_toolbox/share/slam_toolbox/cmake/SlamToolboxPluginExport.cmake
[106.071s] -- Installing: /home/olee/olee_ros2_ws/install/slam_toolbox/share/slam_toolbox/cmake/SlamToolboxPluginExport-release.cmake
[106.074s] Invoked command in '/home/olee/olee_ros2_ws/build/slam_toolbox' returned '0': CMAKE_PREFIX_PATH=${CMAKE_PREFIX_PATH}:/home/olee/olee_ros2_ws/install/master_olee_controller:/opt/ros/humble /usr/bin/cmake --install /home/olee/olee_ros2_ws/build/slam_toolbox
