[0.007s] Invoking command in '/home/olee/olee_ros2_ws/src/ydlidar_ros2_driver-humble/build/ydlidar_ros2_driver': CMAKE_PREFIX_PATH=${CMAKE_PREFIX_PATH}:/opt/ros/humble /usr/bin/cmake /home/olee/olee_ros2_ws/src/ydlidar_ros2_driver-humble -DAMENT_CMAKE_SYMLINK_INSTALL=1 -DCMAKE_INSTALL_PREFIX=/home/olee/olee_ros2_ws/src/ydlidar_ros2_driver-humble/install/ydlidar_ros2_driver
[0.058s] -- The C compiler identification is GNU 11.4.0
[0.100s] -- The CXX compiler identification is GNU 11.4.0
[0.107s] -- Detecting C compiler ABI info
[0.159s] -- Detecting C compiler ABI info - done
[0.164s] -- Check for working C compiler: /usr/bin/cc - skipped
[0.165s] -- Detecting C compile features
[0.165s] -- Detecting C compile features - done
[0.167s] -- Detecting CXX compiler ABI info
[0.228s] -- Detecting CXX compiler ABI info - done
[0.234s] -- Check for working CXX compiler: /usr/bin/c++ - skipped
[0.234s] -- Detecting CXX compile features
[0.235s] -- Detecting CXX compile features - done
[0.241s] [31mCMake Error at CMakeLists.txt:15 (find_package):
[0.241s]   By not providing "Findament_cmake.cmake" in CMAKE_MODULE_PATH this project
[0.242s]   has asked CMake to find a package configuration file provided by
[0.242s]   "ament_cmake", but CMake did not find one.
[0.242s] 
[0.242s]   Could not find a package configuration file provided by "ament_cmake" with
[0.242s]   any of the following names:
[0.242s] 
[0.242s]     ament_cmakeConfig.cmake
[0.242s]     ament_cmake-config.cmake
[0.242s] 
[0.242s]   Add the installation prefix of "ament_cmake" to CMAKE_PREFIX_PATH or set
[0.242s]   "ament_cmake_DIR" to a directory containing one of the above files.  If
[0.242s]   "ament_cmake" provides a separate development package or SDK, be sure it
[0.242s]   has been installed.
[0.242s] 
[0.242s] [0m
[0.242s] -- Configuring incomplete, errors occurred!
[0.243s] See also "/home/olee/olee_ros2_ws/src/ydlidar_ros2_driver-humble/build/ydlidar_ros2_driver/CMakeFiles/CMakeOutput.log".
[0.244s] Invoked command in '/home/olee/olee_ros2_ws/src/ydlidar_ros2_driver-humble/build/ydlidar_ros2_driver' returned '1': CMAKE_PREFIX_PATH=${CMAKE_PREFIX_PATH}:/opt/ros/humble /usr/bin/cmake /home/olee/olee_ros2_ws/src/ydlidar_ros2_driver-humble -DAMENT_CMAKE_SYMLINK_INSTALL=1 -DCMAKE_INSTALL_PREFIX=/home/olee/olee_ros2_ws/src/ydlidar_ros2_driver-humble/install/ydlidar_ros2_driver
