Determining if the function sgemm_ exists failed with the following output:
Change Dir: /home/olee/olee_ros2_ws/src/build/slam_toolbox/CMakeFiles/CMakeTmp

Run Build Command(s):/usr/bin/gmake -f Makefile cmTC_c2435/fast && /usr/bin/gmake  -f CMakeFiles/cmTC_c2435.dir/build.make CMakeFiles/cmTC_c2435.dir/build
gmake[1]: Entering directory '/home/olee/olee_ros2_ws/src/build/slam_toolbox/CMakeFiles/CMakeTmp'
Building C object CMakeFiles/cmTC_c2435.dir/CheckFunctionExists.c.o
/usr/bin/cc   -DCHECK_FUNCTION_EXISTS=sgemm_ -o CMakeFiles/cmTC_c2435.dir/CheckFunctionExists.c.o -c /usr/share/cmake-3.22/Modules/CheckFunctionExists.c
Linking C executable cmTC_c2435
/usr/bin/cmake -E cmake_link_script CMakeFiles/cmTC_c2435.dir/link.txt --verbose=1
/usr/bin/cc  -DCHECK_FUNCTION_EXISTS=sgemm_ CMakeFiles/cmTC_c2435.dir/CheckFunctionExists.c.o -o cmTC_c2435 
/usr/bin/ld: CMakeFiles/cmTC_c2435.dir/CheckFunctionExists.c.o: in function `main':
CheckFunctionExists.c:(.text+0x14): undefined reference to `sgemm_'
collect2: error: ld returned 1 exit status
gmake[1]: *** [CMakeFiles/cmTC_c2435.dir/build.make:99: cmTC_c2435] Error 1
gmake[1]: Leaving directory '/home/olee/olee_ros2_ws/src/build/slam_toolbox/CMakeFiles/CMakeTmp'
gmake: *** [Makefile:127: cmTC_c2435/fast] Error 2



Determining if the function cheev_ exists failed with the following output:
Change Dir: /home/olee/olee_ros2_ws/src/build/slam_toolbox/CMakeFiles/CMakeTmp

Run Build Command(s):/usr/bin/gmake -f Makefile cmTC_35617/fast && /usr/bin/gmake  -f CMakeFiles/cmTC_35617.dir/build.make CMakeFiles/cmTC_35617.dir/build
gmake[1]: Entering directory '/home/olee/olee_ros2_ws/src/build/slam_toolbox/CMakeFiles/CMakeTmp'
Building C object CMakeFiles/cmTC_35617.dir/CheckFunctionExists.c.o
/usr/bin/cc   -DCHECK_FUNCTION_EXISTS=cheev_ -o CMakeFiles/cmTC_35617.dir/CheckFunctionExists.c.o -c /usr/share/cmake-3.22/Modules/CheckFunctionExists.c
Linking C executable cmTC_35617
/usr/bin/cmake -E cmake_link_script CMakeFiles/cmTC_35617.dir/link.txt --verbose=1
/usr/bin/cc  -DCHECK_FUNCTION_EXISTS=cheev_ CMakeFiles/cmTC_35617.dir/CheckFunctionExists.c.o -o cmTC_35617  /usr/lib/x86_64-linux-gnu/libblas.so -lm -ldl 
/usr/bin/ld: CMakeFiles/cmTC_35617.dir/CheckFunctionExists.c.o: in function `main':
CheckFunctionExists.c:(.text+0x14): undefined reference to `cheev_'
collect2: error: ld returned 1 exit status
gmake[1]: *** [CMakeFiles/cmTC_35617.dir/build.make:100: cmTC_35617] Error 1
gmake[1]: Leaving directory '/home/olee/olee_ros2_ws/src/build/slam_toolbox/CMakeFiles/CMakeTmp'
gmake: *** [Makefile:127: cmTC_35617/fast] Error 2



Determining if the function cheev_ exists failed with the following output:
Change Dir: /home/olee/olee_ros2_ws/src/build/slam_toolbox/CMakeFiles/CMakeTmp

Run Build Command(s):/usr/bin/gmake -f Makefile cmTC_bdcca/fast && /usr/bin/gmake  -f CMakeFiles/cmTC_bdcca.dir/build.make CMakeFiles/cmTC_bdcca.dir/build
gmake[1]: Entering directory '/home/olee/olee_ros2_ws/src/build/slam_toolbox/CMakeFiles/CMakeTmp'
Building C object CMakeFiles/cmTC_bdcca.dir/CheckFunctionExists.c.o
/usr/bin/cc   -DCHECK_FUNCTION_EXISTS=cheev_ -o CMakeFiles/cmTC_bdcca.dir/CheckFunctionExists.c.o -c /usr/share/cmake-3.22/Modules/CheckFunctionExists.c
Linking C executable cmTC_bdcca
/usr/bin/cmake -E cmake_link_script CMakeFiles/cmTC_bdcca.dir/link.txt --verbose=1
/usr/bin/cc  -DCHECK_FUNCTION_EXISTS=cheev_ CMakeFiles/cmTC_bdcca.dir/CheckFunctionExists.c.o -o cmTC_bdcca  /usr/lib/x86_64-linux-gnu/liblapack.so /usr/lib/x86_64-linux-gnu/libblas.so -fortranlibs 
cc: error: unrecognized command-line option ‘-fortranlibs’
gmake[1]: *** [CMakeFiles/cmTC_bdcca.dir/build.make:101: cmTC_bdcca] Error 1
gmake[1]: Leaving directory '/home/olee/olee_ros2_ws/src/build/slam_toolbox/CMakeFiles/CMakeTmp'
gmake: *** [Makefile:127: cmTC_bdcca/fast] Error 2



