[100%] Built target tflidar_ros_node
-- Install configuration: ""
-- Execute custom install script
-- Up-to-date symlink: /home/olee/olee_ros2_ws/src/install/tflidar_ros/lib/tflidar_ros/tflidar_ros_node
-- Up-to-date symlink: /home/olee/olee_ros2_ws/src/install/tflidar_ros/share/tflidar_ros/include/TFlidar.h
-- Up-to-date symlink: /home/olee/olee_ros2_ws/src/install/tflidar_ros/share/tflidar_ros/include/TFlidar_ros.h
-- Up-to-date symlink: /home/olee/olee_ros2_ws/src/install/tflidar_ros/share/tflidar_ros/launch/__pycache__/tflidar.launch.cpython-310.pyc
-- Up-to-date symlink: /home/olee/olee_ros2_ws/src/install/tflidar_ros/share/tflidar_ros/launch/tflidar.launch.py
-- Up-to-date symlink: /home/olee/olee_ros2_ws/src/install/tflidar_ros/share/tflidar_ros/src/TFlidar.cpp
-- Up-to-date symlink: /home/olee/olee_ros2_ws/src/install/tflidar_ros/share/tflidar_ros/src/TFlidar_ros_node.cpp
-- Up-to-date symlink: /home/olee/olee_ros2_ws/src/install/tflidar_ros/share/ament_index/resource_index/package_run_dependencies/tflidar_ros
-- Up-to-date symlink: /home/olee/olee_ros2_ws/src/install/tflidar_ros/share/ament_index/resource_index/parent_prefix_path/tflidar_ros
-- Up-to-date symlink: /home/olee/olee_ros2_ws/src/install/tflidar_ros/share/tflidar_ros/environment/ament_prefix_path.sh
-- Up-to-date symlink: /home/olee/olee_ros2_ws/src/install/tflidar_ros/share/tflidar_ros/environment/ament_prefix_path.dsv
-- Up-to-date symlink: /home/olee/olee_ros2_ws/src/install/tflidar_ros/share/tflidar_ros/environment/path.sh
-- Up-to-date symlink: /home/olee/olee_ros2_ws/src/install/tflidar_ros/share/tflidar_ros/environment/path.dsv
-- Up-to-date symlink: /home/olee/olee_ros2_ws/src/install/tflidar_ros/share/tflidar_ros/local_setup.bash
-- Up-to-date symlink: /home/olee/olee_ros2_ws/src/install/tflidar_ros/share/tflidar_ros/local_setup.sh
-- Up-to-date symlink: /home/olee/olee_ros2_ws/src/install/tflidar_ros/share/tflidar_ros/local_setup.zsh
-- Up-to-date symlink: /home/olee/olee_ros2_ws/src/install/tflidar_ros/share/tflidar_ros/local_setup.dsv
-- Symlinking: /home/olee/olee_ros2_ws/src/install/tflidar_ros/share/tflidar_ros/package.dsv
-- Up-to-date symlink: /home/olee/olee_ros2_ws/src/install/tflidar_ros/share/ament_index/resource_index/packages/tflidar_ros
-- Up-to-date symlink: /home/olee/olee_ros2_ws/src/install/tflidar_ros/share/tflidar_ros/cmake/tflidar_rosConfig.cmake
-- Up-to-date symlink: /home/olee/olee_ros2_ws/src/install/tflidar_ros/share/tflidar_ros/cmake/tflidar_rosConfig-version.cmake
-- Up-to-date symlink: /home/olee/olee_ros2_ws/src/install/tflidar_ros/share/tflidar_ros/package.xml
