[0.181s] Invoking command in '/home/olee/olee_ros2_ws/src/build/rf2o_laser_odometry': CMAKE_PREFIX_PATH=${CMAKE_PREFIX_PATH}:/home/olee/olee_ros2_ws/install/master_olee_controller:/opt/ros/humble /usr/bin/cmake /home/olee/olee_ros2_ws/src/rf2o_laser_odometry-ros2 -DCMAKE_INSTALL_PREFIX=/home/olee/olee_ros2_ws/src/install/rf2o_laser_odometry
[0.192s] -- Found ament_cmake: 1.3.12 (/opt/ros/humble/share/ament_cmake/cmake)
[0.335s] -- Override CMake install command with custom implementation using symlinks instead of copying resources
[0.342s] -- Found rclcpp: 16.0.15 (/opt/ros/humble/share/rclcpp/cmake)
[0.370s] -- Found rosidl_generator_c: 3.1.7 (/opt/ros/humble/share/rosidl_generator_c/cmake)
[0.373s] -- Found rosidl_adapter: 3.1.7 (/opt/ros/humble/share/rosidl_adapter/cmake)
[0.378s] -- Found rosidl_generator_cpp: 3.1.7 (/opt/ros/humble/share/rosidl_generator_cpp/cmake)
[0.384s] -- Using all available rosidl_typesupport_c: rosidl_typesupport_fastrtps_c;rosidl_typesupport_introspection_c
[0.391s] -- Using all available rosidl_typesupport_cpp: rosidl_typesupport_fastrtps_cpp;rosidl_typesupport_introspection_cpp
[0.415s] -- Found rmw_implementation_cmake: 6.1.2 (/opt/ros/humble/share/rmw_implementation_cmake/cmake)
[0.416s] -- Found rmw_fastrtps_cpp: 6.2.9 (/opt/ros/humble/share/rmw_fastrtps_cpp/cmake)
[0.496s] -- Using RMW implementation 'rmw_fastrtps_cpp' as default
[0.526s] -- Found geometry_msgs: 4.9.0 (/opt/ros/humble/share/geometry_msgs/cmake)
[0.534s] -- Found tf2_geometry_msgs: 0.25.16 (/opt/ros/humble/share/tf2_geometry_msgs/cmake)
[0.536s] -- Found eigen3_cmake_module: 0.1.1 (/opt/ros/humble/share/eigen3_cmake_module/cmake)
[0.537s] -- Ensuring Eigen3 include directory is part of orocos-kdl CMake target
[0.589s] -- Found sensor_msgs: 4.9.0 (/opt/ros/humble/share/sensor_msgs/cmake)
[0.599s] -- Found nav_msgs: 4.9.0 (/opt/ros/humble/share/nav_msgs/cmake)
[0.688s] -- Configuring done
[0.701s] -- Generating done
[0.705s] -- Build files have been written to: /home/olee/olee_ros2_ws/src/build/rf2o_laser_odometry
[0.710s] Invoked command in '/home/olee/olee_ros2_ws/src/build/rf2o_laser_odometry' returned '0': CMAKE_PREFIX_PATH=${CMAKE_PREFIX_PATH}:/home/olee/olee_ros2_ws/install/master_olee_controller:/opt/ros/humble /usr/bin/cmake /home/olee/olee_ros2_ws/src/rf2o_laser_odometry-ros2 -DCMAKE_INSTALL_PREFIX=/home/olee/olee_ros2_ws/src/install/rf2o_laser_odometry
[0.712s] Invoking command in '/home/olee/olee_ros2_ws/src/build/rf2o_laser_odometry': CMAKE_PREFIX_PATH=${CMAKE_PREFIX_PATH}:/home/olee/olee_ros2_ws/install/master_olee_controller:/opt/ros/humble /usr/bin/cmake --build /home/olee/olee_ros2_ws/src/build/rf2o_laser_odometry -- -j12 -l12
[0.746s] [35m[1mConsolidate compiler generated dependencies of target rf2o_laser_odometry_node[0m
[0.747s] [35m[1mConsolidate compiler generated dependencies of target rf2o_laser_odometry[0m
[0.762s] [ 60%] Built target rf2o_laser_odometry_node
[0.766s] [100%] Built target rf2o_laser_odometry
[0.782s] Invoked command in '/home/olee/olee_ros2_ws/src/build/rf2o_laser_odometry' returned '0': CMAKE_PREFIX_PATH=${CMAKE_PREFIX_PATH}:/home/olee/olee_ros2_ws/install/master_olee_controller:/opt/ros/humble /usr/bin/cmake --build /home/olee/olee_ros2_ws/src/build/rf2o_laser_odometry -- -j12 -l12
[0.783s] Invoking command in '/home/olee/olee_ros2_ws/src/build/rf2o_laser_odometry': CMAKE_PREFIX_PATH=${CMAKE_PREFIX_PATH}:/home/olee/olee_ros2_ws/install/master_olee_controller:/opt/ros/humble /usr/bin/cmake --install /home/olee/olee_ros2_ws/src/build/rf2o_laser_odometry
[0.791s] -- Install configuration: ""
[0.792s] -- Execute custom install script
[0.793s] -- Up-to-date symlink: /home/olee/olee_ros2_ws/src/install/rf2o_laser_odometry/lib/rf2o_laser_odometry/rf2o_laser_odometry_node
[0.794s] -- Up-to-date symlink: /home/olee/olee_ros2_ws/src/install/rf2o_laser_odometry/share/rf2o_laser_odometry/launch/rf2o_laser_odometry.launch.py
[0.794s] -- Up-to-date symlink: /home/olee/olee_ros2_ws/src/install/rf2o_laser_odometry/share/ament_index/resource_index/package_run_dependencies/rf2o_laser_odometry
[0.794s] -- Up-to-date symlink: /home/olee/olee_ros2_ws/src/install/rf2o_laser_odometry/share/ament_index/resource_index/parent_prefix_path/rf2o_laser_odometry
[0.794s] -- Up-to-date symlink: /home/olee/olee_ros2_ws/src/install/rf2o_laser_odometry/share/rf2o_laser_odometry/environment/ament_prefix_path.sh
[0.794s] -- Up-to-date symlink: /home/olee/olee_ros2_ws/src/install/rf2o_laser_odometry/share/rf2o_laser_odometry/environment/ament_prefix_path.dsv
[0.794s] -- Up-to-date symlink: /home/olee/olee_ros2_ws/src/install/rf2o_laser_odometry/share/rf2o_laser_odometry/environment/path.sh
[0.794s] -- Up-to-date symlink: /home/olee/olee_ros2_ws/src/install/rf2o_laser_odometry/share/rf2o_laser_odometry/environment/path.dsv
[0.794s] -- Up-to-date symlink: /home/olee/olee_ros2_ws/src/install/rf2o_laser_odometry/share/rf2o_laser_odometry/local_setup.bash
[0.794s] -- Up-to-date symlink: /home/olee/olee_ros2_ws/src/install/rf2o_laser_odometry/share/rf2o_laser_odometry/local_setup.sh
[0.794s] -- Up-to-date symlink: /home/olee/olee_ros2_ws/src/install/rf2o_laser_odometry/share/rf2o_laser_odometry/local_setup.zsh
[0.794s] -- Up-to-date symlink: /home/olee/olee_ros2_ws/src/install/rf2o_laser_odometry/share/rf2o_laser_odometry/local_setup.dsv
[0.794s] -- Symlinking: /home/olee/olee_ros2_ws/src/install/rf2o_laser_odometry/share/rf2o_laser_odometry/package.dsv
[0.804s] -- Up-to-date symlink: /home/olee/olee_ros2_ws/src/install/rf2o_laser_odometry/share/ament_index/resource_index/packages/rf2o_laser_odometry
[0.804s] -- Up-to-date symlink: /home/olee/olee_ros2_ws/src/install/rf2o_laser_odometry/share/rf2o_laser_odometry/cmake/rf2o_laser_odometryConfig.cmake
[0.804s] -- Up-to-date symlink: /home/olee/olee_ros2_ws/src/install/rf2o_laser_odometry/share/rf2o_laser_odometry/cmake/rf2o_laser_odometryConfig-version.cmake
[0.804s] -- Up-to-date symlink: /home/olee/olee_ros2_ws/src/install/rf2o_laser_odometry/share/rf2o_laser_odometry/package.xml
[0.806s] Invoked command in '/home/olee/olee_ros2_ws/src/build/rf2o_laser_odometry' returned '0': CMAKE_PREFIX_PATH=${CMAKE_PREFIX_PATH}:/home/olee/olee_ros2_ws/install/master_olee_controller:/opt/ros/humble /usr/bin/cmake --install /home/olee/olee_ros2_ws/src/build/rf2o_laser_odometry
