[0.157s] Invoking command in '/home/olee/olee_ros2_ws/build/tflidar_ros': CMAKE_PREFIX_PATH=${CMAKE_PREFIX_PATH}:/home/olee/olee_ros2_ws/install/master_olee_controller:/opt/ros/humble /usr/bin/cmake /home/olee/olee_ros2_ws/src/tflidar_ros-ros2 -DAMENT_CMAKE_SYMLINK_INSTALL=1 -DCMAKE_INSTALL_PREFIX=/home/olee/olee_ros2_ws/install/tflidar_ros
[0.248s] -- The C compiler identification is GNU 11.4.0
[0.354s] -- The CXX compiler identification is GNU 11.4.0
[0.363s] -- Detecting C compiler ABI info
[0.516s] -- Detecting C compiler ABI info - done
[0.526s] -- Check for working C compiler: /usr/bin/cc - skipped
[0.526s] -- Detecting C compile features
[0.527s] -- Detecting C compile features - done
[0.534s] -- Detecting CXX compiler ABI info
[0.734s] -- Detecting CXX compiler ABI info - done
[0.752s] -- Check for working CXX compiler: /usr/bin/c++ - skipped
[0.752s] -- Detecting CXX compile features
[0.753s] -- Detecting CXX compile features - done
[0.760s] -- Found ament_cmake: 1.3.12 (/opt/ros/humble/share/ament_cmake/cmake)
[1.285s] -- Found Python3: /usr/bin/python3 (found version "3.10.12") found components: Interpreter 
[1.356s] -- Override CMake install command with custom implementation using symlinks instead of copying resources
[1.371s] -- Found sensor_msgs: 4.9.0 (/opt/ros/humble/share/sensor_msgs/cmake)
[1.395s] -- Found rosidl_generator_c: 3.1.7 (/opt/ros/humble/share/rosidl_generator_c/cmake)
[1.398s] -- Found rosidl_adapter: 3.1.7 (/opt/ros/humble/share/rosidl_adapter/cmake)
[1.405s] -- Found rosidl_generator_cpp: 3.1.7 (/opt/ros/humble/share/rosidl_generator_cpp/cmake)
[1.415s] -- Using all available rosidl_typesupport_c: rosidl_typesupport_fastrtps_c;rosidl_typesupport_introspection_c
[1.431s] -- Using all available rosidl_typesupport_cpp: rosidl_typesupport_fastrtps_cpp;rosidl_typesupport_introspection_cpp
[1.503s] -- Found rclcpp: 16.0.15 (/opt/ros/humble/share/rclcpp/cmake)
[1.550s] -- Found rmw_implementation_cmake: 6.1.2 (/opt/ros/humble/share/rmw_implementation_cmake/cmake)
[1.554s] -- Found rmw_fastrtps_cpp: 6.2.9 (/opt/ros/humble/share/rmw_fastrtps_cpp/cmake)
[1.619s] -- Found OpenSSL: /usr/lib/x86_64-linux-gnu/libcrypto.so (found version "3.0.2")  
[1.639s] -- Found FastRTPS: /opt/ros/humble/include  
[1.686s] -- Using RMW implementation 'rmw_fastrtps_cpp' as default
[1.696s] -- Looking for pthread.h
[1.765s] -- Looking for pthread.h - found
[1.765s] -- Performing Test CMAKE_HAVE_LIBC_PTHREAD
[1.831s] -- Performing Test CMAKE_HAVE_LIBC_PTHREAD - Success
[1.832s] -- Found Threads: TRUE  
[1.865s] -- Found ament_lint_auto: 0.12.14 (/opt/ros/humble/share/ament_lint_auto/cmake)
[1.951s] -- Added test 'copyright' to check source files copyright and LICENSE
[1.952s] -- Added test 'cppcheck' to perform static code analysis on C / C++ code
[1.953s] -- Configured cppcheck include dirs: /home/olee/olee_ros2_ws/src/tflidar_ros-ros2/include
[1.953s] -- Configured cppcheck exclude dirs and/or files: 
[1.954s] -- Added test 'cpplint' to check C / C++ code against the Google style
[1.954s] -- Configured cpplint exclude dirs and/or files: 
[1.954s] -- Added test 'flake8' to check Python code syntax and style conventions
[1.955s] -- Added test 'lint_cmake' to check CMake code style
[1.956s] -- Added test 'pep257' to check Python code against some of the docstring style conventions in PEP 257
[1.957s] -- Added test 'uncrustify' to check C / C++ code style
[1.957s] -- Configured uncrustify additional arguments: 
[1.957s] -- Added test 'xmllint' to check XML markup files
[1.959s] -- Configuring done
[1.969s] -- Generating done
[1.973s] -- Build files have been written to: /home/olee/olee_ros2_ws/build/tflidar_ros
[1.992s] Invoked command in '/home/olee/olee_ros2_ws/build/tflidar_ros' returned '0': CMAKE_PREFIX_PATH=${CMAKE_PREFIX_PATH}:/home/olee/olee_ros2_ws/install/master_olee_controller:/opt/ros/humble /usr/bin/cmake /home/olee/olee_ros2_ws/src/tflidar_ros-ros2 -DAMENT_CMAKE_SYMLINK_INSTALL=1 -DCMAKE_INSTALL_PREFIX=/home/olee/olee_ros2_ws/install/tflidar_ros
[1.993s] Invoking command in '/home/olee/olee_ros2_ws/build/tflidar_ros': CMAKE_PREFIX_PATH=${CMAKE_PREFIX_PATH}:/home/olee/olee_ros2_ws/install/master_olee_controller:/opt/ros/humble /usr/bin/cmake --build /home/olee/olee_ros2_ws/build/tflidar_ros -- -j12 -l12
[2.059s] [ 33%] [32mBuilding CXX object CMakeFiles/tflidar_ros_node.dir/src/TFlidar.cpp.o[0m
[2.059s] [ 66%] [32mBuilding CXX object CMakeFiles/tflidar_ros_node.dir/src/TFlidar_ros_node.cpp.o[0m
[5.956s] [100%] [32m[1mLinking CXX executable tflidar_ros_node[0m
[6.101s] [100%] Built target tflidar_ros_node
[6.111s] Invoked command in '/home/olee/olee_ros2_ws/build/tflidar_ros' returned '0': CMAKE_PREFIX_PATH=${CMAKE_PREFIX_PATH}:/home/olee/olee_ros2_ws/install/master_olee_controller:/opt/ros/humble /usr/bin/cmake --build /home/olee/olee_ros2_ws/build/tflidar_ros -- -j12 -l12
[6.112s] Invoking command in '/home/olee/olee_ros2_ws/build/tflidar_ros': CMAKE_PREFIX_PATH=${CMAKE_PREFIX_PATH}:/home/olee/olee_ros2_ws/install/master_olee_controller:/opt/ros/humble /usr/bin/cmake --install /home/olee/olee_ros2_ws/build/tflidar_ros
[6.120s] -- Install configuration: ""
[6.121s] -- Execute custom install script
[6.121s] -- Symlinking: /home/olee/olee_ros2_ws/install/tflidar_ros/lib/tflidar_ros/tflidar_ros_node
[6.132s] -- Symlinking: /home/olee/olee_ros2_ws/install/tflidar_ros/share/tflidar_ros/include/TFlidar.h
[6.141s] -- Symlinking: /home/olee/olee_ros2_ws/install/tflidar_ros/share/tflidar_ros/include/TFlidar_ros.h
[6.151s] -- Symlinking: /home/olee/olee_ros2_ws/install/tflidar_ros/share/tflidar_ros/launch/__pycache__/tflidar.launch.cpython-310.pyc
[6.157s] -- Symlinking: /home/olee/olee_ros2_ws/install/tflidar_ros/share/tflidar_ros/launch/tflidar.launch.py
[6.164s] -- Symlinking: /home/olee/olee_ros2_ws/install/tflidar_ros/share/tflidar_ros/src/TFlidar.cpp
[6.175s] -- Symlinking: /home/olee/olee_ros2_ws/install/tflidar_ros/share/tflidar_ros/src/TFlidar_ros_node.cpp
[6.184s] -- Symlinking: /home/olee/olee_ros2_ws/install/tflidar_ros/share/ament_index/resource_index/package_run_dependencies/tflidar_ros
[6.194s] -- Symlinking: /home/olee/olee_ros2_ws/install/tflidar_ros/share/ament_index/resource_index/parent_prefix_path/tflidar_ros
[6.204s] -- Symlinking: /home/olee/olee_ros2_ws/install/tflidar_ros/share/tflidar_ros/environment/ament_prefix_path.sh
[6.211s] -- Symlinking: /home/olee/olee_ros2_ws/install/tflidar_ros/share/tflidar_ros/environment/ament_prefix_path.dsv
[6.220s] -- Symlinking: /home/olee/olee_ros2_ws/install/tflidar_ros/share/tflidar_ros/environment/path.sh
[6.229s] -- Symlinking: /home/olee/olee_ros2_ws/install/tflidar_ros/share/tflidar_ros/environment/path.dsv
[6.236s] -- Symlinking: /home/olee/olee_ros2_ws/install/tflidar_ros/share/tflidar_ros/local_setup.bash
[6.245s] -- Symlinking: /home/olee/olee_ros2_ws/install/tflidar_ros/share/tflidar_ros/local_setup.sh
[6.251s] -- Symlinking: /home/olee/olee_ros2_ws/install/tflidar_ros/share/tflidar_ros/local_setup.zsh
[6.257s] -- Symlinking: /home/olee/olee_ros2_ws/install/tflidar_ros/share/tflidar_ros/local_setup.dsv
[6.265s] -- Symlinking: /home/olee/olee_ros2_ws/install/tflidar_ros/share/tflidar_ros/package.dsv
[6.275s] -- Symlinking: /home/olee/olee_ros2_ws/install/tflidar_ros/share/ament_index/resource_index/packages/tflidar_ros
[6.285s] -- Symlinking: /home/olee/olee_ros2_ws/install/tflidar_ros/share/tflidar_ros/cmake/tflidar_rosConfig.cmake
[6.295s] -- Symlinking: /home/olee/olee_ros2_ws/install/tflidar_ros/share/tflidar_ros/cmake/tflidar_rosConfig-version.cmake
[6.304s] -- Symlinking: /home/olee/olee_ros2_ws/install/tflidar_ros/share/tflidar_ros/package.xml
[6.315s] Invoked command in '/home/olee/olee_ros2_ws/build/tflidar_ros' returned '0': CMAKE_PREFIX_PATH=${CMAKE_PREFIX_PATH}:/home/olee/olee_ros2_ws/install/master_olee_controller:/opt/ros/humble /usr/bin/cmake --install /home/olee/olee_ros2_ws/build/tflidar_ros
