-- Found ament_cmake: 1.3.12 (/opt/ros/humble/share/ament_cmake/cmake)
-- Override CMake install command with custom implementation using symlinks instead of copying resources
-- Found rosidl_default_generators: 1.2.0 (/opt/ros/humble/share/rosidl_default_generators/cmake)
-- Using all available rosidl_typesupport_c: rosidl_typesupport_fastrtps_c;rosidl_typesupport_introspection_c
-- Found rosidl_adapter: 3.1.7 (/opt/ros/humble/share/rosidl_adapter/cmake)
-- Using all available rosidl_typesupport_cpp: rosidl_typesupport_fastrtps_cpp;rosidl_typesupport_introspection_cpp
-- Found builtin_interfaces: 1.2.2 (/opt/ros/humble/share/builtin_interfaces/cmake)
-- Found geometry_msgs: 4.9.0 (/opt/ros/humble/share/geometry_msgs/cmake)
-- Found ament_cmake_cppcheck: 0.12.14 (/opt/ros/humble/share/ament_cmake_cppcheck/cmake)
-- Found ament_cmake_cpplint: 0.12.14 (/opt/ros/humble/share/ament_cmake_cpplint/cmake)
-- Found ament_cmake_uncrustify: 0.12.14 (/opt/ros/humble/share/ament_cmake_uncrustify/cmake)
-- Found ament_cmake_ros: 0.10.0 (/opt/ros/humble/share/ament_cmake_ros/cmake)
-- Using all available rosidl_typesupport_c: rosidl_typesupport_fastrtps_c;rosidl_typesupport_introspection_c
-- Using all available rosidl_typesupport_cpp: rosidl_typesupport_fastrtps_cpp;rosidl_typesupport_introspection_cpp
-- Found python_cmake_module: 0.10.0 (/opt/ros/humble/share/python_cmake_module/cmake)
-- Using PYTHON_EXECUTABLE: /usr/bin/python3
-- Using PYTHON_INCLUDE_DIRS: /usr/include/python3.10
-- Using PYTHON_LIBRARIES: /usr/lib/x86_64-linux-gnu/libpython3.10.so
-- Found ament_cmake_flake8: 0.12.14 (/opt/ros/humble/share/ament_cmake_flake8/cmake)
-- Found ament_cmake_pep257: 0.12.14 (/opt/ros/humble/share/ament_cmake_pep257/cmake)
-- Configuring done
-- Generating done
-- Build files have been written to: /home/olee/olee_ros2_ws/src/build/cartographer_ros_msgs
[35m[1mConsolidate compiler generated dependencies of target cartographer_ros_msgs__rosidl_generator_c[0m
[  0%] Built target cartographer_ros_msgs__cpp
[  0%] Built target ament_cmake_python_symlink_cartographer_ros_msgs
[ 12%] Built target cartographer_ros_msgs__rosidl_generator_c
[35m[1mConsolidate compiler generated dependencies of target cartographer_ros_msgs__rosidl_typesupport_cpp[0m
[35m[1mConsolidate compiler generated dependencies of target cartographer_ros_msgs__rosidl_typesupport_introspection_cpp[0m
[35m[1mConsolidate compiler generated dependencies of target cartographer_ros_msgs__rosidl_typesupport_fastrtps_cpp[0m
[35m[1mConsolidate compiler generated dependencies of target cartographer_ros_msgs__rosidl_typesupport_c[0m
[35m[1mConsolidate compiler generated dependencies of target cartographer_ros_msgs__rosidl_typesupport_introspection_c[0m
[35m[1mConsolidate compiler generated dependencies of target cartographer_ros_msgs__rosidl_typesupport_fastrtps_c[0m
[ 24%] Built target cartographer_ros_msgs__rosidl_typesupport_c
[ 36%] Built target cartographer_ros_msgs__rosidl_typesupport_introspection_c
[ 48%] Built target cartographer_ros_msgs__rosidl_typesupport_cpp
[ 61%] Built target cartographer_ros_msgs__rosidl_typesupport_introspection_cpp
[ 73%] Built target cartographer_ros_msgs__rosidl_typesupport_fastrtps_cpp
[ 85%] Built target cartographer_ros_msgs__rosidl_typesupport_fastrtps_c
[ 85%] Built target cartographer_ros_msgs
[ 86%] Built target cartographer_ros_msgs__py
[35m[1mConsolidate compiler generated dependencies of target cartographer_ros_msgs__rosidl_generator_py[0m
[ 97%] Built target cartographer_ros_msgs__rosidl_generator_py
[35m[1mConsolidate compiler generated dependencies of target cartographer_ros_msgs__rosidl_typesupport_introspection_c__pyext[0m
[35m[1mConsolidate compiler generated dependencies of target cartographer_ros_msgs__rosidl_typesupport_fastrtps_c__pyext[0m
[35m[1mConsolidate compiler generated dependencies of target cartographer_ros_msgs__rosidl_typesupport_c__pyext[0m
running egg_info
[100%] Built target cartographer_ros_msgs__rosidl_typesupport_introspection_c__pyext
[100%] Built target cartographer_ros_msgs__rosidl_typesupport_fastrtps_c__pyext
[100%] Built target cartographer_ros_msgs__rosidl_typesupport_c__pyext
writing cartographer_ros_msgs.egg-info/PKG-INFO
writing dependency_links to cartographer_ros_msgs.egg-info/dependency_links.txt
writing top-level names to cartographer_ros_msgs.egg-info/top_level.txt
reading manifest file 'cartographer_ros_msgs.egg-info/SOURCES.txt'
writing manifest file 'cartographer_ros_msgs.egg-info/SOURCES.txt'
[100%] Built target ament_cmake_python_build_cartographer_ros_msgs_egg
-- Install configuration: ""
-- Execute custom install script
-- Up-to-date symlink: /home/olee/olee_ros2_ws/src/install/cartographer_ros_msgs/share/ament_index/resource_index/rosidl_interfaces/cartographer_ros_msgs
-- Up-to-date symlink: /home/olee/olee_ros2_ws/src/install/cartographer_ros_msgs/include/cartographer_ros_msgs/cartographer_ros_msgs/msg/bagfile_progress.h
-- Up-to-date symlink: /home/olee/olee_ros2_ws/src/install/cartographer_ros_msgs/include/cartographer_ros_msgs/cartographer_ros_msgs/msg/detail/bagfile_progress__functions.h
-- Up-to-date symlink: /home/olee/olee_ros2_ws/src/install/cartographer_ros_msgs/include/cartographer_ros_msgs/cartographer_ros_msgs/msg/detail/bagfile_progress__struct.h
-- Up-to-date symlink: /home/olee/olee_ros2_ws/src/install/cartographer_ros_msgs/include/cartographer_ros_msgs/cartographer_ros_msgs/msg/detail/bagfile_progress__type_support.h
-- Up-to-date symlink: /home/olee/olee_ros2_ws/src/install/cartographer_ros_msgs/include/cartographer_ros_msgs/cartographer_ros_msgs/msg/detail/histogram_bucket__functions.h
-- Up-to-date symlink: /home/olee/olee_ros2_ws/src/install/cartographer_ros_msgs/include/cartographer_ros_msgs/cartographer_ros_msgs/msg/detail/histogram_bucket__struct.h
-- Up-to-date symlink: /home/olee/olee_ros2_ws/src/install/cartographer_ros_msgs/include/cartographer_ros_msgs/cartographer_ros_msgs/msg/detail/histogram_bucket__type_support.h
-- Up-to-date symlink: /home/olee/olee_ros2_ws/src/install/cartographer_ros_msgs/include/cartographer_ros_msgs/cartographer_ros_msgs/msg/detail/landmark_entry__functions.h
-- Up-to-date symlink: /home/olee/olee_ros2_ws/src/install/cartographer_ros_msgs/include/cartographer_ros_msgs/cartographer_ros_msgs/msg/detail/landmark_entry__struct.h
-- Up-to-date symlink: /home/olee/olee_ros2_ws/src/install/cartographer_ros_msgs/include/cartographer_ros_msgs/cartographer_ros_msgs/msg/detail/landmark_entry__type_support.h
-- Up-to-date symlink: /home/olee/olee_ros2_ws/src/install/cartographer_ros_msgs/include/cartographer_ros_msgs/cartographer_ros_msgs/msg/detail/landmark_list__functions.h
-- Up-to-date symlink: /home/olee/olee_ros2_ws/src/install/cartographer_ros_msgs/include/cartographer_ros_msgs/cartographer_ros_msgs/msg/detail/landmark_list__struct.h
-- Up-to-date symlink: /home/olee/olee_ros2_ws/src/install/cartographer_ros_msgs/include/cartographer_ros_msgs/cartographer_ros_msgs/msg/detail/landmark_list__type_support.h
-- Up-to-date symlink: /home/olee/olee_ros2_ws/src/install/cartographer_ros_msgs/include/cartographer_ros_msgs/cartographer_ros_msgs/msg/detail/metric__functions.h
-- Up-to-date symlink: /home/olee/olee_ros2_ws/src/install/cartographer_ros_msgs/include/cartographer_ros_msgs/cartographer_ros_msgs/msg/detail/metric__struct.h
-- Up-to-date symlink: /home/olee/olee_ros2_ws/src/install/cartographer_ros_msgs/include/cartographer_ros_msgs/cartographer_ros_msgs/msg/detail/metric__type_support.h
-- Up-to-date symlink: /home/olee/olee_ros2_ws/src/install/cartographer_ros_msgs/include/cartographer_ros_msgs/cartographer_ros_msgs/msg/detail/metric_family__functions.h
-- Up-to-date symlink: /home/olee/olee_ros2_ws/src/install/cartographer_ros_msgs/include/cartographer_ros_msgs/cartographer_ros_msgs/msg/detail/metric_family__struct.h
-- Up-to-date symlink: /home/olee/olee_ros2_ws/src/install/cartographer_ros_msgs/include/cartographer_ros_msgs/cartographer_ros_msgs/msg/detail/metric_family__type_support.h
-- Up-to-date symlink: /home/olee/olee_ros2_ws/src/install/cartographer_ros_msgs/include/cartographer_ros_msgs/cartographer_ros_msgs/msg/detail/metric_label__functions.h
-- Up-to-date symlink: /home/olee/olee_ros2_ws/src/install/cartographer_ros_msgs/include/cartographer_ros_msgs/cartographer_ros_msgs/msg/detail/metric_label__struct.h
-- Up-to-date symlink: /home/olee/olee_ros2_ws/src/install/cartographer_ros_msgs/include/cartographer_ros_msgs/cartographer_ros_msgs/msg/detail/metric_label__type_support.h
-- Up-to-date symlink: /home/olee/olee_ros2_ws/src/install/cartographer_ros_msgs/include/cartographer_ros_msgs/cartographer_ros_msgs/msg/detail/status_code__functions.h
-- Up-to-date symlink: /home/olee/olee_ros2_ws/src/install/cartographer_ros_msgs/include/cartographer_ros_msgs/cartographer_ros_msgs/msg/detail/status_code__struct.h
-- Up-to-date symlink: /home/olee/olee_ros2_ws/src/install/cartographer_ros_msgs/include/cartographer_ros_msgs/cartographer_ros_msgs/msg/detail/status_code__type_support.h
-- Up-to-date symlink: /home/olee/olee_ros2_ws/src/install/cartographer_ros_msgs/include/cartographer_ros_msgs/cartographer_ros_msgs/msg/detail/status_response__functions.h
-- Up-to-date symlink: /home/olee/olee_ros2_ws/src/install/cartographer_ros_msgs/include/cartographer_ros_msgs/cartographer_ros_msgs/msg/detail/status_response__struct.h
-- Up-to-date symlink: /home/olee/olee_ros2_ws/src/install/cartographer_ros_msgs/include/cartographer_ros_msgs/cartographer_ros_msgs/msg/detail/status_response__type_support.h
-- Up-to-date symlink: /home/olee/olee_ros2_ws/src/install/cartographer_ros_msgs/include/cartographer_ros_msgs/cartographer_ros_msgs/msg/detail/submap_entry__functions.h
-- Up-to-date symlink: /home/olee/olee_ros2_ws/src/install/cartographer_ros_msgs/include/cartographer_ros_msgs/cartographer_ros_msgs/msg/detail/submap_entry__struct.h
-- Up-to-date symlink: /home/olee/olee_ros2_ws/src/install/cartographer_ros_msgs/include/cartographer_ros_msgs/cartographer_ros_msgs/msg/detail/submap_entry__type_support.h
-- Up-to-date symlink: /home/olee/olee_ros2_ws/src/install/cartographer_ros_msgs/include/cartographer_ros_msgs/cartographer_ros_msgs/msg/detail/submap_list__functions.h
-- Up-to-date symlink: /home/olee/olee_ros2_ws/src/install/cartographer_ros_msgs/include/cartographer_ros_msgs/cartographer_ros_msgs/msg/detail/submap_list__struct.h
-- Up-to-date symlink: /home/olee/olee_ros2_ws/src/install/cartographer_ros_msgs/include/cartographer_ros_msgs/cartographer_ros_msgs/msg/detail/submap_list__type_support.h
-- Up-to-date symlink: /home/olee/olee_ros2_ws/src/install/cartographer_ros_msgs/include/cartographer_ros_msgs/cartographer_ros_msgs/msg/detail/submap_texture__functions.h
-- Up-to-date symlink: /home/olee/olee_ros2_ws/src/install/cartographer_ros_msgs/include/cartographer_ros_msgs/cartographer_ros_msgs/msg/detail/submap_texture__struct.h
-- Up-to-date symlink: /home/olee/olee_ros2_ws/src/install/cartographer_ros_msgs/include/cartographer_ros_msgs/cartographer_ros_msgs/msg/detail/submap_texture__type_support.h
-- Up-to-date symlink: /home/olee/olee_ros2_ws/src/install/cartographer_ros_msgs/include/cartographer_ros_msgs/cartographer_ros_msgs/msg/detail/trajectory_states__functions.h
-- Up-to-date symlink: /home/olee/olee_ros2_ws/src/install/cartographer_ros_msgs/include/cartographer_ros_msgs/cartographer_ros_msgs/msg/detail/trajectory_states__struct.h
-- Up-to-date symlink: /home/olee/olee_ros2_ws/src/install/cartographer_ros_msgs/include/cartographer_ros_msgs/cartographer_ros_msgs/msg/detail/trajectory_states__type_support.h
-- Up-to-date symlink: /home/olee/olee_ros2_ws/src/install/cartographer_ros_msgs/include/cartographer_ros_msgs/cartographer_ros_msgs/msg/histogram_bucket.h
-- Up-to-date symlink: /home/olee/olee_ros2_ws/src/install/cartographer_ros_msgs/include/cartographer_ros_msgs/cartographer_ros_msgs/msg/landmark_entry.h
-- Up-to-date symlink: /home/olee/olee_ros2_ws/src/install/cartographer_ros_msgs/include/cartographer_ros_msgs/cartographer_ros_msgs/msg/landmark_list.h
-- Up-to-date symlink: /home/olee/olee_ros2_ws/src/install/cartographer_ros_msgs/include/cartographer_ros_msgs/cartographer_ros_msgs/msg/metric.h
-- Up-to-date symlink: /home/olee/olee_ros2_ws/src/install/cartographer_ros_msgs/include/cartographer_ros_msgs/cartographer_ros_msgs/msg/metric_family.h
-- Up-to-date symlink: /home/olee/olee_ros2_ws/src/install/cartographer_ros_msgs/include/cartographer_ros_msgs/cartographer_ros_msgs/msg/metric_label.h
-- Up-to-date symlink: /home/olee/olee_ros2_ws/src/install/cartographer_ros_msgs/include/cartographer_ros_msgs/cartographer_ros_msgs/msg/rosidl_generator_c__visibility_control.h
-- Up-to-date symlink: /home/olee/olee_ros2_ws/src/install/cartographer_ros_msgs/include/cartographer_ros_msgs/cartographer_ros_msgs/msg/status_code.h
-- Up-to-date symlink: /home/olee/olee_ros2_ws/src/install/cartographer_ros_msgs/include/cartographer_ros_msgs/cartographer_ros_msgs/msg/status_response.h
-- Up-to-date symlink: /home/olee/olee_ros2_ws/src/install/cartographer_ros_msgs/include/cartographer_ros_msgs/cartographer_ros_msgs/msg/submap_entry.h
-- Up-to-date symlink: /home/olee/olee_ros2_ws/src/install/cartographer_ros_msgs/include/cartographer_ros_msgs/cartographer_ros_msgs/msg/submap_list.h
-- Up-to-date symlink: /home/olee/olee_ros2_ws/src/install/cartographer_ros_msgs/include/cartographer_ros_msgs/cartographer_ros_msgs/msg/submap_texture.h
-- Up-to-date symlink: /home/olee/olee_ros2_ws/src/install/cartographer_ros_msgs/include/cartographer_ros_msgs/cartographer_ros_msgs/msg/trajectory_states.h
-- Up-to-date symlink: /home/olee/olee_ros2_ws/src/install/cartographer_ros_msgs/include/cartographer_ros_msgs/cartographer_ros_msgs/srv/detail/finish_trajectory__functions.h
-- Up-to-date symlink: /home/olee/olee_ros2_ws/src/install/cartographer_ros_msgs/include/cartographer_ros_msgs/cartographer_ros_msgs/srv/detail/finish_trajectory__struct.h
-- Up-to-date symlink: /home/olee/olee_ros2_ws/src/install/cartographer_ros_msgs/include/cartographer_ros_msgs/cartographer_ros_msgs/srv/detail/finish_trajectory__type_support.h
-- Up-to-date symlink: /home/olee/olee_ros2_ws/src/install/cartographer_ros_msgs/include/cartographer_ros_msgs/cartographer_ros_msgs/srv/detail/get_trajectory_states__functions.h
-- Up-to-date symlink: /home/olee/olee_ros2_ws/src/install/cartographer_ros_msgs/include/cartographer_ros_msgs/cartographer_ros_msgs/srv/detail/get_trajectory_states__struct.h
-- Up-to-date symlink: /home/olee/olee_ros2_ws/src/install/cartographer_ros_msgs/include/cartographer_ros_msgs/cartographer_ros_msgs/srv/detail/get_trajectory_states__type_support.h
-- Up-to-date symlink: /home/olee/olee_ros2_ws/src/install/cartographer_ros_msgs/include/cartographer_ros_msgs/cartographer_ros_msgs/srv/detail/read_metrics__functions.h
-- Up-to-date symlink: /home/olee/olee_ros2_ws/src/install/cartographer_ros_msgs/include/cartographer_ros_msgs/cartographer_ros_msgs/srv/detail/read_metrics__struct.h
-- Up-to-date symlink: /home/olee/olee_ros2_ws/src/install/cartographer_ros_msgs/include/cartographer_ros_msgs/cartographer_ros_msgs/srv/detail/read_metrics__type_support.h
-- Up-to-date symlink: /home/olee/olee_ros2_ws/src/install/cartographer_ros_msgs/include/cartographer_ros_msgs/cartographer_ros_msgs/srv/detail/start_trajectory__functions.h
-- Up-to-date symlink: /home/olee/olee_ros2_ws/src/install/cartographer_ros_msgs/include/cartographer_ros_msgs/cartographer_ros_msgs/srv/detail/start_trajectory__struct.h
-- Up-to-date symlink: /home/olee/olee_ros2_ws/src/install/cartographer_ros_msgs/include/cartographer_ros_msgs/cartographer_ros_msgs/srv/detail/start_trajectory__type_support.h
-- Up-to-date symlink: /home/olee/olee_ros2_ws/src/install/cartographer_ros_msgs/include/cartographer_ros_msgs/cartographer_ros_msgs/srv/detail/submap_query__functions.h
-- Up-to-date symlink: /home/olee/olee_ros2_ws/src/install/cartographer_ros_msgs/include/cartographer_ros_msgs/cartographer_ros_msgs/srv/detail/submap_query__struct.h
-- Up-to-date symlink: /home/olee/olee_ros2_ws/src/install/cartographer_ros_msgs/include/cartographer_ros_msgs/cartographer_ros_msgs/srv/detail/submap_query__type_support.h
-- Up-to-date symlink: /home/olee/olee_ros2_ws/src/install/cartographer_ros_msgs/include/cartographer_ros_msgs/cartographer_ros_msgs/srv/detail/trajectory_query__functions.h
-- Up-to-date symlink: /home/olee/olee_ros2_ws/src/install/cartographer_ros_msgs/include/cartographer_ros_msgs/cartographer_ros_msgs/srv/detail/trajectory_query__struct.h
-- Up-to-date symlink: /home/olee/olee_ros2_ws/src/install/cartographer_ros_msgs/include/cartographer_ros_msgs/cartographer_ros_msgs/srv/detail/trajectory_query__type_support.h
-- Up-to-date symlink: /home/olee/olee_ros2_ws/src/install/cartographer_ros_msgs/include/cartographer_ros_msgs/cartographer_ros_msgs/srv/detail/write_state__functions.h
-- Up-to-date symlink: /home/olee/olee_ros2_ws/src/install/cartographer_ros_msgs/include/cartographer_ros_msgs/cartographer_ros_msgs/srv/detail/write_state__struct.h
-- Up-to-date symlink: /home/olee/olee_ros2_ws/src/install/cartographer_ros_msgs/include/cartographer_ros_msgs/cartographer_ros_msgs/srv/detail/write_state__type_support.h
-- Up-to-date symlink: /home/olee/olee_ros2_ws/src/install/cartographer_ros_msgs/include/cartographer_ros_msgs/cartographer_ros_msgs/srv/finish_trajectory.h
-- Up-to-date symlink: /home/olee/olee_ros2_ws/src/install/cartographer_ros_msgs/include/cartographer_ros_msgs/cartographer_ros_msgs/srv/get_trajectory_states.h
-- Up-to-date symlink: /home/olee/olee_ros2_ws/src/install/cartographer_ros_msgs/include/cartographer_ros_msgs/cartographer_ros_msgs/srv/read_metrics.h
-- Up-to-date symlink: /home/olee/olee_ros2_ws/src/install/cartographer_ros_msgs/include/cartographer_ros_msgs/cartographer_ros_msgs/srv/start_trajectory.h
-- Up-to-date symlink: /home/olee/olee_ros2_ws/src/install/cartographer_ros_msgs/include/cartographer_ros_msgs/cartographer_ros_msgs/srv/submap_query.h
-- Up-to-date symlink: /home/olee/olee_ros2_ws/src/install/cartographer_ros_msgs/include/cartographer_ros_msgs/cartographer_ros_msgs/srv/trajectory_query.h
-- Up-to-date symlink: /home/olee/olee_ros2_ws/src/install/cartographer_ros_msgs/include/cartographer_ros_msgs/cartographer_ros_msgs/srv/write_state.h
-- Up-to-date symlink: /home/olee/olee_ros2_ws/src/install/cartographer_ros_msgs/share/cartographer_ros_msgs/environment/library_path.sh
-- Up-to-date symlink: /home/olee/olee_ros2_ws/src/install/cartographer_ros_msgs/share/cartographer_ros_msgs/environment/library_path.dsv
-- Up-to-date symlink: /home/olee/olee_ros2_ws/src/install/cartographer_ros_msgs/include/cartographer_ros_msgs/cartographer_ros_msgs/msg/detail/bagfile_progress__rosidl_typesupport_fastrtps_c.h
-- Up-to-date symlink: /home/olee/olee_ros2_ws/src/install/cartographer_ros_msgs/include/cartographer_ros_msgs/cartographer_ros_msgs/msg/detail/histogram_bucket__rosidl_typesupport_fastrtps_c.h
-- Up-to-date symlink: /home/olee/olee_ros2_ws/src/install/cartographer_ros_msgs/include/cartographer_ros_msgs/cartographer_ros_msgs/msg/detail/landmark_entry__rosidl_typesupport_fastrtps_c.h
-- Up-to-date symlink: /home/olee/olee_ros2_ws/src/install/cartographer_ros_msgs/include/cartographer_ros_msgs/cartographer_ros_msgs/msg/detail/landmark_list__rosidl_typesupport_fastrtps_c.h
-- Up-to-date symlink: /home/olee/olee_ros2_ws/src/install/cartographer_ros_msgs/include/cartographer_ros_msgs/cartographer_ros_msgs/msg/detail/metric__rosidl_typesupport_fastrtps_c.h
-- Up-to-date symlink: /home/olee/olee_ros2_ws/src/install/cartographer_ros_msgs/include/cartographer_ros_msgs/cartographer_ros_msgs/msg/detail/metric_family__rosidl_typesupport_fastrtps_c.h
-- Up-to-date symlink: /home/olee/olee_ros2_ws/src/install/cartographer_ros_msgs/include/cartographer_ros_msgs/cartographer_ros_msgs/msg/detail/metric_label__rosidl_typesupport_fastrtps_c.h
-- Up-to-date symlink: /home/olee/olee_ros2_ws/src/install/cartographer_ros_msgs/include/cartographer_ros_msgs/cartographer_ros_msgs/msg/detail/status_code__rosidl_typesupport_fastrtps_c.h
-- Up-to-date symlink: /home/olee/olee_ros2_ws/src/install/cartographer_ros_msgs/include/cartographer_ros_msgs/cartographer_ros_msgs/msg/detail/status_response__rosidl_typesupport_fastrtps_c.h
-- Up-to-date symlink: /home/olee/olee_ros2_ws/src/install/cartographer_ros_msgs/include/cartographer_ros_msgs/cartographer_ros_msgs/msg/detail/submap_entry__rosidl_typesupport_fastrtps_c.h
-- Up-to-date symlink: /home/olee/olee_ros2_ws/src/install/cartographer_ros_msgs/include/cartographer_ros_msgs/cartographer_ros_msgs/msg/detail/submap_list__rosidl_typesupport_fastrtps_c.h
-- Up-to-date symlink: /home/olee/olee_ros2_ws/src/install/cartographer_ros_msgs/include/cartographer_ros_msgs/cartographer_ros_msgs/msg/detail/submap_texture__rosidl_typesupport_fastrtps_c.h
-- Up-to-date symlink: /home/olee/olee_ros2_ws/src/install/cartographer_ros_msgs/include/cartographer_ros_msgs/cartographer_ros_msgs/msg/detail/trajectory_states__rosidl_typesupport_fastrtps_c.h
-- Up-to-date symlink: /home/olee/olee_ros2_ws/src/install/cartographer_ros_msgs/include/cartographer_ros_msgs/cartographer_ros_msgs/msg/rosidl_typesupport_fastrtps_c__visibility_control.h
-- Up-to-date symlink: /home/olee/olee_ros2_ws/src/install/cartographer_ros_msgs/include/cartographer_ros_msgs/cartographer_ros_msgs/srv/detail/finish_trajectory__rosidl_typesupport_fastrtps_c.h
-- Up-to-date symlink: /home/olee/olee_ros2_ws/src/install/cartographer_ros_msgs/include/cartographer_ros_msgs/cartographer_ros_msgs/srv/detail/get_trajectory_states__rosidl_typesupport_fastrtps_c.h
-- Up-to-date symlink: /home/olee/olee_ros2_ws/src/install/cartographer_ros_msgs/include/cartographer_ros_msgs/cartographer_ros_msgs/srv/detail/read_metrics__rosidl_typesupport_fastrtps_c.h
-- Up-to-date symlink: /home/olee/olee_ros2_ws/src/install/cartographer_ros_msgs/include/cartographer_ros_msgs/cartographer_ros_msgs/srv/detail/start_trajectory__rosidl_typesupport_fastrtps_c.h
-- Up-to-date symlink: /home/olee/olee_ros2_ws/src/install/cartographer_ros_msgs/include/cartographer_ros_msgs/cartographer_ros_msgs/srv/detail/submap_query__rosidl_typesupport_fastrtps_c.h
-- Up-to-date symlink: /home/olee/olee_ros2_ws/src/install/cartographer_ros_msgs/include/cartographer_ros_msgs/cartographer_ros_msgs/srv/detail/trajectory_query__rosidl_typesupport_fastrtps_c.h
-- Up-to-date symlink: /home/olee/olee_ros2_ws/src/install/cartographer_ros_msgs/include/cartographer_ros_msgs/cartographer_ros_msgs/srv/detail/write_state__rosidl_typesupport_fastrtps_c.h
-- Up-to-date symlink: /home/olee/olee_ros2_ws/src/install/cartographer_ros_msgs/include/cartographer_ros_msgs/cartographer_ros_msgs/msg/detail/bagfile_progress__rosidl_typesupport_introspection_c.h
-- Up-to-date symlink: /home/olee/olee_ros2_ws/src/install/cartographer_ros_msgs/include/cartographer_ros_msgs/cartographer_ros_msgs/msg/detail/histogram_bucket__rosidl_typesupport_introspection_c.h
-- Up-to-date symlink: /home/olee/olee_ros2_ws/src/install/cartographer_ros_msgs/include/cartographer_ros_msgs/cartographer_ros_msgs/msg/detail/landmark_entry__rosidl_typesupport_introspection_c.h
-- Up-to-date symlink: /home/olee/olee_ros2_ws/src/install/cartographer_ros_msgs/include/cartographer_ros_msgs/cartographer_ros_msgs/msg/detail/landmark_list__rosidl_typesupport_introspection_c.h
-- Up-to-date symlink: /home/olee/olee_ros2_ws/src/install/cartographer_ros_msgs/include/cartographer_ros_msgs/cartographer_ros_msgs/msg/detail/metric__rosidl_typesupport_introspection_c.h
-- Up-to-date symlink: /home/olee/olee_ros2_ws/src/install/cartographer_ros_msgs/include/cartographer_ros_msgs/cartographer_ros_msgs/msg/detail/metric_family__rosidl_typesupport_introspection_c.h
-- Up-to-date symlink: /home/olee/olee_ros2_ws/src/install/cartographer_ros_msgs/include/cartographer_ros_msgs/cartographer_ros_msgs/msg/detail/metric_label__rosidl_typesupport_introspection_c.h
-- Up-to-date symlink: /home/olee/olee_ros2_ws/src/install/cartographer_ros_msgs/include/cartographer_ros_msgs/cartographer_ros_msgs/msg/detail/status_code__rosidl_typesupport_introspection_c.h
-- Up-to-date symlink: /home/olee/olee_ros2_ws/src/install/cartographer_ros_msgs/include/cartographer_ros_msgs/cartographer_ros_msgs/msg/detail/status_response__rosidl_typesupport_introspection_c.h
-- Up-to-date symlink: /home/olee/olee_ros2_ws/src/install/cartographer_ros_msgs/include/cartographer_ros_msgs/cartographer_ros_msgs/msg/detail/submap_entry__rosidl_typesupport_introspection_c.h
-- Up-to-date symlink: /home/olee/olee_ros2_ws/src/install/cartographer_ros_msgs/include/cartographer_ros_msgs/cartographer_ros_msgs/msg/detail/submap_list__rosidl_typesupport_introspection_c.h
-- Up-to-date symlink: /home/olee/olee_ros2_ws/src/install/cartographer_ros_msgs/include/cartographer_ros_msgs/cartographer_ros_msgs/msg/detail/submap_texture__rosidl_typesupport_introspection_c.h
-- Up-to-date symlink: /home/olee/olee_ros2_ws/src/install/cartographer_ros_msgs/include/cartographer_ros_msgs/cartographer_ros_msgs/msg/detail/trajectory_states__rosidl_typesupport_introspection_c.h
-- Up-to-date symlink: /home/olee/olee_ros2_ws/src/install/cartographer_ros_msgs/include/cartographer_ros_msgs/cartographer_ros_msgs/msg/rosidl_typesupport_introspection_c__visibility_control.h
-- Up-to-date symlink: /home/olee/olee_ros2_ws/src/install/cartographer_ros_msgs/include/cartographer_ros_msgs/cartographer_ros_msgs/srv/detail/finish_trajectory__rosidl_typesupport_introspection_c.h
-- Up-to-date symlink: /home/olee/olee_ros2_ws/src/install/cartographer_ros_msgs/include/cartographer_ros_msgs/cartographer_ros_msgs/srv/detail/get_trajectory_states__rosidl_typesupport_introspection_c.h
-- Up-to-date symlink: /home/olee/olee_ros2_ws/src/install/cartographer_ros_msgs/include/cartographer_ros_msgs/cartographer_ros_msgs/srv/detail/read_metrics__rosidl_typesupport_introspection_c.h
-- Up-to-date symlink: /home/olee/olee_ros2_ws/src/install/cartographer_ros_msgs/include/cartographer_ros_msgs/cartographer_ros_msgs/srv/detail/start_trajectory__rosidl_typesupport_introspection_c.h
-- Up-to-date symlink: /home/olee/olee_ros2_ws/src/install/cartographer_ros_msgs/include/cartographer_ros_msgs/cartographer_ros_msgs/srv/detail/submap_query__rosidl_typesupport_introspection_c.h
-- Up-to-date symlink: /home/olee/olee_ros2_ws/src/install/cartographer_ros_msgs/include/cartographer_ros_msgs/cartographer_ros_msgs/srv/detail/trajectory_query__rosidl_typesupport_introspection_c.h
-- Up-to-date symlink: /home/olee/olee_ros2_ws/src/install/cartographer_ros_msgs/include/cartographer_ros_msgs/cartographer_ros_msgs/srv/detail/write_state__rosidl_typesupport_introspection_c.h
-- Up-to-date symlink: /home/olee/olee_ros2_ws/src/install/cartographer_ros_msgs/include/cartographer_ros_msgs/cartographer_ros_msgs/msg/bagfile_progress.hpp
-- Up-to-date symlink: /home/olee/olee_ros2_ws/src/install/cartographer_ros_msgs/include/cartographer_ros_msgs/cartographer_ros_msgs/msg/detail/bagfile_progress__builder.hpp
-- Up-to-date symlink: /home/olee/olee_ros2_ws/src/install/cartographer_ros_msgs/include/cartographer_ros_msgs/cartographer_ros_msgs/msg/detail/bagfile_progress__struct.hpp
-- Up-to-date symlink: /home/olee/olee_ros2_ws/src/install/cartographer_ros_msgs/include/cartographer_ros_msgs/cartographer_ros_msgs/msg/detail/bagfile_progress__traits.hpp
-- Up-to-date symlink: /home/olee/olee_ros2_ws/src/install/cartographer_ros_msgs/include/cartographer_ros_msgs/cartographer_ros_msgs/msg/detail/bagfile_progress__type_support.hpp
-- Up-to-date symlink: /home/olee/olee_ros2_ws/src/install/cartographer_ros_msgs/include/cartographer_ros_msgs/cartographer_ros_msgs/msg/detail/histogram_bucket__builder.hpp
-- Up-to-date symlink: /home/olee/olee_ros2_ws/src/install/cartographer_ros_msgs/include/cartographer_ros_msgs/cartographer_ros_msgs/msg/detail/histogram_bucket__struct.hpp
-- Up-to-date symlink: /home/olee/olee_ros2_ws/src/install/cartographer_ros_msgs/include/cartographer_ros_msgs/cartographer_ros_msgs/msg/detail/histogram_bucket__traits.hpp
-- Up-to-date symlink: /home/olee/olee_ros2_ws/src/install/cartographer_ros_msgs/include/cartographer_ros_msgs/cartographer_ros_msgs/msg/detail/histogram_bucket__type_support.hpp
-- Up-to-date symlink: /home/olee/olee_ros2_ws/src/install/cartographer_ros_msgs/include/cartographer_ros_msgs/cartographer_ros_msgs/msg/detail/landmark_entry__builder.hpp
-- Up-to-date symlink: /home/olee/olee_ros2_ws/src/install/cartographer_ros_msgs/include/cartographer_ros_msgs/cartographer_ros_msgs/msg/detail/landmark_entry__struct.hpp
-- Up-to-date symlink: /home/olee/olee_ros2_ws/src/install/cartographer_ros_msgs/include/cartographer_ros_msgs/cartographer_ros_msgs/msg/detail/landmark_entry__traits.hpp
-- Up-to-date symlink: /home/olee/olee_ros2_ws/src/install/cartographer_ros_msgs/include/cartographer_ros_msgs/cartographer_ros_msgs/msg/detail/landmark_entry__type_support.hpp
-- Up-to-date symlink: /home/olee/olee_ros2_ws/src/install/cartographer_ros_msgs/include/cartographer_ros_msgs/cartographer_ros_msgs/msg/detail/landmark_list__builder.hpp
-- Up-to-date symlink: /home/olee/olee_ros2_ws/src/install/cartographer_ros_msgs/include/cartographer_ros_msgs/cartographer_ros_msgs/msg/detail/landmark_list__struct.hpp
-- Up-to-date symlink: /home/olee/olee_ros2_ws/src/install/cartographer_ros_msgs/include/cartographer_ros_msgs/cartographer_ros_msgs/msg/detail/landmark_list__traits.hpp
-- Up-to-date symlink: /home/olee/olee_ros2_ws/src/install/cartographer_ros_msgs/include/cartographer_ros_msgs/cartographer_ros_msgs/msg/detail/landmark_list__type_support.hpp
-- Up-to-date symlink: /home/olee/olee_ros2_ws/src/install/cartographer_ros_msgs/include/cartographer_ros_msgs/cartographer_ros_msgs/msg/detail/metric__builder.hpp
-- Up-to-date symlink: /home/olee/olee_ros2_ws/src/install/cartographer_ros_msgs/include/cartographer_ros_msgs/cartographer_ros_msgs/msg/detail/metric__struct.hpp
-- Up-to-date symlink: /home/olee/olee_ros2_ws/src/install/cartographer_ros_msgs/include/cartographer_ros_msgs/cartographer_ros_msgs/msg/detail/metric__traits.hpp
-- Up-to-date symlink: /home/olee/olee_ros2_ws/src/install/cartographer_ros_msgs/include/cartographer_ros_msgs/cartographer_ros_msgs/msg/detail/metric__type_support.hpp
-- Up-to-date symlink: /home/olee/olee_ros2_ws/src/install/cartographer_ros_msgs/include/cartographer_ros_msgs/cartographer_ros_msgs/msg/detail/metric_family__builder.hpp
-- Up-to-date symlink: /home/olee/olee_ros2_ws/src/install/cartographer_ros_msgs/include/cartographer_ros_msgs/cartographer_ros_msgs/msg/detail/metric_family__struct.hpp
-- Up-to-date symlink: /home/olee/olee_ros2_ws/src/install/cartographer_ros_msgs/include/cartographer_ros_msgs/cartographer_ros_msgs/msg/detail/metric_family__traits.hpp
-- Up-to-date symlink: /home/olee/olee_ros2_ws/src/install/cartographer_ros_msgs/include/cartographer_ros_msgs/cartographer_ros_msgs/msg/detail/metric_family__type_support.hpp
-- Up-to-date symlink: /home/olee/olee_ros2_ws/src/install/cartographer_ros_msgs/include/cartographer_ros_msgs/cartographer_ros_msgs/msg/detail/metric_label__builder.hpp
-- Up-to-date symlink: /home/olee/olee_ros2_ws/src/install/cartographer_ros_msgs/include/cartographer_ros_msgs/cartographer_ros_msgs/msg/detail/metric_label__struct.hpp
-- Up-to-date symlink: /home/olee/olee_ros2_ws/src/install/cartographer_ros_msgs/include/cartographer_ros_msgs/cartographer_ros_msgs/msg/detail/metric_label__traits.hpp
-- Up-to-date symlink: /home/olee/olee_ros2_ws/src/install/cartographer_ros_msgs/include/cartographer_ros_msgs/cartographer_ros_msgs/msg/detail/metric_label__type_support.hpp
-- Up-to-date symlink: /home/olee/olee_ros2_ws/src/install/cartographer_ros_msgs/include/cartographer_ros_msgs/cartographer_ros_msgs/msg/detail/status_code__builder.hpp
-- Up-to-date symlink: /home/olee/olee_ros2_ws/src/install/cartographer_ros_msgs/include/cartographer_ros_msgs/cartographer_ros_msgs/msg/detail/status_code__struct.hpp
-- Up-to-date symlink: /home/olee/olee_ros2_ws/src/install/cartographer_ros_msgs/include/cartographer_ros_msgs/cartographer_ros_msgs/msg/detail/status_code__traits.hpp
-- Up-to-date symlink: /home/olee/olee_ros2_ws/src/install/cartographer_ros_msgs/include/cartographer_ros_msgs/cartographer_ros_msgs/msg/detail/status_code__type_support.hpp
-- Up-to-date symlink: /home/olee/olee_ros2_ws/src/install/cartographer_ros_msgs/include/cartographer_ros_msgs/cartographer_ros_msgs/msg/detail/status_response__builder.hpp
-- Up-to-date symlink: /home/olee/olee_ros2_ws/src/install/cartographer_ros_msgs/include/cartographer_ros_msgs/cartographer_ros_msgs/msg/detail/status_response__struct.hpp
-- Up-to-date symlink: /home/olee/olee_ros2_ws/src/install/cartographer_ros_msgs/include/cartographer_ros_msgs/cartographer_ros_msgs/msg/detail/status_response__traits.hpp
-- Up-to-date symlink: /home/olee/olee_ros2_ws/src/install/cartographer_ros_msgs/include/cartographer_ros_msgs/cartographer_ros_msgs/msg/detail/status_response__type_support.hpp
-- Up-to-date symlink: /home/olee/olee_ros2_ws/src/install/cartographer_ros_msgs/include/cartographer_ros_msgs/cartographer_ros_msgs/msg/detail/submap_entry__builder.hpp
-- Up-to-date symlink: /home/olee/olee_ros2_ws/src/install/cartographer_ros_msgs/include/cartographer_ros_msgs/cartographer_ros_msgs/msg/detail/submap_entry__struct.hpp
-- Up-to-date symlink: /home/olee/olee_ros2_ws/src/install/cartographer_ros_msgs/include/cartographer_ros_msgs/cartographer_ros_msgs/msg/detail/submap_entry__traits.hpp
-- Up-to-date symlink: /home/olee/olee_ros2_ws/src/install/cartographer_ros_msgs/include/cartographer_ros_msgs/cartographer_ros_msgs/msg/detail/submap_entry__type_support.hpp
-- Up-to-date symlink: /home/olee/olee_ros2_ws/src/install/cartographer_ros_msgs/include/cartographer_ros_msgs/cartographer_ros_msgs/msg/detail/submap_list__builder.hpp
-- Up-to-date symlink: /home/olee/olee_ros2_ws/src/install/cartographer_ros_msgs/include/cartographer_ros_msgs/cartographer_ros_msgs/msg/detail/submap_list__struct.hpp
-- Up-to-date symlink: /home/olee/olee_ros2_ws/src/install/cartographer_ros_msgs/include/cartographer_ros_msgs/cartographer_ros_msgs/msg/detail/submap_list__traits.hpp
-- Up-to-date symlink: /home/olee/olee_ros2_ws/src/install/cartographer_ros_msgs/include/cartographer_ros_msgs/cartographer_ros_msgs/msg/detail/submap_list__type_support.hpp
-- Up-to-date symlink: /home/olee/olee_ros2_ws/src/install/cartographer_ros_msgs/include/cartographer_ros_msgs/cartographer_ros_msgs/msg/detail/submap_texture__builder.hpp
-- Up-to-date symlink: /home/olee/olee_ros2_ws/src/install/cartographer_ros_msgs/include/cartographer_ros_msgs/cartographer_ros_msgs/msg/detail/submap_texture__struct.hpp
-- Up-to-date symlink: /home/olee/olee_ros2_ws/src/install/cartographer_ros_msgs/include/cartographer_ros_msgs/cartographer_ros_msgs/msg/detail/submap_texture__traits.hpp
-- Up-to-date symlink: /home/olee/olee_ros2_ws/src/install/cartographer_ros_msgs/include/cartographer_ros_msgs/cartographer_ros_msgs/msg/detail/submap_texture__type_support.hpp
-- Up-to-date symlink: /home/olee/olee_ros2_ws/src/install/cartographer_ros_msgs/include/cartographer_ros_msgs/cartographer_ros_msgs/msg/detail/trajectory_states__builder.hpp
-- Up-to-date symlink: /home/olee/olee_ros2_ws/src/install/cartographer_ros_msgs/include/cartographer_ros_msgs/cartographer_ros_msgs/msg/detail/trajectory_states__struct.hpp
-- Up-to-date symlink: /home/olee/olee_ros2_ws/src/install/cartographer_ros_msgs/include/cartographer_ros_msgs/cartographer_ros_msgs/msg/detail/trajectory_states__traits.hpp
-- Up-to-date symlink: /home/olee/olee_ros2_ws/src/install/cartographer_ros_msgs/include/cartographer_ros_msgs/cartographer_ros_msgs/msg/detail/trajectory_states__type_support.hpp
-- Up-to-date symlink: /home/olee/olee_ros2_ws/src/install/cartographer_ros_msgs/include/cartographer_ros_msgs/cartographer_ros_msgs/msg/histogram_bucket.hpp
-- Up-to-date symlink: /home/olee/olee_ros2_ws/src/install/cartographer_ros_msgs/include/cartographer_ros_msgs/cartographer_ros_msgs/msg/landmark_entry.hpp
-- Up-to-date symlink: /home/olee/olee_ros2_ws/src/install/cartographer_ros_msgs/include/cartographer_ros_msgs/cartographer_ros_msgs/msg/landmark_list.hpp
-- Up-to-date symlink: /home/olee/olee_ros2_ws/src/install/cartographer_ros_msgs/include/cartographer_ros_msgs/cartographer_ros_msgs/msg/metric.hpp
-- Up-to-date symlink: /home/olee/olee_ros2_ws/src/install/cartographer_ros_msgs/include/cartographer_ros_msgs/cartographer_ros_msgs/msg/metric_family.hpp
-- Up-to-date symlink: /home/olee/olee_ros2_ws/src/install/cartographer_ros_msgs/include/cartographer_ros_msgs/cartographer_ros_msgs/msg/metric_label.hpp
-- Up-to-date symlink: /home/olee/olee_ros2_ws/src/install/cartographer_ros_msgs/include/cartographer_ros_msgs/cartographer_ros_msgs/msg/rosidl_generator_cpp__visibility_control.hpp
-- Up-to-date symlink: /home/olee/olee_ros2_ws/src/install/cartographer_ros_msgs/include/cartographer_ros_msgs/cartographer_ros_msgs/msg/status_code.hpp
-- Up-to-date symlink: /home/olee/olee_ros2_ws/src/install/cartographer_ros_msgs/include/cartographer_ros_msgs/cartographer_ros_msgs/msg/status_response.hpp
-- Up-to-date symlink: /home/olee/olee_ros2_ws/src/install/cartographer_ros_msgs/include/cartographer_ros_msgs/cartographer_ros_msgs/msg/submap_entry.hpp
-- Up-to-date symlink: /home/olee/olee_ros2_ws/src/install/cartographer_ros_msgs/include/cartographer_ros_msgs/cartographer_ros_msgs/msg/submap_list.hpp
-- Up-to-date symlink: /home/olee/olee_ros2_ws/src/install/cartographer_ros_msgs/include/cartographer_ros_msgs/cartographer_ros_msgs/msg/submap_texture.hpp
-- Up-to-date symlink: /home/olee/olee_ros2_ws/src/install/cartographer_ros_msgs/include/cartographer_ros_msgs/cartographer_ros_msgs/msg/trajectory_states.hpp
-- Up-to-date symlink: /home/olee/olee_ros2_ws/src/install/cartographer_ros_msgs/include/cartographer_ros_msgs/cartographer_ros_msgs/srv/detail/finish_trajectory__builder.hpp
-- Up-to-date symlink: /home/olee/olee_ros2_ws/src/install/cartographer_ros_msgs/include/cartographer_ros_msgs/cartographer_ros_msgs/srv/detail/finish_trajectory__struct.hpp
-- Up-to-date symlink: /home/olee/olee_ros2_ws/src/install/cartographer_ros_msgs/include/cartographer_ros_msgs/cartographer_ros_msgs/srv/detail/finish_trajectory__traits.hpp
-- Up-to-date symlink: /home/olee/olee_ros2_ws/src/install/cartographer_ros_msgs/include/cartographer_ros_msgs/cartographer_ros_msgs/srv/detail/finish_trajectory__type_support.hpp
-- Up-to-date symlink: /home/olee/olee_ros2_ws/src/install/cartographer_ros_msgs/include/cartographer_ros_msgs/cartographer_ros_msgs/srv/detail/get_trajectory_states__builder.hpp
-- Up-to-date symlink: /home/olee/olee_ros2_ws/src/install/cartographer_ros_msgs/include/cartographer_ros_msgs/cartographer_ros_msgs/srv/detail/get_trajectory_states__struct.hpp
-- Up-to-date symlink: /home/olee/olee_ros2_ws/src/install/cartographer_ros_msgs/include/cartographer_ros_msgs/cartographer_ros_msgs/srv/detail/get_trajectory_states__traits.hpp
-- Up-to-date symlink: /home/olee/olee_ros2_ws/src/install/cartographer_ros_msgs/include/cartographer_ros_msgs/cartographer_ros_msgs/srv/detail/get_trajectory_states__type_support.hpp
-- Up-to-date symlink: /home/olee/olee_ros2_ws/src/install/cartographer_ros_msgs/include/cartographer_ros_msgs/cartographer_ros_msgs/srv/detail/read_metrics__builder.hpp
-- Up-to-date symlink: /home/olee/olee_ros2_ws/src/install/cartographer_ros_msgs/include/cartographer_ros_msgs/cartographer_ros_msgs/srv/detail/read_metrics__struct.hpp
-- Up-to-date symlink: /home/olee/olee_ros2_ws/src/install/cartographer_ros_msgs/include/cartographer_ros_msgs/cartographer_ros_msgs/srv/detail/read_metrics__traits.hpp
-- Up-to-date symlink: /home/olee/olee_ros2_ws/src/install/cartographer_ros_msgs/include/cartographer_ros_msgs/cartographer_ros_msgs/srv/detail/read_metrics__type_support.hpp
-- Up-to-date symlink: /home/olee/olee_ros2_ws/src/install/cartographer_ros_msgs/include/cartographer_ros_msgs/cartographer_ros_msgs/srv/detail/start_trajectory__builder.hpp
-- Up-to-date symlink: /home/olee/olee_ros2_ws/src/install/cartographer_ros_msgs/include/cartographer_ros_msgs/cartographer_ros_msgs/srv/detail/start_trajectory__struct.hpp
-- Up-to-date symlink: /home/olee/olee_ros2_ws/src/install/cartographer_ros_msgs/include/cartographer_ros_msgs/cartographer_ros_msgs/srv/detail/start_trajectory__traits.hpp
-- Up-to-date symlink: /home/olee/olee_ros2_ws/src/install/cartographer_ros_msgs/include/cartographer_ros_msgs/cartographer_ros_msgs/srv/detail/start_trajectory__type_support.hpp
-- Up-to-date symlink: /home/olee/olee_ros2_ws/src/install/cartographer_ros_msgs/include/cartographer_ros_msgs/cartographer_ros_msgs/srv/detail/submap_query__builder.hpp
-- Up-to-date symlink: /home/olee/olee_ros2_ws/src/install/cartographer_ros_msgs/include/cartographer_ros_msgs/cartographer_ros_msgs/srv/detail/submap_query__struct.hpp
-- Up-to-date symlink: /home/olee/olee_ros2_ws/src/install/cartographer_ros_msgs/include/cartographer_ros_msgs/cartographer_ros_msgs/srv/detail/submap_query__traits.hpp
-- Up-to-date symlink: /home/olee/olee_ros2_ws/src/install/cartographer_ros_msgs/include/cartographer_ros_msgs/cartographer_ros_msgs/srv/detail/submap_query__type_support.hpp
-- Up-to-date symlink: /home/olee/olee_ros2_ws/src/install/cartographer_ros_msgs/include/cartographer_ros_msgs/cartographer_ros_msgs/srv/detail/trajectory_query__builder.hpp
-- Up-to-date symlink: /home/olee/olee_ros2_ws/src/install/cartographer_ros_msgs/include/cartographer_ros_msgs/cartographer_ros_msgs/srv/detail/trajectory_query__struct.hpp
-- Up-to-date symlink: /home/olee/olee_ros2_ws/src/install/cartographer_ros_msgs/include/cartographer_ros_msgs/cartographer_ros_msgs/srv/detail/trajectory_query__traits.hpp
-- Up-to-date symlink: /home/olee/olee_ros2_ws/src/install/cartographer_ros_msgs/include/cartographer_ros_msgs/cartographer_ros_msgs/srv/detail/trajectory_query__type_support.hpp
-- Up-to-date symlink: /home/olee/olee_ros2_ws/src/install/cartographer_ros_msgs/include/cartographer_ros_msgs/cartographer_ros_msgs/srv/detail/write_state__builder.hpp
-- Up-to-date symlink: /home/olee/olee_ros2_ws/src/install/cartographer_ros_msgs/include/cartographer_ros_msgs/cartographer_ros_msgs/srv/detail/write_state__struct.hpp
-- Up-to-date symlink: /home/olee/olee_ros2_ws/src/install/cartographer_ros_msgs/include/cartographer_ros_msgs/cartographer_ros_msgs/srv/detail/write_state__traits.hpp
-- Up-to-date symlink: /home/olee/olee_ros2_ws/src/install/cartographer_ros_msgs/include/cartographer_ros_msgs/cartographer_ros_msgs/srv/detail/write_state__type_support.hpp
-- Up-to-date symlink: /home/olee/olee_ros2_ws/src/install/cartographer_ros_msgs/include/cartographer_ros_msgs/cartographer_ros_msgs/srv/finish_trajectory.hpp
-- Up-to-date symlink: /home/olee/olee_ros2_ws/src/install/cartographer_ros_msgs/include/cartographer_ros_msgs/cartographer_ros_msgs/srv/get_trajectory_states.hpp
-- Up-to-date symlink: /home/olee/olee_ros2_ws/src/install/cartographer_ros_msgs/include/cartographer_ros_msgs/cartographer_ros_msgs/srv/read_metrics.hpp
-- Up-to-date symlink: /home/olee/olee_ros2_ws/src/install/cartographer_ros_msgs/include/cartographer_ros_msgs/cartographer_ros_msgs/srv/start_trajectory.hpp
-- Up-to-date symlink: /home/olee/olee_ros2_ws/src/install/cartographer_ros_msgs/include/cartographer_ros_msgs/cartographer_ros_msgs/srv/submap_query.hpp
-- Up-to-date symlink: /home/olee/olee_ros2_ws/src/install/cartographer_ros_msgs/include/cartographer_ros_msgs/cartographer_ros_msgs/srv/trajectory_query.hpp
-- Up-to-date symlink: /home/olee/olee_ros2_ws/src/install/cartographer_ros_msgs/include/cartographer_ros_msgs/cartographer_ros_msgs/srv/write_state.hpp
-- Up-to-date symlink: /home/olee/olee_ros2_ws/src/install/cartographer_ros_msgs/include/cartographer_ros_msgs/cartographer_ros_msgs/msg/detail/bagfile_progress__rosidl_typesupport_fastrtps_cpp.hpp
-- Up-to-date symlink: /home/olee/olee_ros2_ws/src/install/cartographer_ros_msgs/include/cartographer_ros_msgs/cartographer_ros_msgs/msg/detail/histogram_bucket__rosidl_typesupport_fastrtps_cpp.hpp
-- Up-to-date symlink: /home/olee/olee_ros2_ws/src/install/cartographer_ros_msgs/include/cartographer_ros_msgs/cartographer_ros_msgs/msg/detail/landmark_entry__rosidl_typesupport_fastrtps_cpp.hpp
-- Up-to-date symlink: /home/olee/olee_ros2_ws/src/install/cartographer_ros_msgs/include/cartographer_ros_msgs/cartographer_ros_msgs/msg/detail/landmark_list__rosidl_typesupport_fastrtps_cpp.hpp
-- Up-to-date symlink: /home/olee/olee_ros2_ws/src/install/cartographer_ros_msgs/include/cartographer_ros_msgs/cartographer_ros_msgs/msg/detail/metric__rosidl_typesupport_fastrtps_cpp.hpp
-- Up-to-date symlink: /home/olee/olee_ros2_ws/src/install/cartographer_ros_msgs/include/cartographer_ros_msgs/cartographer_ros_msgs/msg/detail/metric_family__rosidl_typesupport_fastrtps_cpp.hpp
-- Up-to-date symlink: /home/olee/olee_ros2_ws/src/install/cartographer_ros_msgs/include/cartographer_ros_msgs/cartographer_ros_msgs/msg/detail/metric_label__rosidl_typesupport_fastrtps_cpp.hpp
-- Up-to-date symlink: /home/olee/olee_ros2_ws/src/install/cartographer_ros_msgs/include/cartographer_ros_msgs/cartographer_ros_msgs/msg/detail/status_code__rosidl_typesupport_fastrtps_cpp.hpp
-- Up-to-date symlink: /home/olee/olee_ros2_ws/src/install/cartographer_ros_msgs/include/cartographer_ros_msgs/cartographer_ros_msgs/msg/detail/status_response__rosidl_typesupport_fastrtps_cpp.hpp
-- Up-to-date symlink: /home/olee/olee_ros2_ws/src/install/cartographer_ros_msgs/include/cartographer_ros_msgs/cartographer_ros_msgs/msg/detail/submap_entry__rosidl_typesupport_fastrtps_cpp.hpp
-- Up-to-date symlink: /home/olee/olee_ros2_ws/src/install/cartographer_ros_msgs/include/cartographer_ros_msgs/cartographer_ros_msgs/msg/detail/submap_list__rosidl_typesupport_fastrtps_cpp.hpp
-- Up-to-date symlink: /home/olee/olee_ros2_ws/src/install/cartographer_ros_msgs/include/cartographer_ros_msgs/cartographer_ros_msgs/msg/detail/submap_texture__rosidl_typesupport_fastrtps_cpp.hpp
-- Up-to-date symlink: /home/olee/olee_ros2_ws/src/install/cartographer_ros_msgs/include/cartographer_ros_msgs/cartographer_ros_msgs/msg/detail/trajectory_states__rosidl_typesupport_fastrtps_cpp.hpp
-- Up-to-date symlink: /home/olee/olee_ros2_ws/src/install/cartographer_ros_msgs/include/cartographer_ros_msgs/cartographer_ros_msgs/msg/rosidl_typesupport_fastrtps_cpp__visibility_control.h
-- Up-to-date symlink: /home/olee/olee_ros2_ws/src/install/cartographer_ros_msgs/include/cartographer_ros_msgs/cartographer_ros_msgs/srv/detail/finish_trajectory__rosidl_typesupport_fastrtps_cpp.hpp
-- Up-to-date symlink: /home/olee/olee_ros2_ws/src/install/cartographer_ros_msgs/include/cartographer_ros_msgs/cartographer_ros_msgs/srv/detail/get_trajectory_states__rosidl_typesupport_fastrtps_cpp.hpp
-- Up-to-date symlink: /home/olee/olee_ros2_ws/src/install/cartographer_ros_msgs/include/cartographer_ros_msgs/cartographer_ros_msgs/srv/detail/read_metrics__rosidl_typesupport_fastrtps_cpp.hpp
-- Up-to-date symlink: /home/olee/olee_ros2_ws/src/install/cartographer_ros_msgs/include/cartographer_ros_msgs/cartographer_ros_msgs/srv/detail/start_trajectory__rosidl_typesupport_fastrtps_cpp.hpp
-- Up-to-date symlink: /home/olee/olee_ros2_ws/src/install/cartographer_ros_msgs/include/cartographer_ros_msgs/cartographer_ros_msgs/srv/detail/submap_query__rosidl_typesupport_fastrtps_cpp.hpp
-- Up-to-date symlink: /home/olee/olee_ros2_ws/src/install/cartographer_ros_msgs/include/cartographer_ros_msgs/cartographer_ros_msgs/srv/detail/trajectory_query__rosidl_typesupport_fastrtps_cpp.hpp
-- Up-to-date symlink: /home/olee/olee_ros2_ws/src/install/cartographer_ros_msgs/include/cartographer_ros_msgs/cartographer_ros_msgs/srv/detail/write_state__rosidl_typesupport_fastrtps_cpp.hpp
-- Up-to-date symlink: /home/olee/olee_ros2_ws/src/install/cartographer_ros_msgs/include/cartographer_ros_msgs/cartographer_ros_msgs/msg/detail/bagfile_progress__rosidl_typesupport_introspection_cpp.hpp
-- Up-to-date symlink: /home/olee/olee_ros2_ws/src/install/cartographer_ros_msgs/include/cartographer_ros_msgs/cartographer_ros_msgs/msg/detail/histogram_bucket__rosidl_typesupport_introspection_cpp.hpp
-- Up-to-date symlink: /home/olee/olee_ros2_ws/src/install/cartographer_ros_msgs/include/cartographer_ros_msgs/cartographer_ros_msgs/msg/detail/landmark_entry__rosidl_typesupport_introspection_cpp.hpp
-- Up-to-date symlink: /home/olee/olee_ros2_ws/src/install/cartographer_ros_msgs/include/cartographer_ros_msgs/cartographer_ros_msgs/msg/detail/landmark_list__rosidl_typesupport_introspection_cpp.hpp
-- Up-to-date symlink: /home/olee/olee_ros2_ws/src/install/cartographer_ros_msgs/include/cartographer_ros_msgs/cartographer_ros_msgs/msg/detail/metric__rosidl_typesupport_introspection_cpp.hpp
-- Up-to-date symlink: /home/olee/olee_ros2_ws/src/install/cartographer_ros_msgs/include/cartographer_ros_msgs/cartographer_ros_msgs/msg/detail/metric_family__rosidl_typesupport_introspection_cpp.hpp
-- Up-to-date symlink: /home/olee/olee_ros2_ws/src/install/cartographer_ros_msgs/include/cartographer_ros_msgs/cartographer_ros_msgs/msg/detail/metric_label__rosidl_typesupport_introspection_cpp.hpp
-- Up-to-date symlink: /home/olee/olee_ros2_ws/src/install/cartographer_ros_msgs/include/cartographer_ros_msgs/cartographer_ros_msgs/msg/detail/status_code__rosidl_typesupport_introspection_cpp.hpp
-- Up-to-date symlink: /home/olee/olee_ros2_ws/src/install/cartographer_ros_msgs/include/cartographer_ros_msgs/cartographer_ros_msgs/msg/detail/status_response__rosidl_typesupport_introspection_cpp.hpp
-- Up-to-date symlink: /home/olee/olee_ros2_ws/src/install/cartographer_ros_msgs/include/cartographer_ros_msgs/cartographer_ros_msgs/msg/detail/submap_entry__rosidl_typesupport_introspection_cpp.hpp
-- Up-to-date symlink: /home/olee/olee_ros2_ws/src/install/cartographer_ros_msgs/include/cartographer_ros_msgs/cartographer_ros_msgs/msg/detail/submap_list__rosidl_typesupport_introspection_cpp.hpp
-- Up-to-date symlink: /home/olee/olee_ros2_ws/src/install/cartographer_ros_msgs/include/cartographer_ros_msgs/cartographer_ros_msgs/msg/detail/submap_texture__rosidl_typesupport_introspection_cpp.hpp
-- Up-to-date symlink: /home/olee/olee_ros2_ws/src/install/cartographer_ros_msgs/include/cartographer_ros_msgs/cartographer_ros_msgs/msg/detail/trajectory_states__rosidl_typesupport_introspection_cpp.hpp
-- Up-to-date symlink: /home/olee/olee_ros2_ws/src/install/cartographer_ros_msgs/include/cartographer_ros_msgs/cartographer_ros_msgs/srv/detail/finish_trajectory__rosidl_typesupport_introspection_cpp.hpp
-- Up-to-date symlink: /home/olee/olee_ros2_ws/src/install/cartographer_ros_msgs/include/cartographer_ros_msgs/cartographer_ros_msgs/srv/detail/get_trajectory_states__rosidl_typesupport_introspection_cpp.hpp
-- Up-to-date symlink: /home/olee/olee_ros2_ws/src/install/cartographer_ros_msgs/include/cartographer_ros_msgs/cartographer_ros_msgs/srv/detail/read_metrics__rosidl_typesupport_introspection_cpp.hpp
-- Up-to-date symlink: /home/olee/olee_ros2_ws/src/install/cartographer_ros_msgs/include/cartographer_ros_msgs/cartographer_ros_msgs/srv/detail/start_trajectory__rosidl_typesupport_introspection_cpp.hpp
-- Up-to-date symlink: /home/olee/olee_ros2_ws/src/install/cartographer_ros_msgs/include/cartographer_ros_msgs/cartographer_ros_msgs/srv/detail/submap_query__rosidl_typesupport_introspection_cpp.hpp
-- Up-to-date symlink: /home/olee/olee_ros2_ws/src/install/cartographer_ros_msgs/include/cartographer_ros_msgs/cartographer_ros_msgs/srv/detail/trajectory_query__rosidl_typesupport_introspection_cpp.hpp
-- Up-to-date symlink: /home/olee/olee_ros2_ws/src/install/cartographer_ros_msgs/include/cartographer_ros_msgs/cartographer_ros_msgs/srv/detail/write_state__rosidl_typesupport_introspection_cpp.hpp
-- Up-to-date symlink: /home/olee/olee_ros2_ws/src/install/cartographer_ros_msgs/share/cartographer_ros_msgs/environment/pythonpath.sh
-- Up-to-date symlink: /home/olee/olee_ros2_ws/src/install/cartographer_ros_msgs/share/cartographer_ros_msgs/environment/pythonpath.dsv
-- Up-to-date symlink: /home/olee/olee_ros2_ws/src/install/cartographer_ros_msgs/local/lib/python3.10/dist-packages/cartographer_ros_msgs-2.0.9003-py3.10.egg-info/PKG-INFO
-- Up-to-date symlink: /home/olee/olee_ros2_ws/src/install/cartographer_ros_msgs/local/lib/python3.10/dist-packages/cartographer_ros_msgs-2.0.9003-py3.10.egg-info/SOURCES.txt
-- Up-to-date symlink: /home/olee/olee_ros2_ws/src/install/cartographer_ros_msgs/local/lib/python3.10/dist-packages/cartographer_ros_msgs-2.0.9003-py3.10.egg-info/dependency_links.txt
-- Up-to-date symlink: /home/olee/olee_ros2_ws/src/install/cartographer_ros_msgs/local/lib/python3.10/dist-packages/cartographer_ros_msgs-2.0.9003-py3.10.egg-info/top_level.txt
-- Up-to-date symlink: /home/olee/olee_ros2_ws/src/install/cartographer_ros_msgs/local/lib/python3.10/dist-packages/cartographer_ros_msgs/__init__.py
-- Up-to-date symlink: /home/olee/olee_ros2_ws/src/install/cartographer_ros_msgs/local/lib/python3.10/dist-packages/cartographer_ros_msgs/_cartographer_ros_msgs_s.ep.rosidl_typesupport_c.c
-- Up-to-date symlink: /home/olee/olee_ros2_ws/src/install/cartographer_ros_msgs/local/lib/python3.10/dist-packages/cartographer_ros_msgs/_cartographer_ros_msgs_s.ep.rosidl_typesupport_fastrtps_c.c
-- Up-to-date symlink: /home/olee/olee_ros2_ws/src/install/cartographer_ros_msgs/local/lib/python3.10/dist-packages/cartographer_ros_msgs/_cartographer_ros_msgs_s.ep.rosidl_typesupport_introspection_c.c
-- Up-to-date symlink: /home/olee/olee_ros2_ws/src/install/cartographer_ros_msgs/local/lib/python3.10/dist-packages/cartographer_ros_msgs/cartographer_ros_msgs_s__rosidl_typesupport_c.cpython-310-x86_64-linux-gnu.so
-- Up-to-date symlink: /home/olee/olee_ros2_ws/src/install/cartographer_ros_msgs/local/lib/python3.10/dist-packages/cartographer_ros_msgs/cartographer_ros_msgs_s__rosidl_typesupport_fastrtps_c.cpython-310-x86_64-linux-gnu.so
-- Up-to-date symlink: /home/olee/olee_ros2_ws/src/install/cartographer_ros_msgs/local/lib/python3.10/dist-packages/cartographer_ros_msgs/cartographer_ros_msgs_s__rosidl_typesupport_introspection_c.cpython-310-x86_64-linux-gnu.so
-- Up-to-date symlink: /home/olee/olee_ros2_ws/src/install/cartographer_ros_msgs/local/lib/python3.10/dist-packages/cartographer_ros_msgs/libcartographer_ros_msgs__rosidl_generator_py.so
-- Up-to-date symlink: /home/olee/olee_ros2_ws/src/install/cartographer_ros_msgs/local/lib/python3.10/dist-packages/cartographer_ros_msgs/msg/__init__.py
-- Up-to-date symlink: /home/olee/olee_ros2_ws/src/install/cartographer_ros_msgs/local/lib/python3.10/dist-packages/cartographer_ros_msgs/msg/_bagfile_progress.py
-- Up-to-date symlink: /home/olee/olee_ros2_ws/src/install/cartographer_ros_msgs/local/lib/python3.10/dist-packages/cartographer_ros_msgs/msg/_bagfile_progress_s.c
-- Up-to-date symlink: /home/olee/olee_ros2_ws/src/install/cartographer_ros_msgs/local/lib/python3.10/dist-packages/cartographer_ros_msgs/msg/_histogram_bucket.py
-- Up-to-date symlink: /home/olee/olee_ros2_ws/src/install/cartographer_ros_msgs/local/lib/python3.10/dist-packages/cartographer_ros_msgs/msg/_histogram_bucket_s.c
-- Up-to-date symlink: /home/olee/olee_ros2_ws/src/install/cartographer_ros_msgs/local/lib/python3.10/dist-packages/cartographer_ros_msgs/msg/_landmark_entry.py
-- Up-to-date symlink: /home/olee/olee_ros2_ws/src/install/cartographer_ros_msgs/local/lib/python3.10/dist-packages/cartographer_ros_msgs/msg/_landmark_entry_s.c
-- Up-to-date symlink: /home/olee/olee_ros2_ws/src/install/cartographer_ros_msgs/local/lib/python3.10/dist-packages/cartographer_ros_msgs/msg/_landmark_list.py
-- Up-to-date symlink: /home/olee/olee_ros2_ws/src/install/cartographer_ros_msgs/local/lib/python3.10/dist-packages/cartographer_ros_msgs/msg/_landmark_list_s.c
-- Up-to-date symlink: /home/olee/olee_ros2_ws/src/install/cartographer_ros_msgs/local/lib/python3.10/dist-packages/cartographer_ros_msgs/msg/_metric.py
-- Up-to-date symlink: /home/olee/olee_ros2_ws/src/install/cartographer_ros_msgs/local/lib/python3.10/dist-packages/cartographer_ros_msgs/msg/_metric_family.py
-- Up-to-date symlink: /home/olee/olee_ros2_ws/src/install/cartographer_ros_msgs/local/lib/python3.10/dist-packages/cartographer_ros_msgs/msg/_metric_family_s.c
-- Up-to-date symlink: /home/olee/olee_ros2_ws/src/install/cartographer_ros_msgs/local/lib/python3.10/dist-packages/cartographer_ros_msgs/msg/_metric_label.py
-- Up-to-date symlink: /home/olee/olee_ros2_ws/src/install/cartographer_ros_msgs/local/lib/python3.10/dist-packages/cartographer_ros_msgs/msg/_metric_label_s.c
-- Up-to-date symlink: /home/olee/olee_ros2_ws/src/install/cartographer_ros_msgs/local/lib/python3.10/dist-packages/cartographer_ros_msgs/msg/_metric_s.c
-- Up-to-date symlink: /home/olee/olee_ros2_ws/src/install/cartographer_ros_msgs/local/lib/python3.10/dist-packages/cartographer_ros_msgs/msg/_status_code.py
-- Up-to-date symlink: /home/olee/olee_ros2_ws/src/install/cartographer_ros_msgs/local/lib/python3.10/dist-packages/cartographer_ros_msgs/msg/_status_code_s.c
-- Up-to-date symlink: /home/olee/olee_ros2_ws/src/install/cartographer_ros_msgs/local/lib/python3.10/dist-packages/cartographer_ros_msgs/msg/_status_response.py
-- Up-to-date symlink: /home/olee/olee_ros2_ws/src/install/cartographer_ros_msgs/local/lib/python3.10/dist-packages/cartographer_ros_msgs/msg/_status_response_s.c
-- Up-to-date symlink: /home/olee/olee_ros2_ws/src/install/cartographer_ros_msgs/local/lib/python3.10/dist-packages/cartographer_ros_msgs/msg/_submap_entry.py
-- Up-to-date symlink: /home/olee/olee_ros2_ws/src/install/cartographer_ros_msgs/local/lib/python3.10/dist-packages/cartographer_ros_msgs/msg/_submap_entry_s.c
-- Up-to-date symlink: /home/olee/olee_ros2_ws/src/install/cartographer_ros_msgs/local/lib/python3.10/dist-packages/cartographer_ros_msgs/msg/_submap_list.py
-- Up-to-date symlink: /home/olee/olee_ros2_ws/src/install/cartographer_ros_msgs/local/lib/python3.10/dist-packages/cartographer_ros_msgs/msg/_submap_list_s.c
-- Up-to-date symlink: /home/olee/olee_ros2_ws/src/install/cartographer_ros_msgs/local/lib/python3.10/dist-packages/cartographer_ros_msgs/msg/_submap_texture.py
-- Up-to-date symlink: /home/olee/olee_ros2_ws/src/install/cartographer_ros_msgs/local/lib/python3.10/dist-packages/cartographer_ros_msgs/msg/_submap_texture_s.c
-- Up-to-date symlink: /home/olee/olee_ros2_ws/src/install/cartographer_ros_msgs/local/lib/python3.10/dist-packages/cartographer_ros_msgs/msg/_trajectory_states.py
-- Up-to-date symlink: /home/olee/olee_ros2_ws/src/install/cartographer_ros_msgs/local/lib/python3.10/dist-packages/cartographer_ros_msgs/msg/_trajectory_states_s.c
-- Up-to-date symlink: /home/olee/olee_ros2_ws/src/install/cartographer_ros_msgs/local/lib/python3.10/dist-packages/cartographer_ros_msgs/srv/__init__.py
-- Up-to-date symlink: /home/olee/olee_ros2_ws/src/install/cartographer_ros_msgs/local/lib/python3.10/dist-packages/cartographer_ros_msgs/srv/_finish_trajectory.py
-- Up-to-date symlink: /home/olee/olee_ros2_ws/src/install/cartographer_ros_msgs/local/lib/python3.10/dist-packages/cartographer_ros_msgs/srv/_finish_trajectory_s.c
-- Up-to-date symlink: /home/olee/olee_ros2_ws/src/install/cartographer_ros_msgs/local/lib/python3.10/dist-packages/cartographer_ros_msgs/srv/_get_trajectory_states.py
-- Up-to-date symlink: /home/olee/olee_ros2_ws/src/install/cartographer_ros_msgs/local/lib/python3.10/dist-packages/cartographer_ros_msgs/srv/_get_trajectory_states_s.c
-- Up-to-date symlink: /home/olee/olee_ros2_ws/src/install/cartographer_ros_msgs/local/lib/python3.10/dist-packages/cartographer_ros_msgs/srv/_read_metrics.py
-- Up-to-date symlink: /home/olee/olee_ros2_ws/src/install/cartographer_ros_msgs/local/lib/python3.10/dist-packages/cartographer_ros_msgs/srv/_read_metrics_s.c
-- Up-to-date symlink: /home/olee/olee_ros2_ws/src/install/cartographer_ros_msgs/local/lib/python3.10/dist-packages/cartographer_ros_msgs/srv/_start_trajectory.py
-- Up-to-date symlink: /home/olee/olee_ros2_ws/src/install/cartographer_ros_msgs/local/lib/python3.10/dist-packages/cartographer_ros_msgs/srv/_start_trajectory_s.c
-- Up-to-date symlink: /home/olee/olee_ros2_ws/src/install/cartographer_ros_msgs/local/lib/python3.10/dist-packages/cartographer_ros_msgs/srv/_submap_query.py
-- Up-to-date symlink: /home/olee/olee_ros2_ws/src/install/cartographer_ros_msgs/local/lib/python3.10/dist-packages/cartographer_ros_msgs/srv/_submap_query_s.c
-- Up-to-date symlink: /home/olee/olee_ros2_ws/src/install/cartographer_ros_msgs/local/lib/python3.10/dist-packages/cartographer_ros_msgs/srv/_trajectory_query.py
-- Up-to-date symlink: /home/olee/olee_ros2_ws/src/install/cartographer_ros_msgs/local/lib/python3.10/dist-packages/cartographer_ros_msgs/srv/_trajectory_query_s.c
-- Up-to-date symlink: /home/olee/olee_ros2_ws/src/install/cartographer_ros_msgs/local/lib/python3.10/dist-packages/cartographer_ros_msgs/srv/_write_state.py
-- Up-to-date symlink: /home/olee/olee_ros2_ws/src/install/cartographer_ros_msgs/local/lib/python3.10/dist-packages/cartographer_ros_msgs/srv/_write_state_s.c
-- Up-to-date symlink: /home/olee/olee_ros2_ws/src/install/cartographer_ros_msgs/local/lib/python3.10/dist-packages/cartographer_ros_msgs/cartographer_ros_msgs_s__rosidl_typesupport_fastrtps_c.cpython-310-x86_64-linux-gnu.so
-- Up-to-date symlink: /home/olee/olee_ros2_ws/src/install/cartographer_ros_msgs/local/lib/python3.10/dist-packages/cartographer_ros_msgs/cartographer_ros_msgs_s__rosidl_typesupport_introspection_c.cpython-310-x86_64-linux-gnu.so
-- Up-to-date symlink: /home/olee/olee_ros2_ws/src/install/cartographer_ros_msgs/local/lib/python3.10/dist-packages/cartographer_ros_msgs/cartographer_ros_msgs_s__rosidl_typesupport_c.cpython-310-x86_64-linux-gnu.so
-- Up-to-date symlink: /home/olee/olee_ros2_ws/src/install/cartographer_ros_msgs/share/cartographer_ros_msgs/msg/BagfileProgress.idl
-- Up-to-date symlink: /home/olee/olee_ros2_ws/src/install/cartographer_ros_msgs/share/cartographer_ros_msgs/msg/HistogramBucket.idl
-- Up-to-date symlink: /home/olee/olee_ros2_ws/src/install/cartographer_ros_msgs/share/cartographer_ros_msgs/msg/LandmarkEntry.idl
-- Up-to-date symlink: /home/olee/olee_ros2_ws/src/install/cartographer_ros_msgs/share/cartographer_ros_msgs/msg/LandmarkList.idl
-- Up-to-date symlink: /home/olee/olee_ros2_ws/src/install/cartographer_ros_msgs/share/cartographer_ros_msgs/msg/MetricFamily.idl
-- Up-to-date symlink: /home/olee/olee_ros2_ws/src/install/cartographer_ros_msgs/share/cartographer_ros_msgs/msg/MetricLabel.idl
-- Up-to-date symlink: /home/olee/olee_ros2_ws/src/install/cartographer_ros_msgs/share/cartographer_ros_msgs/msg/Metric.idl
-- Up-to-date symlink: /home/olee/olee_ros2_ws/src/install/cartographer_ros_msgs/share/cartographer_ros_msgs/msg/StatusCode.idl
-- Up-to-date symlink: /home/olee/olee_ros2_ws/src/install/cartographer_ros_msgs/share/cartographer_ros_msgs/msg/StatusResponse.idl
-- Up-to-date symlink: /home/olee/olee_ros2_ws/src/install/cartographer_ros_msgs/share/cartographer_ros_msgs/msg/SubmapEntry.idl
-- Up-to-date symlink: /home/olee/olee_ros2_ws/src/install/cartographer_ros_msgs/share/cartographer_ros_msgs/msg/SubmapList.idl
-- Up-to-date symlink: /home/olee/olee_ros2_ws/src/install/cartographer_ros_msgs/share/cartographer_ros_msgs/msg/SubmapTexture.idl
-- Up-to-date symlink: /home/olee/olee_ros2_ws/src/install/cartographer_ros_msgs/share/cartographer_ros_msgs/msg/TrajectoryStates.idl
-- Up-to-date symlink: /home/olee/olee_ros2_ws/src/install/cartographer_ros_msgs/share/cartographer_ros_msgs/srv/FinishTrajectory.idl
-- Up-to-date symlink: /home/olee/olee_ros2_ws/src/install/cartographer_ros_msgs/share/cartographer_ros_msgs/srv/GetTrajectoryStates.idl
-- Up-to-date symlink: /home/olee/olee_ros2_ws/src/install/cartographer_ros_msgs/share/cartographer_ros_msgs/srv/ReadMetrics.idl
-- Up-to-date symlink: /home/olee/olee_ros2_ws/src/install/cartographer_ros_msgs/share/cartographer_ros_msgs/srv/StartTrajectory.idl
-- Up-to-date symlink: /home/olee/olee_ros2_ws/src/install/cartographer_ros_msgs/share/cartographer_ros_msgs/srv/TrajectoryQuery.idl
-- Up-to-date symlink: /home/olee/olee_ros2_ws/src/install/cartographer_ros_msgs/share/cartographer_ros_msgs/srv/SubmapQuery.idl
-- Up-to-date symlink: /home/olee/olee_ros2_ws/src/install/cartographer_ros_msgs/share/cartographer_ros_msgs/srv/WriteState.idl
-- Up-to-date symlink: /home/olee/olee_ros2_ws/src/install/cartographer_ros_msgs/share/cartographer_ros_msgs/msg/BagfileProgress.msg
-- Up-to-date symlink: /home/olee/olee_ros2_ws/src/install/cartographer_ros_msgs/share/cartographer_ros_msgs/msg/HistogramBucket.msg
-- Up-to-date symlink: /home/olee/olee_ros2_ws/src/install/cartographer_ros_msgs/share/cartographer_ros_msgs/msg/LandmarkEntry.msg
-- Up-to-date symlink: /home/olee/olee_ros2_ws/src/install/cartographer_ros_msgs/share/cartographer_ros_msgs/msg/LandmarkList.msg
-- Up-to-date symlink: /home/olee/olee_ros2_ws/src/install/cartographer_ros_msgs/share/cartographer_ros_msgs/msg/MetricFamily.msg
-- Up-to-date symlink: /home/olee/olee_ros2_ws/src/install/cartographer_ros_msgs/share/cartographer_ros_msgs/msg/MetricLabel.msg
-- Up-to-date symlink: /home/olee/olee_ros2_ws/src/install/cartographer_ros_msgs/share/cartographer_ros_msgs/msg/Metric.msg
-- Up-to-date symlink: /home/olee/olee_ros2_ws/src/install/cartographer_ros_msgs/share/cartographer_ros_msgs/msg/StatusCode.msg
-- Up-to-date symlink: /home/olee/olee_ros2_ws/src/install/cartographer_ros_msgs/share/cartographer_ros_msgs/msg/StatusResponse.msg
-- Up-to-date symlink: /home/olee/olee_ros2_ws/src/install/cartographer_ros_msgs/share/cartographer_ros_msgs/msg/SubmapEntry.msg
-- Up-to-date symlink: /home/olee/olee_ros2_ws/src/install/cartographer_ros_msgs/share/cartographer_ros_msgs/msg/SubmapList.msg
-- Up-to-date symlink: /home/olee/olee_ros2_ws/src/install/cartographer_ros_msgs/share/cartographer_ros_msgs/msg/SubmapTexture.msg
-- Up-to-date symlink: /home/olee/olee_ros2_ws/src/install/cartographer_ros_msgs/share/cartographer_ros_msgs/msg/TrajectoryStates.msg
-- Up-to-date symlink: /home/olee/olee_ros2_ws/src/install/cartographer_ros_msgs/share/cartographer_ros_msgs/srv/FinishTrajectory.srv
-- Up-to-date symlink: /home/olee/olee_ros2_ws/src/install/cartographer_ros_msgs/share/cartographer_ros_msgs/srv/FinishTrajectory_Request.msg
-- Up-to-date symlink: /home/olee/olee_ros2_ws/src/install/cartographer_ros_msgs/share/cartographer_ros_msgs/srv/FinishTrajectory_Response.msg
-- Up-to-date symlink: /home/olee/olee_ros2_ws/src/install/cartographer_ros_msgs/share/cartographer_ros_msgs/srv/GetTrajectoryStates.srv
-- Up-to-date symlink: /home/olee/olee_ros2_ws/src/install/cartographer_ros_msgs/share/cartographer_ros_msgs/srv/GetTrajectoryStates_Request.msg
-- Up-to-date symlink: /home/olee/olee_ros2_ws/src/install/cartographer_ros_msgs/share/cartographer_ros_msgs/srv/GetTrajectoryStates_Response.msg
-- Up-to-date symlink: /home/olee/olee_ros2_ws/src/install/cartographer_ros_msgs/share/cartographer_ros_msgs/srv/ReadMetrics.srv
-- Up-to-date symlink: /home/olee/olee_ros2_ws/src/install/cartographer_ros_msgs/share/cartographer_ros_msgs/srv/ReadMetrics_Request.msg
-- Up-to-date symlink: /home/olee/olee_ros2_ws/src/install/cartographer_ros_msgs/share/cartographer_ros_msgs/srv/ReadMetrics_Response.msg
-- Up-to-date symlink: /home/olee/olee_ros2_ws/src/install/cartographer_ros_msgs/share/cartographer_ros_msgs/srv/StartTrajectory.srv
-- Up-to-date symlink: /home/olee/olee_ros2_ws/src/install/cartographer_ros_msgs/share/cartographer_ros_msgs/srv/StartTrajectory_Request.msg
-- Up-to-date symlink: /home/olee/olee_ros2_ws/src/install/cartographer_ros_msgs/share/cartographer_ros_msgs/srv/StartTrajectory_Response.msg
-- Up-to-date symlink: /home/olee/olee_ros2_ws/src/install/cartographer_ros_msgs/share/cartographer_ros_msgs/srv/TrajectoryQuery.srv
-- Up-to-date symlink: /home/olee/olee_ros2_ws/src/install/cartographer_ros_msgs/share/cartographer_ros_msgs/srv/TrajectoryQuery_Request.msg
-- Up-to-date symlink: /home/olee/olee_ros2_ws/src/install/cartographer_ros_msgs/share/cartographer_ros_msgs/srv/TrajectoryQuery_Response.msg
-- Up-to-date symlink: /home/olee/olee_ros2_ws/src/install/cartographer_ros_msgs/share/cartographer_ros_msgs/srv/SubmapQuery.srv
-- Up-to-date symlink: /home/olee/olee_ros2_ws/src/install/cartographer_ros_msgs/share/cartographer_ros_msgs/srv/SubmapQuery_Request.msg
-- Up-to-date symlink: /home/olee/olee_ros2_ws/src/install/cartographer_ros_msgs/share/cartographer_ros_msgs/srv/SubmapQuery_Response.msg
-- Up-to-date symlink: /home/olee/olee_ros2_ws/src/install/cartographer_ros_msgs/share/cartographer_ros_msgs/srv/WriteState.srv
-- Up-to-date symlink: /home/olee/olee_ros2_ws/src/install/cartographer_ros_msgs/share/cartographer_ros_msgs/srv/WriteState_Request.msg
-- Up-to-date symlink: /home/olee/olee_ros2_ws/src/install/cartographer_ros_msgs/share/cartographer_ros_msgs/srv/WriteState_Response.msg
-- Up-to-date symlink: /home/olee/olee_ros2_ws/src/install/cartographer_ros_msgs/share/ament_index/resource_index/package_run_dependencies/cartographer_ros_msgs
-- Up-to-date symlink: /home/olee/olee_ros2_ws/src/install/cartographer_ros_msgs/share/ament_index/resource_index/parent_prefix_path/cartographer_ros_msgs
-- Up-to-date symlink: /home/olee/olee_ros2_ws/src/install/cartographer_ros_msgs/share/cartographer_ros_msgs/environment/ament_prefix_path.sh
-- Up-to-date symlink: /home/olee/olee_ros2_ws/src/install/cartographer_ros_msgs/share/cartographer_ros_msgs/environment/ament_prefix_path.dsv
-- Up-to-date symlink: /home/olee/olee_ros2_ws/src/install/cartographer_ros_msgs/share/cartographer_ros_msgs/environment/path.sh
-- Up-to-date symlink: /home/olee/olee_ros2_ws/src/install/cartographer_ros_msgs/share/cartographer_ros_msgs/environment/path.dsv
-- Up-to-date symlink: /home/olee/olee_ros2_ws/src/install/cartographer_ros_msgs/share/cartographer_ros_msgs/local_setup.bash
-- Up-to-date symlink: /home/olee/olee_ros2_ws/src/install/cartographer_ros_msgs/share/cartographer_ros_msgs/local_setup.sh
-- Up-to-date symlink: /home/olee/olee_ros2_ws/src/install/cartographer_ros_msgs/share/cartographer_ros_msgs/local_setup.zsh
-- Up-to-date symlink: /home/olee/olee_ros2_ws/src/install/cartographer_ros_msgs/share/cartographer_ros_msgs/local_setup.dsv
-- Symlinking: /home/olee/olee_ros2_ws/src/install/cartographer_ros_msgs/share/cartographer_ros_msgs/package.dsv
-- Up-to-date symlink: /home/olee/olee_ros2_ws/src/install/cartographer_ros_msgs/share/ament_index/resource_index/packages/cartographer_ros_msgs
-- Up-to-date symlink: /home/olee/olee_ros2_ws/src/install/cartographer_ros_msgs/share/cartographer_ros_msgs/cmake/rosidl_cmake-extras.cmake
-- Up-to-date symlink: /home/olee/olee_ros2_ws/src/install/cartographer_ros_msgs/share/cartographer_ros_msgs/cmake/ament_cmake_export_dependencies-extras.cmake
-- Up-to-date symlink: /home/olee/olee_ros2_ws/src/install/cartographer_ros_msgs/share/cartographer_ros_msgs/cmake/ament_cmake_export_include_directories-extras.cmake
-- Up-to-date symlink: /home/olee/olee_ros2_ws/src/install/cartographer_ros_msgs/share/cartographer_ros_msgs/cmake/ament_cmake_export_libraries-extras.cmake
-- Up-to-date symlink: /home/olee/olee_ros2_ws/src/install/cartographer_ros_msgs/share/cartographer_ros_msgs/cmake/ament_cmake_export_targets-extras.cmake
-- Up-to-date symlink: /home/olee/olee_ros2_ws/src/install/cartographer_ros_msgs/share/cartographer_ros_msgs/cmake/rosidl_cmake_export_typesupport_targets-extras.cmake
-- Up-to-date symlink: /home/olee/olee_ros2_ws/src/install/cartographer_ros_msgs/share/cartographer_ros_msgs/cmake/rosidl_cmake_export_typesupport_libraries-extras.cmake
-- Up-to-date symlink: /home/olee/olee_ros2_ws/src/install/cartographer_ros_msgs/share/cartographer_ros_msgs/cmake/cartographer_ros_msgsConfig.cmake
-- Up-to-date symlink: /home/olee/olee_ros2_ws/src/install/cartographer_ros_msgs/share/cartographer_ros_msgs/cmake/cartographer_ros_msgsConfig-version.cmake
-- Up-to-date symlink: /home/olee/olee_ros2_ws/src/install/cartographer_ros_msgs/share/cartographer_ros_msgs/package.xml
-- Up-to-date: /home/olee/olee_ros2_ws/src/install/cartographer_ros_msgs/lib/libcartographer_ros_msgs__rosidl_generator_c.so
-- Up-to-date: /home/olee/olee_ros2_ws/src/install/cartographer_ros_msgs/lib/libcartographer_ros_msgs__rosidl_typesupport_fastrtps_c.so
-- Up-to-date: /home/olee/olee_ros2_ws/src/install/cartographer_ros_msgs/lib/libcartographer_ros_msgs__rosidl_typesupport_introspection_c.so
-- Up-to-date: /home/olee/olee_ros2_ws/src/install/cartographer_ros_msgs/lib/libcartographer_ros_msgs__rosidl_typesupport_c.so
-- Up-to-date: /home/olee/olee_ros2_ws/src/install/cartographer_ros_msgs/lib/libcartographer_ros_msgs__rosidl_typesupport_fastrtps_cpp.so
-- Up-to-date: /home/olee/olee_ros2_ws/src/install/cartographer_ros_msgs/lib/libcartographer_ros_msgs__rosidl_typesupport_introspection_cpp.so
-- Up-to-date: /home/olee/olee_ros2_ws/src/install/cartographer_ros_msgs/lib/libcartographer_ros_msgs__rosidl_typesupport_cpp.so
Listing '/home/olee/olee_ros2_ws/src/install/cartographer_ros_msgs/local/lib/python3.10/dist-packages/cartographer_ros_msgs'...
Compiling '/home/olee/olee_ros2_ws/src/install/cartographer_ros_msgs/local/lib/python3.10/dist-packages/cartographer_ros_msgs/__init__.py'...
Listing '/home/olee/olee_ros2_ws/src/install/cartographer_ros_msgs/local/lib/python3.10/dist-packages/cartographer_ros_msgs/msg'...
Listing '/home/olee/olee_ros2_ws/src/install/cartographer_ros_msgs/local/lib/python3.10/dist-packages/cartographer_ros_msgs/srv'...
-- Up-to-date: /home/olee/olee_ros2_ws/src/install/cartographer_ros_msgs/lib/libcartographer_ros_msgs__rosidl_generator_py.so
-- Up-to-date: /home/olee/olee_ros2_ws/src/install/cartographer_ros_msgs/share/cartographer_ros_msgs/cmake/export_cartographer_ros_msgs__rosidl_generator_cExport.cmake
-- Up-to-date: /home/olee/olee_ros2_ws/src/install/cartographer_ros_msgs/share/cartographer_ros_msgs/cmake/export_cartographer_ros_msgs__rosidl_generator_cExport-noconfig.cmake
-- Up-to-date: /home/olee/olee_ros2_ws/src/install/cartographer_ros_msgs/share/cartographer_ros_msgs/cmake/export_cartographer_ros_msgs__rosidl_typesupport_fastrtps_cExport.cmake
-- Up-to-date: /home/olee/olee_ros2_ws/src/install/cartographer_ros_msgs/share/cartographer_ros_msgs/cmake/export_cartographer_ros_msgs__rosidl_typesupport_fastrtps_cExport-noconfig.cmake
-- Up-to-date: /home/olee/olee_ros2_ws/src/install/cartographer_ros_msgs/share/cartographer_ros_msgs/cmake/cartographer_ros_msgs__rosidl_typesupport_introspection_cExport.cmake
-- Up-to-date: /home/olee/olee_ros2_ws/src/install/cartographer_ros_msgs/share/cartographer_ros_msgs/cmake/cartographer_ros_msgs__rosidl_typesupport_introspection_cExport-noconfig.cmake
-- Up-to-date: /home/olee/olee_ros2_ws/src/install/cartographer_ros_msgs/share/cartographer_ros_msgs/cmake/cartographer_ros_msgs__rosidl_typesupport_cExport.cmake
-- Up-to-date: /home/olee/olee_ros2_ws/src/install/cartographer_ros_msgs/share/cartographer_ros_msgs/cmake/cartographer_ros_msgs__rosidl_typesupport_cExport-noconfig.cmake
-- Up-to-date: /home/olee/olee_ros2_ws/src/install/cartographer_ros_msgs/share/cartographer_ros_msgs/cmake/export_cartographer_ros_msgs__rosidl_generator_cppExport.cmake
-- Up-to-date: /home/olee/olee_ros2_ws/src/install/cartographer_ros_msgs/share/cartographer_ros_msgs/cmake/export_cartographer_ros_msgs__rosidl_typesupport_fastrtps_cppExport.cmake
-- Up-to-date: /home/olee/olee_ros2_ws/src/install/cartographer_ros_msgs/share/cartographer_ros_msgs/cmake/export_cartographer_ros_msgs__rosidl_typesupport_fastrtps_cppExport-noconfig.cmake
-- Up-to-date: /home/olee/olee_ros2_ws/src/install/cartographer_ros_msgs/share/cartographer_ros_msgs/cmake/cartographer_ros_msgs__rosidl_typesupport_introspection_cppExport.cmake
-- Up-to-date: /home/olee/olee_ros2_ws/src/install/cartographer_ros_msgs/share/cartographer_ros_msgs/cmake/cartographer_ros_msgs__rosidl_typesupport_introspection_cppExport-noconfig.cmake
-- Up-to-date: /home/olee/olee_ros2_ws/src/install/cartographer_ros_msgs/share/cartographer_ros_msgs/cmake/cartographer_ros_msgs__rosidl_typesupport_cppExport.cmake
-- Up-to-date: /home/olee/olee_ros2_ws/src/install/cartographer_ros_msgs/share/cartographer_ros_msgs/cmake/cartographer_ros_msgs__rosidl_typesupport_cppExport-noconfig.cmake
-- Up-to-date: /home/olee/olee_ros2_ws/src/install/cartographer_ros_msgs/share/cartographer_ros_msgs/cmake/export_cartographer_ros_msgs__rosidl_generator_pyExport.cmake
-- Up-to-date: /home/olee/olee_ros2_ws/src/install/cartographer_ros_msgs/share/cartographer_ros_msgs/cmake/export_cartographer_ros_msgs__rosidl_generator_pyExport-noconfig.cmake
