[0.023s] Invoking command in '/home/olee/olee_ros2_ws/src/build/cartographer_ros_msgs': CMAKE_PREFIX_PATH=${CMAKE_PREFIX_PATH}:/home/olee/olee_ros2_ws/install/master_olee_controller:/opt/ros/humble /usr/bin/cmake /home/olee/olee_ros2_ws/src/cartographer_ros-ros2/cartographer_ros_msgs -DCMAKE_INSTALL_PREFIX=/home/olee/olee_ros2_ws/src/install/cartographer_ros_msgs
[0.197s] -- Found ament_cmake: 1.3.12 (/opt/ros/humble/share/ament_cmake/cmake)
[0.198s] -- Override CMake install command with custom implementation using symlinks instead of copying resources
[0.198s] -- Found rosidl_default_generators: 1.2.0 (/opt/ros/humble/share/rosidl_default_generators/cmake)
[0.198s] -- Using all available rosidl_typesupport_c: rosidl_typesupport_fastrtps_c;rosidl_typesupport_introspection_c
[0.198s] -- Found rosidl_adapter: 3.1.7 (/opt/ros/humble/share/rosidl_adapter/cmake)
[0.198s] -- Using all available rosidl_typesupport_cpp: rosidl_typesupport_fastrtps_cpp;rosidl_typesupport_introspection_cpp
[0.198s] -- Found builtin_interfaces: 1.2.2 (/opt/ros/humble/share/builtin_interfaces/cmake)
[0.198s] -- Found geometry_msgs: 4.9.0 (/opt/ros/humble/share/geometry_msgs/cmake)
[0.681s] -- Found ament_cmake_cppcheck: 0.12.14 (/opt/ros/humble/share/ament_cmake_cppcheck/cmake)
[0.681s] -- Found ament_cmake_cpplint: 0.12.14 (/opt/ros/humble/share/ament_cmake_cpplint/cmake)
[0.682s] -- Found ament_cmake_uncrustify: 0.12.14 (/opt/ros/humble/share/ament_cmake_uncrustify/cmake)
[0.684s] -- Found ament_cmake_ros: 0.10.0 (/opt/ros/humble/share/ament_cmake_ros/cmake)
[0.967s] -- Using all available rosidl_typesupport_c: rosidl_typesupport_fastrtps_c;rosidl_typesupport_introspection_c
[1.251s] -- Using all available rosidl_typesupport_cpp: rosidl_typesupport_fastrtps_cpp;rosidl_typesupport_introspection_cpp
[1.277s] -- Found python_cmake_module: 0.10.0 (/opt/ros/humble/share/python_cmake_module/cmake)
[1.300s] -- Using PYTHON_EXECUTABLE: /usr/bin/python3
[1.300s] -- Using PYTHON_INCLUDE_DIRS: /usr/include/python3.10
[1.300s] -- Using PYTHON_LIBRARIES: /usr/lib/x86_64-linux-gnu/libpython3.10.so
[1.344s] -- Found ament_cmake_flake8: 0.12.14 (/opt/ros/humble/share/ament_cmake_flake8/cmake)
[1.345s] -- Found ament_cmake_pep257: 0.12.14 (/opt/ros/humble/share/ament_cmake_pep257/cmake)
[1.358s] -- Configuring done
[1.427s] -- Generating done
[1.441s] -- Build files have been written to: /home/olee/olee_ros2_ws/src/build/cartographer_ros_msgs
[1.449s] Invoked command in '/home/olee/olee_ros2_ws/src/build/cartographer_ros_msgs' returned '0': CMAKE_PREFIX_PATH=${CMAKE_PREFIX_PATH}:/home/olee/olee_ros2_ws/install/master_olee_controller:/opt/ros/humble /usr/bin/cmake /home/olee/olee_ros2_ws/src/cartographer_ros-ros2/cartographer_ros_msgs -DCMAKE_INSTALL_PREFIX=/home/olee/olee_ros2_ws/src/install/cartographer_ros_msgs
[1.449s] Invoking command in '/home/olee/olee_ros2_ws/src/build/cartographer_ros_msgs': CMAKE_PREFIX_PATH=${CMAKE_PREFIX_PATH}:/home/olee/olee_ros2_ws/install/master_olee_controller:/opt/ros/humble /usr/bin/cmake --build /home/olee/olee_ros2_ws/src/build/cartographer_ros_msgs -- -j12 -l12
[1.490s] [35m[1mConsolidate compiler generated dependencies of target cartographer_ros_msgs__rosidl_generator_c[0m
[1.499s] [  0%] Built target cartographer_ros_msgs__cpp
[1.503s] [  0%] Built target ament_cmake_python_symlink_cartographer_ros_msgs
[1.505s] [ 12%] Built target cartographer_ros_msgs__rosidl_generator_c
[1.513s] [35m[1mConsolidate compiler generated dependencies of target cartographer_ros_msgs__rosidl_typesupport_cpp[0m
[1.514s] [35m[1mConsolidate compiler generated dependencies of target cartographer_ros_msgs__rosidl_typesupport_introspection_cpp[0m
[1.514s] [35m[1mConsolidate compiler generated dependencies of target cartographer_ros_msgs__rosidl_typesupport_fastrtps_cpp[0m
[1.517s] [35m[1mConsolidate compiler generated dependencies of target cartographer_ros_msgs__rosidl_typesupport_c[0m
[1.517s] [35m[1mConsolidate compiler generated dependencies of target cartographer_ros_msgs__rosidl_typesupport_introspection_c[0m
[1.520s] [35m[1mConsolidate compiler generated dependencies of target cartographer_ros_msgs__rosidl_typesupport_fastrtps_c[0m
[1.529s] [ 24%] Built target cartographer_ros_msgs__rosidl_typesupport_c
[1.534s] [ 36%] Built target cartographer_ros_msgs__rosidl_typesupport_introspection_c
[1.535s] [ 48%] Built target cartographer_ros_msgs__rosidl_typesupport_cpp
[1.537s] [ 61%] Built target cartographer_ros_msgs__rosidl_typesupport_introspection_cpp
[1.544s] [ 73%] Built target cartographer_ros_msgs__rosidl_typesupport_fastrtps_cpp
[1.547s] [ 85%] Built target cartographer_ros_msgs__rosidl_typesupport_fastrtps_c
[1.565s] [ 85%] Built target cartographer_ros_msgs
[1.584s] [ 86%] Built target cartographer_ros_msgs__py
[1.597s] [35m[1mConsolidate compiler generated dependencies of target cartographer_ros_msgs__rosidl_generator_py[0m
[1.623s] [ 97%] Built target cartographer_ros_msgs__rosidl_generator_py
[1.633s] [35m[1mConsolidate compiler generated dependencies of target cartographer_ros_msgs__rosidl_typesupport_introspection_c__pyext[0m
[1.633s] [35m[1mConsolidate compiler generated dependencies of target cartographer_ros_msgs__rosidl_typesupport_fastrtps_c__pyext[0m
[1.633s] [35m[1mConsolidate compiler generated dependencies of target cartographer_ros_msgs__rosidl_typesupport_c__pyext[0m
[1.638s] running egg_info
[1.647s] [100%] Built target cartographer_ros_msgs__rosidl_typesupport_introspection_c__pyext
[1.647s] [100%] Built target cartographer_ros_msgs__rosidl_typesupport_fastrtps_c__pyext
[1.647s] [100%] Built target cartographer_ros_msgs__rosidl_typesupport_c__pyext
[1.647s] writing cartographer_ros_msgs.egg-info/PKG-INFO
[1.647s] writing dependency_links to cartographer_ros_msgs.egg-info/dependency_links.txt
[1.647s] writing top-level names to cartographer_ros_msgs.egg-info/top_level.txt
[1.674s] reading manifest file 'cartographer_ros_msgs.egg-info/SOURCES.txt'
[1.676s] writing manifest file 'cartographer_ros_msgs.egg-info/SOURCES.txt'
[1.697s] [100%] Built target ament_cmake_python_build_cartographer_ros_msgs_egg
[1.708s] Invoked command in '/home/olee/olee_ros2_ws/src/build/cartographer_ros_msgs' returned '0': CMAKE_PREFIX_PATH=${CMAKE_PREFIX_PATH}:/home/olee/olee_ros2_ws/install/master_olee_controller:/opt/ros/humble /usr/bin/cmake --build /home/olee/olee_ros2_ws/src/build/cartographer_ros_msgs -- -j12 -l12
[1.709s] Invoking command in '/home/olee/olee_ros2_ws/src/build/cartographer_ros_msgs': CMAKE_PREFIX_PATH=${CMAKE_PREFIX_PATH}:/home/olee/olee_ros2_ws/install/master_olee_controller:/opt/ros/humble /usr/bin/cmake --install /home/olee/olee_ros2_ws/src/build/cartographer_ros_msgs
[1.716s] -- Install configuration: ""
[1.717s] -- Execute custom install script
[1.717s] -- Up-to-date symlink: /home/olee/olee_ros2_ws/src/install/cartographer_ros_msgs/share/ament_index/resource_index/rosidl_interfaces/cartographer_ros_msgs
[1.719s] -- Up-to-date symlink: /home/olee/olee_ros2_ws/src/install/cartographer_ros_msgs/include/cartographer_ros_msgs/cartographer_ros_msgs/msg/bagfile_progress.h
[1.719s] -- Up-to-date symlink: /home/olee/olee_ros2_ws/src/install/cartographer_ros_msgs/include/cartographer_ros_msgs/cartographer_ros_msgs/msg/detail/bagfile_progress__functions.h
[1.719s] -- Up-to-date symlink: /home/olee/olee_ros2_ws/src/install/cartographer_ros_msgs/include/cartographer_ros_msgs/cartographer_ros_msgs/msg/detail/bagfile_progress__struct.h
[1.719s] -- Up-to-date symlink: /home/olee/olee_ros2_ws/src/install/cartographer_ros_msgs/include/cartographer_ros_msgs/cartographer_ros_msgs/msg/detail/bagfile_progress__type_support.h
[1.719s] -- Up-to-date symlink: /home/olee/olee_ros2_ws/src/install/cartographer_ros_msgs/include/cartographer_ros_msgs/cartographer_ros_msgs/msg/detail/histogram_bucket__functions.h
[1.720s] -- Up-to-date symlink: /home/olee/olee_ros2_ws/src/install/cartographer_ros_msgs/include/cartographer_ros_msgs/cartographer_ros_msgs/msg/detail/histogram_bucket__struct.h
[1.720s] -- Up-to-date symlink: /home/olee/olee_ros2_ws/src/install/cartographer_ros_msgs/include/cartographer_ros_msgs/cartographer_ros_msgs/msg/detail/histogram_bucket__type_support.h
[1.720s] -- Up-to-date symlink: /home/olee/olee_ros2_ws/src/install/cartographer_ros_msgs/include/cartographer_ros_msgs/cartographer_ros_msgs/msg/detail/landmark_entry__functions.h
[1.720s] -- Up-to-date symlink: /home/olee/olee_ros2_ws/src/install/cartographer_ros_msgs/include/cartographer_ros_msgs/cartographer_ros_msgs/msg/detail/landmark_entry__struct.h
[1.720s] -- Up-to-date symlink: /home/olee/olee_ros2_ws/src/install/cartographer_ros_msgs/include/cartographer_ros_msgs/cartographer_ros_msgs/msg/detail/landmark_entry__type_support.h
[1.720s] -- Up-to-date symlink: /home/olee/olee_ros2_ws/src/install/cartographer_ros_msgs/include/cartographer_ros_msgs/cartographer_ros_msgs/msg/detail/landmark_list__functions.h
[1.720s] -- Up-to-date symlink: /home/olee/olee_ros2_ws/src/install/cartographer_ros_msgs/include/cartographer_ros_msgs/cartographer_ros_msgs/msg/detail/landmark_list__struct.h
[1.720s] -- Up-to-date symlink: /home/olee/olee_ros2_ws/src/install/cartographer_ros_msgs/include/cartographer_ros_msgs/cartographer_ros_msgs/msg/detail/landmark_list__type_support.h
[1.720s] -- Up-to-date symlink: /home/olee/olee_ros2_ws/src/install/cartographer_ros_msgs/include/cartographer_ros_msgs/cartographer_ros_msgs/msg/detail/metric__functions.h
[1.720s] -- Up-to-date symlink: /home/olee/olee_ros2_ws/src/install/cartographer_ros_msgs/include/cartographer_ros_msgs/cartographer_ros_msgs/msg/detail/metric__struct.h
[1.720s] -- Up-to-date symlink: /home/olee/olee_ros2_ws/src/install/cartographer_ros_msgs/include/cartographer_ros_msgs/cartographer_ros_msgs/msg/detail/metric__type_support.h
[1.720s] -- Up-to-date symlink: /home/olee/olee_ros2_ws/src/install/cartographer_ros_msgs/include/cartographer_ros_msgs/cartographer_ros_msgs/msg/detail/metric_family__functions.h
[1.721s] -- Up-to-date symlink: /home/olee/olee_ros2_ws/src/install/cartographer_ros_msgs/include/cartographer_ros_msgs/cartographer_ros_msgs/msg/detail/metric_family__struct.h
[1.721s] -- Up-to-date symlink: /home/olee/olee_ros2_ws/src/install/cartographer_ros_msgs/include/cartographer_ros_msgs/cartographer_ros_msgs/msg/detail/metric_family__type_support.h
[1.721s] -- Up-to-date symlink: /home/olee/olee_ros2_ws/src/install/cartographer_ros_msgs/include/cartographer_ros_msgs/cartographer_ros_msgs/msg/detail/metric_label__functions.h
[1.721s] -- Up-to-date symlink: /home/olee/olee_ros2_ws/src/install/cartographer_ros_msgs/include/cartographer_ros_msgs/cartographer_ros_msgs/msg/detail/metric_label__struct.h
[1.721s] -- Up-to-date symlink: /home/olee/olee_ros2_ws/src/install/cartographer_ros_msgs/include/cartographer_ros_msgs/cartographer_ros_msgs/msg/detail/metric_label__type_support.h
[1.721s] -- Up-to-date symlink: /home/olee/olee_ros2_ws/src/install/cartographer_ros_msgs/include/cartographer_ros_msgs/cartographer_ros_msgs/msg/detail/status_code__functions.h
[1.721s] -- Up-to-date symlink: /home/olee/olee_ros2_ws/src/install/cartographer_ros_msgs/include/cartographer_ros_msgs/cartographer_ros_msgs/msg/detail/status_code__struct.h
[1.721s] -- Up-to-date symlink: /home/olee/olee_ros2_ws/src/install/cartographer_ros_msgs/include/cartographer_ros_msgs/cartographer_ros_msgs/msg/detail/status_code__type_support.h
[1.721s] -- Up-to-date symlink: /home/olee/olee_ros2_ws/src/install/cartographer_ros_msgs/include/cartographer_ros_msgs/cartographer_ros_msgs/msg/detail/status_response__functions.h
[1.721s] -- Up-to-date symlink: /home/olee/olee_ros2_ws/src/install/cartographer_ros_msgs/include/cartographer_ros_msgs/cartographer_ros_msgs/msg/detail/status_response__struct.h
[1.722s] -- Up-to-date symlink: /home/olee/olee_ros2_ws/src/install/cartographer_ros_msgs/include/cartographer_ros_msgs/cartographer_ros_msgs/msg/detail/status_response__type_support.h
[1.722s] -- Up-to-date symlink: /home/olee/olee_ros2_ws/src/install/cartographer_ros_msgs/include/cartographer_ros_msgs/cartographer_ros_msgs/msg/detail/submap_entry__functions.h
[1.722s] -- Up-to-date symlink: /home/olee/olee_ros2_ws/src/install/cartographer_ros_msgs/include/cartographer_ros_msgs/cartographer_ros_msgs/msg/detail/submap_entry__struct.h
[1.722s] -- Up-to-date symlink: /home/olee/olee_ros2_ws/src/install/cartographer_ros_msgs/include/cartographer_ros_msgs/cartographer_ros_msgs/msg/detail/submap_entry__type_support.h
[1.722s] -- Up-to-date symlink: /home/olee/olee_ros2_ws/src/install/cartographer_ros_msgs/include/cartographer_ros_msgs/cartographer_ros_msgs/msg/detail/submap_list__functions.h
[1.722s] -- Up-to-date symlink: /home/olee/olee_ros2_ws/src/install/cartographer_ros_msgs/include/cartographer_ros_msgs/cartographer_ros_msgs/msg/detail/submap_list__struct.h
[1.722s] -- Up-to-date symlink: /home/olee/olee_ros2_ws/src/install/cartographer_ros_msgs/include/cartographer_ros_msgs/cartographer_ros_msgs/msg/detail/submap_list__type_support.h
[1.722s] -- Up-to-date symlink: /home/olee/olee_ros2_ws/src/install/cartographer_ros_msgs/include/cartographer_ros_msgs/cartographer_ros_msgs/msg/detail/submap_texture__functions.h
[1.722s] -- Up-to-date symlink: /home/olee/olee_ros2_ws/src/install/cartographer_ros_msgs/include/cartographer_ros_msgs/cartographer_ros_msgs/msg/detail/submap_texture__struct.h
[1.722s] -- Up-to-date symlink: /home/olee/olee_ros2_ws/src/install/cartographer_ros_msgs/include/cartographer_ros_msgs/cartographer_ros_msgs/msg/detail/submap_texture__type_support.h
[1.722s] -- Up-to-date symlink: /home/olee/olee_ros2_ws/src/install/cartographer_ros_msgs/include/cartographer_ros_msgs/cartographer_ros_msgs/msg/detail/trajectory_states__functions.h
[1.723s] -- Up-to-date symlink: /home/olee/olee_ros2_ws/src/install/cartographer_ros_msgs/include/cartographer_ros_msgs/cartographer_ros_msgs/msg/detail/trajectory_states__struct.h
[1.723s] -- Up-to-date symlink: /home/olee/olee_ros2_ws/src/install/cartographer_ros_msgs/include/cartographer_ros_msgs/cartographer_ros_msgs/msg/detail/trajectory_states__type_support.h
[1.723s] -- Up-to-date symlink: /home/olee/olee_ros2_ws/src/install/cartographer_ros_msgs/include/cartographer_ros_msgs/cartographer_ros_msgs/msg/histogram_bucket.h
[1.723s] -- Up-to-date symlink: /home/olee/olee_ros2_ws/src/install/cartographer_ros_msgs/include/cartographer_ros_msgs/cartographer_ros_msgs/msg/landmark_entry.h
[1.723s] -- Up-to-date symlink: /home/olee/olee_ros2_ws/src/install/cartographer_ros_msgs/include/cartographer_ros_msgs/cartographer_ros_msgs/msg/landmark_list.h
[1.723s] -- Up-to-date symlink: /home/olee/olee_ros2_ws/src/install/cartographer_ros_msgs/include/cartographer_ros_msgs/cartographer_ros_msgs/msg/metric.h
[1.723s] -- Up-to-date symlink: /home/olee/olee_ros2_ws/src/install/cartographer_ros_msgs/include/cartographer_ros_msgs/cartographer_ros_msgs/msg/metric_family.h
[1.723s] -- Up-to-date symlink: /home/olee/olee_ros2_ws/src/install/cartographer_ros_msgs/include/cartographer_ros_msgs/cartographer_ros_msgs/msg/metric_label.h
[1.723s] -- Up-to-date symlink: /home/olee/olee_ros2_ws/src/install/cartographer_ros_msgs/include/cartographer_ros_msgs/cartographer_ros_msgs/msg/rosidl_generator_c__visibility_control.h
[1.723s] -- Up-to-date symlink: /home/olee/olee_ros2_ws/src/install/cartographer_ros_msgs/include/cartographer_ros_msgs/cartographer_ros_msgs/msg/status_code.h
[1.723s] -- Up-to-date symlink: /home/olee/olee_ros2_ws/src/install/cartographer_ros_msgs/include/cartographer_ros_msgs/cartographer_ros_msgs/msg/status_response.h
[1.724s] -- Up-to-date symlink: /home/olee/olee_ros2_ws/src/install/cartographer_ros_msgs/include/cartographer_ros_msgs/cartographer_ros_msgs/msg/submap_entry.h
[1.724s] -- Up-to-date symlink: /home/olee/olee_ros2_ws/src/install/cartographer_ros_msgs/include/cartographer_ros_msgs/cartographer_ros_msgs/msg/submap_list.h
[1.724s] -- Up-to-date symlink: /home/olee/olee_ros2_ws/src/install/cartographer_ros_msgs/include/cartographer_ros_msgs/cartographer_ros_msgs/msg/submap_texture.h
[1.724s] -- Up-to-date symlink: /home/olee/olee_ros2_ws/src/install/cartographer_ros_msgs/include/cartographer_ros_msgs/cartographer_ros_msgs/msg/trajectory_states.h
[1.724s] -- Up-to-date symlink: /home/olee/olee_ros2_ws/src/install/cartographer_ros_msgs/include/cartographer_ros_msgs/cartographer_ros_msgs/srv/detail/finish_trajectory__functions.h
[1.724s] -- Up-to-date symlink: /home/olee/olee_ros2_ws/src/install/cartographer_ros_msgs/include/cartographer_ros_msgs/cartographer_ros_msgs/srv/detail/finish_trajectory__struct.h
[1.724s] -- Up-to-date symlink: /home/olee/olee_ros2_ws/src/install/cartographer_ros_msgs/include/cartographer_ros_msgs/cartographer_ros_msgs/srv/detail/finish_trajectory__type_support.h
[1.724s] -- Up-to-date symlink: /home/olee/olee_ros2_ws/src/install/cartographer_ros_msgs/include/cartographer_ros_msgs/cartographer_ros_msgs/srv/detail/get_trajectory_states__functions.h
[1.724s] -- Up-to-date symlink: /home/olee/olee_ros2_ws/src/install/cartographer_ros_msgs/include/cartographer_ros_msgs/cartographer_ros_msgs/srv/detail/get_trajectory_states__struct.h
[1.724s] -- Up-to-date symlink: /home/olee/olee_ros2_ws/src/install/cartographer_ros_msgs/include/cartographer_ros_msgs/cartographer_ros_msgs/srv/detail/get_trajectory_states__type_support.h
[1.724s] -- Up-to-date symlink: /home/olee/olee_ros2_ws/src/install/cartographer_ros_msgs/include/cartographer_ros_msgs/cartographer_ros_msgs/srv/detail/read_metrics__functions.h
[1.725s] -- Up-to-date symlink: /home/olee/olee_ros2_ws/src/install/cartographer_ros_msgs/include/cartographer_ros_msgs/cartographer_ros_msgs/srv/detail/read_metrics__struct.h
[1.725s] -- Up-to-date symlink: /home/olee/olee_ros2_ws/src/install/cartographer_ros_msgs/include/cartographer_ros_msgs/cartographer_ros_msgs/srv/detail/read_metrics__type_support.h
[1.725s] -- Up-to-date symlink: /home/olee/olee_ros2_ws/src/install/cartographer_ros_msgs/include/cartographer_ros_msgs/cartographer_ros_msgs/srv/detail/start_trajectory__functions.h
[1.725s] -- Up-to-date symlink: /home/olee/olee_ros2_ws/src/install/cartographer_ros_msgs/include/cartographer_ros_msgs/cartographer_ros_msgs/srv/detail/start_trajectory__struct.h
[1.725s] -- Up-to-date symlink: /home/olee/olee_ros2_ws/src/install/cartographer_ros_msgs/include/cartographer_ros_msgs/cartographer_ros_msgs/srv/detail/start_trajectory__type_support.h
[1.725s] -- Up-to-date symlink: /home/olee/olee_ros2_ws/src/install/cartographer_ros_msgs/include/cartographer_ros_msgs/cartographer_ros_msgs/srv/detail/submap_query__functions.h
[1.725s] -- Up-to-date symlink: /home/olee/olee_ros2_ws/src/install/cartographer_ros_msgs/include/cartographer_ros_msgs/cartographer_ros_msgs/srv/detail/submap_query__struct.h
[1.725s] -- Up-to-date symlink: /home/olee/olee_ros2_ws/src/install/cartographer_ros_msgs/include/cartographer_ros_msgs/cartographer_ros_msgs/srv/detail/submap_query__type_support.h
[1.725s] -- Up-to-date symlink: /home/olee/olee_ros2_ws/src/install/cartographer_ros_msgs/include/cartographer_ros_msgs/cartographer_ros_msgs/srv/detail/trajectory_query__functions.h
[1.725s] -- Up-to-date symlink: /home/olee/olee_ros2_ws/src/install/cartographer_ros_msgs/include/cartographer_ros_msgs/cartographer_ros_msgs/srv/detail/trajectory_query__struct.h
[1.726s] -- Up-to-date symlink: /home/olee/olee_ros2_ws/src/install/cartographer_ros_msgs/include/cartographer_ros_msgs/cartographer_ros_msgs/srv/detail/trajectory_query__type_support.h
[1.726s] -- Up-to-date symlink: /home/olee/olee_ros2_ws/src/install/cartographer_ros_msgs/include/cartographer_ros_msgs/cartographer_ros_msgs/srv/detail/write_state__functions.h
[1.726s] -- Up-to-date symlink: /home/olee/olee_ros2_ws/src/install/cartographer_ros_msgs/include/cartographer_ros_msgs/cartographer_ros_msgs/srv/detail/write_state__struct.h
[1.726s] -- Up-to-date symlink: /home/olee/olee_ros2_ws/src/install/cartographer_ros_msgs/include/cartographer_ros_msgs/cartographer_ros_msgs/srv/detail/write_state__type_support.h
[1.726s] -- Up-to-date symlink: /home/olee/olee_ros2_ws/src/install/cartographer_ros_msgs/include/cartographer_ros_msgs/cartographer_ros_msgs/srv/finish_trajectory.h
[1.726s] -- Up-to-date symlink: /home/olee/olee_ros2_ws/src/install/cartographer_ros_msgs/include/cartographer_ros_msgs/cartographer_ros_msgs/srv/get_trajectory_states.h
[1.726s] -- Up-to-date symlink: /home/olee/olee_ros2_ws/src/install/cartographer_ros_msgs/include/cartographer_ros_msgs/cartographer_ros_msgs/srv/read_metrics.h
[1.726s] -- Up-to-date symlink: /home/olee/olee_ros2_ws/src/install/cartographer_ros_msgs/include/cartographer_ros_msgs/cartographer_ros_msgs/srv/start_trajectory.h
[1.726s] -- Up-to-date symlink: /home/olee/olee_ros2_ws/src/install/cartographer_ros_msgs/include/cartographer_ros_msgs/cartographer_ros_msgs/srv/submap_query.h
[1.726s] -- Up-to-date symlink: /home/olee/olee_ros2_ws/src/install/cartographer_ros_msgs/include/cartographer_ros_msgs/cartographer_ros_msgs/srv/trajectory_query.h
[1.726s] -- Up-to-date symlink: /home/olee/olee_ros2_ws/src/install/cartographer_ros_msgs/include/cartographer_ros_msgs/cartographer_ros_msgs/srv/write_state.h
[1.727s] -- Up-to-date symlink: /home/olee/olee_ros2_ws/src/install/cartographer_ros_msgs/share/cartographer_ros_msgs/environment/library_path.sh
[1.727s] -- Up-to-date symlink: /home/olee/olee_ros2_ws/src/install/cartographer_ros_msgs/share/cartographer_ros_msgs/environment/library_path.dsv
[1.728s] -- Up-to-date symlink: /home/olee/olee_ros2_ws/src/install/cartographer_ros_msgs/include/cartographer_ros_msgs/cartographer_ros_msgs/msg/detail/bagfile_progress__rosidl_typesupport_fastrtps_c.h
[1.728s] -- Up-to-date symlink: /home/olee/olee_ros2_ws/src/install/cartographer_ros_msgs/include/cartographer_ros_msgs/cartographer_ros_msgs/msg/detail/histogram_bucket__rosidl_typesupport_fastrtps_c.h
[1.728s] -- Up-to-date symlink: /home/olee/olee_ros2_ws/src/install/cartographer_ros_msgs/include/cartographer_ros_msgs/cartographer_ros_msgs/msg/detail/landmark_entry__rosidl_typesupport_fastrtps_c.h
[1.728s] -- Up-to-date symlink: /home/olee/olee_ros2_ws/src/install/cartographer_ros_msgs/include/cartographer_ros_msgs/cartographer_ros_msgs/msg/detail/landmark_list__rosidl_typesupport_fastrtps_c.h
[1.728s] -- Up-to-date symlink: /home/olee/olee_ros2_ws/src/install/cartographer_ros_msgs/include/cartographer_ros_msgs/cartographer_ros_msgs/msg/detail/metric__rosidl_typesupport_fastrtps_c.h
[1.728s] -- Up-to-date symlink: /home/olee/olee_ros2_ws/src/install/cartographer_ros_msgs/include/cartographer_ros_msgs/cartographer_ros_msgs/msg/detail/metric_family__rosidl_typesupport_fastrtps_c.h
[1.728s] -- Up-to-date symlink: /home/olee/olee_ros2_ws/src/install/cartographer_ros_msgs/include/cartographer_ros_msgs/cartographer_ros_msgs/msg/detail/metric_label__rosidl_typesupport_fastrtps_c.h
[1.729s] -- Up-to-date symlink: /home/olee/olee_ros2_ws/src/install/cartographer_ros_msgs/include/cartographer_ros_msgs/cartographer_ros_msgs/msg/detail/status_code__rosidl_typesupport_fastrtps_c.h
[1.729s] -- Up-to-date symlink: /home/olee/olee_ros2_ws/src/install/cartographer_ros_msgs/include/cartographer_ros_msgs/cartographer_ros_msgs/msg/detail/status_response__rosidl_typesupport_fastrtps_c.h
[1.729s] -- Up-to-date symlink: /home/olee/olee_ros2_ws/src/install/cartographer_ros_msgs/include/cartographer_ros_msgs/cartographer_ros_msgs/msg/detail/submap_entry__rosidl_typesupport_fastrtps_c.h
[1.729s] -- Up-to-date symlink: /home/olee/olee_ros2_ws/src/install/cartographer_ros_msgs/include/cartographer_ros_msgs/cartographer_ros_msgs/msg/detail/submap_list__rosidl_typesupport_fastrtps_c.h
[1.729s] -- Up-to-date symlink: /home/olee/olee_ros2_ws/src/install/cartographer_ros_msgs/include/cartographer_ros_msgs/cartographer_ros_msgs/msg/detail/submap_texture__rosidl_typesupport_fastrtps_c.h
[1.729s] -- Up-to-date symlink: /home/olee/olee_ros2_ws/src/install/cartographer_ros_msgs/include/cartographer_ros_msgs/cartographer_ros_msgs/msg/detail/trajectory_states__rosidl_typesupport_fastrtps_c.h
[1.729s] -- Up-to-date symlink: /home/olee/olee_ros2_ws/src/install/cartographer_ros_msgs/include/cartographer_ros_msgs/cartographer_ros_msgs/msg/rosidl_typesupport_fastrtps_c__visibility_control.h
[1.729s] -- Up-to-date symlink: /home/olee/olee_ros2_ws/src/install/cartographer_ros_msgs/include/cartographer_ros_msgs/cartographer_ros_msgs/srv/detail/finish_trajectory__rosidl_typesupport_fastrtps_c.h
[1.729s] -- Up-to-date symlink: /home/olee/olee_ros2_ws/src/install/cartographer_ros_msgs/include/cartographer_ros_msgs/cartographer_ros_msgs/srv/detail/get_trajectory_states__rosidl_typesupport_fastrtps_c.h
[1.729s] -- Up-to-date symlink: /home/olee/olee_ros2_ws/src/install/cartographer_ros_msgs/include/cartographer_ros_msgs/cartographer_ros_msgs/srv/detail/read_metrics__rosidl_typesupport_fastrtps_c.h
[1.730s] -- Up-to-date symlink: /home/olee/olee_ros2_ws/src/install/cartographer_ros_msgs/include/cartographer_ros_msgs/cartographer_ros_msgs/srv/detail/start_trajectory__rosidl_typesupport_fastrtps_c.h
[1.730s] -- Up-to-date symlink: /home/olee/olee_ros2_ws/src/install/cartographer_ros_msgs/include/cartographer_ros_msgs/cartographer_ros_msgs/srv/detail/submap_query__rosidl_typesupport_fastrtps_c.h
[1.730s] -- Up-to-date symlink: /home/olee/olee_ros2_ws/src/install/cartographer_ros_msgs/include/cartographer_ros_msgs/cartographer_ros_msgs/srv/detail/trajectory_query__rosidl_typesupport_fastrtps_c.h
[1.730s] -- Up-to-date symlink: /home/olee/olee_ros2_ws/src/install/cartographer_ros_msgs/include/cartographer_ros_msgs/cartographer_ros_msgs/srv/detail/write_state__rosidl_typesupport_fastrtps_c.h
[1.731s] -- Up-to-date symlink: /home/olee/olee_ros2_ws/src/install/cartographer_ros_msgs/include/cartographer_ros_msgs/cartographer_ros_msgs/msg/detail/bagfile_progress__rosidl_typesupport_introspection_c.h
[1.731s] -- Up-to-date symlink: /home/olee/olee_ros2_ws/src/install/cartographer_ros_msgs/include/cartographer_ros_msgs/cartographer_ros_msgs/msg/detail/histogram_bucket__rosidl_typesupport_introspection_c.h
[1.731s] -- Up-to-date symlink: /home/olee/olee_ros2_ws/src/install/cartographer_ros_msgs/include/cartographer_ros_msgs/cartographer_ros_msgs/msg/detail/landmark_entry__rosidl_typesupport_introspection_c.h
[1.731s] -- Up-to-date symlink: /home/olee/olee_ros2_ws/src/install/cartographer_ros_msgs/include/cartographer_ros_msgs/cartographer_ros_msgs/msg/detail/landmark_list__rosidl_typesupport_introspection_c.h
[1.731s] -- Up-to-date symlink: /home/olee/olee_ros2_ws/src/install/cartographer_ros_msgs/include/cartographer_ros_msgs/cartographer_ros_msgs/msg/detail/metric__rosidl_typesupport_introspection_c.h
[1.731s] -- Up-to-date symlink: /home/olee/olee_ros2_ws/src/install/cartographer_ros_msgs/include/cartographer_ros_msgs/cartographer_ros_msgs/msg/detail/metric_family__rosidl_typesupport_introspection_c.h
[1.731s] -- Up-to-date symlink: /home/olee/olee_ros2_ws/src/install/cartographer_ros_msgs/include/cartographer_ros_msgs/cartographer_ros_msgs/msg/detail/metric_label__rosidl_typesupport_introspection_c.h
[1.731s] -- Up-to-date symlink: /home/olee/olee_ros2_ws/src/install/cartographer_ros_msgs/include/cartographer_ros_msgs/cartographer_ros_msgs/msg/detail/status_code__rosidl_typesupport_introspection_c.h
[1.731s] -- Up-to-date symlink: /home/olee/olee_ros2_ws/src/install/cartographer_ros_msgs/include/cartographer_ros_msgs/cartographer_ros_msgs/msg/detail/status_response__rosidl_typesupport_introspection_c.h
[1.732s] -- Up-to-date symlink: /home/olee/olee_ros2_ws/src/install/cartographer_ros_msgs/include/cartographer_ros_msgs/cartographer_ros_msgs/msg/detail/submap_entry__rosidl_typesupport_introspection_c.h
[1.732s] -- Up-to-date symlink: /home/olee/olee_ros2_ws/src/install/cartographer_ros_msgs/include/cartographer_ros_msgs/cartographer_ros_msgs/msg/detail/submap_list__rosidl_typesupport_introspection_c.h
[1.732s] -- Up-to-date symlink: /home/olee/olee_ros2_ws/src/install/cartographer_ros_msgs/include/cartographer_ros_msgs/cartographer_ros_msgs/msg/detail/submap_texture__rosidl_typesupport_introspection_c.h
[1.732s] -- Up-to-date symlink: /home/olee/olee_ros2_ws/src/install/cartographer_ros_msgs/include/cartographer_ros_msgs/cartographer_ros_msgs/msg/detail/trajectory_states__rosidl_typesupport_introspection_c.h
[1.732s] -- Up-to-date symlink: /home/olee/olee_ros2_ws/src/install/cartographer_ros_msgs/include/cartographer_ros_msgs/cartographer_ros_msgs/msg/rosidl_typesupport_introspection_c__visibility_control.h
[1.732s] -- Up-to-date symlink: /home/olee/olee_ros2_ws/src/install/cartographer_ros_msgs/include/cartographer_ros_msgs/cartographer_ros_msgs/srv/detail/finish_trajectory__rosidl_typesupport_introspection_c.h
[1.732s] -- Up-to-date symlink: /home/olee/olee_ros2_ws/src/install/cartographer_ros_msgs/include/cartographer_ros_msgs/cartographer_ros_msgs/srv/detail/get_trajectory_states__rosidl_typesupport_introspection_c.h
[1.732s] -- Up-to-date symlink: /home/olee/olee_ros2_ws/src/install/cartographer_ros_msgs/include/cartographer_ros_msgs/cartographer_ros_msgs/srv/detail/read_metrics__rosidl_typesupport_introspection_c.h
[1.732s] -- Up-to-date symlink: /home/olee/olee_ros2_ws/src/install/cartographer_ros_msgs/include/cartographer_ros_msgs/cartographer_ros_msgs/srv/detail/start_trajectory__rosidl_typesupport_introspection_c.h
[1.732s] -- Up-to-date symlink: /home/olee/olee_ros2_ws/src/install/cartographer_ros_msgs/include/cartographer_ros_msgs/cartographer_ros_msgs/srv/detail/submap_query__rosidl_typesupport_introspection_c.h
[1.733s] -- Up-to-date symlink: /home/olee/olee_ros2_ws/src/install/cartographer_ros_msgs/include/cartographer_ros_msgs/cartographer_ros_msgs/srv/detail/trajectory_query__rosidl_typesupport_introspection_c.h
[1.733s] -- Up-to-date symlink: /home/olee/olee_ros2_ws/src/install/cartographer_ros_msgs/include/cartographer_ros_msgs/cartographer_ros_msgs/srv/detail/write_state__rosidl_typesupport_introspection_c.h
[1.734s] -- Up-to-date symlink: /home/olee/olee_ros2_ws/src/install/cartographer_ros_msgs/include/cartographer_ros_msgs/cartographer_ros_msgs/msg/bagfile_progress.hpp
[1.734s] -- Up-to-date symlink: /home/olee/olee_ros2_ws/src/install/cartographer_ros_msgs/include/cartographer_ros_msgs/cartographer_ros_msgs/msg/detail/bagfile_progress__builder.hpp
[1.734s] -- Up-to-date symlink: /home/olee/olee_ros2_ws/src/install/cartographer_ros_msgs/include/cartographer_ros_msgs/cartographer_ros_msgs/msg/detail/bagfile_progress__struct.hpp
[1.734s] -- Up-to-date symlink: /home/olee/olee_ros2_ws/src/install/cartographer_ros_msgs/include/cartographer_ros_msgs/cartographer_ros_msgs/msg/detail/bagfile_progress__traits.hpp
[1.734s] -- Up-to-date symlink: /home/olee/olee_ros2_ws/src/install/cartographer_ros_msgs/include/cartographer_ros_msgs/cartographer_ros_msgs/msg/detail/bagfile_progress__type_support.hpp
[1.734s] -- Up-to-date symlink: /home/olee/olee_ros2_ws/src/install/cartographer_ros_msgs/include/cartographer_ros_msgs/cartographer_ros_msgs/msg/detail/histogram_bucket__builder.hpp
[1.734s] -- Up-to-date symlink: /home/olee/olee_ros2_ws/src/install/cartographer_ros_msgs/include/cartographer_ros_msgs/cartographer_ros_msgs/msg/detail/histogram_bucket__struct.hpp
[1.735s] -- Up-to-date symlink: /home/olee/olee_ros2_ws/src/install/cartographer_ros_msgs/include/cartographer_ros_msgs/cartographer_ros_msgs/msg/detail/histogram_bucket__traits.hpp
[1.735s] -- Up-to-date symlink: /home/olee/olee_ros2_ws/src/install/cartographer_ros_msgs/include/cartographer_ros_msgs/cartographer_ros_msgs/msg/detail/histogram_bucket__type_support.hpp
[1.735s] -- Up-to-date symlink: /home/olee/olee_ros2_ws/src/install/cartographer_ros_msgs/include/cartographer_ros_msgs/cartographer_ros_msgs/msg/detail/landmark_entry__builder.hpp
[1.735s] -- Up-to-date symlink: /home/olee/olee_ros2_ws/src/install/cartographer_ros_msgs/include/cartographer_ros_msgs/cartographer_ros_msgs/msg/detail/landmark_entry__struct.hpp
[1.735s] -- Up-to-date symlink: /home/olee/olee_ros2_ws/src/install/cartographer_ros_msgs/include/cartographer_ros_msgs/cartographer_ros_msgs/msg/detail/landmark_entry__traits.hpp
[1.735s] -- Up-to-date symlink: /home/olee/olee_ros2_ws/src/install/cartographer_ros_msgs/include/cartographer_ros_msgs/cartographer_ros_msgs/msg/detail/landmark_entry__type_support.hpp
[1.735s] -- Up-to-date symlink: /home/olee/olee_ros2_ws/src/install/cartographer_ros_msgs/include/cartographer_ros_msgs/cartographer_ros_msgs/msg/detail/landmark_list__builder.hpp
[1.735s] -- Up-to-date symlink: /home/olee/olee_ros2_ws/src/install/cartographer_ros_msgs/include/cartographer_ros_msgs/cartographer_ros_msgs/msg/detail/landmark_list__struct.hpp
[1.735s] -- Up-to-date symlink: /home/olee/olee_ros2_ws/src/install/cartographer_ros_msgs/include/cartographer_ros_msgs/cartographer_ros_msgs/msg/detail/landmark_list__traits.hpp
[1.735s] -- Up-to-date symlink: /home/olee/olee_ros2_ws/src/install/cartographer_ros_msgs/include/cartographer_ros_msgs/cartographer_ros_msgs/msg/detail/landmark_list__type_support.hpp
[1.736s] -- Up-to-date symlink: /home/olee/olee_ros2_ws/src/install/cartographer_ros_msgs/include/cartographer_ros_msgs/cartographer_ros_msgs/msg/detail/metric__builder.hpp
[1.736s] -- Up-to-date symlink: /home/olee/olee_ros2_ws/src/install/cartographer_ros_msgs/include/cartographer_ros_msgs/cartographer_ros_msgs/msg/detail/metric__struct.hpp
[1.736s] -- Up-to-date symlink: /home/olee/olee_ros2_ws/src/install/cartographer_ros_msgs/include/cartographer_ros_msgs/cartographer_ros_msgs/msg/detail/metric__traits.hpp
[1.736s] -- Up-to-date symlink: /home/olee/olee_ros2_ws/src/install/cartographer_ros_msgs/include/cartographer_ros_msgs/cartographer_ros_msgs/msg/detail/metric__type_support.hpp
[1.736s] -- Up-to-date symlink: /home/olee/olee_ros2_ws/src/install/cartographer_ros_msgs/include/cartographer_ros_msgs/cartographer_ros_msgs/msg/detail/metric_family__builder.hpp
[1.736s] -- Up-to-date symlink: /home/olee/olee_ros2_ws/src/install/cartographer_ros_msgs/include/cartographer_ros_msgs/cartographer_ros_msgs/msg/detail/metric_family__struct.hpp
[1.736s] -- Up-to-date symlink: /home/olee/olee_ros2_ws/src/install/cartographer_ros_msgs/include/cartographer_ros_msgs/cartographer_ros_msgs/msg/detail/metric_family__traits.hpp
[1.736s] -- Up-to-date symlink: /home/olee/olee_ros2_ws/src/install/cartographer_ros_msgs/include/cartographer_ros_msgs/cartographer_ros_msgs/msg/detail/metric_family__type_support.hpp
[1.736s] -- Up-to-date symlink: /home/olee/olee_ros2_ws/src/install/cartographer_ros_msgs/include/cartographer_ros_msgs/cartographer_ros_msgs/msg/detail/metric_label__builder.hpp
[1.736s] -- Up-to-date symlink: /home/olee/olee_ros2_ws/src/install/cartographer_ros_msgs/include/cartographer_ros_msgs/cartographer_ros_msgs/msg/detail/metric_label__struct.hpp
[1.737s] -- Up-to-date symlink: /home/olee/olee_ros2_ws/src/install/cartographer_ros_msgs/include/cartographer_ros_msgs/cartographer_ros_msgs/msg/detail/metric_label__traits.hpp
[1.737s] -- Up-to-date symlink: /home/olee/olee_ros2_ws/src/install/cartographer_ros_msgs/include/cartographer_ros_msgs/cartographer_ros_msgs/msg/detail/metric_label__type_support.hpp
[1.737s] -- Up-to-date symlink: /home/olee/olee_ros2_ws/src/install/cartographer_ros_msgs/include/cartographer_ros_msgs/cartographer_ros_msgs/msg/detail/status_code__builder.hpp
[1.737s] -- Up-to-date symlink: /home/olee/olee_ros2_ws/src/install/cartographer_ros_msgs/include/cartographer_ros_msgs/cartographer_ros_msgs/msg/detail/status_code__struct.hpp
[1.737s] -- Up-to-date symlink: /home/olee/olee_ros2_ws/src/install/cartographer_ros_msgs/include/cartographer_ros_msgs/cartographer_ros_msgs/msg/detail/status_code__traits.hpp
[1.737s] -- Up-to-date symlink: /home/olee/olee_ros2_ws/src/install/cartographer_ros_msgs/include/cartographer_ros_msgs/cartographer_ros_msgs/msg/detail/status_code__type_support.hpp
[1.737s] -- Up-to-date symlink: /home/olee/olee_ros2_ws/src/install/cartographer_ros_msgs/include/cartographer_ros_msgs/cartographer_ros_msgs/msg/detail/status_response__builder.hpp
[1.737s] -- Up-to-date symlink: /home/olee/olee_ros2_ws/src/install/cartographer_ros_msgs/include/cartographer_ros_msgs/cartographer_ros_msgs/msg/detail/status_response__struct.hpp
[1.737s] -- Up-to-date symlink: /home/olee/olee_ros2_ws/src/install/cartographer_ros_msgs/include/cartographer_ros_msgs/cartographer_ros_msgs/msg/detail/status_response__traits.hpp
[1.738s] -- Up-to-date symlink: /home/olee/olee_ros2_ws/src/install/cartographer_ros_msgs/include/cartographer_ros_msgs/cartographer_ros_msgs/msg/detail/status_response__type_support.hpp
[1.738s] -- Up-to-date symlink: /home/olee/olee_ros2_ws/src/install/cartographer_ros_msgs/include/cartographer_ros_msgs/cartographer_ros_msgs/msg/detail/submap_entry__builder.hpp
[1.738s] -- Up-to-date symlink: /home/olee/olee_ros2_ws/src/install/cartographer_ros_msgs/include/cartographer_ros_msgs/cartographer_ros_msgs/msg/detail/submap_entry__struct.hpp
[1.738s] -- Up-to-date symlink: /home/olee/olee_ros2_ws/src/install/cartographer_ros_msgs/include/cartographer_ros_msgs/cartographer_ros_msgs/msg/detail/submap_entry__traits.hpp
[1.738s] -- Up-to-date symlink: /home/olee/olee_ros2_ws/src/install/cartographer_ros_msgs/include/cartographer_ros_msgs/cartographer_ros_msgs/msg/detail/submap_entry__type_support.hpp
[1.738s] -- Up-to-date symlink: /home/olee/olee_ros2_ws/src/install/cartographer_ros_msgs/include/cartographer_ros_msgs/cartographer_ros_msgs/msg/detail/submap_list__builder.hpp
[1.738s] -- Up-to-date symlink: /home/olee/olee_ros2_ws/src/install/cartographer_ros_msgs/include/cartographer_ros_msgs/cartographer_ros_msgs/msg/detail/submap_list__struct.hpp
[1.738s] -- Up-to-date symlink: /home/olee/olee_ros2_ws/src/install/cartographer_ros_msgs/include/cartographer_ros_msgs/cartographer_ros_msgs/msg/detail/submap_list__traits.hpp
[1.738s] -- Up-to-date symlink: /home/olee/olee_ros2_ws/src/install/cartographer_ros_msgs/include/cartographer_ros_msgs/cartographer_ros_msgs/msg/detail/submap_list__type_support.hpp
[1.738s] -- Up-to-date symlink: /home/olee/olee_ros2_ws/src/install/cartographer_ros_msgs/include/cartographer_ros_msgs/cartographer_ros_msgs/msg/detail/submap_texture__builder.hpp
[1.739s] -- Up-to-date symlink: /home/olee/olee_ros2_ws/src/install/cartographer_ros_msgs/include/cartographer_ros_msgs/cartographer_ros_msgs/msg/detail/submap_texture__struct.hpp
[1.739s] -- Up-to-date symlink: /home/olee/olee_ros2_ws/src/install/cartographer_ros_msgs/include/cartographer_ros_msgs/cartographer_ros_msgs/msg/detail/submap_texture__traits.hpp
[1.739s] -- Up-to-date symlink: /home/olee/olee_ros2_ws/src/install/cartographer_ros_msgs/include/cartographer_ros_msgs/cartographer_ros_msgs/msg/detail/submap_texture__type_support.hpp
[1.739s] -- Up-to-date symlink: /home/olee/olee_ros2_ws/src/install/cartographer_ros_msgs/include/cartographer_ros_msgs/cartographer_ros_msgs/msg/detail/trajectory_states__builder.hpp
[1.739s] -- Up-to-date symlink: /home/olee/olee_ros2_ws/src/install/cartographer_ros_msgs/include/cartographer_ros_msgs/cartographer_ros_msgs/msg/detail/trajectory_states__struct.hpp
[1.739s] -- Up-to-date symlink: /home/olee/olee_ros2_ws/src/install/cartographer_ros_msgs/include/cartographer_ros_msgs/cartographer_ros_msgs/msg/detail/trajectory_states__traits.hpp
[1.739s] -- Up-to-date symlink: /home/olee/olee_ros2_ws/src/install/cartographer_ros_msgs/include/cartographer_ros_msgs/cartographer_ros_msgs/msg/detail/trajectory_states__type_support.hpp
[1.739s] -- Up-to-date symlink: /home/olee/olee_ros2_ws/src/install/cartographer_ros_msgs/include/cartographer_ros_msgs/cartographer_ros_msgs/msg/histogram_bucket.hpp
[1.739s] -- Up-to-date symlink: /home/olee/olee_ros2_ws/src/install/cartographer_ros_msgs/include/cartographer_ros_msgs/cartographer_ros_msgs/msg/landmark_entry.hpp
[1.739s] -- Up-to-date symlink: /home/olee/olee_ros2_ws/src/install/cartographer_ros_msgs/include/cartographer_ros_msgs/cartographer_ros_msgs/msg/landmark_list.hpp
[1.740s] -- Up-to-date symlink: /home/olee/olee_ros2_ws/src/install/cartographer_ros_msgs/include/cartographer_ros_msgs/cartographer_ros_msgs/msg/metric.hpp
[1.740s] -- Up-to-date symlink: /home/olee/olee_ros2_ws/src/install/cartographer_ros_msgs/include/cartographer_ros_msgs/cartographer_ros_msgs/msg/metric_family.hpp
[1.740s] -- Up-to-date symlink: /home/olee/olee_ros2_ws/src/install/cartographer_ros_msgs/include/cartographer_ros_msgs/cartographer_ros_msgs/msg/metric_label.hpp
[1.740s] -- Up-to-date symlink: /home/olee/olee_ros2_ws/src/install/cartographer_ros_msgs/include/cartographer_ros_msgs/cartographer_ros_msgs/msg/rosidl_generator_cpp__visibility_control.hpp
[1.740s] -- Up-to-date symlink: /home/olee/olee_ros2_ws/src/install/cartographer_ros_msgs/include/cartographer_ros_msgs/cartographer_ros_msgs/msg/status_code.hpp
[1.740s] -- Up-to-date symlink: /home/olee/olee_ros2_ws/src/install/cartographer_ros_msgs/include/cartographer_ros_msgs/cartographer_ros_msgs/msg/status_response.hpp
[1.740s] -- Up-to-date symlink: /home/olee/olee_ros2_ws/src/install/cartographer_ros_msgs/include/cartographer_ros_msgs/cartographer_ros_msgs/msg/submap_entry.hpp
[1.740s] -- Up-to-date symlink: /home/olee/olee_ros2_ws/src/install/cartographer_ros_msgs/include/cartographer_ros_msgs/cartographer_ros_msgs/msg/submap_list.hpp
[1.740s] -- Up-to-date symlink: /home/olee/olee_ros2_ws/src/install/cartographer_ros_msgs/include/cartographer_ros_msgs/cartographer_ros_msgs/msg/submap_texture.hpp
[1.740s] -- Up-to-date symlink: /home/olee/olee_ros2_ws/src/install/cartographer_ros_msgs/include/cartographer_ros_msgs/cartographer_ros_msgs/msg/trajectory_states.hpp
[1.741s] -- Up-to-date symlink: /home/olee/olee_ros2_ws/src/install/cartographer_ros_msgs/include/cartographer_ros_msgs/cartographer_ros_msgs/srv/detail/finish_trajectory__builder.hpp
[1.741s] -- Up-to-date symlink: /home/olee/olee_ros2_ws/src/install/cartographer_ros_msgs/include/cartographer_ros_msgs/cartographer_ros_msgs/srv/detail/finish_trajectory__struct.hpp
[1.741s] -- Up-to-date symlink: /home/olee/olee_ros2_ws/src/install/cartographer_ros_msgs/include/cartographer_ros_msgs/cartographer_ros_msgs/srv/detail/finish_trajectory__traits.hpp
[1.741s] -- Up-to-date symlink: /home/olee/olee_ros2_ws/src/install/cartographer_ros_msgs/include/cartographer_ros_msgs/cartographer_ros_msgs/srv/detail/finish_trajectory__type_support.hpp
[1.741s] -- Up-to-date symlink: /home/olee/olee_ros2_ws/src/install/cartographer_ros_msgs/include/cartographer_ros_msgs/cartographer_ros_msgs/srv/detail/get_trajectory_states__builder.hpp
[1.741s] -- Up-to-date symlink: /home/olee/olee_ros2_ws/src/install/cartographer_ros_msgs/include/cartographer_ros_msgs/cartographer_ros_msgs/srv/detail/get_trajectory_states__struct.hpp
[1.741s] -- Up-to-date symlink: /home/olee/olee_ros2_ws/src/install/cartographer_ros_msgs/include/cartographer_ros_msgs/cartographer_ros_msgs/srv/detail/get_trajectory_states__traits.hpp
[1.741s] -- Up-to-date symlink: /home/olee/olee_ros2_ws/src/install/cartographer_ros_msgs/include/cartographer_ros_msgs/cartographer_ros_msgs/srv/detail/get_trajectory_states__type_support.hpp
[1.741s] -- Up-to-date symlink: /home/olee/olee_ros2_ws/src/install/cartographer_ros_msgs/include/cartographer_ros_msgs/cartographer_ros_msgs/srv/detail/read_metrics__builder.hpp
[1.741s] -- Up-to-date symlink: /home/olee/olee_ros2_ws/src/install/cartographer_ros_msgs/include/cartographer_ros_msgs/cartographer_ros_msgs/srv/detail/read_metrics__struct.hpp
[1.742s] -- Up-to-date symlink: /home/olee/olee_ros2_ws/src/install/cartographer_ros_msgs/include/cartographer_ros_msgs/cartographer_ros_msgs/srv/detail/read_metrics__traits.hpp
[1.742s] -- Up-to-date symlink: /home/olee/olee_ros2_ws/src/install/cartographer_ros_msgs/include/cartographer_ros_msgs/cartographer_ros_msgs/srv/detail/read_metrics__type_support.hpp
[1.742s] -- Up-to-date symlink: /home/olee/olee_ros2_ws/src/install/cartographer_ros_msgs/include/cartographer_ros_msgs/cartographer_ros_msgs/srv/detail/start_trajectory__builder.hpp
[1.742s] -- Up-to-date symlink: /home/olee/olee_ros2_ws/src/install/cartographer_ros_msgs/include/cartographer_ros_msgs/cartographer_ros_msgs/srv/detail/start_trajectory__struct.hpp
[1.742s] -- Up-to-date symlink: /home/olee/olee_ros2_ws/src/install/cartographer_ros_msgs/include/cartographer_ros_msgs/cartographer_ros_msgs/srv/detail/start_trajectory__traits.hpp
[1.742s] -- Up-to-date symlink: /home/olee/olee_ros2_ws/src/install/cartographer_ros_msgs/include/cartographer_ros_msgs/cartographer_ros_msgs/srv/detail/start_trajectory__type_support.hpp
[1.742s] -- Up-to-date symlink: /home/olee/olee_ros2_ws/src/install/cartographer_ros_msgs/include/cartographer_ros_msgs/cartographer_ros_msgs/srv/detail/submap_query__builder.hpp
[1.742s] -- Up-to-date symlink: /home/olee/olee_ros2_ws/src/install/cartographer_ros_msgs/include/cartographer_ros_msgs/cartographer_ros_msgs/srv/detail/submap_query__struct.hpp
[1.742s] -- Up-to-date symlink: /home/olee/olee_ros2_ws/src/install/cartographer_ros_msgs/include/cartographer_ros_msgs/cartographer_ros_msgs/srv/detail/submap_query__traits.hpp
[1.742s] -- Up-to-date symlink: /home/olee/olee_ros2_ws/src/install/cartographer_ros_msgs/include/cartographer_ros_msgs/cartographer_ros_msgs/srv/detail/submap_query__type_support.hpp
[1.743s] -- Up-to-date symlink: /home/olee/olee_ros2_ws/src/install/cartographer_ros_msgs/include/cartographer_ros_msgs/cartographer_ros_msgs/srv/detail/trajectory_query__builder.hpp
[1.743s] -- Up-to-date symlink: /home/olee/olee_ros2_ws/src/install/cartographer_ros_msgs/include/cartographer_ros_msgs/cartographer_ros_msgs/srv/detail/trajectory_query__struct.hpp
[1.743s] -- Up-to-date symlink: /home/olee/olee_ros2_ws/src/install/cartographer_ros_msgs/include/cartographer_ros_msgs/cartographer_ros_msgs/srv/detail/trajectory_query__traits.hpp
[1.743s] -- Up-to-date symlink: /home/olee/olee_ros2_ws/src/install/cartographer_ros_msgs/include/cartographer_ros_msgs/cartographer_ros_msgs/srv/detail/trajectory_query__type_support.hpp
[1.743s] -- Up-to-date symlink: /home/olee/olee_ros2_ws/src/install/cartographer_ros_msgs/include/cartographer_ros_msgs/cartographer_ros_msgs/srv/detail/write_state__builder.hpp
[1.743s] -- Up-to-date symlink: /home/olee/olee_ros2_ws/src/install/cartographer_ros_msgs/include/cartographer_ros_msgs/cartographer_ros_msgs/srv/detail/write_state__struct.hpp
[1.743s] -- Up-to-date symlink: /home/olee/olee_ros2_ws/src/install/cartographer_ros_msgs/include/cartographer_ros_msgs/cartographer_ros_msgs/srv/detail/write_state__traits.hpp
[1.743s] -- Up-to-date symlink: /home/olee/olee_ros2_ws/src/install/cartographer_ros_msgs/include/cartographer_ros_msgs/cartographer_ros_msgs/srv/detail/write_state__type_support.hpp
[1.743s] -- Up-to-date symlink: /home/olee/olee_ros2_ws/src/install/cartographer_ros_msgs/include/cartographer_ros_msgs/cartographer_ros_msgs/srv/finish_trajectory.hpp
[1.743s] -- Up-to-date symlink: /home/olee/olee_ros2_ws/src/install/cartographer_ros_msgs/include/cartographer_ros_msgs/cartographer_ros_msgs/srv/get_trajectory_states.hpp
[1.744s] -- Up-to-date symlink: /home/olee/olee_ros2_ws/src/install/cartographer_ros_msgs/include/cartographer_ros_msgs/cartographer_ros_msgs/srv/read_metrics.hpp
[1.744s] -- Up-to-date symlink: /home/olee/olee_ros2_ws/src/install/cartographer_ros_msgs/include/cartographer_ros_msgs/cartographer_ros_msgs/srv/start_trajectory.hpp
[1.744s] -- Up-to-date symlink: /home/olee/olee_ros2_ws/src/install/cartographer_ros_msgs/include/cartographer_ros_msgs/cartographer_ros_msgs/srv/submap_query.hpp
[1.744s] -- Up-to-date symlink: /home/olee/olee_ros2_ws/src/install/cartographer_ros_msgs/include/cartographer_ros_msgs/cartographer_ros_msgs/srv/trajectory_query.hpp
[1.744s] -- Up-to-date symlink: /home/olee/olee_ros2_ws/src/install/cartographer_ros_msgs/include/cartographer_ros_msgs/cartographer_ros_msgs/srv/write_state.hpp
[1.746s] -- Up-to-date symlink: /home/olee/olee_ros2_ws/src/install/cartographer_ros_msgs/include/cartographer_ros_msgs/cartographer_ros_msgs/msg/detail/bagfile_progress__rosidl_typesupport_fastrtps_cpp.hpp
[1.746s] -- Up-to-date symlink: /home/olee/olee_ros2_ws/src/install/cartographer_ros_msgs/include/cartographer_ros_msgs/cartographer_ros_msgs/msg/detail/histogram_bucket__rosidl_typesupport_fastrtps_cpp.hpp
[1.746s] -- Up-to-date symlink: /home/olee/olee_ros2_ws/src/install/cartographer_ros_msgs/include/cartographer_ros_msgs/cartographer_ros_msgs/msg/detail/landmark_entry__rosidl_typesupport_fastrtps_cpp.hpp
[1.746s] -- Up-to-date symlink: /home/olee/olee_ros2_ws/src/install/cartographer_ros_msgs/include/cartographer_ros_msgs/cartographer_ros_msgs/msg/detail/landmark_list__rosidl_typesupport_fastrtps_cpp.hpp
[1.746s] -- Up-to-date symlink: /home/olee/olee_ros2_ws/src/install/cartographer_ros_msgs/include/cartographer_ros_msgs/cartographer_ros_msgs/msg/detail/metric__rosidl_typesupport_fastrtps_cpp.hpp
[1.746s] -- Up-to-date symlink: /home/olee/olee_ros2_ws/src/install/cartographer_ros_msgs/include/cartographer_ros_msgs/cartographer_ros_msgs/msg/detail/metric_family__rosidl_typesupport_fastrtps_cpp.hpp
[1.747s] -- Up-to-date symlink: /home/olee/olee_ros2_ws/src/install/cartographer_ros_msgs/include/cartographer_ros_msgs/cartographer_ros_msgs/msg/detail/metric_label__rosidl_typesupport_fastrtps_cpp.hpp
[1.747s] -- Up-to-date symlink: /home/olee/olee_ros2_ws/src/install/cartographer_ros_msgs/include/cartographer_ros_msgs/cartographer_ros_msgs/msg/detail/status_code__rosidl_typesupport_fastrtps_cpp.hpp
[1.747s] -- Up-to-date symlink: /home/olee/olee_ros2_ws/src/install/cartographer_ros_msgs/include/cartographer_ros_msgs/cartographer_ros_msgs/msg/detail/status_response__rosidl_typesupport_fastrtps_cpp.hpp
[1.747s] -- Up-to-date symlink: /home/olee/olee_ros2_ws/src/install/cartographer_ros_msgs/include/cartographer_ros_msgs/cartographer_ros_msgs/msg/detail/submap_entry__rosidl_typesupport_fastrtps_cpp.hpp
[1.747s] -- Up-to-date symlink: /home/olee/olee_ros2_ws/src/install/cartographer_ros_msgs/include/cartographer_ros_msgs/cartographer_ros_msgs/msg/detail/submap_list__rosidl_typesupport_fastrtps_cpp.hpp
[1.747s] -- Up-to-date symlink: /home/olee/olee_ros2_ws/src/install/cartographer_ros_msgs/include/cartographer_ros_msgs/cartographer_ros_msgs/msg/detail/submap_texture__rosidl_typesupport_fastrtps_cpp.hpp
[1.747s] -- Up-to-date symlink: /home/olee/olee_ros2_ws/src/install/cartographer_ros_msgs/include/cartographer_ros_msgs/cartographer_ros_msgs/msg/detail/trajectory_states__rosidl_typesupport_fastrtps_cpp.hpp
[1.747s] -- Up-to-date symlink: /home/olee/olee_ros2_ws/src/install/cartographer_ros_msgs/include/cartographer_ros_msgs/cartographer_ros_msgs/msg/rosidl_typesupport_fastrtps_cpp__visibility_control.h
[1.747s] -- Up-to-date symlink: /home/olee/olee_ros2_ws/src/install/cartographer_ros_msgs/include/cartographer_ros_msgs/cartographer_ros_msgs/srv/detail/finish_trajectory__rosidl_typesupport_fastrtps_cpp.hpp
[1.747s] -- Up-to-date symlink: /home/olee/olee_ros2_ws/src/install/cartographer_ros_msgs/include/cartographer_ros_msgs/cartographer_ros_msgs/srv/detail/get_trajectory_states__rosidl_typesupport_fastrtps_cpp.hpp
[1.748s] -- Up-to-date symlink: /home/olee/olee_ros2_ws/src/install/cartographer_ros_msgs/include/cartographer_ros_msgs/cartographer_ros_msgs/srv/detail/read_metrics__rosidl_typesupport_fastrtps_cpp.hpp
[1.748s] -- Up-to-date symlink: /home/olee/olee_ros2_ws/src/install/cartographer_ros_msgs/include/cartographer_ros_msgs/cartographer_ros_msgs/srv/detail/start_trajectory__rosidl_typesupport_fastrtps_cpp.hpp
[1.748s] -- Up-to-date symlink: /home/olee/olee_ros2_ws/src/install/cartographer_ros_msgs/include/cartographer_ros_msgs/cartographer_ros_msgs/srv/detail/submap_query__rosidl_typesupport_fastrtps_cpp.hpp
[1.748s] -- Up-to-date symlink: /home/olee/olee_ros2_ws/src/install/cartographer_ros_msgs/include/cartographer_ros_msgs/cartographer_ros_msgs/srv/detail/trajectory_query__rosidl_typesupport_fastrtps_cpp.hpp
[1.748s] -- Up-to-date symlink: /home/olee/olee_ros2_ws/src/install/cartographer_ros_msgs/include/cartographer_ros_msgs/cartographer_ros_msgs/srv/detail/write_state__rosidl_typesupport_fastrtps_cpp.hpp
[1.749s] -- Up-to-date symlink: /home/olee/olee_ros2_ws/src/install/cartographer_ros_msgs/include/cartographer_ros_msgs/cartographer_ros_msgs/msg/detail/bagfile_progress__rosidl_typesupport_introspection_cpp.hpp
[1.749s] -- Up-to-date symlink: /home/olee/olee_ros2_ws/src/install/cartographer_ros_msgs/include/cartographer_ros_msgs/cartographer_ros_msgs/msg/detail/histogram_bucket__rosidl_typesupport_introspection_cpp.hpp
[1.749s] -- Up-to-date symlink: /home/olee/olee_ros2_ws/src/install/cartographer_ros_msgs/include/cartographer_ros_msgs/cartographer_ros_msgs/msg/detail/landmark_entry__rosidl_typesupport_introspection_cpp.hpp
[1.749s] -- Up-to-date symlink: /home/olee/olee_ros2_ws/src/install/cartographer_ros_msgs/include/cartographer_ros_msgs/cartographer_ros_msgs/msg/detail/landmark_list__rosidl_typesupport_introspection_cpp.hpp
[1.749s] -- Up-to-date symlink: /home/olee/olee_ros2_ws/src/install/cartographer_ros_msgs/include/cartographer_ros_msgs/cartographer_ros_msgs/msg/detail/metric__rosidl_typesupport_introspection_cpp.hpp
[1.749s] -- Up-to-date symlink: /home/olee/olee_ros2_ws/src/install/cartographer_ros_msgs/include/cartographer_ros_msgs/cartographer_ros_msgs/msg/detail/metric_family__rosidl_typesupport_introspection_cpp.hpp
[1.749s] -- Up-to-date symlink: /home/olee/olee_ros2_ws/src/install/cartographer_ros_msgs/include/cartographer_ros_msgs/cartographer_ros_msgs/msg/detail/metric_label__rosidl_typesupport_introspection_cpp.hpp
[1.749s] -- Up-to-date symlink: /home/olee/olee_ros2_ws/src/install/cartographer_ros_msgs/include/cartographer_ros_msgs/cartographer_ros_msgs/msg/detail/status_code__rosidl_typesupport_introspection_cpp.hpp
[1.750s] -- Up-to-date symlink: /home/olee/olee_ros2_ws/src/install/cartographer_ros_msgs/include/cartographer_ros_msgs/cartographer_ros_msgs/msg/detail/status_response__rosidl_typesupport_introspection_cpp.hpp
[1.750s] -- Up-to-date symlink: /home/olee/olee_ros2_ws/src/install/cartographer_ros_msgs/include/cartographer_ros_msgs/cartographer_ros_msgs/msg/detail/submap_entry__rosidl_typesupport_introspection_cpp.hpp
[1.750s] -- Up-to-date symlink: /home/olee/olee_ros2_ws/src/install/cartographer_ros_msgs/include/cartographer_ros_msgs/cartographer_ros_msgs/msg/detail/submap_list__rosidl_typesupport_introspection_cpp.hpp
[1.750s] -- Up-to-date symlink: /home/olee/olee_ros2_ws/src/install/cartographer_ros_msgs/include/cartographer_ros_msgs/cartographer_ros_msgs/msg/detail/submap_texture__rosidl_typesupport_introspection_cpp.hpp
[1.750s] -- Up-to-date symlink: /home/olee/olee_ros2_ws/src/install/cartographer_ros_msgs/include/cartographer_ros_msgs/cartographer_ros_msgs/msg/detail/trajectory_states__rosidl_typesupport_introspection_cpp.hpp
[1.750s] -- Up-to-date symlink: /home/olee/olee_ros2_ws/src/install/cartographer_ros_msgs/include/cartographer_ros_msgs/cartographer_ros_msgs/srv/detail/finish_trajectory__rosidl_typesupport_introspection_cpp.hpp
[1.750s] -- Up-to-date symlink: /home/olee/olee_ros2_ws/src/install/cartographer_ros_msgs/include/cartographer_ros_msgs/cartographer_ros_msgs/srv/detail/get_trajectory_states__rosidl_typesupport_introspection_cpp.hpp
[1.750s] -- Up-to-date symlink: /home/olee/olee_ros2_ws/src/install/cartographer_ros_msgs/include/cartographer_ros_msgs/cartographer_ros_msgs/srv/detail/read_metrics__rosidl_typesupport_introspection_cpp.hpp
[1.750s] -- Up-to-date symlink: /home/olee/olee_ros2_ws/src/install/cartographer_ros_msgs/include/cartographer_ros_msgs/cartographer_ros_msgs/srv/detail/start_trajectory__rosidl_typesupport_introspection_cpp.hpp
[1.750s] -- Up-to-date symlink: /home/olee/olee_ros2_ws/src/install/cartographer_ros_msgs/include/cartographer_ros_msgs/cartographer_ros_msgs/srv/detail/submap_query__rosidl_typesupport_introspection_cpp.hpp
[1.751s] -- Up-to-date symlink: /home/olee/olee_ros2_ws/src/install/cartographer_ros_msgs/include/cartographer_ros_msgs/cartographer_ros_msgs/srv/detail/trajectory_query__rosidl_typesupport_introspection_cpp.hpp
[1.751s] -- Up-to-date symlink: /home/olee/olee_ros2_ws/src/install/cartographer_ros_msgs/include/cartographer_ros_msgs/cartographer_ros_msgs/srv/detail/write_state__rosidl_typesupport_introspection_cpp.hpp
[1.751s] -- Up-to-date symlink: /home/olee/olee_ros2_ws/src/install/cartographer_ros_msgs/share/cartographer_ros_msgs/environment/pythonpath.sh
[1.751s] -- Up-to-date symlink: /home/olee/olee_ros2_ws/src/install/cartographer_ros_msgs/share/cartographer_ros_msgs/environment/pythonpath.dsv
[1.751s] -- Up-to-date symlink: /home/olee/olee_ros2_ws/src/install/cartographer_ros_msgs/local/lib/python3.10/dist-packages/cartographer_ros_msgs-2.0.9003-py3.10.egg-info/PKG-INFO
[1.751s] -- Up-to-date symlink: /home/olee/olee_ros2_ws/src/install/cartographer_ros_msgs/local/lib/python3.10/dist-packages/cartographer_ros_msgs-2.0.9003-py3.10.egg-info/SOURCES.txt
[1.751s] -- Up-to-date symlink: /home/olee/olee_ros2_ws/src/install/cartographer_ros_msgs/local/lib/python3.10/dist-packages/cartographer_ros_msgs-2.0.9003-py3.10.egg-info/dependency_links.txt
[1.752s] -- Up-to-date symlink: /home/olee/olee_ros2_ws/src/install/cartographer_ros_msgs/local/lib/python3.10/dist-packages/cartographer_ros_msgs-2.0.9003-py3.10.egg-info/top_level.txt
[1.753s] -- Up-to-date symlink: /home/olee/olee_ros2_ws/src/install/cartographer_ros_msgs/local/lib/python3.10/dist-packages/cartographer_ros_msgs/__init__.py
[1.753s] -- Up-to-date symlink: /home/olee/olee_ros2_ws/src/install/cartographer_ros_msgs/local/lib/python3.10/dist-packages/cartographer_ros_msgs/_cartographer_ros_msgs_s.ep.rosidl_typesupport_c.c
[1.753s] -- Up-to-date symlink: /home/olee/olee_ros2_ws/src/install/cartographer_ros_msgs/local/lib/python3.10/dist-packages/cartographer_ros_msgs/_cartographer_ros_msgs_s.ep.rosidl_typesupport_fastrtps_c.c
[1.753s] -- Up-to-date symlink: /home/olee/olee_ros2_ws/src/install/cartographer_ros_msgs/local/lib/python3.10/dist-packages/cartographer_ros_msgs/_cartographer_ros_msgs_s.ep.rosidl_typesupport_introspection_c.c
[1.753s] -- Up-to-date symlink: /home/olee/olee_ros2_ws/src/install/cartographer_ros_msgs/local/lib/python3.10/dist-packages/cartographer_ros_msgs/cartographer_ros_msgs_s__rosidl_typesupport_c.cpython-310-x86_64-linux-gnu.so
[1.753s] -- Up-to-date symlink: /home/olee/olee_ros2_ws/src/install/cartographer_ros_msgs/local/lib/python3.10/dist-packages/cartographer_ros_msgs/cartographer_ros_msgs_s__rosidl_typesupport_fastrtps_c.cpython-310-x86_64-linux-gnu.so
[1.753s] -- Up-to-date symlink: /home/olee/olee_ros2_ws/src/install/cartographer_ros_msgs/local/lib/python3.10/dist-packages/cartographer_ros_msgs/cartographer_ros_msgs_s__rosidl_typesupport_introspection_c.cpython-310-x86_64-linux-gnu.so
[1.753s] -- Up-to-date symlink: /home/olee/olee_ros2_ws/src/install/cartographer_ros_msgs/local/lib/python3.10/dist-packages/cartographer_ros_msgs/libcartographer_ros_msgs__rosidl_generator_py.so
[1.753s] -- Up-to-date symlink: /home/olee/olee_ros2_ws/src/install/cartographer_ros_msgs/local/lib/python3.10/dist-packages/cartographer_ros_msgs/msg/__init__.py
[1.754s] -- Up-to-date symlink: /home/olee/olee_ros2_ws/src/install/cartographer_ros_msgs/local/lib/python3.10/dist-packages/cartographer_ros_msgs/msg/_bagfile_progress.py
[1.754s] -- Up-to-date symlink: /home/olee/olee_ros2_ws/src/install/cartographer_ros_msgs/local/lib/python3.10/dist-packages/cartographer_ros_msgs/msg/_bagfile_progress_s.c
[1.754s] -- Up-to-date symlink: /home/olee/olee_ros2_ws/src/install/cartographer_ros_msgs/local/lib/python3.10/dist-packages/cartographer_ros_msgs/msg/_histogram_bucket.py
[1.754s] -- Up-to-date symlink: /home/olee/olee_ros2_ws/src/install/cartographer_ros_msgs/local/lib/python3.10/dist-packages/cartographer_ros_msgs/msg/_histogram_bucket_s.c
[1.754s] -- Up-to-date symlink: /home/olee/olee_ros2_ws/src/install/cartographer_ros_msgs/local/lib/python3.10/dist-packages/cartographer_ros_msgs/msg/_landmark_entry.py
[1.754s] -- Up-to-date symlink: /home/olee/olee_ros2_ws/src/install/cartographer_ros_msgs/local/lib/python3.10/dist-packages/cartographer_ros_msgs/msg/_landmark_entry_s.c
[1.754s] -- Up-to-date symlink: /home/olee/olee_ros2_ws/src/install/cartographer_ros_msgs/local/lib/python3.10/dist-packages/cartographer_ros_msgs/msg/_landmark_list.py
[1.754s] -- Up-to-date symlink: /home/olee/olee_ros2_ws/src/install/cartographer_ros_msgs/local/lib/python3.10/dist-packages/cartographer_ros_msgs/msg/_landmark_list_s.c
[1.754s] -- Up-to-date symlink: /home/olee/olee_ros2_ws/src/install/cartographer_ros_msgs/local/lib/python3.10/dist-packages/cartographer_ros_msgs/msg/_metric.py
[1.754s] -- Up-to-date symlink: /home/olee/olee_ros2_ws/src/install/cartographer_ros_msgs/local/lib/python3.10/dist-packages/cartographer_ros_msgs/msg/_metric_family.py
[1.755s] -- Up-to-date symlink: /home/olee/olee_ros2_ws/src/install/cartographer_ros_msgs/local/lib/python3.10/dist-packages/cartographer_ros_msgs/msg/_metric_family_s.c
[1.755s] -- Up-to-date symlink: /home/olee/olee_ros2_ws/src/install/cartographer_ros_msgs/local/lib/python3.10/dist-packages/cartographer_ros_msgs/msg/_metric_label.py
[1.755s] -- Up-to-date symlink: /home/olee/olee_ros2_ws/src/install/cartographer_ros_msgs/local/lib/python3.10/dist-packages/cartographer_ros_msgs/msg/_metric_label_s.c
[1.755s] -- Up-to-date symlink: /home/olee/olee_ros2_ws/src/install/cartographer_ros_msgs/local/lib/python3.10/dist-packages/cartographer_ros_msgs/msg/_metric_s.c
[1.755s] -- Up-to-date symlink: /home/olee/olee_ros2_ws/src/install/cartographer_ros_msgs/local/lib/python3.10/dist-packages/cartographer_ros_msgs/msg/_status_code.py
[1.755s] -- Up-to-date symlink: /home/olee/olee_ros2_ws/src/install/cartographer_ros_msgs/local/lib/python3.10/dist-packages/cartographer_ros_msgs/msg/_status_code_s.c
[1.755s] -- Up-to-date symlink: /home/olee/olee_ros2_ws/src/install/cartographer_ros_msgs/local/lib/python3.10/dist-packages/cartographer_ros_msgs/msg/_status_response.py
[1.755s] -- Up-to-date symlink: /home/olee/olee_ros2_ws/src/install/cartographer_ros_msgs/local/lib/python3.10/dist-packages/cartographer_ros_msgs/msg/_status_response_s.c
[1.755s] -- Up-to-date symlink: /home/olee/olee_ros2_ws/src/install/cartographer_ros_msgs/local/lib/python3.10/dist-packages/cartographer_ros_msgs/msg/_submap_entry.py
[1.756s] -- Up-to-date symlink: /home/olee/olee_ros2_ws/src/install/cartographer_ros_msgs/local/lib/python3.10/dist-packages/cartographer_ros_msgs/msg/_submap_entry_s.c
[1.756s] -- Up-to-date symlink: /home/olee/olee_ros2_ws/src/install/cartographer_ros_msgs/local/lib/python3.10/dist-packages/cartographer_ros_msgs/msg/_submap_list.py
[1.756s] -- Up-to-date symlink: /home/olee/olee_ros2_ws/src/install/cartographer_ros_msgs/local/lib/python3.10/dist-packages/cartographer_ros_msgs/msg/_submap_list_s.c
[1.756s] -- Up-to-date symlink: /home/olee/olee_ros2_ws/src/install/cartographer_ros_msgs/local/lib/python3.10/dist-packages/cartographer_ros_msgs/msg/_submap_texture.py
[1.756s] -- Up-to-date symlink: /home/olee/olee_ros2_ws/src/install/cartographer_ros_msgs/local/lib/python3.10/dist-packages/cartographer_ros_msgs/msg/_submap_texture_s.c
[1.756s] -- Up-to-date symlink: /home/olee/olee_ros2_ws/src/install/cartographer_ros_msgs/local/lib/python3.10/dist-packages/cartographer_ros_msgs/msg/_trajectory_states.py
[1.756s] -- Up-to-date symlink: /home/olee/olee_ros2_ws/src/install/cartographer_ros_msgs/local/lib/python3.10/dist-packages/cartographer_ros_msgs/msg/_trajectory_states_s.c
[1.756s] -- Up-to-date symlink: /home/olee/olee_ros2_ws/src/install/cartographer_ros_msgs/local/lib/python3.10/dist-packages/cartographer_ros_msgs/srv/__init__.py
[1.756s] -- Up-to-date symlink: /home/olee/olee_ros2_ws/src/install/cartographer_ros_msgs/local/lib/python3.10/dist-packages/cartographer_ros_msgs/srv/_finish_trajectory.py
[1.756s] -- Up-to-date symlink: /home/olee/olee_ros2_ws/src/install/cartographer_ros_msgs/local/lib/python3.10/dist-packages/cartographer_ros_msgs/srv/_finish_trajectory_s.c
[1.757s] -- Up-to-date symlink: /home/olee/olee_ros2_ws/src/install/cartographer_ros_msgs/local/lib/python3.10/dist-packages/cartographer_ros_msgs/srv/_get_trajectory_states.py
[1.757s] -- Up-to-date symlink: /home/olee/olee_ros2_ws/src/install/cartographer_ros_msgs/local/lib/python3.10/dist-packages/cartographer_ros_msgs/srv/_get_trajectory_states_s.c
[1.757s] -- Up-to-date symlink: /home/olee/olee_ros2_ws/src/install/cartographer_ros_msgs/local/lib/python3.10/dist-packages/cartographer_ros_msgs/srv/_read_metrics.py
[1.757s] -- Up-to-date symlink: /home/olee/olee_ros2_ws/src/install/cartographer_ros_msgs/local/lib/python3.10/dist-packages/cartographer_ros_msgs/srv/_read_metrics_s.c
[1.757s] -- Up-to-date symlink: /home/olee/olee_ros2_ws/src/install/cartographer_ros_msgs/local/lib/python3.10/dist-packages/cartographer_ros_msgs/srv/_start_trajectory.py
[1.757s] -- Up-to-date symlink: /home/olee/olee_ros2_ws/src/install/cartographer_ros_msgs/local/lib/python3.10/dist-packages/cartographer_ros_msgs/srv/_start_trajectory_s.c
[1.757s] -- Up-to-date symlink: /home/olee/olee_ros2_ws/src/install/cartographer_ros_msgs/local/lib/python3.10/dist-packages/cartographer_ros_msgs/srv/_submap_query.py
[1.757s] -- Up-to-date symlink: /home/olee/olee_ros2_ws/src/install/cartographer_ros_msgs/local/lib/python3.10/dist-packages/cartographer_ros_msgs/srv/_submap_query_s.c
[1.757s] -- Up-to-date symlink: /home/olee/olee_ros2_ws/src/install/cartographer_ros_msgs/local/lib/python3.10/dist-packages/cartographer_ros_msgs/srv/_trajectory_query.py
[1.757s] -- Up-to-date symlink: /home/olee/olee_ros2_ws/src/install/cartographer_ros_msgs/local/lib/python3.10/dist-packages/cartographer_ros_msgs/srv/_trajectory_query_s.c
[1.758s] -- Up-to-date symlink: /home/olee/olee_ros2_ws/src/install/cartographer_ros_msgs/local/lib/python3.10/dist-packages/cartographer_ros_msgs/srv/_write_state.py
[1.758s] -- Up-to-date symlink: /home/olee/olee_ros2_ws/src/install/cartographer_ros_msgs/local/lib/python3.10/dist-packages/cartographer_ros_msgs/srv/_write_state_s.c
[1.758s] -- Up-to-date symlink: /home/olee/olee_ros2_ws/src/install/cartographer_ros_msgs/local/lib/python3.10/dist-packages/cartographer_ros_msgs/cartographer_ros_msgs_s__rosidl_typesupport_fastrtps_c.cpython-310-x86_64-linux-gnu.so
[1.758s] -- Up-to-date symlink: /home/olee/olee_ros2_ws/src/install/cartographer_ros_msgs/local/lib/python3.10/dist-packages/cartographer_ros_msgs/cartographer_ros_msgs_s__rosidl_typesupport_introspection_c.cpython-310-x86_64-linux-gnu.so
[1.758s] -- Up-to-date symlink: /home/olee/olee_ros2_ws/src/install/cartographer_ros_msgs/local/lib/python3.10/dist-packages/cartographer_ros_msgs/cartographer_ros_msgs_s__rosidl_typesupport_c.cpython-310-x86_64-linux-gnu.so
[1.759s] -- Up-to-date symlink: /home/olee/olee_ros2_ws/src/install/cartographer_ros_msgs/share/cartographer_ros_msgs/msg/BagfileProgress.idl
[1.759s] -- Up-to-date symlink: /home/olee/olee_ros2_ws/src/install/cartographer_ros_msgs/share/cartographer_ros_msgs/msg/HistogramBucket.idl
[1.759s] -- Up-to-date symlink: /home/olee/olee_ros2_ws/src/install/cartographer_ros_msgs/share/cartographer_ros_msgs/msg/LandmarkEntry.idl
[1.759s] -- Up-to-date symlink: /home/olee/olee_ros2_ws/src/install/cartographer_ros_msgs/share/cartographer_ros_msgs/msg/LandmarkList.idl
[1.759s] -- Up-to-date symlink: /home/olee/olee_ros2_ws/src/install/cartographer_ros_msgs/share/cartographer_ros_msgs/msg/MetricFamily.idl
[1.759s] -- Up-to-date symlink: /home/olee/olee_ros2_ws/src/install/cartographer_ros_msgs/share/cartographer_ros_msgs/msg/MetricLabel.idl
[1.759s] -- Up-to-date symlink: /home/olee/olee_ros2_ws/src/install/cartographer_ros_msgs/share/cartographer_ros_msgs/msg/Metric.idl
[1.760s] -- Up-to-date symlink: /home/olee/olee_ros2_ws/src/install/cartographer_ros_msgs/share/cartographer_ros_msgs/msg/StatusCode.idl
[1.760s] -- Up-to-date symlink: /home/olee/olee_ros2_ws/src/install/cartographer_ros_msgs/share/cartographer_ros_msgs/msg/StatusResponse.idl
[1.760s] -- Up-to-date symlink: /home/olee/olee_ros2_ws/src/install/cartographer_ros_msgs/share/cartographer_ros_msgs/msg/SubmapEntry.idl
[1.760s] -- Up-to-date symlink: /home/olee/olee_ros2_ws/src/install/cartographer_ros_msgs/share/cartographer_ros_msgs/msg/SubmapList.idl
[1.760s] -- Up-to-date symlink: /home/olee/olee_ros2_ws/src/install/cartographer_ros_msgs/share/cartographer_ros_msgs/msg/SubmapTexture.idl
[1.760s] -- Up-to-date symlink: /home/olee/olee_ros2_ws/src/install/cartographer_ros_msgs/share/cartographer_ros_msgs/msg/TrajectoryStates.idl
[1.760s] -- Up-to-date symlink: /home/olee/olee_ros2_ws/src/install/cartographer_ros_msgs/share/cartographer_ros_msgs/srv/FinishTrajectory.idl
[1.761s] -- Up-to-date symlink: /home/olee/olee_ros2_ws/src/install/cartographer_ros_msgs/share/cartographer_ros_msgs/srv/GetTrajectoryStates.idl
[1.761s] -- Up-to-date symlink: /home/olee/olee_ros2_ws/src/install/cartographer_ros_msgs/share/cartographer_ros_msgs/srv/ReadMetrics.idl
[1.761s] -- Up-to-date symlink: /home/olee/olee_ros2_ws/src/install/cartographer_ros_msgs/share/cartographer_ros_msgs/srv/StartTrajectory.idl
[1.761s] -- Up-to-date symlink: /home/olee/olee_ros2_ws/src/install/cartographer_ros_msgs/share/cartographer_ros_msgs/srv/TrajectoryQuery.idl
[1.761s] -- Up-to-date symlink: /home/olee/olee_ros2_ws/src/install/cartographer_ros_msgs/share/cartographer_ros_msgs/srv/SubmapQuery.idl
[1.761s] -- Up-to-date symlink: /home/olee/olee_ros2_ws/src/install/cartographer_ros_msgs/share/cartographer_ros_msgs/srv/WriteState.idl
[1.761s] -- Up-to-date symlink: /home/olee/olee_ros2_ws/src/install/cartographer_ros_msgs/share/cartographer_ros_msgs/msg/BagfileProgress.msg
[1.762s] -- Up-to-date symlink: /home/olee/olee_ros2_ws/src/install/cartographer_ros_msgs/share/cartographer_ros_msgs/msg/HistogramBucket.msg
[1.762s] -- Up-to-date symlink: /home/olee/olee_ros2_ws/src/install/cartographer_ros_msgs/share/cartographer_ros_msgs/msg/LandmarkEntry.msg
[1.762s] -- Up-to-date symlink: /home/olee/olee_ros2_ws/src/install/cartographer_ros_msgs/share/cartographer_ros_msgs/msg/LandmarkList.msg
[1.762s] -- Up-to-date symlink: /home/olee/olee_ros2_ws/src/install/cartographer_ros_msgs/share/cartographer_ros_msgs/msg/MetricFamily.msg
[1.762s] -- Up-to-date symlink: /home/olee/olee_ros2_ws/src/install/cartographer_ros_msgs/share/cartographer_ros_msgs/msg/MetricLabel.msg
[1.762s] -- Up-to-date symlink: /home/olee/olee_ros2_ws/src/install/cartographer_ros_msgs/share/cartographer_ros_msgs/msg/Metric.msg
[1.762s] -- Up-to-date symlink: /home/olee/olee_ros2_ws/src/install/cartographer_ros_msgs/share/cartographer_ros_msgs/msg/StatusCode.msg
[1.762s] -- Up-to-date symlink: /home/olee/olee_ros2_ws/src/install/cartographer_ros_msgs/share/cartographer_ros_msgs/msg/StatusResponse.msg
[1.763s] -- Up-to-date symlink: /home/olee/olee_ros2_ws/src/install/cartographer_ros_msgs/share/cartographer_ros_msgs/msg/SubmapEntry.msg
[1.763s] -- Up-to-date symlink: /home/olee/olee_ros2_ws/src/install/cartographer_ros_msgs/share/cartographer_ros_msgs/msg/SubmapList.msg
[1.763s] -- Up-to-date symlink: /home/olee/olee_ros2_ws/src/install/cartographer_ros_msgs/share/cartographer_ros_msgs/msg/SubmapTexture.msg
[1.763s] -- Up-to-date symlink: /home/olee/olee_ros2_ws/src/install/cartographer_ros_msgs/share/cartographer_ros_msgs/msg/TrajectoryStates.msg
[1.763s] -- Up-to-date symlink: /home/olee/olee_ros2_ws/src/install/cartographer_ros_msgs/share/cartographer_ros_msgs/srv/FinishTrajectory.srv
[1.763s] -- Up-to-date symlink: /home/olee/olee_ros2_ws/src/install/cartographer_ros_msgs/share/cartographer_ros_msgs/srv/FinishTrajectory_Request.msg
[1.763s] -- Up-to-date symlink: /home/olee/olee_ros2_ws/src/install/cartographer_ros_msgs/share/cartographer_ros_msgs/srv/FinishTrajectory_Response.msg
[1.764s] -- Up-to-date symlink: /home/olee/olee_ros2_ws/src/install/cartographer_ros_msgs/share/cartographer_ros_msgs/srv/GetTrajectoryStates.srv
[1.764s] -- Up-to-date symlink: /home/olee/olee_ros2_ws/src/install/cartographer_ros_msgs/share/cartographer_ros_msgs/srv/GetTrajectoryStates_Request.msg
[1.764s] -- Up-to-date symlink: /home/olee/olee_ros2_ws/src/install/cartographer_ros_msgs/share/cartographer_ros_msgs/srv/GetTrajectoryStates_Response.msg
[1.764s] -- Up-to-date symlink: /home/olee/olee_ros2_ws/src/install/cartographer_ros_msgs/share/cartographer_ros_msgs/srv/ReadMetrics.srv
[1.764s] -- Up-to-date symlink: /home/olee/olee_ros2_ws/src/install/cartographer_ros_msgs/share/cartographer_ros_msgs/srv/ReadMetrics_Request.msg
[1.764s] -- Up-to-date symlink: /home/olee/olee_ros2_ws/src/install/cartographer_ros_msgs/share/cartographer_ros_msgs/srv/ReadMetrics_Response.msg
[1.764s] -- Up-to-date symlink: /home/olee/olee_ros2_ws/src/install/cartographer_ros_msgs/share/cartographer_ros_msgs/srv/StartTrajectory.srv
[1.765s] -- Up-to-date symlink: /home/olee/olee_ros2_ws/src/install/cartographer_ros_msgs/share/cartographer_ros_msgs/srv/StartTrajectory_Request.msg
[1.765s] -- Up-to-date symlink: /home/olee/olee_ros2_ws/src/install/cartographer_ros_msgs/share/cartographer_ros_msgs/srv/StartTrajectory_Response.msg
[1.765s] -- Up-to-date symlink: /home/olee/olee_ros2_ws/src/install/cartographer_ros_msgs/share/cartographer_ros_msgs/srv/TrajectoryQuery.srv
[1.765s] -- Up-to-date symlink: /home/olee/olee_ros2_ws/src/install/cartographer_ros_msgs/share/cartographer_ros_msgs/srv/TrajectoryQuery_Request.msg
[1.765s] -- Up-to-date symlink: /home/olee/olee_ros2_ws/src/install/cartographer_ros_msgs/share/cartographer_ros_msgs/srv/TrajectoryQuery_Response.msg
[1.765s] -- Up-to-date symlink: /home/olee/olee_ros2_ws/src/install/cartographer_ros_msgs/share/cartographer_ros_msgs/srv/SubmapQuery.srv
[1.765s] -- Up-to-date symlink: /home/olee/olee_ros2_ws/src/install/cartographer_ros_msgs/share/cartographer_ros_msgs/srv/SubmapQuery_Request.msg
[1.765s] -- Up-to-date symlink: /home/olee/olee_ros2_ws/src/install/cartographer_ros_msgs/share/cartographer_ros_msgs/srv/SubmapQuery_Response.msg
[1.766s] -- Up-to-date symlink: /home/olee/olee_ros2_ws/src/install/cartographer_ros_msgs/share/cartographer_ros_msgs/srv/WriteState.srv
[1.766s] -- Up-to-date symlink: /home/olee/olee_ros2_ws/src/install/cartographer_ros_msgs/share/cartographer_ros_msgs/srv/WriteState_Request.msg
[1.766s] -- Up-to-date symlink: /home/olee/olee_ros2_ws/src/install/cartographer_ros_msgs/share/cartographer_ros_msgs/srv/WriteState_Response.msg
[1.766s] -- Up-to-date symlink: /home/olee/olee_ros2_ws/src/install/cartographer_ros_msgs/share/ament_index/resource_index/package_run_dependencies/cartographer_ros_msgs
[1.766s] -- Up-to-date symlink: /home/olee/olee_ros2_ws/src/install/cartographer_ros_msgs/share/ament_index/resource_index/parent_prefix_path/cartographer_ros_msgs
[1.766s] -- Up-to-date symlink: /home/olee/olee_ros2_ws/src/install/cartographer_ros_msgs/share/cartographer_ros_msgs/environment/ament_prefix_path.sh
[1.766s] -- Up-to-date symlink: /home/olee/olee_ros2_ws/src/install/cartographer_ros_msgs/share/cartographer_ros_msgs/environment/ament_prefix_path.dsv
[1.767s] -- Up-to-date symlink: /home/olee/olee_ros2_ws/src/install/cartographer_ros_msgs/share/cartographer_ros_msgs/environment/path.sh
[1.767s] -- Up-to-date symlink: /home/olee/olee_ros2_ws/src/install/cartographer_ros_msgs/share/cartographer_ros_msgs/environment/path.dsv
[1.767s] -- Up-to-date symlink: /home/olee/olee_ros2_ws/src/install/cartographer_ros_msgs/share/cartographer_ros_msgs/local_setup.bash
[1.767s] -- Up-to-date symlink: /home/olee/olee_ros2_ws/src/install/cartographer_ros_msgs/share/cartographer_ros_msgs/local_setup.sh
[1.767s] -- Up-to-date symlink: /home/olee/olee_ros2_ws/src/install/cartographer_ros_msgs/share/cartographer_ros_msgs/local_setup.zsh
[1.767s] -- Up-to-date symlink: /home/olee/olee_ros2_ws/src/install/cartographer_ros_msgs/share/cartographer_ros_msgs/local_setup.dsv
[1.767s] -- Symlinking: /home/olee/olee_ros2_ws/src/install/cartographer_ros_msgs/share/cartographer_ros_msgs/package.dsv
[1.776s] -- Up-to-date symlink: /home/olee/olee_ros2_ws/src/install/cartographer_ros_msgs/share/ament_index/resource_index/packages/cartographer_ros_msgs
[1.776s] -- Up-to-date symlink: /home/olee/olee_ros2_ws/src/install/cartographer_ros_msgs/share/cartographer_ros_msgs/cmake/rosidl_cmake-extras.cmake
[1.776s] -- Up-to-date symlink: /home/olee/olee_ros2_ws/src/install/cartographer_ros_msgs/share/cartographer_ros_msgs/cmake/ament_cmake_export_dependencies-extras.cmake
[1.776s] -- Up-to-date symlink: /home/olee/olee_ros2_ws/src/install/cartographer_ros_msgs/share/cartographer_ros_msgs/cmake/ament_cmake_export_include_directories-extras.cmake
[1.776s] -- Up-to-date symlink: /home/olee/olee_ros2_ws/src/install/cartographer_ros_msgs/share/cartographer_ros_msgs/cmake/ament_cmake_export_libraries-extras.cmake
[1.776s] -- Up-to-date symlink: /home/olee/olee_ros2_ws/src/install/cartographer_ros_msgs/share/cartographer_ros_msgs/cmake/ament_cmake_export_targets-extras.cmake
[1.776s] -- Up-to-date symlink: /home/olee/olee_ros2_ws/src/install/cartographer_ros_msgs/share/cartographer_ros_msgs/cmake/rosidl_cmake_export_typesupport_targets-extras.cmake
[1.776s] -- Up-to-date symlink: /home/olee/olee_ros2_ws/src/install/cartographer_ros_msgs/share/cartographer_ros_msgs/cmake/rosidl_cmake_export_typesupport_libraries-extras.cmake
[1.777s] -- Up-to-date symlink: /home/olee/olee_ros2_ws/src/install/cartographer_ros_msgs/share/cartographer_ros_msgs/cmake/cartographer_ros_msgsConfig.cmake
[1.777s] -- Up-to-date symlink: /home/olee/olee_ros2_ws/src/install/cartographer_ros_msgs/share/cartographer_ros_msgs/cmake/cartographer_ros_msgsConfig-version.cmake
[1.777s] -- Up-to-date symlink: /home/olee/olee_ros2_ws/src/install/cartographer_ros_msgs/share/cartographer_ros_msgs/package.xml
[1.777s] -- Up-to-date: /home/olee/olee_ros2_ws/src/install/cartographer_ros_msgs/lib/libcartographer_ros_msgs__rosidl_generator_c.so
[1.777s] -- Up-to-date: /home/olee/olee_ros2_ws/src/install/cartographer_ros_msgs/lib/libcartographer_ros_msgs__rosidl_typesupport_fastrtps_c.so
[1.778s] -- Up-to-date: /home/olee/olee_ros2_ws/src/install/cartographer_ros_msgs/lib/libcartographer_ros_msgs__rosidl_typesupport_introspection_c.so
[1.778s] -- Up-to-date: /home/olee/olee_ros2_ws/src/install/cartographer_ros_msgs/lib/libcartographer_ros_msgs__rosidl_typesupport_c.so
[1.778s] -- Up-to-date: /home/olee/olee_ros2_ws/src/install/cartographer_ros_msgs/lib/libcartographer_ros_msgs__rosidl_typesupport_fastrtps_cpp.so
[1.778s] -- Up-to-date: /home/olee/olee_ros2_ws/src/install/cartographer_ros_msgs/lib/libcartographer_ros_msgs__rosidl_typesupport_introspection_cpp.so
[1.779s] -- Up-to-date: /home/olee/olee_ros2_ws/src/install/cartographer_ros_msgs/lib/libcartographer_ros_msgs__rosidl_typesupport_cpp.so
[1.817s] Listing '/home/olee/olee_ros2_ws/src/install/cartographer_ros_msgs/local/lib/python3.10/dist-packages/cartographer_ros_msgs'...
[1.817s] Compiling '/home/olee/olee_ros2_ws/src/install/cartographer_ros_msgs/local/lib/python3.10/dist-packages/cartographer_ros_msgs/__init__.py'...
[1.817s] Listing '/home/olee/olee_ros2_ws/src/install/cartographer_ros_msgs/local/lib/python3.10/dist-packages/cartographer_ros_msgs/msg'...
[1.817s] Listing '/home/olee/olee_ros2_ws/src/install/cartographer_ros_msgs/local/lib/python3.10/dist-packages/cartographer_ros_msgs/srv'...
[1.822s] -- Up-to-date: /home/olee/olee_ros2_ws/src/install/cartographer_ros_msgs/lib/libcartographer_ros_msgs__rosidl_generator_py.so
[1.822s] -- Up-to-date: /home/olee/olee_ros2_ws/src/install/cartographer_ros_msgs/share/cartographer_ros_msgs/cmake/export_cartographer_ros_msgs__rosidl_generator_cExport.cmake
[1.822s] -- Up-to-date: /home/olee/olee_ros2_ws/src/install/cartographer_ros_msgs/share/cartographer_ros_msgs/cmake/export_cartographer_ros_msgs__rosidl_generator_cExport-noconfig.cmake
[1.822s] -- Up-to-date: /home/olee/olee_ros2_ws/src/install/cartographer_ros_msgs/share/cartographer_ros_msgs/cmake/export_cartographer_ros_msgs__rosidl_typesupport_fastrtps_cExport.cmake
[1.822s] -- Up-to-date: /home/olee/olee_ros2_ws/src/install/cartographer_ros_msgs/share/cartographer_ros_msgs/cmake/export_cartographer_ros_msgs__rosidl_typesupport_fastrtps_cExport-noconfig.cmake
[1.823s] -- Up-to-date: /home/olee/olee_ros2_ws/src/install/cartographer_ros_msgs/share/cartographer_ros_msgs/cmake/cartographer_ros_msgs__rosidl_typesupport_introspection_cExport.cmake
[1.823s] -- Up-to-date: /home/olee/olee_ros2_ws/src/install/cartographer_ros_msgs/share/cartographer_ros_msgs/cmake/cartographer_ros_msgs__rosidl_typesupport_introspection_cExport-noconfig.cmake
[1.823s] -- Up-to-date: /home/olee/olee_ros2_ws/src/install/cartographer_ros_msgs/share/cartographer_ros_msgs/cmake/cartographer_ros_msgs__rosidl_typesupport_cExport.cmake
[1.823s] -- Up-to-date: /home/olee/olee_ros2_ws/src/install/cartographer_ros_msgs/share/cartographer_ros_msgs/cmake/cartographer_ros_msgs__rosidl_typesupport_cExport-noconfig.cmake
[1.823s] -- Up-to-date: /home/olee/olee_ros2_ws/src/install/cartographer_ros_msgs/share/cartographer_ros_msgs/cmake/export_cartographer_ros_msgs__rosidl_generator_cppExport.cmake
[1.823s] -- Up-to-date: /home/olee/olee_ros2_ws/src/install/cartographer_ros_msgs/share/cartographer_ros_msgs/cmake/export_cartographer_ros_msgs__rosidl_typesupport_fastrtps_cppExport.cmake
[1.823s] -- Up-to-date: /home/olee/olee_ros2_ws/src/install/cartographer_ros_msgs/share/cartographer_ros_msgs/cmake/export_cartographer_ros_msgs__rosidl_typesupport_fastrtps_cppExport-noconfig.cmake
[1.823s] -- Up-to-date: /home/olee/olee_ros2_ws/src/install/cartographer_ros_msgs/share/cartographer_ros_msgs/cmake/cartographer_ros_msgs__rosidl_typesupport_introspection_cppExport.cmake
[1.823s] -- Up-to-date: /home/olee/olee_ros2_ws/src/install/cartographer_ros_msgs/share/cartographer_ros_msgs/cmake/cartographer_ros_msgs__rosidl_typesupport_introspection_cppExport-noconfig.cmake
[1.823s] -- Up-to-date: /home/olee/olee_ros2_ws/src/install/cartographer_ros_msgs/share/cartographer_ros_msgs/cmake/cartographer_ros_msgs__rosidl_typesupport_cppExport.cmake
[1.823s] -- Up-to-date: /home/olee/olee_ros2_ws/src/install/cartographer_ros_msgs/share/cartographer_ros_msgs/cmake/cartographer_ros_msgs__rosidl_typesupport_cppExport-noconfig.cmake
[1.823s] -- Up-to-date: /home/olee/olee_ros2_ws/src/install/cartographer_ros_msgs/share/cartographer_ros_msgs/cmake/export_cartographer_ros_msgs__rosidl_generator_pyExport.cmake
[1.823s] -- Up-to-date: /home/olee/olee_ros2_ws/src/install/cartographer_ros_msgs/share/cartographer_ros_msgs/cmake/export_cartographer_ros_msgs__rosidl_generator_pyExport-noconfig.cmake
[1.825s] Invoked command in '/home/olee/olee_ros2_ws/src/build/cartographer_ros_msgs' returned '0': CMAKE_PREFIX_PATH=${CMAKE_PREFIX_PATH}:/home/olee/olee_ros2_ws/install/master_olee_controller:/opt/ros/humble /usr/bin/cmake --install /home/olee/olee_ros2_ws/src/build/cartographer_ros_msgs
